INFO - 12/12/22 10:09:24 - 0:00:00 - ============ Initialized logger ============
INFO - 12/12/22 10:09:24 - 0:00:00 - arch: resnet50
                                     batch_size: 512
                                     data_path: C:\Users\chris\Downloads\ILSVRC\Data\CLS-LOC
                                     decay_epochs: [60, 80]
                                     dist_url: env://
                                     dump_checkpoints: D:\code_cluster\me_swav\facebook_swav\experiments\010_linear\checkpoints
                                     dump_path: D:\code_cluster\me_swav\facebook_swav\experiments\010_linear
                                     epochs: 100
                                     final_lr: 0
                                     gamma: 0.1
                                     global_pooling: True
                                     gpu_to_work_on: 0
                                     is_slurm_job: False
                                     local_rank: 0
                                     lr: 0.3
                                     nesterov: False
                                     pretrained: D:\code_cluster\me_swav\pretrained\swav_800ep_pretrain.pth.tar
                                     rank: 0
                                     scheduler_type: cosine
                                     seed: 31
                                     use_bn: False
                                     wd: 1e-06
                                     workers: 10
                                     world_size: -1
INFO - 12/12/22 10:09:24 - 0:00:00 - The experiment will be stored in D:\code_cluster\me_swav\facebook_swav\experiments\010_linear
                                     

INFO - 12/12/22 10:09:24 - 0:00:00 - 0  _CudaDeviceProperties(name='NVIDIA GeForce RTX 3060', major=8, minor=6, total_memory=12287MB, multi_processor_count=28)
INFO - 12/12/22 10:09:24 - 0:00:00 - 1  _CudaDeviceProperties(name='NVIDIA GeForce RTX 3060', major=8, minor=6, total_memory=12287MB, multi_processor_count=28)
INFO - 12/12/22 10:09:24 - 0:00:00 - build training dataset (start)
INFO - 12/12/22 10:09:33 - 0:00:09 - build training dataset (end)
INFO - 12/12/22 10:09:33 - 0:00:09 - build validation dataset (start)
INFO - 12/12/22 10:09:33 - 0:00:10 - build validation dataset (end)
INFO - 12/12/22 10:09:33 - 0:00:10 - Building data done
INFO - 12/12/22 10:09:34 - 0:00:11 - Load pretrained model with msg: _IncompatibleKeys(missing_keys=[], unexpected_keys=['projection_head.0.weight', 'projection_head.0.bias', 'projection_head.1.weight', 'projection_head.1.bias', 'projection_head.1.running_mean', 'projection_head.1.running_var', 'projection_head.1.num_batches_tracked', 'projection_head.3.weight', 'projection_head.3.bias', 'prototypes.weight'])
INFO - 12/12/22 10:09:34 - 0:00:11 - ============ Starting epoch 0 ... ============
INFO - 12/12/22 10:10:12 - 0:00:48 - Epoch[0] - Iter: [0/2503]	Time 37.369 (37.369)	Data 29.591 (29.591)	Loss 6.9114 (6.9114)	Prec 0.000 (0.000)	LR 0.3
INFO - 12/12/22 10:10:53 - 0:01:29 - Epoch[0] - Iter: [50/2503]	Time 0.827 (1.540)	Data 0.000 (0.581)	Loss 6.2162 (6.6265)	Prec 16.797 (6.181)	LR 0.3
INFO - 12/12/22 10:11:34 - 0:02:11 - Epoch[0] - Iter: [100/2503]	Time 0.826 (1.187)	Data 0.000 (0.293)	Loss 5.4504 (6.2274)	Prec 27.344 (14.384)	LR 0.3
INFO - 12/12/22 10:12:16 - 0:02:52 - Epoch[0] - Iter: [150/2503]	Time 0.827 (1.067)	Data 0.000 (0.196)	Loss 4.8134 (5.8543)	Prec 36.523 (20.425)	LR 0.3
INFO - 12/12/22 10:12:57 - 0:03:33 - Epoch[0] - Iter: [200/2503]	Time 0.826 (1.008)	Data 0.000 (0.148)	Loss 4.2864 (5.5177)	Prec 39.648 (25.145)	LR 0.3
INFO - 12/12/22 10:13:38 - 0:04:15 - Epoch[0] - Iter: [250/2503]	Time 0.827 (0.972)	Data 0.000 (0.118)	Loss 3.8476 (5.2212)	Prec 42.969 (28.816)	LR 0.3
INFO - 12/12/22 10:14:20 - 0:04:56 - Epoch[0] - Iter: [300/2503]	Time 0.827 (0.948)	Data 0.000 (0.099)	Loss 3.6212 (4.9598)	Prec 44.727 (31.824)	LR 0.3
INFO - 12/12/22 10:15:01 - 0:05:37 - Epoch[0] - Iter: [350/2503]	Time 0.828 (0.930)	Data 0.000 (0.085)	Loss 3.3593 (4.7344)	Prec 47.070 (34.188)	LR 0.3
INFO - 12/12/22 10:15:42 - 0:06:19 - Epoch[0] - Iter: [400/2503]	Time 0.828 (0.917)	Data 0.000 (0.074)	Loss 3.0687 (4.5388)	Prec 52.344 (36.157)	LR 0.3
INFO - 12/12/22 10:16:24 - 0:07:00 - Epoch[0] - Iter: [450/2503]	Time 0.827 (0.907)	Data 0.000 (0.066)	Loss 2.8805 (4.3671)	Prec 52.148 (37.842)	LR 0.3
INFO - 12/12/22 10:17:05 - 0:07:41 - Epoch[0] - Iter: [500/2503]	Time 0.828 (0.899)	Data 0.000 (0.059)	Loss 2.8328 (4.2133)	Prec 54.492 (39.299)	LR 0.3
INFO - 12/12/22 10:17:46 - 0:08:23 - Epoch[0] - Iter: [550/2503]	Time 0.827 (0.893)	Data 0.000 (0.054)	Loss 2.5269 (4.0778)	Prec 54.883 (40.559)	LR 0.3
INFO - 12/12/22 10:18:28 - 0:09:04 - Epoch[0] - Iter: [600/2503]	Time 0.826 (0.887)	Data 0.000 (0.050)	Loss 2.6055 (3.9574)	Prec 54.883 (41.661)	LR 0.3
INFO - 12/12/22 10:19:09 - 0:09:45 - Epoch[0] - Iter: [650/2503]	Time 0.826 (0.883)	Data 0.000 (0.046)	Loss 2.4157 (3.8498)	Prec 55.859 (42.633)	LR 0.3
