INFO - 12/12/22 08:46:53 - 0:00:00 - ============ Initialized logger ============
INFO - 12/12/22 08:46:53 - 0:00:00 - arch: resnet50
                                     batch_size: 64
                                     data_path: C:\Users\chris\Downloads\ILSVRC\Data\CLS-LOC
                                     decay_epochs: [60, 80]
                                     dist_url: env://
                                     dump_checkpoints: D:\code_cluster\me_swav\facebook_swav\experiments\003_linear\checkpoints
                                     dump_path: D:\code_cluster\me_swav\facebook_swav\experiments\003_linear
                                     epochs: 100
                                     final_lr: 0
                                     gamma: 0.1
                                     global_pooling: True
                                     gpu_to_work_on: 0
                                     is_slurm_job: False
                                     local_rank: 0
                                     lr: 0.3
                                     nesterov: False
                                     pretrained: D:\code_cluster\me_swav\pretrained\swav_800ep_pretrain.pth.tar
                                     rank: 0
                                     scheduler_type: cosine
                                     seed: 31
                                     use_bn: False
                                     wd: 1e-06
                                     workers: 10
                                     world_size: -1
INFO - 12/12/22 08:46:53 - 0:00:00 - The experiment will be stored in D:\code_cluster\me_swav\facebook_swav\experiments\003_linear
                                     

INFO - 12/12/22 08:46:53 - 0:00:00 - 0  _CudaDeviceProperties(name='NVIDIA GeForce RTX 3060', major=8, minor=6, total_memory=12287MB, multi_processor_count=28)
INFO - 12/12/22 08:46:53 - 0:00:00 - 1  _CudaDeviceProperties(name='NVIDIA GeForce RTX 3060', major=8, minor=6, total_memory=12287MB, multi_processor_count=28)
INFO - 12/12/22 08:46:53 - 0:00:00 - build training dataset (start)
INFO - 12/12/22 08:47:02 - 0:00:09 - build training dataset (end)
INFO - 12/12/22 08:47:02 - 0:00:09 - build validation dataset (start)
INFO - 12/12/22 08:47:04 - 0:00:11 - build validation dataset (end)
INFO - 12/12/22 08:47:04 - 0:00:11 - Building data done
INFO - 12/12/22 08:47:04 - 0:00:11 - key "module.conv1.weight" could not be found in provided state dict
INFO - 12/12/22 08:47:04 - 0:00:11 - key "module.bn1.weight" could not be found in provided state dict
INFO - 12/12/22 08:47:04 - 0:00:11 - key "module.bn1.bias" could not be found in provided state dict
INFO - 12/12/22 08:47:04 - 0:00:11 - key "module.bn1.running_mean" could not be found in provided state dict
INFO - 12/12/22 08:47:04 - 0:00:11 - key "module.bn1.running_var" could not be found in provided state dict
INFO - 12/12/22 08:47:04 - 0:00:11 - key "module.bn1.num_batches_tracked" could not be found in provided state dict
INFO - 12/12/22 08:47:04 - 0:00:11 - key "module.layer1.0.conv1.weight" could not be found in provided state dict
INFO - 12/12/22 08:47:04 - 0:00:11 - key "module.layer1.0.bn1.weight" could not be found in provided state dict
INFO - 12/12/22 08:47:04 - 0:00:11 - key "module.layer1.0.bn1.bias" could not be found in provided state dict
INFO - 12/12/22 08:47:04 - 0:00:11 - key "module.layer1.0.bn1.running_mean" could not be found in provided state dict
INFO - 12/12/22 08:47:04 - 0:00:11 - key "module.layer1.0.bn1.running_var" could not be found in provided state dict
INFO - 12/12/22 08:47:04 - 0:00:11 - key "module.layer1.0.bn1.num_batches_tracked" could not be found in provided state dict
INFO - 12/12/22 08:47:04 - 0:00:11 - key "module.layer1.0.conv2.weight" could not be found in provided state dict
INFO - 12/12/22 08:47:04 - 0:00:11 - key "module.layer1.0.bn2.weight" could not be found in provided state dict
INFO - 12/12/22 08:47:04 - 0:00:11 - key "module.layer1.0.bn2.bias" could not be found in provided state dict
INFO - 12/12/22 08:47:04 - 0:00:11 - key "module.layer1.0.bn2.running_mean" could not be found in provided state dict
INFO - 12/12/22 08:47:04 - 0:00:11 - key "module.layer1.0.bn2.running_var" could not be found in provided state dict
INFO - 12/12/22 08:47:04 - 0:00:11 - key "module.layer1.0.bn2.num_batches_tracked" could not be found in provided state dict
INFO - 12/12/22 08:47:04 - 0:00:11 - key "module.layer1.0.conv3.weight" could not be found in provided state dict
INFO - 12/12/22 08:47:04 - 0:00:11 - key "module.layer1.0.bn3.weight" could not be found in provided state dict
INFO - 12/12/22 08:47:04 - 0:00:11 - key "module.layer1.0.bn3.bias" could not be found in provided state dict
INFO - 12/12/22 08:47:04 - 0:00:11 - key "module.layer1.0.bn3.running_mean" could not be found in provided state dict
INFO - 12/12/22 08:47:04 - 0:00:11 - key "module.layer1.0.bn3.running_var" could not be found in provided state dict
INFO - 12/12/22 08:47:04 - 0:00:11 - key "module.layer1.0.bn3.num_batches_tracked" could not be found in provided state dict
INFO - 12/12/22 08:47:04 - 0:00:11 - key "module.layer1.0.downsample.0.weight" could not be found in provided state dict
INFO - 12/12/22 08:47:04 - 0:00:11 - key "module.layer1.0.downsample.1.weight" could not be found in provided state dict
INFO - 12/12/22 08:47:04 - 0:00:11 - key "module.layer1.0.downsample.1.bias" could not be found in provided state dict
INFO - 12/12/22 08:47:04 - 0:00:11 - key "module.layer1.0.downsample.1.running_mean" could not be found in provided state dict
INFO - 12/12/22 08:47:04 - 0:00:11 - key "module.layer1.0.downsample.1.running_var" could not be found in provided state dict
INFO - 12/12/22 08:47:04 - 0:00:11 - key "module.layer1.0.downsample.1.num_batches_tracked" could not be found in provided state dict
INFO - 12/12/22 08:47:04 - 0:00:11 - key "module.layer1.1.conv1.weight" could not be found in provided state dict
INFO - 12/12/22 08:47:04 - 0:00:11 - key "module.layer1.1.bn1.weight" could not be found in provided state dict
INFO - 12/12/22 08:47:04 - 0:00:11 - key "module.layer1.1.bn1.bias" could not be found in provided state dict
INFO - 12/12/22 08:47:04 - 0:00:11 - key "module.layer1.1.bn1.running_mean" could not be found in provided state dict
INFO - 12/12/22 08:47:04 - 0:00:11 - key "module.layer1.1.bn1.running_var" could not be found in provided state dict
INFO - 12/12/22 08:47:04 - 0:00:11 - key "module.layer1.1.bn1.num_batches_tracked" could not be found in provided state dict
INFO - 12/12/22 08:47:04 - 0:00:11 - key "module.layer1.1.conv2.weight" could not be found in provided state dict
INFO - 12/12/22 08:47:04 - 0:00:11 - key "module.layer1.1.bn2.weight" could not be found in provided state dict
INFO - 12/12/22 08:47:04 - 0:00:11 - key "module.layer1.1.bn2.bias" could not be found in provided state dict
INFO - 12/12/22 08:47:04 - 0:00:11 - key "module.layer1.1.bn2.running_mean" could not be found in provided state dict
INFO - 12/12/22 08:47:04 - 0:00:11 - key "module.layer1.1.bn2.running_var" could not be found in provided state dict
INFO - 12/12/22 08:47:04 - 0:00:11 - key "module.layer1.1.bn2.num_batches_tracked" could not be found in provided state dict
INFO - 12/12/22 08:47:04 - 0:00:11 - key "module.layer1.1.conv3.weight" could not be found in provided state dict
INFO - 12/12/22 08:47:04 - 0:00:11 - key "module.layer1.1.bn3.weight" could not be found in provided state dict
INFO - 12/12/22 08:47:04 - 0:00:11 - key "module.layer1.1.bn3.bias" could not be found in provided state dict
INFO - 12/12/22 08:47:04 - 0:00:11 - key "module.layer1.1.bn3.running_mean" could not be found in provided state dict
INFO - 12/12/22 08:47:04 - 0:00:11 - key "module.layer1.1.bn3.running_var" could not be found in provided state dict
INFO - 12/12/22 08:47:04 - 0:00:11 - key "module.layer1.1.bn3.num_batches_tracked" could not be found in provided state dict
INFO - 12/12/22 08:47:04 - 0:00:11 - key "module.layer1.2.conv1.weight" could not be found in provided state dict
INFO - 12/12/22 08:47:04 - 0:00:11 - key "module.layer1.2.bn1.weight" could not be found in provided state dict
INFO - 12/12/22 08:47:04 - 0:00:11 - key "module.layer1.2.bn1.bias" could not be found in provided state dict
INFO - 12/12/22 08:47:04 - 0:00:11 - key "module.layer1.2.bn1.running_mean" could not be found in provided state dict
INFO - 12/12/22 08:47:04 - 0:00:11 - key "module.layer1.2.bn1.running_var" could not be found in provided state dict
INFO - 12/12/22 08:47:04 - 0:00:11 - key "module.layer1.2.bn1.num_batches_tracked" could not be found in provided state dict
INFO - 12/12/22 08:47:04 - 0:00:11 - key "module.layer1.2.conv2.weight" could not be found in provided state dict
INFO - 12/12/22 08:47:04 - 0:00:11 - key "module.layer1.2.bn2.weight" could not be found in provided state dict
INFO - 12/12/22 08:47:04 - 0:00:11 - key "module.layer1.2.bn2.bias" could not be found in provided state dict
INFO - 12/12/22 08:47:04 - 0:00:11 - key "module.layer1.2.bn2.running_mean" could not be found in provided state dict
INFO - 12/12/22 08:47:04 - 0:00:11 - key "module.layer1.2.bn2.running_var" could not be found in provided state dict
INFO - 12/12/22 08:47:04 - 0:00:11 - key "module.layer1.2.bn2.num_batches_tracked" could not be found in provided state dict
INFO - 12/12/22 08:47:04 - 0:00:11 - key "module.layer1.2.conv3.weight" could not be found in provided state dict
INFO - 12/12/22 08:47:04 - 0:00:11 - key "module.layer1.2.bn3.weight" could not be found in provided state dict
INFO - 12/12/22 08:47:04 - 0:00:11 - key "module.layer1.2.bn3.bias" could not be found in provided state dict
INFO - 12/12/22 08:47:04 - 0:00:11 - key "module.layer1.2.bn3.running_mean" could not be found in provided state dict
INFO - 12/12/22 08:47:04 - 0:00:11 - key "module.layer1.2.bn3.running_var" could not be found in provided state dict
INFO - 12/12/22 08:47:04 - 0:00:11 - key "module.layer1.2.bn3.num_batches_tracked" could not be found in provided state dict
INFO - 12/12/22 08:47:04 - 0:00:11 - key "module.layer2.0.conv1.weight" could not be found in provided state dict
INFO - 12/12/22 08:47:04 - 0:00:11 - key "module.layer2.0.bn1.weight" could not be found in provided state dict
INFO - 12/12/22 08:47:04 - 0:00:11 - key "module.layer2.0.bn1.bias" could not be found in provided state dict
INFO - 12/12/22 08:47:04 - 0:00:11 - key "module.layer2.0.bn1.running_mean" could not be found in provided state dict
INFO - 12/12/22 08:47:04 - 0:00:11 - key "module.layer2.0.bn1.running_var" could not be found in provided state dict
INFO - 12/12/22 08:47:04 - 0:00:11 - key "module.layer2.0.bn1.num_batches_tracked" could not be found in provided state dict
INFO - 12/12/22 08:47:04 - 0:00:11 - key "module.layer2.0.conv2.weight" could not be found in provided state dict
INFO - 12/12/22 08:47:04 - 0:00:11 - key "module.layer2.0.bn2.weight" could not be found in provided state dict
INFO - 12/12/22 08:47:04 - 0:00:11 - key "module.layer2.0.bn2.bias" could not be found in provided state dict
INFO - 12/12/22 08:47:04 - 0:00:11 - key "module.layer2.0.bn2.running_mean" could not be found in provided state dict
INFO - 12/12/22 08:47:04 - 0:00:11 - key "module.layer2.0.bn2.running_var" could not be found in provided state dict
INFO - 12/12/22 08:47:04 - 0:00:11 - key "module.layer2.0.bn2.num_batches_tracked" could not be found in provided state dict
INFO - 12/12/22 08:47:04 - 0:00:11 - key "module.layer2.0.conv3.weight" could not be found in provided state dict
INFO - 12/12/22 08:47:04 - 0:00:11 - key "module.layer2.0.bn3.weight" could not be found in provided state dict
INFO - 12/12/22 08:47:04 - 0:00:11 - key "module.layer2.0.bn3.bias" could not be found in provided state dict
INFO - 12/12/22 08:47:04 - 0:00:11 - key "module.layer2.0.bn3.running_mean" could not be found in provided state dict
INFO - 12/12/22 08:47:04 - 0:00:11 - key "module.layer2.0.bn3.running_var" could not be found in provided state dict
INFO - 12/12/22 08:47:04 - 0:00:11 - key "module.layer2.0.bn3.num_batches_tracked" could not be found in provided state dict
INFO - 12/12/22 08:47:04 - 0:00:11 - key "module.layer2.0.downsample.0.weight" could not be found in provided state dict
INFO - 12/12/22 08:47:04 - 0:00:11 - key "module.layer2.0.downsample.1.weight" could not be found in provided state dict
INFO - 12/12/22 08:47:04 - 0:00:11 - key "module.layer2.0.downsample.1.bias" could not be found in provided state dict
INFO - 12/12/22 08:47:04 - 0:00:11 - key "module.layer2.0.downsample.1.running_mean" could not be found in provided state dict
INFO - 12/12/22 08:47:04 - 0:00:11 - key "module.layer2.0.downsample.1.running_var" could not be found in provided state dict
INFO - 12/12/22 08:47:04 - 0:00:11 - key "module.layer2.0.downsample.1.num_batches_tracked" could not be found in provided state dict
INFO - 12/12/22 08:47:04 - 0:00:11 - key "module.layer2.1.conv1.weight" could not be found in provided state dict
INFO - 12/12/22 08:47:04 - 0:00:11 - key "module.layer2.1.bn1.weight" could not be found in provided state dict
INFO - 12/12/22 08:47:04 - 0:00:11 - key "module.layer2.1.bn1.bias" could not be found in provided state dict
INFO - 12/12/22 08:47:04 - 0:00:11 - key "module.layer2.1.bn1.running_mean" could not be found in provided state dict
INFO - 12/12/22 08:47:04 - 0:00:11 - key "module.layer2.1.bn1.running_var" could not be found in provided state dict
INFO - 12/12/22 08:47:04 - 0:00:11 - key "module.layer2.1.bn1.num_batches_tracked" could not be found in provided state dict
INFO - 12/12/22 08:47:04 - 0:00:11 - key "module.layer2.1.conv2.weight" could not be found in provided state dict
INFO - 12/12/22 08:47:04 - 0:00:11 - key "module.layer2.1.bn2.weight" could not be found in provided state dict
INFO - 12/12/22 08:47:04 - 0:00:11 - key "module.layer2.1.bn2.bias" could not be found in provided state dict
INFO - 12/12/22 08:47:04 - 0:00:11 - key "module.layer2.1.bn2.running_mean" could not be found in provided state dict
INFO - 12/12/22 08:47:04 - 0:00:11 - key "module.layer2.1.bn2.running_var" could not be found in provided state dict
INFO - 12/12/22 08:47:04 - 0:00:11 - key "module.layer2.1.bn2.num_batches_tracked" could not be found in provided state dict
INFO - 12/12/22 08:47:04 - 0:00:11 - key "module.layer2.1.conv3.weight" could not be found in provided state dict
INFO - 12/12/22 08:47:04 - 0:00:11 - key "module.layer2.1.bn3.weight" could not be found in provided state dict
INFO - 12/12/22 08:47:04 - 0:00:11 - key "module.layer2.1.bn3.bias" could not be found in provided state dict
INFO - 12/12/22 08:47:04 - 0:00:11 - key "module.layer2.1.bn3.running_mean" could not be found in provided state dict
INFO - 12/12/22 08:47:04 - 0:00:11 - key "module.layer2.1.bn3.running_var" could not be found in provided state dict
INFO - 12/12/22 08:47:04 - 0:00:11 - key "module.layer2.1.bn3.num_batches_tracked" could not be found in provided state dict
INFO - 12/12/22 08:47:04 - 0:00:11 - key "module.layer2.2.conv1.weight" could not be found in provided state dict
INFO - 12/12/22 08:47:04 - 0:00:11 - key "module.layer2.2.bn1.weight" could not be found in provided state dict
INFO - 12/12/22 08:47:04 - 0:00:11 - key "module.layer2.2.bn1.bias" could not be found in provided state dict
INFO - 12/12/22 08:47:04 - 0:00:11 - key "module.layer2.2.bn1.running_mean" could not be found in provided state dict
INFO - 12/12/22 08:47:04 - 0:00:11 - key "module.layer2.2.bn1.running_var" could not be found in provided state dict
INFO - 12/12/22 08:47:04 - 0:00:11 - key "module.layer2.2.bn1.num_batches_tracked" could not be found in provided state dict
INFO - 12/12/22 08:47:04 - 0:00:11 - key "module.layer2.2.conv2.weight" could not be found in provided state dict
INFO - 12/12/22 08:47:04 - 0:00:11 - key "module.layer2.2.bn2.weight" could not be found in provided state dict
INFO - 12/12/22 08:47:04 - 0:00:11 - key "module.layer2.2.bn2.bias" could not be found in provided state dict
INFO - 12/12/22 08:47:04 - 0:00:11 - key "module.layer2.2.bn2.running_mean" could not be found in provided state dict
INFO - 12/12/22 08:47:04 - 0:00:11 - key "module.layer2.2.bn2.running_var" could not be found in provided state dict
INFO - 12/12/22 08:47:04 - 0:00:11 - key "module.layer2.2.bn2.num_batches_tracked" could not be found in provided state dict
INFO - 12/12/22 08:47:04 - 0:00:11 - key "module.layer2.2.conv3.weight" could not be found in provided state dict
INFO - 12/12/22 08:47:04 - 0:00:11 - key "module.layer2.2.bn3.weight" could not be found in provided state dict
INFO - 12/12/22 08:47:04 - 0:00:11 - key "module.layer2.2.bn3.bias" could not be found in provided state dict
INFO - 12/12/22 08:47:04 - 0:00:11 - key "module.layer2.2.bn3.running_mean" could not be found in provided state dict
INFO - 12/12/22 08:47:04 - 0:00:11 - key "module.layer2.2.bn3.running_var" could not be found in provided state dict
INFO - 12/12/22 08:47:04 - 0:00:11 - key "module.layer2.2.bn3.num_batches_tracked" could not be found in provided state dict
INFO - 12/12/22 08:47:04 - 0:00:11 - key "module.layer2.3.conv1.weight" could not be found in provided state dict
INFO - 12/12/22 08:47:04 - 0:00:11 - key "module.layer2.3.bn1.weight" could not be found in provided state dict
INFO - 12/12/22 08:47:04 - 0:00:11 - key "module.layer2.3.bn1.bias" could not be found in provided state dict
INFO - 12/12/22 08:47:04 - 0:00:11 - key "module.layer2.3.bn1.running_mean" could not be found in provided state dict
INFO - 12/12/22 08:47:04 - 0:00:11 - key "module.layer2.3.bn1.running_var" could not be found in provided state dict
INFO - 12/12/22 08:47:04 - 0:00:11 - key "module.layer2.3.bn1.num_batches_tracked" could not be found in provided state dict
INFO - 12/12/22 08:47:04 - 0:00:11 - key "module.layer2.3.conv2.weight" could not be found in provided state dict
INFO - 12/12/22 08:47:04 - 0:00:11 - key "module.layer2.3.bn2.weight" could not be found in provided state dict
INFO - 12/12/22 08:47:04 - 0:00:11 - key "module.layer2.3.bn2.bias" could not be found in provided state dict
INFO - 12/12/22 08:47:04 - 0:00:11 - key "module.layer2.3.bn2.running_mean" could not be found in provided state dict
INFO - 12/12/22 08:47:04 - 0:00:11 - key "module.layer2.3.bn2.running_var" could not be found in provided state dict
INFO - 12/12/22 08:47:04 - 0:00:11 - key "module.layer2.3.bn2.num_batches_tracked" could not be found in provided state dict
INFO - 12/12/22 08:47:04 - 0:00:11 - key "module.layer2.3.conv3.weight" could not be found in provided state dict
INFO - 12/12/22 08:47:04 - 0:00:11 - key "module.layer2.3.bn3.weight" could not be found in provided state dict
INFO - 12/12/22 08:47:04 - 0:00:11 - key "module.layer2.3.bn3.bias" could not be found in provided state dict
INFO - 12/12/22 08:47:04 - 0:00:11 - key "module.layer2.3.bn3.running_mean" could not be found in provided state dict
INFO - 12/12/22 08:47:04 - 0:00:11 - key "module.layer2.3.bn3.running_var" could not be found in provided state dict
INFO - 12/12/22 08:47:04 - 0:00:11 - key "module.layer2.3.bn3.num_batches_tracked" could not be found in provided state dict
INFO - 12/12/22 08:47:04 - 0:00:11 - key "module.layer3.0.conv1.weight" could not be found in provided state dict
INFO - 12/12/22 08:47:04 - 0:00:11 - key "module.layer3.0.bn1.weight" could not be found in provided state dict
INFO - 12/12/22 08:47:04 - 0:00:11 - key "module.layer3.0.bn1.bias" could not be found in provided state dict
INFO - 12/12/22 08:47:04 - 0:00:11 - key "module.layer3.0.bn1.running_mean" could not be found in provided state dict
INFO - 12/12/22 08:47:04 - 0:00:11 - key "module.layer3.0.bn1.running_var" could not be found in provided state dict
INFO - 12/12/22 08:47:04 - 0:00:11 - key "module.layer3.0.bn1.num_batches_tracked" could not be found in provided state dict
INFO - 12/12/22 08:47:04 - 0:00:11 - key "module.layer3.0.conv2.weight" could not be found in provided state dict
INFO - 12/12/22 08:47:04 - 0:00:11 - key "module.layer3.0.bn2.weight" could not be found in provided state dict
INFO - 12/12/22 08:47:04 - 0:00:11 - key "module.layer3.0.bn2.bias" could not be found in provided state dict
INFO - 12/12/22 08:47:04 - 0:00:11 - key "module.layer3.0.bn2.running_mean" could not be found in provided state dict
INFO - 12/12/22 08:47:04 - 0:00:11 - key "module.layer3.0.bn2.running_var" could not be found in provided state dict
INFO - 12/12/22 08:47:04 - 0:00:11 - key "module.layer3.0.bn2.num_batches_tracked" could not be found in provided state dict
INFO - 12/12/22 08:47:04 - 0:00:11 - key "module.layer3.0.conv3.weight" could not be found in provided state dict
INFO - 12/12/22 08:47:04 - 0:00:11 - key "module.layer3.0.bn3.weight" could not be found in provided state dict
INFO - 12/12/22 08:47:04 - 0:00:11 - key "module.layer3.0.bn3.bias" could not be found in provided state dict
INFO - 12/12/22 08:47:04 - 0:00:11 - key "module.layer3.0.bn3.running_mean" could not be found in provided state dict
INFO - 12/12/22 08:47:04 - 0:00:11 - key "module.layer3.0.bn3.running_var" could not be found in provided state dict
INFO - 12/12/22 08:47:04 - 0:00:11 - key "module.layer3.0.bn3.num_batches_tracked" could not be found in provided state dict
INFO - 12/12/22 08:47:04 - 0:00:11 - key "module.layer3.0.downsample.0.weight" could not be found in provided state dict
INFO - 12/12/22 08:47:04 - 0:00:11 - key "module.layer3.0.downsample.1.weight" could not be found in provided state dict
INFO - 12/12/22 08:47:04 - 0:00:11 - key "module.layer3.0.downsample.1.bias" could not be found in provided state dict
INFO - 12/12/22 08:47:04 - 0:00:11 - key "module.layer3.0.downsample.1.running_mean" could not be found in provided state dict
INFO - 12/12/22 08:47:04 - 0:00:11 - key "module.layer3.0.downsample.1.running_var" could not be found in provided state dict
INFO - 12/12/22 08:47:04 - 0:00:11 - key "module.layer3.0.downsample.1.num_batches_tracked" could not be found in provided state dict
INFO - 12/12/22 08:47:04 - 0:00:11 - key "module.layer3.1.conv1.weight" could not be found in provided state dict
INFO - 12/12/22 08:47:04 - 0:00:11 - key "module.layer3.1.bn1.weight" could not be found in provided state dict
INFO - 12/12/22 08:47:04 - 0:00:11 - key "module.layer3.1.bn1.bias" could not be found in provided state dict
INFO - 12/12/22 08:47:04 - 0:00:11 - key "module.layer3.1.bn1.running_mean" could not be found in provided state dict
INFO - 12/12/22 08:47:04 - 0:00:11 - key "module.layer3.1.bn1.running_var" could not be found in provided state dict
INFO - 12/12/22 08:47:04 - 0:00:11 - key "module.layer3.1.bn1.num_batches_tracked" could not be found in provided state dict
INFO - 12/12/22 08:47:04 - 0:00:11 - key "module.layer3.1.conv2.weight" could not be found in provided state dict
INFO - 12/12/22 08:47:04 - 0:00:11 - key "module.layer3.1.bn2.weight" could not be found in provided state dict
INFO - 12/12/22 08:47:04 - 0:00:11 - key "module.layer3.1.bn2.bias" could not be found in provided state dict
INFO - 12/12/22 08:47:04 - 0:00:11 - key "module.layer3.1.bn2.running_mean" could not be found in provided state dict
INFO - 12/12/22 08:47:04 - 0:00:11 - key "module.layer3.1.bn2.running_var" could not be found in provided state dict
INFO - 12/12/22 08:47:04 - 0:00:11 - key "module.layer3.1.bn2.num_batches_tracked" could not be found in provided state dict
INFO - 12/12/22 08:47:04 - 0:00:11 - key "module.layer3.1.conv3.weight" could not be found in provided state dict
INFO - 12/12/22 08:47:04 - 0:00:11 - key "module.layer3.1.bn3.weight" could not be found in provided state dict
INFO - 12/12/22 08:47:04 - 0:00:11 - key "module.layer3.1.bn3.bias" could not be found in provided state dict
INFO - 12/12/22 08:47:04 - 0:00:11 - key "module.layer3.1.bn3.running_mean" could not be found in provided state dict
INFO - 12/12/22 08:47:04 - 0:00:11 - key "module.layer3.1.bn3.running_var" could not be found in provided state dict
INFO - 12/12/22 08:47:04 - 0:00:11 - key "module.layer3.1.bn3.num_batches_tracked" could not be found in provided state dict
INFO - 12/12/22 08:47:04 - 0:00:11 - key "module.layer3.2.conv1.weight" could not be found in provided state dict
INFO - 12/12/22 08:47:04 - 0:00:11 - key "module.layer3.2.bn1.weight" could not be found in provided state dict
INFO - 12/12/22 08:47:04 - 0:00:11 - key "module.layer3.2.bn1.bias" could not be found in provided state dict
INFO - 12/12/22 08:47:04 - 0:00:11 - key "module.layer3.2.bn1.running_mean" could not be found in provided state dict
INFO - 12/12/22 08:47:04 - 0:00:11 - key "module.layer3.2.bn1.running_var" could not be found in provided state dict
INFO - 12/12/22 08:47:04 - 0:00:11 - key "module.layer3.2.bn1.num_batches_tracked" could not be found in provided state dict
INFO - 12/12/22 08:47:04 - 0:00:11 - key "module.layer3.2.conv2.weight" could not be found in provided state dict
INFO - 12/12/22 08:47:04 - 0:00:11 - key "module.layer3.2.bn2.weight" could not be found in provided state dict
INFO - 12/12/22 08:47:04 - 0:00:11 - key "module.layer3.2.bn2.bias" could not be found in provided state dict
INFO - 12/12/22 08:47:04 - 0:00:11 - key "module.layer3.2.bn2.running_mean" could not be found in provided state dict
INFO - 12/12/22 08:47:04 - 0:00:11 - key "module.layer3.2.bn2.running_var" could not be found in provided state dict
INFO - 12/12/22 08:47:04 - 0:00:11 - key "module.layer3.2.bn2.num_batches_tracked" could not be found in provided state dict
INFO - 12/12/22 08:47:04 - 0:00:11 - key "module.layer3.2.conv3.weight" could not be found in provided state dict
INFO - 12/12/22 08:47:04 - 0:00:11 - key "module.layer3.2.bn3.weight" could not be found in provided state dict
INFO - 12/12/22 08:47:04 - 0:00:11 - key "module.layer3.2.bn3.bias" could not be found in provided state dict
INFO - 12/12/22 08:47:04 - 0:00:11 - key "module.layer3.2.bn3.running_mean" could not be found in provided state dict
INFO - 12/12/22 08:47:04 - 0:00:11 - key "module.layer3.2.bn3.running_var" could not be found in provided state dict
INFO - 12/12/22 08:47:04 - 0:00:11 - key "module.layer3.2.bn3.num_batches_tracked" could not be found in provided state dict
INFO - 12/12/22 08:47:04 - 0:00:11 - key "module.layer3.3.conv1.weight" could not be found in provided state dict
INFO - 12/12/22 08:47:04 - 0:00:11 - key "module.layer3.3.bn1.weight" could not be found in provided state dict
INFO - 12/12/22 08:47:04 - 0:00:11 - key "module.layer3.3.bn1.bias" could not be found in provided state dict
INFO - 12/12/22 08:47:04 - 0:00:11 - key "module.layer3.3.bn1.running_mean" could not be found in provided state dict
INFO - 12/12/22 08:47:04 - 0:00:11 - key "module.layer3.3.bn1.running_var" could not be found in provided state dict
INFO - 12/12/22 08:47:04 - 0:00:11 - key "module.layer3.3.bn1.num_batches_tracked" could not be found in provided state dict
INFO - 12/12/22 08:47:04 - 0:00:11 - key "module.layer3.3.conv2.weight" could not be found in provided state dict
INFO - 12/12/22 08:47:04 - 0:00:11 - key "module.layer3.3.bn2.weight" could not be found in provided state dict
INFO - 12/12/22 08:47:04 - 0:00:11 - key "module.layer3.3.bn2.bias" could not be found in provided state dict
INFO - 12/12/22 08:47:04 - 0:00:11 - key "module.layer3.3.bn2.running_mean" could not be found in provided state dict
INFO - 12/12/22 08:47:04 - 0:00:11 - key "module.layer3.3.bn2.running_var" could not be found in provided state dict
INFO - 12/12/22 08:47:04 - 0:00:11 - key "module.layer3.3.bn2.num_batches_tracked" could not be found in provided state dict
INFO - 12/12/22 08:47:04 - 0:00:11 - key "module.layer3.3.conv3.weight" could not be found in provided state dict
INFO - 12/12/22 08:47:04 - 0:00:11 - key "module.layer3.3.bn3.weight" could not be found in provided state dict
INFO - 12/12/22 08:47:04 - 0:00:11 - key "module.layer3.3.bn3.bias" could not be found in provided state dict
INFO - 12/12/22 08:47:04 - 0:00:11 - key "module.layer3.3.bn3.running_mean" could not be found in provided state dict
INFO - 12/12/22 08:47:04 - 0:00:11 - key "module.layer3.3.bn3.running_var" could not be found in provided state dict
INFO - 12/12/22 08:47:04 - 0:00:11 - key "module.layer3.3.bn3.num_batches_tracked" could not be found in provided state dict
INFO - 12/12/22 08:47:04 - 0:00:11 - key "module.layer3.4.conv1.weight" could not be found in provided state dict
INFO - 12/12/22 08:47:04 - 0:00:11 - key "module.layer3.4.bn1.weight" could not be found in provided state dict
INFO - 12/12/22 08:47:04 - 0:00:11 - key "module.layer3.4.bn1.bias" could not be found in provided state dict
INFO - 12/12/22 08:47:04 - 0:00:11 - key "module.layer3.4.bn1.running_mean" could not be found in provided state dict
INFO - 12/12/22 08:47:04 - 0:00:11 - key "module.layer3.4.bn1.running_var" could not be found in provided state dict
INFO - 12/12/22 08:47:04 - 0:00:11 - key "module.layer3.4.bn1.num_batches_tracked" could not be found in provided state dict
INFO - 12/12/22 08:47:04 - 0:00:11 - key "module.layer3.4.conv2.weight" could not be found in provided state dict
INFO - 12/12/22 08:47:04 - 0:00:11 - key "module.layer3.4.bn2.weight" could not be found in provided state dict
INFO - 12/12/22 08:47:04 - 0:00:11 - key "module.layer3.4.bn2.bias" could not be found in provided state dict
INFO - 12/12/22 08:47:04 - 0:00:11 - key "module.layer3.4.bn2.running_mean" could not be found in provided state dict
INFO - 12/12/22 08:47:04 - 0:00:11 - key "module.layer3.4.bn2.running_var" could not be found in provided state dict
INFO - 12/12/22 08:47:04 - 0:00:11 - key "module.layer3.4.bn2.num_batches_tracked" could not be found in provided state dict
INFO - 12/12/22 08:47:04 - 0:00:11 - key "module.layer3.4.conv3.weight" could not be found in provided state dict
INFO - 12/12/22 08:47:04 - 0:00:11 - key "module.layer3.4.bn3.weight" could not be found in provided state dict
INFO - 12/12/22 08:47:04 - 0:00:11 - key "module.layer3.4.bn3.bias" could not be found in provided state dict
INFO - 12/12/22 08:47:04 - 0:00:11 - key "module.layer3.4.bn3.running_mean" could not be found in provided state dict
INFO - 12/12/22 08:47:04 - 0:00:11 - key "module.layer3.4.bn3.running_var" could not be found in provided state dict
INFO - 12/12/22 08:47:04 - 0:00:11 - key "module.layer3.4.bn3.num_batches_tracked" could not be found in provided state dict
INFO - 12/12/22 08:47:04 - 0:00:11 - key "module.layer3.5.conv1.weight" could not be found in provided state dict
INFO - 12/12/22 08:47:04 - 0:00:11 - key "module.layer3.5.bn1.weight" could not be found in provided state dict
INFO - 12/12/22 08:47:04 - 0:00:11 - key "module.layer3.5.bn1.bias" could not be found in provided state dict
INFO - 12/12/22 08:47:04 - 0:00:11 - key "module.layer3.5.bn1.running_mean" could not be found in provided state dict
INFO - 12/12/22 08:47:04 - 0:00:11 - key "module.layer3.5.bn1.running_var" could not be found in provided state dict
INFO - 12/12/22 08:47:04 - 0:00:11 - key "module.layer3.5.bn1.num_batches_tracked" could not be found in provided state dict
INFO - 12/12/22 08:47:04 - 0:00:11 - key "module.layer3.5.conv2.weight" could not be found in provided state dict
INFO - 12/12/22 08:47:04 - 0:00:11 - key "module.layer3.5.bn2.weight" could not be found in provided state dict
INFO - 12/12/22 08:47:04 - 0:00:11 - key "module.layer3.5.bn2.bias" could not be found in provided state dict
INFO - 12/12/22 08:47:04 - 0:00:11 - key "module.layer3.5.bn2.running_mean" could not be found in provided state dict
INFO - 12/12/22 08:47:04 - 0:00:11 - key "module.layer3.5.bn2.running_var" could not be found in provided state dict
INFO - 12/12/22 08:47:04 - 0:00:11 - key "module.layer3.5.bn2.num_batches_tracked" could not be found in provided state dict
INFO - 12/12/22 08:47:04 - 0:00:11 - key "module.layer3.5.conv3.weight" could not be found in provided state dict
INFO - 12/12/22 08:47:04 - 0:00:11 - key "module.layer3.5.bn3.weight" could not be found in provided state dict
INFO - 12/12/22 08:47:04 - 0:00:11 - key "module.layer3.5.bn3.bias" could not be found in provided state dict
INFO - 12/12/22 08:47:04 - 0:00:11 - key "module.layer3.5.bn3.running_mean" could not be found in provided state dict
INFO - 12/12/22 08:47:04 - 0:00:11 - key "module.layer3.5.bn3.running_var" could not be found in provided state dict
INFO - 12/12/22 08:47:04 - 0:00:11 - key "module.layer3.5.bn3.num_batches_tracked" could not be found in provided state dict
INFO - 12/12/22 08:47:04 - 0:00:11 - key "module.layer4.0.conv1.weight" could not be found in provided state dict
INFO - 12/12/22 08:47:04 - 0:00:11 - key "module.layer4.0.bn1.weight" could not be found in provided state dict
INFO - 12/12/22 08:47:04 - 0:00:11 - key "module.layer4.0.bn1.bias" could not be found in provided state dict
INFO - 12/12/22 08:47:04 - 0:00:11 - key "module.layer4.0.bn1.running_mean" could not be found in provided state dict
INFO - 12/12/22 08:47:04 - 0:00:11 - key "module.layer4.0.bn1.running_var" could not be found in provided state dict
INFO - 12/12/22 08:47:04 - 0:00:11 - key "module.layer4.0.bn1.num_batches_tracked" could not be found in provided state dict
INFO - 12/12/22 08:47:04 - 0:00:11 - key "module.layer4.0.conv2.weight" could not be found in provided state dict
INFO - 12/12/22 08:47:04 - 0:00:11 - key "module.layer4.0.bn2.weight" could not be found in provided state dict
INFO - 12/12/22 08:47:04 - 0:00:11 - key "module.layer4.0.bn2.bias" could not be found in provided state dict
INFO - 12/12/22 08:47:04 - 0:00:11 - key "module.layer4.0.bn2.running_mean" could not be found in provided state dict
INFO - 12/12/22 08:47:04 - 0:00:11 - key "module.layer4.0.bn2.running_var" could not be found in provided state dict
INFO - 12/12/22 08:47:04 - 0:00:11 - key "module.layer4.0.bn2.num_batches_tracked" could not be found in provided state dict
INFO - 12/12/22 08:47:04 - 0:00:11 - key "module.layer4.0.conv3.weight" could not be found in provided state dict
INFO - 12/12/22 08:47:04 - 0:00:11 - key "module.layer4.0.bn3.weight" could not be found in provided state dict
INFO - 12/12/22 08:47:04 - 0:00:11 - key "module.layer4.0.bn3.bias" could not be found in provided state dict
INFO - 12/12/22 08:47:04 - 0:00:11 - key "module.layer4.0.bn3.running_mean" could not be found in provided state dict
INFO - 12/12/22 08:47:04 - 0:00:11 - key "module.layer4.0.bn3.running_var" could not be found in provided state dict
INFO - 12/12/22 08:47:04 - 0:00:11 - key "module.layer4.0.bn3.num_batches_tracked" could not be found in provided state dict
INFO - 12/12/22 08:47:04 - 0:00:11 - key "module.layer4.0.downsample.0.weight" could not be found in provided state dict
INFO - 12/12/22 08:47:04 - 0:00:11 - key "module.layer4.0.downsample.1.weight" could not be found in provided state dict
INFO - 12/12/22 08:47:04 - 0:00:11 - key "module.layer4.0.downsample.1.bias" could not be found in provided state dict
INFO - 12/12/22 08:47:04 - 0:00:11 - key "module.layer4.0.downsample.1.running_mean" could not be found in provided state dict
INFO - 12/12/22 08:47:04 - 0:00:11 - key "module.layer4.0.downsample.1.running_var" could not be found in provided state dict
INFO - 12/12/22 08:47:04 - 0:00:11 - key "module.layer4.0.downsample.1.num_batches_tracked" could not be found in provided state dict
INFO - 12/12/22 08:47:04 - 0:00:11 - key "module.layer4.1.conv1.weight" could not be found in provided state dict
INFO - 12/12/22 08:47:04 - 0:00:11 - key "module.layer4.1.bn1.weight" could not be found in provided state dict
INFO - 12/12/22 08:47:04 - 0:00:11 - key "module.layer4.1.bn1.bias" could not be found in provided state dict
INFO - 12/12/22 08:47:04 - 0:00:11 - key "module.layer4.1.bn1.running_mean" could not be found in provided state dict
INFO - 12/12/22 08:47:04 - 0:00:11 - key "module.layer4.1.bn1.running_var" could not be found in provided state dict
INFO - 12/12/22 08:47:04 - 0:00:11 - key "module.layer4.1.bn1.num_batches_tracked" could not be found in provided state dict
INFO - 12/12/22 08:47:04 - 0:00:11 - key "module.layer4.1.conv2.weight" could not be found in provided state dict
INFO - 12/12/22 08:47:04 - 0:00:11 - key "module.layer4.1.bn2.weight" could not be found in provided state dict
INFO - 12/12/22 08:47:04 - 0:00:11 - key "module.layer4.1.bn2.bias" could not be found in provided state dict
INFO - 12/12/22 08:47:04 - 0:00:11 - key "module.layer4.1.bn2.running_mean" could not be found in provided state dict
INFO - 12/12/22 08:47:04 - 0:00:11 - key "module.layer4.1.bn2.running_var" could not be found in provided state dict
INFO - 12/12/22 08:47:04 - 0:00:11 - key "module.layer4.1.bn2.num_batches_tracked" could not be found in provided state dict
INFO - 12/12/22 08:47:04 - 0:00:11 - key "module.layer4.1.conv3.weight" could not be found in provided state dict
INFO - 12/12/22 08:47:04 - 0:00:11 - key "module.layer4.1.bn3.weight" could not be found in provided state dict
INFO - 12/12/22 08:47:04 - 0:00:11 - key "module.layer4.1.bn3.bias" could not be found in provided state dict
INFO - 12/12/22 08:47:04 - 0:00:11 - key "module.layer4.1.bn3.running_mean" could not be found in provided state dict
INFO - 12/12/22 08:47:04 - 0:00:11 - key "module.layer4.1.bn3.running_var" could not be found in provided state dict
INFO - 12/12/22 08:47:04 - 0:00:11 - key "module.layer4.1.bn3.num_batches_tracked" could not be found in provided state dict
INFO - 12/12/22 08:47:04 - 0:00:11 - key "module.layer4.2.conv1.weight" could not be found in provided state dict
INFO - 12/12/22 08:47:04 - 0:00:11 - key "module.layer4.2.bn1.weight" could not be found in provided state dict
INFO - 12/12/22 08:47:04 - 0:00:11 - key "module.layer4.2.bn1.bias" could not be found in provided state dict
INFO - 12/12/22 08:47:04 - 0:00:11 - key "module.layer4.2.bn1.running_mean" could not be found in provided state dict
INFO - 12/12/22 08:47:04 - 0:00:11 - key "module.layer4.2.bn1.running_var" could not be found in provided state dict
INFO - 12/12/22 08:47:04 - 0:00:11 - key "module.layer4.2.bn1.num_batches_tracked" could not be found in provided state dict
INFO - 12/12/22 08:47:04 - 0:00:11 - key "module.layer4.2.conv2.weight" could not be found in provided state dict
INFO - 12/12/22 08:47:04 - 0:00:11 - key "module.layer4.2.bn2.weight" could not be found in provided state dict
INFO - 12/12/22 08:47:04 - 0:00:11 - key "module.layer4.2.bn2.bias" could not be found in provided state dict
INFO - 12/12/22 08:47:04 - 0:00:11 - key "module.layer4.2.bn2.running_mean" could not be found in provided state dict
INFO - 12/12/22 08:47:04 - 0:00:11 - key "module.layer4.2.bn2.running_var" could not be found in provided state dict
INFO - 12/12/22 08:47:04 - 0:00:11 - key "module.layer4.2.bn2.num_batches_tracked" could not be found in provided state dict
INFO - 12/12/22 08:47:04 - 0:00:11 - key "module.layer4.2.conv3.weight" could not be found in provided state dict
INFO - 12/12/22 08:47:04 - 0:00:11 - key "module.layer4.2.bn3.weight" could not be found in provided state dict
INFO - 12/12/22 08:47:04 - 0:00:11 - key "module.layer4.2.bn3.bias" could not be found in provided state dict
INFO - 12/12/22 08:47:04 - 0:00:11 - key "module.layer4.2.bn3.running_mean" could not be found in provided state dict
INFO - 12/12/22 08:47:04 - 0:00:11 - key "module.layer4.2.bn3.running_var" could not be found in provided state dict
INFO - 12/12/22 08:47:04 - 0:00:11 - key "module.layer4.2.bn3.num_batches_tracked" could not be found in provided state dict
INFO - 12/12/22 08:47:04 - 0:00:12 - Load pretrained model with msg: _IncompatibleKeys(missing_keys=['module.conv1.weight', 'module.bn1.weight', 'module.bn1.bias', 'module.bn1.running_mean', 'module.bn1.running_var', 'module.layer1.0.conv1.weight', 'module.layer1.0.bn1.weight', 'module.layer1.0.bn1.bias', 'module.layer1.0.bn1.running_mean', 'module.layer1.0.bn1.running_var', 'module.layer1.0.conv2.weight', 'module.layer1.0.bn2.weight', 'module.layer1.0.bn2.bias', 'module.layer1.0.bn2.running_mean', 'module.layer1.0.bn2.running_var', 'module.layer1.0.conv3.weight', 'module.layer1.0.bn3.weight', 'module.layer1.0.bn3.bias', 'module.layer1.0.bn3.running_mean', 'module.layer1.0.bn3.running_var', 'module.layer1.0.downsample.0.weight', 'module.layer1.0.downsample.1.weight', 'module.layer1.0.downsample.1.bias', 'module.layer1.0.downsample.1.running_mean', 'module.layer1.0.downsample.1.running_var', 'module.layer1.1.conv1.weight', 'module.layer1.1.bn1.weight', 'module.layer1.1.bn1.bias', 'module.layer1.1.bn1.running_mean', 'module.layer1.1.bn1.running_var', 'module.layer1.1.conv2.weight', 'module.layer1.1.bn2.weight', 'module.layer1.1.bn2.bias', 'module.layer1.1.bn2.running_mean', 'module.layer1.1.bn2.running_var', 'module.layer1.1.conv3.weight', 'module.layer1.1.bn3.weight', 'module.layer1.1.bn3.bias', 'module.layer1.1.bn3.running_mean', 'module.layer1.1.bn3.running_var', 'module.layer1.2.conv1.weight', 'module.layer1.2.bn1.weight', 'module.layer1.2.bn1.bias', 'module.layer1.2.bn1.running_mean', 'module.layer1.2.bn1.running_var', 'module.layer1.2.conv2.weight', 'module.layer1.2.bn2.weight', 'module.layer1.2.bn2.bias', 'module.layer1.2.bn2.running_mean', 'module.layer1.2.bn2.running_var', 'module.layer1.2.conv3.weight', 'module.layer1.2.bn3.weight', 'module.layer1.2.bn3.bias', 'module.layer1.2.bn3.running_mean', 'module.layer1.2.bn3.running_var', 'module.layer2.0.conv1.weight', 'module.layer2.0.bn1.weight', 'module.layer2.0.bn1.bias', 'module.layer2.0.bn1.running_mean', 'module.layer2.0.bn1.running_var', 'module.layer2.0.conv2.weight', 'module.layer2.0.bn2.weight', 'module.layer2.0.bn2.bias', 'module.layer2.0.bn2.running_mean', 'module.layer2.0.bn2.running_var', 'module.layer2.0.conv3.weight', 'module.layer2.0.bn3.weight', 'module.layer2.0.bn3.bias', 'module.layer2.0.bn3.running_mean', 'module.layer2.0.bn3.running_var', 'module.layer2.0.downsample.0.weight', 'module.layer2.0.downsample.1.weight', 'module.layer2.0.downsample.1.bias', 'module.layer2.0.downsample.1.running_mean', 'module.layer2.0.downsample.1.running_var', 'module.layer2.1.conv1.weight', 'module.layer2.1.bn1.weight', 'module.layer2.1.bn1.bias', 'module.layer2.1.bn1.running_mean', 'module.layer2.1.bn1.running_var', 'module.layer2.1.conv2.weight', 'module.layer2.1.bn2.weight', 'module.layer2.1.bn2.bias', 'module.layer2.1.bn2.running_mean', 'module.layer2.1.bn2.running_var', 'module.layer2.1.conv3.weight', 'module.layer2.1.bn3.weight', 'module.layer2.1.bn3.bias', 'module.layer2.1.bn3.running_mean', 'module.layer2.1.bn3.running_var', 'module.layer2.2.conv1.weight', 'module.layer2.2.bn1.weight', 'module.layer2.2.bn1.bias', 'module.layer2.2.bn1.running_mean', 'module.layer2.2.bn1.running_var', 'module.layer2.2.conv2.weight', 'module.layer2.2.bn2.weight', 'module.layer2.2.bn2.bias', 'module.layer2.2.bn2.running_mean', 'module.layer2.2.bn2.running_var', 'module.layer2.2.conv3.weight', 'module.layer2.2.bn3.weight', 'module.layer2.2.bn3.bias', 'module.layer2.2.bn3.running_mean', 'module.layer2.2.bn3.running_var', 'module.layer2.3.conv1.weight', 'module.layer2.3.bn1.weight', 'module.layer2.3.bn1.bias', 'module.layer2.3.bn1.running_mean', 'module.layer2.3.bn1.running_var', 'module.layer2.3.conv2.weight', 'module.layer2.3.bn2.weight', 'module.layer2.3.bn2.bias', 'module.layer2.3.bn2.running_mean', 'module.layer2.3.bn2.running_var', 'module.layer2.3.conv3.weight', 'module.layer2.3.bn3.weight', 'module.layer2.3.bn3.bias', 'module.layer2.3.bn3.running_mean', 'module.layer2.3.bn3.running_var', 'module.layer3.0.conv1.weight', 'module.layer3.0.bn1.weight', 'module.layer3.0.bn1.bias', 'module.layer3.0.bn1.running_mean', 'module.layer3.0.bn1.running_var', 'module.layer3.0.conv2.weight', 'module.layer3.0.bn2.weight', 'module.layer3.0.bn2.bias', 'module.layer3.0.bn2.running_mean', 'module.layer3.0.bn2.running_var', 'module.layer3.0.conv3.weight', 'module.layer3.0.bn3.weight', 'module.layer3.0.bn3.bias', 'module.layer3.0.bn3.running_mean', 'module.layer3.0.bn3.running_var', 'module.layer3.0.downsample.0.weight', 'module.layer3.0.downsample.1.weight', 'module.layer3.0.downsample.1.bias', 'module.layer3.0.downsample.1.running_mean', 'module.layer3.0.downsample.1.running_var', 'module.layer3.1.conv1.weight', 'module.layer3.1.bn1.weight', 'module.layer3.1.bn1.bias', 'module.layer3.1.bn1.running_mean', 'module.layer3.1.bn1.running_var', 'module.layer3.1.conv2.weight', 'module.layer3.1.bn2.weight', 'module.layer3.1.bn2.bias', 'module.layer3.1.bn2.running_mean', 'module.layer3.1.bn2.running_var', 'module.layer3.1.conv3.weight', 'module.layer3.1.bn3.weight', 'module.layer3.1.bn3.bias', 'module.layer3.1.bn3.running_mean', 'module.layer3.1.bn3.running_var', 'module.layer3.2.conv1.weight', 'module.layer3.2.bn1.weight', 'module.layer3.2.bn1.bias', 'module.layer3.2.bn1.running_mean', 'module.layer3.2.bn1.running_var', 'module.layer3.2.conv2.weight', 'module.layer3.2.bn2.weight', 'module.layer3.2.bn2.bias', 'module.layer3.2.bn2.running_mean', 'module.layer3.2.bn2.running_var', 'module.layer3.2.conv3.weight', 'module.layer3.2.bn3.weight', 'module.layer3.2.bn3.bias', 'module.layer3.2.bn3.running_mean', 'module.layer3.2.bn3.running_var', 'module.layer3.3.conv1.weight', 'module.layer3.3.bn1.weight', 'module.layer3.3.bn1.bias', 'module.layer3.3.bn1.running_mean', 'module.layer3.3.bn1.running_var', 'module.layer3.3.conv2.weight', 'module.layer3.3.bn2.weight', 'module.layer3.3.bn2.bias', 'module.layer3.3.bn2.running_mean', 'module.layer3.3.bn2.running_var', 'module.layer3.3.conv3.weight', 'module.layer3.3.bn3.weight', 'module.layer3.3.bn3.bias', 'module.layer3.3.bn3.running_mean', 'module.layer3.3.bn3.running_var', 'module.layer3.4.conv1.weight', 'module.layer3.4.bn1.weight', 'module.layer3.4.bn1.bias', 'module.layer3.4.bn1.running_mean', 'module.layer3.4.bn1.running_var', 'module.layer3.4.conv2.weight', 'module.layer3.4.bn2.weight', 'module.layer3.4.bn2.bias', 'module.layer3.4.bn2.running_mean', 'module.layer3.4.bn2.running_var', 'module.layer3.4.conv3.weight', 'module.layer3.4.bn3.weight', 'module.layer3.4.bn3.bias', 'module.layer3.4.bn3.running_mean', 'module.layer3.4.bn3.running_var', 'module.layer3.5.conv1.weight', 'module.layer3.5.bn1.weight', 'module.layer3.5.bn1.bias', 'module.layer3.5.bn1.running_mean', 'module.layer3.5.bn1.running_var', 'module.layer3.5.conv2.weight', 'module.layer3.5.bn2.weight', 'module.layer3.5.bn2.bias', 'module.layer3.5.bn2.running_mean', 'module.layer3.5.bn2.running_var', 'module.layer3.5.conv3.weight', 'module.layer3.5.bn3.weight', 'module.layer3.5.bn3.bias', 'module.layer3.5.bn3.running_mean', 'module.layer3.5.bn3.running_var', 'module.layer4.0.conv1.weight', 'module.layer4.0.bn1.weight', 'module.layer4.0.bn1.bias', 'module.layer4.0.bn1.running_mean', 'module.layer4.0.bn1.running_var', 'module.layer4.0.conv2.weight', 'module.layer4.0.bn2.weight', 'module.layer4.0.bn2.bias', 'module.layer4.0.bn2.running_mean', 'module.layer4.0.bn2.running_var', 'module.layer4.0.conv3.weight', 'module.layer4.0.bn3.weight', 'module.layer4.0.bn3.bias', 'module.layer4.0.bn3.running_mean', 'module.layer4.0.bn3.running_var', 'module.layer4.0.downsample.0.weight', 'module.layer4.0.downsample.1.weight', 'module.layer4.0.downsample.1.bias', 'module.layer4.0.downsample.1.running_mean', 'module.layer4.0.downsample.1.running_var', 'module.layer4.1.conv1.weight', 'module.layer4.1.bn1.weight', 'module.layer4.1.bn1.bias', 'module.layer4.1.bn1.running_mean', 'module.layer4.1.bn1.running_var', 'module.layer4.1.conv2.weight', 'module.layer4.1.bn2.weight', 'module.layer4.1.bn2.bias', 'module.layer4.1.bn2.running_mean', 'module.layer4.1.bn2.running_var', 'module.layer4.1.conv3.weight', 'module.layer4.1.bn3.weight', 'module.layer4.1.bn3.bias', 'module.layer4.1.bn3.running_mean', 'module.layer4.1.bn3.running_var', 'module.layer4.2.conv1.weight', 'module.layer4.2.bn1.weight', 'module.layer4.2.bn1.bias', 'module.layer4.2.bn1.running_mean', 'module.layer4.2.bn1.running_var', 'module.layer4.2.conv2.weight', 'module.layer4.2.bn2.weight', 'module.layer4.2.bn2.bias', 'module.layer4.2.bn2.running_mean', 'module.layer4.2.bn2.running_var', 'module.layer4.2.conv3.weight', 'module.layer4.2.bn3.weight', 'module.layer4.2.bn3.bias', 'module.layer4.2.bn3.running_mean', 'module.layer4.2.bn3.running_var'], unexpected_keys=['conv1.weight', 'bn1.weight', 'bn1.bias', 'bn1.running_mean', 'bn1.running_var', 'bn1.num_batches_tracked', 'layer1.0.conv1.weight', 'layer1.0.bn1.weight', 'layer1.0.bn1.bias', 'layer1.0.bn1.running_mean', 'layer1.0.bn1.running_var', 'layer1.0.bn1.num_batches_tracked', 'layer1.0.conv2.weight', 'layer1.0.bn2.weight', 'layer1.0.bn2.bias', 'layer1.0.bn2.running_mean', 'layer1.0.bn2.running_var', 'layer1.0.bn2.num_batches_tracked', 'layer1.0.conv3.weight', 'layer1.0.bn3.weight', 'layer1.0.bn3.bias', 'layer1.0.bn3.running_mean', 'layer1.0.bn3.running_var', 'layer1.0.bn3.num_batches_tracked', 'layer1.0.downsample.0.weight', 'layer1.0.downsample.1.weight', 'layer1.0.downsample.1.bias', 'layer1.0.downsample.1.running_mean', 'layer1.0.downsample.1.running_var', 'layer1.0.downsample.1.num_batches_tracked', 'layer1.1.conv1.weight', 'layer1.1.bn1.weight', 'layer1.1.bn1.bias', 'layer1.1.bn1.running_mean', 'layer1.1.bn1.running_var', 'layer1.1.bn1.num_batches_tracked', 'layer1.1.conv2.weight', 'layer1.1.bn2.weight', 'layer1.1.bn2.bias', 'layer1.1.bn2.running_mean', 'layer1.1.bn2.running_var', 'layer1.1.bn2.num_batches_tracked', 'layer1.1.conv3.weight', 'layer1.1.bn3.weight', 'layer1.1.bn3.bias', 'layer1.1.bn3.running_mean', 'layer1.1.bn3.running_var', 'layer1.1.bn3.num_batches_tracked', 'layer1.2.conv1.weight', 'layer1.2.bn1.weight', 'layer1.2.bn1.bias', 'layer1.2.bn1.running_mean', 'layer1.2.bn1.running_var', 'layer1.2.bn1.num_batches_tracked', 'layer1.2.conv2.weight', 'layer1.2.bn2.weight', 'layer1.2.bn2.bias', 'layer1.2.bn2.running_mean', 'layer1.2.bn2.running_var', 'layer1.2.bn2.num_batches_tracked', 'layer1.2.conv3.weight', 'layer1.2.bn3.weight', 'layer1.2.bn3.bias', 'layer1.2.bn3.running_mean', 'layer1.2.bn3.running_var', 'layer1.2.bn3.num_batches_tracked', 'layer2.0.conv1.weight', 'layer2.0.bn1.weight', 'layer2.0.bn1.bias', 'layer2.0.bn1.running_mean', 'layer2.0.bn1.running_var', 'layer2.0.bn1.num_batches_tracked', 'layer2.0.conv2.weight', 'layer2.0.bn2.weight', 'layer2.0.bn2.bias', 'layer2.0.bn2.running_mean', 'layer2.0.bn2.running_var', 'layer2.0.bn2.num_batches_tracked', 'layer2.0.conv3.weight', 'layer2.0.bn3.weight', 'layer2.0.bn3.bias', 'layer2.0.bn3.running_mean', 'layer2.0.bn3.running_var', 'layer2.0.bn3.num_batches_tracked', 'layer2.0.downsample.0.weight', 'layer2.0.downsample.1.weight', 'layer2.0.downsample.1.bias', 'layer2.0.downsample.1.running_mean', 'layer2.0.downsample.1.running_var', 'layer2.0.downsample.1.num_batches_tracked', 'layer2.1.conv1.weight', 'layer2.1.bn1.weight', 'layer2.1.bn1.bias', 'layer2.1.bn1.running_mean', 'layer2.1.bn1.running_var', 'layer2.1.bn1.num_batches_tracked', 'layer2.1.conv2.weight', 'layer2.1.bn2.weight', 'layer2.1.bn2.bias', 'layer2.1.bn2.running_mean', 'layer2.1.bn2.running_var', 'layer2.1.bn2.num_batches_tracked', 'layer2.1.conv3.weight', 'layer2.1.bn3.weight', 'layer2.1.bn3.bias', 'layer2.1.bn3.running_mean', 'layer2.1.bn3.running_var', 'layer2.1.bn3.num_batches_tracked', 'layer2.2.conv1.weight', 'layer2.2.bn1.weight', 'layer2.2.bn1.bias', 'layer2.2.bn1.running_mean', 'layer2.2.bn1.running_var', 'layer2.2.bn1.num_batches_tracked', 'layer2.2.conv2.weight', 'layer2.2.bn2.weight', 'layer2.2.bn2.bias', 'layer2.2.bn2.running_mean', 'layer2.2.bn2.running_var', 'layer2.2.bn2.num_batches_tracked', 'layer2.2.conv3.weight', 'layer2.2.bn3.weight', 'layer2.2.bn3.bias', 'layer2.2.bn3.running_mean', 'layer2.2.bn3.running_var', 'layer2.2.bn3.num_batches_tracked', 'layer2.3.conv1.weight', 'layer2.3.bn1.weight', 'layer2.3.bn1.bias', 'layer2.3.bn1.running_mean', 'layer2.3.bn1.running_var', 'layer2.3.bn1.num_batches_tracked', 'layer2.3.conv2.weight', 'layer2.3.bn2.weight', 'layer2.3.bn2.bias', 'layer2.3.bn2.running_mean', 'layer2.3.bn2.running_var', 'layer2.3.bn2.num_batches_tracked', 'layer2.3.conv3.weight', 'layer2.3.bn3.weight', 'layer2.3.bn3.bias', 'layer2.3.bn3.running_mean', 'layer2.3.bn3.running_var', 'layer2.3.bn3.num_batches_tracked', 'layer3.0.conv1.weight', 'layer3.0.bn1.weight', 'layer3.0.bn1.bias', 'layer3.0.bn1.running_mean', 'layer3.0.bn1.running_var', 'layer3.0.bn1.num_batches_tracked', 'layer3.0.conv2.weight', 'layer3.0.bn2.weight', 'layer3.0.bn2.bias', 'layer3.0.bn2.running_mean', 'layer3.0.bn2.running_var', 'layer3.0.bn2.num_batches_tracked', 'layer3.0.conv3.weight', 'layer3.0.bn3.weight', 'layer3.0.bn3.bias', 'layer3.0.bn3.running_mean', 'layer3.0.bn3.running_var', 'layer3.0.bn3.num_batches_tracked', 'layer3.0.downsample.0.weight', 'layer3.0.downsample.1.weight', 'layer3.0.downsample.1.bias', 'layer3.0.downsample.1.running_mean', 'layer3.0.downsample.1.running_var', 'layer3.0.downsample.1.num_batches_tracked', 'layer3.1.conv1.weight', 'layer3.1.bn1.weight', 'layer3.1.bn1.bias', 'layer3.1.bn1.running_mean', 'layer3.1.bn1.running_var', 'layer3.1.bn1.num_batches_tracked', 'layer3.1.conv2.weight', 'layer3.1.bn2.weight', 'layer3.1.bn2.bias', 'layer3.1.bn2.running_mean', 'layer3.1.bn2.running_var', 'layer3.1.bn2.num_batches_tracked', 'layer3.1.conv3.weight', 'layer3.1.bn3.weight', 'layer3.1.bn3.bias', 'layer3.1.bn3.running_mean', 'layer3.1.bn3.running_var', 'layer3.1.bn3.num_batches_tracked', 'layer3.2.conv1.weight', 'layer3.2.bn1.weight', 'layer3.2.bn1.bias', 'layer3.2.bn1.running_mean', 'layer3.2.bn1.running_var', 'layer3.2.bn1.num_batches_tracked', 'layer3.2.conv2.weight', 'layer3.2.bn2.weight', 'layer3.2.bn2.bias', 'layer3.2.bn2.running_mean', 'layer3.2.bn2.running_var', 'layer3.2.bn2.num_batches_tracked', 'layer3.2.conv3.weight', 'layer3.2.bn3.weight', 'layer3.2.bn3.bias', 'layer3.2.bn3.running_mean', 'layer3.2.bn3.running_var', 'layer3.2.bn3.num_batches_tracked', 'layer3.3.conv1.weight', 'layer3.3.bn1.weight', 'layer3.3.bn1.bias', 'layer3.3.bn1.running_mean', 'layer3.3.bn1.running_var', 'layer3.3.bn1.num_batches_tracked', 'layer3.3.conv2.weight', 'layer3.3.bn2.weight', 'layer3.3.bn2.bias', 'layer3.3.bn2.running_mean', 'layer3.3.bn2.running_var', 'layer3.3.bn2.num_batches_tracked', 'layer3.3.conv3.weight', 'layer3.3.bn3.weight', 'layer3.3.bn3.bias', 'layer3.3.bn3.running_mean', 'layer3.3.bn3.running_var', 'layer3.3.bn3.num_batches_tracked', 'layer3.4.conv1.weight', 'layer3.4.bn1.weight', 'layer3.4.bn1.bias', 'layer3.4.bn1.running_mean', 'layer3.4.bn1.running_var', 'layer3.4.bn1.num_batches_tracked', 'layer3.4.conv2.weight', 'layer3.4.bn2.weight', 'layer3.4.bn2.bias', 'layer3.4.bn2.running_mean', 'layer3.4.bn2.running_var', 'layer3.4.bn2.num_batches_tracked', 'layer3.4.conv3.weight', 'layer3.4.bn3.weight', 'layer3.4.bn3.bias', 'layer3.4.bn3.running_mean', 'layer3.4.bn3.running_var', 'layer3.4.bn3.num_batches_tracked', 'layer3.5.conv1.weight', 'layer3.5.bn1.weight', 'layer3.5.bn1.bias', 'layer3.5.bn1.running_mean', 'layer3.5.bn1.running_var', 'layer3.5.bn1.num_batches_tracked', 'layer3.5.conv2.weight', 'layer3.5.bn2.weight', 'layer3.5.bn2.bias', 'layer3.5.bn2.running_mean', 'layer3.5.bn2.running_var', 'layer3.5.bn2.num_batches_tracked', 'layer3.5.conv3.weight', 'layer3.5.bn3.weight', 'layer3.5.bn3.bias', 'layer3.5.bn3.running_mean', 'layer3.5.bn3.running_var', 'layer3.5.bn3.num_batches_tracked', 'layer4.0.conv1.weight', 'layer4.0.bn1.weight', 'layer4.0.bn1.bias', 'layer4.0.bn1.running_mean', 'layer4.0.bn1.running_var', 'layer4.0.bn1.num_batches_tracked', 'layer4.0.conv2.weight', 'layer4.0.bn2.weight', 'layer4.0.bn2.bias', 'layer4.0.bn2.running_mean', 'layer4.0.bn2.running_var', 'layer4.0.bn2.num_batches_tracked', 'layer4.0.conv3.weight', 'layer4.0.bn3.weight', 'layer4.0.bn3.bias', 'layer4.0.bn3.running_mean', 'layer4.0.bn3.running_var', 'layer4.0.bn3.num_batches_tracked', 'layer4.0.downsample.0.weight', 'layer4.0.downsample.1.weight', 'layer4.0.downsample.1.bias', 'layer4.0.downsample.1.running_mean', 'layer4.0.downsample.1.running_var', 'layer4.0.downsample.1.num_batches_tracked', 'layer4.1.conv1.weight', 'layer4.1.bn1.weight', 'layer4.1.bn1.bias', 'layer4.1.bn1.running_mean', 'layer4.1.bn1.running_var', 'layer4.1.bn1.num_batches_tracked', 'layer4.1.conv2.weight', 'layer4.1.bn2.weight', 'layer4.1.bn2.bias', 'layer4.1.bn2.running_mean', 'layer4.1.bn2.running_var', 'layer4.1.bn2.num_batches_tracked', 'layer4.1.conv3.weight', 'layer4.1.bn3.weight', 'layer4.1.bn3.bias', 'layer4.1.bn3.running_mean', 'layer4.1.bn3.running_var', 'layer4.1.bn3.num_batches_tracked', 'layer4.2.conv1.weight', 'layer4.2.bn1.weight', 'layer4.2.bn1.bias', 'layer4.2.bn1.running_mean', 'layer4.2.bn1.running_var', 'layer4.2.bn1.num_batches_tracked', 'layer4.2.conv2.weight', 'layer4.2.bn2.weight', 'layer4.2.bn2.bias', 'layer4.2.bn2.running_mean', 'layer4.2.bn2.running_var', 'layer4.2.bn2.num_batches_tracked', 'layer4.2.conv3.weight', 'layer4.2.bn3.weight', 'layer4.2.bn3.bias', 'layer4.2.bn3.running_mean', 'layer4.2.bn3.running_var', 'layer4.2.bn3.num_batches_tracked', 'projection_head.0.weight', 'projection_head.0.bias', 'projection_head.1.weight', 'projection_head.1.bias', 'projection_head.1.running_mean', 'projection_head.1.running_var', 'projection_head.1.num_batches_tracked', 'projection_head.3.weight', 'projection_head.3.bias', 'prototypes.weight'])
INFO - 12/12/22 08:47:04 - 0:00:12 - ============ Starting epoch 0 ... ============
INFO - 12/12/22 08:47:33 - 0:00:40 - Epoch[0] - Iter: [0/20019]	Time 28.953 (28.953)	Data 24.225 (24.225)	Loss 48.6690 (48.6690)	Prec 0.000 (0.000)	LR 0.3
INFO - 12/12/22 08:47:38 - 0:00:45 - Epoch[0] - Iter: [50/20019]	Time 0.098 (0.665)	Data 0.000 (0.475)	Loss 701757.9375 (277522.5780)	Prec 0.000 (0.031)	LR 0.3
INFO - 12/12/22 08:47:43 - 0:00:50 - Epoch[0] - Iter: [100/20019]	Time 0.103 (0.385)	Data 0.000 (0.240)	Loss 806164.5625 (488729.7262)	Prec 0.000 (0.046)	LR 0.3
INFO - 12/12/22 08:47:48 - 0:00:55 - Epoch[0] - Iter: [150/20019]	Time 0.099 (0.290)	Data 0.000 (0.161)	Loss 1113303.8750 (669275.9580)	Prec 0.000 (0.072)	LR 0.3
INFO - 12/12/22 08:47:53 - 0:01:00 - Epoch[0] - Iter: [200/20019]	Time 0.147 (0.243)	Data 0.000 (0.121)	Loss 1345495.6250 (813110.7828)	Prec 0.000 (0.093)	LR 0.3
INFO - 12/12/22 08:47:58 - 0:01:05 - Epoch[0] - Iter: [250/20019]	Time 0.099 (0.214)	Data 0.000 (0.097)	Loss 1940554.6250 (953973.5920)	Prec 0.000 (0.131)	LR 0.3
INFO - 12/12/22 08:48:03 - 0:01:10 - Epoch[0] - Iter: [300/20019]	Time 0.098 (0.195)	Data 0.000 (0.081)	Loss 1720833.5000 (1088201.1743)	Prec 0.000 (0.109)	LR 0.3
INFO - 12/12/22 08:48:08 - 0:01:15 - Epoch[0] - Iter: [350/20019]	Time 0.098 (0.181)	Data 0.000 (0.069)	Loss 1965671.2500 (1227851.9202)	Prec 0.000 (0.116)	LR 0.3
INFO - 12/12/22 08:48:13 - 0:01:20 - Epoch[0] - Iter: [400/20019]	Time 0.098 (0.171)	Data 0.000 (0.061)	Loss 2047150.7500 (1355798.6411)	Prec 0.000 (0.113)	LR 0.3
INFO - 12/12/22 08:48:18 - 0:01:25 - Epoch[0] - Iter: [450/20019]	Time 0.098 (0.163)	Data 0.000 (0.054)	Loss 2853219.7500 (1479290.8306)	Prec 0.000 (0.100)	LR 0.3
INFO - 12/12/22 08:48:23 - 0:01:30 - Epoch[0] - Iter: [500/20019]	Time 0.097 (0.156)	Data 0.000 (0.049)	Loss 3565106.7500 (1599360.9311)	Prec 0.000 (0.109)	LR 0.3
INFO - 12/12/22 08:48:28 - 0:01:35 - Epoch[0] - Iter: [550/20019]	Time 0.098 (0.151)	Data 0.000 (0.044)	Loss 2954383.0000 (1709589.2304)	Prec 0.000 (0.102)	LR 0.3
INFO - 12/12/22 08:48:33 - 0:01:40 - Epoch[0] - Iter: [600/20019]	Time 0.098 (0.147)	Data 0.000 (0.041)	Loss 2902190.2500 (1821148.9134)	Prec 0.000 (0.104)	LR 0.3
INFO - 12/12/22 08:48:38 - 0:01:45 - Epoch[0] - Iter: [650/20019]	Time 0.098 (0.143)	Data 0.000 (0.037)	Loss 3679545.7500 (1929867.9447)	Prec 0.000 (0.101)	LR 0.3
INFO - 12/12/22 08:48:43 - 0:01:50 - Epoch[0] - Iter: [700/20019]	Time 0.098 (0.140)	Data 0.000 (0.035)	Loss 3288121.0000 (2024702.6294)	Prec 0.000 (0.103)	LR 0.3
INFO - 12/12/22 08:48:47 - 0:01:55 - Epoch[0] - Iter: [750/20019]	Time 0.107 (0.137)	Data 0.000 (0.033)	Loss 3655667.0000 (2118842.8116)	Prec 0.000 (0.104)	LR 0.3
INFO - 12/12/22 08:48:52 - 0:02:00 - Epoch[0] - Iter: [800/20019]	Time 0.098 (0.135)	Data 0.000 (0.031)	Loss 3679371.5000 (2208730.8898)	Prec 0.000 (0.103)	LR 0.3
INFO - 12/12/22 08:48:57 - 0:02:04 - Epoch[0] - Iter: [850/20019]	Time 0.099 (0.133)	Data 0.000 (0.029)	Loss 4106496.0000 (2288223.7268)	Prec 0.000 (0.101)	LR 0.3
INFO - 12/12/22 08:49:02 - 0:02:09 - Epoch[0] - Iter: [900/20019]	Time 0.098 (0.131)	Data 0.000 (0.027)	Loss 3209269.5000 (2361768.0940)	Prec 0.000 (0.106)	LR 0.3
INFO - 12/12/22 08:49:07 - 0:02:14 - Epoch[0] - Iter: [950/20019]	Time 0.098 (0.129)	Data 0.000 (0.026)	Loss 2867334.7500 (2421514.8304)	Prec 0.000 (0.102)	LR 0.3
INFO - 12/12/22 08:49:12 - 0:02:19 - Epoch[0] - Iter: [1000/20019]	Time 0.099 (0.128)	Data 0.000 (0.024)	Loss 2399844.5000 (2445668.7492)	Prec 0.000 (0.098)	LR 0.3
INFO - 12/12/22 08:49:17 - 0:02:24 - Epoch[0] - Iter: [1050/20019]	Time 0.099 (0.126)	Data 0.000 (0.023)	Loss 1916690.2500 (2429954.1689)	Prec 0.000 (0.100)	LR 0.3
INFO - 12/12/22 08:49:22 - 0:02:29 - Epoch[0] - Iter: [1100/20019]	Time 0.098 (0.125)	Data 0.000 (0.022)	Loss 1578434.0000 (2402709.4265)	Prec 0.000 (0.102)	LR 0.3
INFO - 12/12/22 08:49:27 - 0:02:34 - Epoch[0] - Iter: [1150/20019]	Time 0.099 (0.124)	Data 0.000 (0.021)	Loss 2137108.2500 (2375152.1148)	Prec 0.000 (0.100)	LR 0.3
INFO - 12/12/22 08:49:32 - 0:02:39 - Epoch[0] - Iter: [1200/20019]	Time 0.098 (0.123)	Data 0.000 (0.020)	Loss 1903650.5000 (2350465.3592)	Prec 0.000 (0.100)	LR 0.3
INFO - 12/12/22 08:49:37 - 0:02:44 - Epoch[0] - Iter: [1250/20019]	Time 0.098 (0.122)	Data 0.000 (0.020)	Loss 1639490.7500 (2329096.2813)	Prec 0.000 (0.100)	LR 0.3
INFO - 12/12/22 08:49:42 - 0:02:49 - Epoch[0] - Iter: [1300/20019]	Time 0.098 (0.121)	Data 0.000 (0.019)	Loss 1821116.8750 (2313976.6225)	Prec 0.000 (0.097)	LR 0.3
INFO - 12/12/22 08:49:47 - 0:02:54 - Epoch[0] - Iter: [1350/20019]	Time 0.098 (0.120)	Data 0.000 (0.018)	Loss 2153617.7500 (2304650.3422)	Prec 0.000 (0.095)	LR 0.3
INFO - 12/12/22 08:49:52 - 0:02:59 - Epoch[0] - Iter: [1400/20019]	Time 0.099 (0.120)	Data 0.000 (0.018)	Loss 2217482.2500 (2297910.5917)	Prec 0.000 (0.091)	LR 0.3
INFO - 12/12/22 08:49:57 - 0:03:04 - Epoch[0] - Iter: [1450/20019]	Time 0.099 (0.119)	Data 0.000 (0.017)	Loss 2286192.0000 (2296774.4996)	Prec 0.000 (0.094)	LR 0.3
INFO - 12/12/22 08:50:02 - 0:03:09 - Epoch[0] - Iter: [1500/20019]	Time 0.098 (0.118)	Data 0.000 (0.016)	Loss 2115896.5000 (2303152.9461)	Prec 0.000 (0.095)	LR 0.3
INFO - 12/12/22 08:50:07 - 0:03:14 - Epoch[0] - Iter: [1550/20019]	Time 0.099 (0.118)	Data 0.000 (0.016)	Loss 2681002.5000 (2310762.8587)	Prec 0.000 (0.096)	LR 0.3
INFO - 12/12/22 08:50:12 - 0:03:19 - Epoch[0] - Iter: [1600/20019]	Time 0.101 (0.117)	Data 0.000 (0.015)	Loss 2685057.5000 (2319488.1365)	Prec 0.000 (0.097)	LR 0.3
INFO - 12/12/22 08:50:17 - 0:03:24 - Epoch[0] - Iter: [1650/20019]	Time 0.100 (0.116)	Data 0.000 (0.015)	Loss 2692121.2500 (2329003.8632)	Prec 0.000 (0.096)	LR 0.3
INFO - 12/12/22 08:50:22 - 0:03:29 - Epoch[0] - Iter: [1700/20019]	Time 0.098 (0.116)	Data 0.000 (0.015)	Loss 2410735.0000 (2337526.3601)	Prec 0.000 (0.096)	LR 0.3
INFO - 12/12/22 08:50:27 - 0:03:34 - Epoch[0] - Iter: [1750/20019]	Time 0.098 (0.115)	Data 0.000 (0.014)	Loss 2642847.7500 (2345187.1173)	Prec 0.000 (0.097)	LR 0.3
INFO - 12/12/22 08:50:32 - 0:03:39 - Epoch[0] - Iter: [1800/20019]	Time 0.101 (0.115)	Data 0.000 (0.014)	Loss 2877567.5000 (2351667.5382)	Prec 0.000 (0.097)	LR 0.3
INFO - 12/12/22 08:50:37 - 0:03:44 - Epoch[0] - Iter: [1850/20019]	Time 0.099 (0.115)	Data 0.000 (0.013)	Loss 2531814.7500 (2355855.6729)	Prec 0.000 (0.097)	LR 0.3
INFO - 12/12/22 08:50:41 - 0:03:49 - Epoch[0] - Iter: [1900/20019]	Time 0.098 (0.114)	Data 0.000 (0.013)	Loss 2479419.2500 (2358938.3244)	Prec 0.000 (0.098)	LR 0.3
INFO - 12/12/22 08:50:46 - 0:03:54 - Epoch[0] - Iter: [1950/20019]	Time 0.099 (0.114)	Data 0.000 (0.013)	Loss 2377931.5000 (2358997.1441)	Prec 0.000 (0.096)	LR 0.3
INFO - 12/12/22 08:50:51 - 0:03:59 - Epoch[0] - Iter: [2000/20019]	Time 0.100 (0.113)	Data 0.000 (0.012)	Loss 2614285.7500 (2358271.1200)	Prec 1.562 (0.096)	LR 0.3
INFO - 12/12/22 08:50:56 - 0:04:04 - Epoch[0] - Iter: [2050/20019]	Time 0.103 (0.113)	Data 0.000 (0.012)	Loss 1952476.7500 (2355325.1330)	Prec 0.000 (0.098)	LR 0.3
INFO - 12/12/22 08:51:01 - 0:04:08 - Epoch[0] - Iter: [2100/20019]	Time 0.099 (0.113)	Data 0.000 (0.012)	Loss 2273821.0000 (2352017.7906)	Prec 0.000 (0.101)	LR 0.3
INFO - 12/12/22 08:51:06 - 0:04:13 - Epoch[0] - Iter: [2150/20019]	Time 0.099 (0.112)	Data 0.000 (0.012)	Loss 2222547.7500 (2347903.8617)	Prec 0.000 (0.100)	LR 0.3
INFO - 12/12/22 08:51:11 - 0:04:18 - Epoch[0] - Iter: [2200/20019]	Time 0.099 (0.112)	Data 0.000 (0.011)	Loss 2272398.7500 (2344236.3697)	Prec 0.000 (0.101)	LR 0.3
INFO - 12/12/22 08:51:16 - 0:04:23 - Epoch[0] - Iter: [2250/20019]	Time 0.099 (0.112)	Data 0.000 (0.011)	Loss 2071151.0000 (2339259.1250)	Prec 0.000 (0.102)	LR 0.3
INFO - 12/12/22 08:51:21 - 0:04:28 - Epoch[0] - Iter: [2300/20019]	Time 0.099 (0.112)	Data 0.000 (0.011)	Loss 1949041.2500 (2334656.3553)	Prec 0.000 (0.104)	LR 0.3
INFO - 12/12/22 08:51:26 - 0:04:33 - Epoch[0] - Iter: [2350/20019]	Time 0.099 (0.111)	Data 0.000 (0.011)	Loss 2120417.7500 (2330593.5215)	Prec 0.000 (0.105)	LR 0.3
INFO - 12/12/22 08:51:31 - 0:04:38 - Epoch[0] - Iter: [2400/20019]	Time 0.098 (0.111)	Data 0.000 (0.010)	Loss 2578769.0000 (2327391.9845)	Prec 0.000 (0.105)	LR 0.3
INFO - 12/12/22 08:51:36 - 0:04:43 - Epoch[0] - Iter: [2450/20019]	Time 0.101 (0.111)	Data 0.000 (0.010)	Loss 2403212.2500 (2325687.9195)	Prec 0.000 (0.103)	LR 0.3
INFO - 12/12/22 08:51:41 - 0:04:48 - Epoch[0] - Iter: [2500/20019]	Time 0.098 (0.111)	Data 0.000 (0.010)	Loss 2338417.2500 (2324145.7187)	Prec 0.000 (0.102)	LR 0.3
INFO - 12/12/22 08:51:46 - 0:04:53 - Epoch[0] - Iter: [2550/20019]	Time 0.099 (0.110)	Data 0.000 (0.010)	Loss 2541323.7500 (2321694.2811)	Prec 0.000 (0.102)	LR 0.3
INFO - 12/12/22 08:51:51 - 0:04:58 - Epoch[0] - Iter: [2600/20019]	Time 0.099 (0.110)	Data 0.000 (0.010)	Loss 2378140.5000 (2318123.2098)	Prec 0.000 (0.103)	LR 0.3
INFO - 12/12/22 08:51:56 - 0:05:03 - Epoch[0] - Iter: [2650/20019]	Time 0.100 (0.110)	Data 0.000 (0.009)	Loss 2180493.0000 (2315918.7714)	Prec 0.000 (0.102)	LR 0.3
INFO - 12/12/22 08:52:01 - 0:05:08 - Epoch[0] - Iter: [2700/20019]	Time 0.098 (0.110)	Data 0.000 (0.009)	Loss 2235327.0000 (2313197.6175)	Prec 0.000 (0.102)	LR 0.3
INFO - 12/12/22 08:52:06 - 0:05:13 - Epoch[0] - Iter: [2750/20019]	Time 0.099 (0.110)	Data 0.000 (0.009)	Loss 1990104.6250 (2311040.2458)	Prec 0.000 (0.102)	LR 0.3
INFO - 12/12/22 08:52:11 - 0:05:18 - Epoch[0] - Iter: [2800/20019]	Time 0.100 (0.109)	Data 0.000 (0.009)	Loss 2023655.3750 (2307938.9130)	Prec 0.000 (0.101)	LR 0.3
INFO - 12/12/22 08:52:16 - 0:05:23 - Epoch[0] - Iter: [2850/20019]	Time 0.099 (0.109)	Data 0.000 (0.009)	Loss 2319331.5000 (2305888.0790)	Prec 0.000 (0.100)	LR 0.3
INFO - 12/12/22 08:52:21 - 0:05:28 - Epoch[0] - Iter: [2900/20019]	Time 0.100 (0.109)	Data 0.000 (0.009)	Loss 2324545.2500 (2302968.3706)	Prec 0.000 (0.101)	LR 0.3
INFO - 12/12/22 08:52:26 - 0:05:33 - Epoch[0] - Iter: [2950/20019]	Time 0.098 (0.109)	Data 0.000 (0.008)	Loss 2394377.7500 (2300730.1643)	Prec 0.000 (0.102)	LR 0.3
INFO - 12/12/22 08:52:31 - 0:05:38 - Epoch[0] - Iter: [3000/20019]	Time 0.099 (0.109)	Data 0.000 (0.008)	Loss 2184529.0000 (2297354.6484)	Prec 1.562 (0.104)	LR 0.3
INFO - 12/12/22 08:52:36 - 0:05:43 - Epoch[0] - Iter: [3050/20019]	Time 0.103 (0.109)	Data 0.000 (0.008)	Loss 2256855.2500 (2294010.3848)	Prec 0.000 (0.103)	LR 0.3
INFO - 12/12/22 08:52:41 - 0:05:48 - Epoch[0] - Iter: [3100/20019]	Time 0.099 (0.109)	Data 0.000 (0.008)	Loss 1752908.5000 (2290926.2889)	Prec 0.000 (0.103)	LR 0.3
INFO - 12/12/22 08:52:46 - 0:05:53 - Epoch[0] - Iter: [3150/20019]	Time 0.188 (0.108)	Data 0.000 (0.008)	Loss 2080208.5000 (2288515.7625)	Prec 0.000 (0.103)	LR 0.3
INFO - 12/12/22 08:52:51 - 0:05:58 - Epoch[0] - Iter: [3200/20019]	Time 0.099 (0.108)	Data 0.000 (0.008)	Loss 2094128.3750 (2286425.9078)	Prec 0.000 (0.102)	LR 0.3
INFO - 12/12/22 08:52:56 - 0:06:03 - Epoch[0] - Iter: [3250/20019]	Time 0.102 (0.108)	Data 0.000 (0.008)	Loss 2074443.6250 (2284256.3735)	Prec 0.000 (0.103)	LR 0.3
INFO - 12/12/22 08:53:01 - 0:06:08 - Epoch[0] - Iter: [3300/20019]	Time 0.098 (0.108)	Data 0.000 (0.008)	Loss 2200231.2500 (2280768.5486)	Prec 0.000 (0.105)	LR 0.3
INFO - 12/12/22 08:53:06 - 0:06:13 - Epoch[0] - Iter: [3350/20019]	Time 0.099 (0.108)	Data 0.000 (0.008)	Loss 2426367.5000 (2278504.2200)	Prec 0.000 (0.104)	LR 0.3
INFO - 12/12/22 08:53:11 - 0:06:18 - Epoch[0] - Iter: [3400/20019]	Time 0.100 (0.108)	Data 0.000 (0.007)	Loss 2108366.2500 (2276027.1690)	Prec 1.562 (0.104)	LR 0.3
INFO - 12/12/22 08:53:16 - 0:06:23 - Epoch[0] - Iter: [3450/20019]	Time 0.098 (0.108)	Data 0.000 (0.007)	Loss 2296154.0000 (2274241.5905)	Prec 0.000 (0.104)	LR 0.3
INFO - 12/12/22 08:53:21 - 0:06:28 - Epoch[0] - Iter: [3500/20019]	Time 0.102 (0.108)	Data 0.000 (0.007)	Loss 2252947.7500 (2272461.9547)	Prec 0.000 (0.104)	LR 0.3
INFO - 12/12/22 08:53:26 - 0:06:33 - Epoch[0] - Iter: [3550/20019]	Time 0.098 (0.107)	Data 0.000 (0.007)	Loss 2315501.2500 (2271187.4172)	Prec 0.000 (0.103)	LR 0.3
INFO - 12/12/22 08:53:31 - 0:06:38 - Epoch[0] - Iter: [3600/20019]	Time 0.099 (0.107)	Data 0.000 (0.007)	Loss 2186975.5000 (2270073.3117)	Prec 0.000 (0.102)	LR 0.3
INFO - 12/12/22 08:53:36 - 0:06:43 - Epoch[0] - Iter: [3650/20019]	Time 0.099 (0.107)	Data 0.000 (0.007)	Loss 2204046.5000 (2268095.0907)	Prec 0.000 (0.104)	LR 0.3
INFO - 12/12/22 08:53:41 - 0:06:48 - Epoch[0] - Iter: [3700/20019]	Time 0.099 (0.107)	Data 0.000 (0.007)	Loss 2054590.8750 (2266208.5995)	Prec 0.000 (0.103)	LR 0.3
INFO - 12/12/22 08:53:46 - 0:06:53 - Epoch[0] - Iter: [3750/20019]	Time 0.098 (0.107)	Data 0.000 (0.007)	Loss 1849775.1250 (2263514.2768)	Prec 0.000 (0.103)	LR 0.3
INFO - 12/12/22 08:53:51 - 0:06:58 - Epoch[0] - Iter: [3800/20019]	Time 0.099 (0.107)	Data 0.000 (0.007)	Loss 1984820.3750 (2260850.5554)	Prec 0.000 (0.103)	LR 0.3
INFO - 12/12/22 08:53:56 - 0:07:03 - Epoch[0] - Iter: [3850/20019]	Time 0.099 (0.107)	Data 0.000 (0.007)	Loss 2041490.2500 (2258349.3298)	Prec 1.562 (0.104)	LR 0.3
INFO - 12/12/22 08:54:01 - 0:07:08 - Epoch[0] - Iter: [3900/20019]	Time 0.099 (0.107)	Data 0.000 (0.006)	Loss 2075710.8750 (2255772.2583)	Prec 1.562 (0.105)	LR 0.3
INFO - 12/12/22 08:54:06 - 0:07:13 - Epoch[0] - Iter: [3950/20019]	Time 0.103 (0.107)	Data 0.000 (0.006)	Loss 2376624.7500 (2253309.0753)	Prec 0.000 (0.106)	LR 0.3
INFO - 12/12/22 08:54:11 - 0:07:18 - Epoch[0] - Iter: [4000/20019]	Time 0.099 (0.107)	Data 0.000 (0.006)	Loss 1952929.7500 (2250556.8347)	Prec 0.000 (0.107)	LR 0.3
INFO - 12/12/22 08:54:16 - 0:07:23 - Epoch[0] - Iter: [4050/20019]	Time 0.099 (0.106)	Data 0.000 (0.006)	Loss 1923925.1250 (2247732.0271)	Prec 0.000 (0.108)	LR 0.3
INFO - 12/12/22 08:54:21 - 0:07:28 - Epoch[0] - Iter: [4100/20019]	Time 0.099 (0.106)	Data 0.000 (0.006)	Loss 2165112.2500 (2245405.9586)	Prec 0.000 (0.109)	LR 0.3
INFO - 12/12/22 08:54:26 - 0:07:33 - Epoch[0] - Iter: [4150/20019]	Time 0.098 (0.106)	Data 0.000 (0.006)	Loss 1952938.3750 (2243457.5355)	Prec 1.562 (0.110)	LR 0.3
INFO - 12/12/22 08:54:31 - 0:07:38 - Epoch[0] - Iter: [4200/20019]	Time 0.099 (0.106)	Data 0.000 (0.006)	Loss 2010116.2500 (2241793.4854)	Prec 0.000 (0.110)	LR 0.3
INFO - 12/12/22 08:54:36 - 0:07:43 - Epoch[0] - Iter: [4250/20019]	Time 0.099 (0.106)	Data 0.000 (0.006)	Loss 1804391.5000 (2239986.4044)	Prec 0.000 (0.109)	LR 0.3
INFO - 12/12/22 08:54:41 - 0:07:48 - Epoch[0] - Iter: [4300/20019]	Time 0.099 (0.106)	Data 0.000 (0.006)	Loss 1893703.2500 (2237948.5407)	Prec 0.000 (0.110)	LR 0.3
INFO - 12/12/22 08:54:46 - 0:07:53 - Epoch[0] - Iter: [4350/20019]	Time 0.099 (0.106)	Data 0.000 (0.006)	Loss 1922414.6250 (2235202.6503)	Prec 0.000 (0.111)	LR 0.3
INFO - 12/12/22 08:54:51 - 0:07:58 - Epoch[0] - Iter: [4400/20019]	Time 0.098 (0.106)	Data 0.000 (0.006)	Loss 1784663.0000 (2232944.1457)	Prec 0.000 (0.111)	LR 0.3
INFO - 12/12/22 08:54:56 - 0:08:03 - Epoch[0] - Iter: [4450/20019]	Time 0.099 (0.106)	Data 0.000 (0.006)	Loss 1986394.8750 (2230579.0372)	Prec 0.000 (0.111)	LR 0.3
INFO - 12/12/22 08:55:01 - 0:08:08 - Epoch[0] - Iter: [4500/20019]	Time 0.098 (0.106)	Data 0.000 (0.006)	Loss 2059438.8750 (2228858.6660)	Prec 0.000 (0.111)	LR 0.3
INFO - 12/12/22 08:55:06 - 0:08:13 - Epoch[0] - Iter: [4550/20019]	Time 0.099 (0.106)	Data 0.000 (0.006)	Loss 1807780.7500 (2226243.9873)	Prec 0.000 (0.111)	LR 0.3
INFO - 12/12/22 08:55:10 - 0:08:18 - Epoch[0] - Iter: [4600/20019]	Time 0.099 (0.106)	Data 0.000 (0.006)	Loss 2001756.3750 (2223791.3299)	Prec 0.000 (0.110)	LR 0.3
INFO - 12/12/22 08:55:16 - 0:08:23 - Epoch[0] - Iter: [4650/20019]	Time 0.099 (0.106)	Data 0.000 (0.005)	Loss 2203464.7500 (2221221.8018)	Prec 0.000 (0.110)	LR 0.3
INFO - 12/12/22 08:55:20 - 0:08:28 - Epoch[0] - Iter: [4700/20019]	Time 0.098 (0.106)	Data 0.000 (0.005)	Loss 1800458.1250 (2218911.8552)	Prec 0.000 (0.110)	LR 0.3
INFO - 12/12/22 08:55:25 - 0:08:33 - Epoch[0] - Iter: [4750/20019]	Time 0.101 (0.105)	Data 0.000 (0.005)	Loss 2147851.5000 (2216374.1413)	Prec 0.000 (0.111)	LR 0.3
INFO - 12/12/22 08:55:30 - 0:08:38 - Epoch[0] - Iter: [4800/20019]	Time 0.103 (0.105)	Data 0.000 (0.005)	Loss 2003074.2500 (2214546.0117)	Prec 0.000 (0.112)	LR 0.3
INFO - 12/12/22 08:55:35 - 0:08:42 - Epoch[0] - Iter: [4850/20019]	Time 0.098 (0.105)	Data 0.000 (0.005)	Loss 2196794.5000 (2212577.4105)	Prec 0.000 (0.112)	LR 0.3
INFO - 12/12/22 08:55:40 - 0:08:48 - Epoch[0] - Iter: [4900/20019]	Time 0.098 (0.105)	Data 0.000 (0.005)	Loss 1649859.1250 (2209349.5557)	Prec 0.000 (0.113)	LR 0.3
INFO - 12/12/22 08:55:45 - 0:08:53 - Epoch[0] - Iter: [4950/20019]	Time 0.100 (0.105)	Data 0.000 (0.005)	Loss 1794992.3750 (2205688.5768)	Prec 0.000 (0.112)	LR 0.3
INFO - 12/12/22 08:55:50 - 0:08:57 - Epoch[0] - Iter: [5000/20019]	Time 0.098 (0.105)	Data 0.000 (0.005)	Loss 1872073.6250 (2203013.2571)	Prec 0.000 (0.112)	LR 0.3
INFO - 12/12/22 08:55:55 - 0:09:02 - Epoch[0] - Iter: [5050/20019]	Time 0.098 (0.105)	Data 0.000 (0.005)	Loss 1860463.6250 (2200494.1515)	Prec 0.000 (0.112)	LR 0.3
INFO - 12/12/22 08:56:00 - 0:09:07 - Epoch[0] - Iter: [5100/20019]	Time 0.099 (0.105)	Data 0.000 (0.005)	Loss 2064297.7500 (2197956.3933)	Prec 0.000 (0.113)	LR 0.3
INFO - 12/12/22 08:56:05 - 0:09:12 - Epoch[0] - Iter: [5150/20019]	Time 0.106 (0.105)	Data 0.000 (0.005)	Loss 1999686.2500 (2195625.8477)	Prec 0.000 (0.113)	LR 0.3
INFO - 12/12/22 08:56:10 - 0:09:17 - Epoch[0] - Iter: [5200/20019]	Time 0.099 (0.105)	Data 0.000 (0.005)	Loss 1891275.7500 (2193908.6701)	Prec 0.000 (0.114)	LR 0.3
INFO - 12/12/22 08:56:15 - 0:09:22 - Epoch[0] - Iter: [5250/20019]	Time 0.105 (0.105)	Data 0.000 (0.005)	Loss 2014841.7500 (2192409.1489)	Prec 0.000 (0.114)	LR 0.3
INFO - 12/12/22 08:56:20 - 0:09:27 - Epoch[0] - Iter: [5300/20019]	Time 0.098 (0.105)	Data 0.000 (0.005)	Loss 2116644.5000 (2191078.9225)	Prec 1.562 (0.115)	LR 0.3
INFO - 12/12/22 08:56:25 - 0:09:32 - Epoch[0] - Iter: [5350/20019]	Time 0.098 (0.105)	Data 0.000 (0.005)	Loss 1710469.5000 (2189631.9623)	Prec 0.000 (0.115)	LR 0.3
INFO - 12/12/22 08:56:30 - 0:09:37 - Epoch[0] - Iter: [5400/20019]	Time 0.099 (0.105)	Data 0.000 (0.005)	Loss 2520219.0000 (2188365.0159)	Prec 0.000 (0.115)	LR 0.3
INFO - 12/12/22 08:56:35 - 0:09:42 - Epoch[0] - Iter: [5450/20019]	Time 0.099 (0.105)	Data 0.000 (0.005)	Loss 1738381.6250 (2186630.0361)	Prec 0.000 (0.115)	LR 0.3
INFO - 12/12/22 08:56:40 - 0:09:47 - Epoch[0] - Iter: [5500/20019]	Time 0.099 (0.105)	Data 0.000 (0.005)	Loss 2055591.0000 (2185452.0530)	Prec 0.000 (0.116)	LR 0.3
INFO - 12/12/22 08:56:45 - 0:09:52 - Epoch[0] - Iter: [5550/20019]	Time 0.100 (0.105)	Data 0.000 (0.005)	Loss 2078531.0000 (2183606.9819)	Prec 0.000 (0.115)	LR 0.3
INFO - 12/12/22 08:56:50 - 0:09:57 - Epoch[0] - Iter: [5600/20019]	Time 0.099 (0.105)	Data 0.000 (0.005)	Loss 2030831.1250 (2182108.9236)	Prec 0.000 (0.115)	LR 0.3
INFO - 12/12/22 08:56:55 - 0:10:02 - Epoch[0] - Iter: [5650/20019]	Time 0.101 (0.105)	Data 0.000 (0.005)	Loss 1921460.5000 (2180321.7094)	Prec 0.000 (0.114)	LR 0.3
INFO - 12/12/22 08:57:00 - 0:10:07 - Epoch[0] - Iter: [5700/20019]	Time 0.099 (0.104)	Data 0.000 (0.005)	Loss 1921897.6250 (2178523.7764)	Prec 0.000 (0.113)	LR 0.3
INFO - 12/12/22 08:57:05 - 0:10:12 - Epoch[0] - Iter: [5750/20019]	Time 0.098 (0.104)	Data 0.000 (0.004)	Loss 1678227.6250 (2175753.2927)	Prec 0.000 (0.112)	LR 0.3
INFO - 12/12/22 08:57:10 - 0:10:17 - Epoch[0] - Iter: [5800/20019]	Time 0.099 (0.104)	Data 0.000 (0.004)	Loss 2065397.2500 (2173593.1208)	Prec 0.000 (0.113)	LR 0.3
INFO - 12/12/22 08:57:15 - 0:10:22 - Epoch[0] - Iter: [5850/20019]	Time 0.100 (0.104)	Data 0.000 (0.004)	Loss 1753171.3750 (2171698.7312)	Prec 0.000 (0.112)	LR 0.3
INFO - 12/12/22 08:57:20 - 0:10:27 - Epoch[0] - Iter: [5900/20019]	Time 0.099 (0.104)	Data 0.000 (0.004)	Loss 2036946.6250 (2169666.6915)	Prec 0.000 (0.111)	LR 0.3
INFO - 12/12/22 08:57:25 - 0:10:32 - Epoch[0] - Iter: [5950/20019]	Time 0.100 (0.104)	Data 0.000 (0.004)	Loss 1961254.2500 (2167216.8262)	Prec 1.562 (0.111)	LR 0.3
INFO - 12/12/22 08:57:30 - 0:10:37 - Epoch[0] - Iter: [6000/20019]	Time 0.098 (0.104)	Data 0.000 (0.004)	Loss 2104889.0000 (2165544.6477)	Prec 0.000 (0.111)	LR 0.3
INFO - 12/12/22 08:57:35 - 0:10:42 - Epoch[0] - Iter: [6050/20019]	Time 0.099 (0.104)	Data 0.000 (0.004)	Loss 1591424.2500 (2163876.9731)	Prec 1.562 (0.111)	LR 0.3
INFO - 12/12/22 08:57:40 - 0:10:47 - Epoch[0] - Iter: [6100/20019]	Time 0.100 (0.104)	Data 0.000 (0.004)	Loss 1928460.8750 (2162501.5993)	Prec 0.000 (0.110)	LR 0.3
INFO - 12/12/22 08:57:45 - 0:10:52 - Epoch[0] - Iter: [6150/20019]	Time 0.099 (0.104)	Data 0.000 (0.004)	Loss 1893214.5000 (2161779.7526)	Prec 0.000 (0.110)	LR 0.3
INFO - 12/12/22 08:57:50 - 0:10:57 - Epoch[0] - Iter: [6200/20019]	Time 0.100 (0.104)	Data 0.000 (0.004)	Loss 2159180.0000 (2160436.8297)	Prec 0.000 (0.110)	LR 0.3
INFO - 12/12/22 08:57:55 - 0:11:02 - Epoch[0] - Iter: [6250/20019]	Time 0.101 (0.104)	Data 0.000 (0.004)	Loss 2309106.7500 (2158653.4866)	Prec 0.000 (0.110)	LR 0.3
INFO - 12/12/22 08:58:00 - 0:11:07 - Epoch[0] - Iter: [6300/20019]	Time 0.101 (0.104)	Data 0.000 (0.004)	Loss 2015934.1250 (2156982.8164)	Prec 0.000 (0.111)	LR 0.3
INFO - 12/12/22 08:58:05 - 0:11:12 - Epoch[0] - Iter: [6350/20019]	Time 0.099 (0.104)	Data 0.000 (0.004)	Loss 2162741.5000 (2155387.3035)	Prec 0.000 (0.110)	LR 0.3
INFO - 12/12/22 08:58:10 - 0:11:17 - Epoch[0] - Iter: [6400/20019]	Time 0.099 (0.104)	Data 0.000 (0.004)	Loss 2035456.5000 (2153571.1217)	Prec 0.000 (0.111)	LR 0.3
INFO - 12/12/22 08:58:15 - 0:11:22 - Epoch[0] - Iter: [6450/20019]	Time 0.099 (0.104)	Data 0.000 (0.004)	Loss 2048759.2500 (2151871.1494)	Prec 0.000 (0.111)	LR 0.3
INFO - 12/12/22 08:58:20 - 0:11:27 - Epoch[0] - Iter: [6500/20019]	Time 0.098 (0.104)	Data 0.000 (0.004)	Loss 1940798.8750 (2150355.2813)	Prec 0.000 (0.110)	LR 0.3
INFO - 12/12/22 08:58:25 - 0:11:32 - Epoch[0] - Iter: [6550/20019]	Time 0.101 (0.104)	Data 0.000 (0.004)	Loss 1911502.5000 (2148589.6617)	Prec 0.000 (0.111)	LR 0.3
INFO - 12/12/22 08:58:30 - 0:11:37 - Epoch[0] - Iter: [6600/20019]	Time 0.104 (0.104)	Data 0.000 (0.004)	Loss 1393837.0000 (2147025.4947)	Prec 1.562 (0.111)	LR 0.3
INFO - 12/12/22 08:58:35 - 0:11:42 - Epoch[0] - Iter: [6650/20019]	Time 0.098 (0.104)	Data 0.000 (0.004)	Loss 1873876.8750 (2145498.9721)	Prec 0.000 (0.112)	LR 0.3
INFO - 12/12/22 08:58:40 - 0:11:47 - Epoch[0] - Iter: [6700/20019]	Time 0.098 (0.104)	Data 0.000 (0.004)	Loss 1592796.8750 (2143409.3088)	Prec 0.000 (0.112)	LR 0.3
INFO - 12/12/22 08:58:44 - 0:11:52 - Epoch[0] - Iter: [6750/20019]	Time 0.098 (0.104)	Data 0.000 (0.004)	Loss 1773828.7500 (2141013.0435)	Prec 0.000 (0.112)	LR 0.3
INFO - 12/12/22 08:58:49 - 0:11:57 - Epoch[0] - Iter: [6800/20019]	Time 0.098 (0.104)	Data 0.000 (0.004)	Loss 1727849.2500 (2139064.8464)	Prec 0.000 (0.113)	LR 0.3
INFO - 12/12/22 08:58:54 - 0:12:02 - Epoch[0] - Iter: [6850/20019]	Time 0.099 (0.104)	Data 0.000 (0.004)	Loss 2015790.0000 (2137144.5893)	Prec 0.000 (0.113)	LR 0.3
INFO - 12/12/22 08:58:59 - 0:12:06 - Epoch[0] - Iter: [6900/20019]	Time 0.099 (0.104)	Data 0.000 (0.004)	Loss 1781803.8750 (2135476.5784)	Prec 0.000 (0.113)	LR 0.3
INFO - 12/12/22 08:59:04 - 0:12:11 - Epoch[0] - Iter: [6950/20019]	Time 0.098 (0.104)	Data 0.000 (0.004)	Loss 2016476.5000 (2134148.8029)	Prec 0.000 (0.113)	LR 0.3
INFO - 12/12/22 08:59:09 - 0:12:16 - Epoch[0] - Iter: [7000/20019]	Time 0.100 (0.104)	Data 0.000 (0.004)	Loss 1921169.1250 (2132767.5045)	Prec 0.000 (0.113)	LR 0.3
INFO - 12/12/22 08:59:14 - 0:12:21 - Epoch[0] - Iter: [7050/20019]	Time 0.100 (0.104)	Data 0.000 (0.004)	Loss 1814538.5000 (2131052.1948)	Prec 0.000 (0.113)	LR 0.3
INFO - 12/12/22 08:59:19 - 0:12:26 - Epoch[0] - Iter: [7100/20019]	Time 0.099 (0.103)	Data 0.000 (0.004)	Loss 1796320.2500 (2129414.2643)	Prec 0.000 (0.114)	LR 0.3
INFO - 12/12/22 08:59:24 - 0:12:31 - Epoch[0] - Iter: [7150/20019]	Time 0.099 (0.103)	Data 0.000 (0.004)	Loss 2021359.1250 (2127787.3726)	Prec 0.000 (0.114)	LR 0.3
INFO - 12/12/22 08:59:29 - 0:12:36 - Epoch[0] - Iter: [7200/20019]	Time 0.098 (0.103)	Data 0.000 (0.004)	Loss 1611831.1250 (2126156.4089)	Prec 0.000 (0.115)	LR 0.3
INFO - 12/12/22 08:59:34 - 0:12:41 - Epoch[0] - Iter: [7250/20019]	Time 0.099 (0.103)	Data 0.000 (0.004)	Loss 1851603.6250 (2124484.3795)	Prec 0.000 (0.115)	LR 0.3
INFO - 12/12/22 08:59:39 - 0:12:46 - Epoch[0] - Iter: [7300/20019]	Time 0.099 (0.103)	Data 0.000 (0.004)	Loss 1903618.0000 (2122512.0969)	Prec 0.000 (0.115)	LR 0.3
INFO - 12/12/22 08:59:44 - 0:12:51 - Epoch[0] - Iter: [7350/20019]	Time 0.099 (0.103)	Data 0.000 (0.004)	Loss 2071438.6250 (2120757.8182)	Prec 0.000 (0.115)	LR 0.3
INFO - 12/12/22 08:59:49 - 0:12:56 - Epoch[0] - Iter: [7400/20019]	Time 0.099 (0.103)	Data 0.000 (0.004)	Loss 1675731.5000 (2118601.5120)	Prec 0.000 (0.115)	LR 0.3
INFO - 12/12/22 08:59:54 - 0:13:01 - Epoch[0] - Iter: [7450/20019]	Time 0.099 (0.103)	Data 0.000 (0.004)	Loss 1629626.2500 (2116685.8416)	Prec 0.000 (0.115)	LR 0.3
INFO - 12/12/22 08:59:59 - 0:13:06 - Epoch[0] - Iter: [7500/20019]	Time 0.099 (0.103)	Data 0.000 (0.004)	Loss 1989717.7500 (2114584.0808)	Prec 1.562 (0.116)	LR 0.3
INFO - 12/12/22 09:00:04 - 0:13:11 - Epoch[0] - Iter: [7550/20019]	Time 0.099 (0.103)	Data 0.000 (0.003)	Loss 1848236.8750 (2112588.3518)	Prec 0.000 (0.117)	LR 0.3
INFO - 12/12/22 09:00:09 - 0:13:16 - Epoch[0] - Iter: [7600/20019]	Time 0.099 (0.103)	Data 0.000 (0.003)	Loss 1834418.7500 (2111138.8332)	Prec 0.000 (0.117)	LR 0.3
INFO - 12/12/22 09:00:14 - 0:13:21 - Epoch[0] - Iter: [7650/20019]	Time 0.101 (0.103)	Data 0.000 (0.003)	Loss 1815078.7500 (2108918.8250)	Prec 0.000 (0.118)	LR 0.3
INFO - 12/12/22 09:00:19 - 0:13:26 - Epoch[0] - Iter: [7700/20019]	Time 0.099 (0.103)	Data 0.000 (0.003)	Loss 1781191.0000 (2107053.6675)	Prec 0.000 (0.119)	LR 0.3
INFO - 12/12/22 09:00:24 - 0:13:31 - Epoch[0] - Iter: [7750/20019]	Time 0.101 (0.103)	Data 0.000 (0.003)	Loss 1767985.7500 (2105443.3374)	Prec 0.000 (0.119)	LR 0.3
INFO - 12/12/22 09:00:29 - 0:13:36 - Epoch[0] - Iter: [7800/20019]	Time 0.099 (0.103)	Data 0.000 (0.003)	Loss 1921476.2500 (2104182.2830)	Prec 0.000 (0.119)	LR 0.3
INFO - 12/12/22 09:00:34 - 0:13:41 - Epoch[0] - Iter: [7850/20019]	Time 0.098 (0.103)	Data 0.000 (0.003)	Loss 1903740.2500 (2102303.3077)	Prec 0.000 (0.119)	LR 0.3
INFO - 12/12/22 09:00:39 - 0:13:46 - Epoch[0] - Iter: [7900/20019]	Time 0.121 (0.103)	Data 0.000 (0.003)	Loss 1646086.0000 (2100730.7188)	Prec 0.000 (0.119)	LR 0.3
INFO - 12/12/22 09:00:44 - 0:13:51 - Epoch[0] - Iter: [7950/20019]	Time 0.100 (0.103)	Data 0.000 (0.003)	Loss 1747320.0000 (2099223.3143)	Prec 0.000 (0.119)	LR 0.3
INFO - 12/12/22 09:00:49 - 0:13:56 - Epoch[0] - Iter: [8000/20019]	Time 0.098 (0.103)	Data 0.000 (0.003)	Loss 2067314.8750 (2097806.7500)	Prec 0.000 (0.119)	LR 0.3
INFO - 12/12/22 09:00:54 - 0:14:01 - Epoch[0] - Iter: [8050/20019]	Time 0.099 (0.103)	Data 0.000 (0.003)	Loss 1790570.0000 (2096186.5203)	Prec 0.000 (0.119)	LR 0.3
INFO - 12/12/22 09:00:59 - 0:14:06 - Epoch[0] - Iter: [8100/20019]	Time 0.099 (0.103)	Data 0.000 (0.003)	Loss 1975381.5000 (2094833.4300)	Prec 0.000 (0.119)	LR 0.3
INFO - 12/12/22 09:01:04 - 0:14:11 - Epoch[0] - Iter: [8150/20019]	Time 0.098 (0.103)	Data 0.000 (0.003)	Loss 1890310.8750 (2093348.8254)	Prec 0.000 (0.119)	LR 0.3
INFO - 12/12/22 09:01:09 - 0:14:16 - Epoch[0] - Iter: [8200/20019]	Time 0.100 (0.103)	Data 0.000 (0.003)	Loss 1700159.8750 (2091721.3521)	Prec 0.000 (0.119)	LR 0.3
INFO - 12/12/22 09:01:14 - 0:14:21 - Epoch[0] - Iter: [8250/20019]	Time 0.099 (0.103)	Data 0.000 (0.003)	Loss 1822444.1250 (2090126.3738)	Prec 0.000 (0.119)	LR 0.3
INFO - 12/12/22 09:01:19 - 0:14:26 - Epoch[0] - Iter: [8300/20019]	Time 0.100 (0.103)	Data 0.000 (0.003)	Loss 1904795.6250 (2088681.7663)	Prec 1.562 (0.119)	LR 0.3
INFO - 12/12/22 09:01:24 - 0:14:31 - Epoch[0] - Iter: [8350/20019]	Time 0.098 (0.103)	Data 0.000 (0.003)	Loss 1685607.1250 (2087234.1140)	Prec 0.000 (0.119)	LR 0.3
INFO - 12/12/22 09:01:29 - 0:14:36 - Epoch[0] - Iter: [8400/20019]	Time 0.102 (0.103)	Data 0.000 (0.003)	Loss 2011977.6250 (2085855.7829)	Prec 0.000 (0.119)	LR 0.3
INFO - 12/12/22 09:01:34 - 0:14:41 - Epoch[0] - Iter: [8450/20019]	Time 0.099 (0.103)	Data 0.000 (0.003)	Loss 1883738.6250 (2084309.9021)	Prec 0.000 (0.119)	LR 0.3
INFO - 12/12/22 09:01:39 - 0:14:46 - Epoch[0] - Iter: [8500/20019]	Time 0.098 (0.103)	Data 0.000 (0.003)	Loss 1993745.6250 (2082929.9300)	Prec 0.000 (0.120)	LR 0.3
INFO - 12/12/22 09:01:44 - 0:14:51 - Epoch[0] - Iter: [8550/20019]	Time 0.099 (0.103)	Data 0.000 (0.003)	Loss 1866343.2500 (2081440.4600)	Prec 0.000 (0.120)	LR 0.3
INFO - 12/12/22 09:01:49 - 0:14:56 - Epoch[0] - Iter: [8600/20019]	Time 0.101 (0.103)	Data 0.000 (0.003)	Loss 1410503.8750 (2079936.3989)	Prec 0.000 (0.120)	LR 0.3
INFO - 12/12/22 09:01:54 - 0:15:01 - Epoch[0] - Iter: [8650/20019]	Time 0.100 (0.103)	Data 0.000 (0.003)	Loss 1851770.0000 (2078241.7278)	Prec 0.000 (0.120)	LR 0.3
INFO - 12/12/22 09:01:59 - 0:15:06 - Epoch[0] - Iter: [8700/20019]	Time 0.101 (0.103)	Data 0.000 (0.003)	Loss 1664605.2500 (2076445.7653)	Prec 0.000 (0.120)	LR 0.3
INFO - 12/12/22 09:02:04 - 0:15:11 - Epoch[0] - Iter: [8750/20019]	Time 0.099 (0.103)	Data 0.000 (0.003)	Loss 2015994.7500 (2074666.2362)	Prec 0.000 (0.120)	LR 0.3
INFO - 12/12/22 09:02:09 - 0:15:16 - Epoch[0] - Iter: [8800/20019]	Time 0.099 (0.103)	Data 0.000 (0.003)	Loss 1857908.6250 (2073234.1143)	Prec 0.000 (0.120)	LR 0.3
INFO - 12/12/22 09:02:13 - 0:15:21 - Epoch[0] - Iter: [8850/20019]	Time 0.099 (0.103)	Data 0.000 (0.003)	Loss 2133882.5000 (2071779.6647)	Prec 0.000 (0.120)	LR 0.3
INFO - 12/12/22 09:02:18 - 0:15:26 - Epoch[0] - Iter: [8900/20019]	Time 0.101 (0.103)	Data 0.000 (0.003)	Loss 2421295.7500 (2070711.1023)	Prec 0.000 (0.120)	LR 0.3
INFO - 12/12/22 09:02:23 - 0:15:31 - Epoch[0] - Iter: [8950/20019]	Time 0.099 (0.103)	Data 0.000 (0.003)	Loss 1609764.8750 (2069346.2619)	Prec 0.000 (0.121)	LR 0.3
INFO - 12/12/22 09:02:28 - 0:15:35 - Epoch[0] - Iter: [9000/20019]	Time 0.099 (0.103)	Data 0.000 (0.003)	Loss 1712974.7500 (2067773.2327)	Prec 0.000 (0.121)	LR 0.3
INFO - 12/12/22 09:02:33 - 0:15:41 - Epoch[0] - Iter: [9050/20019]	Time 0.098 (0.103)	Data 0.000 (0.003)	Loss 1781211.0000 (2065728.6430)	Prec 0.000 (0.121)	LR 0.3
INFO - 12/12/22 09:02:38 - 0:15:46 - Epoch[0] - Iter: [9100/20019]	Time 0.098 (0.103)	Data 0.000 (0.003)	Loss 1727646.5000 (2064253.3828)	Prec 0.000 (0.121)	LR 0.3
INFO - 12/12/22 09:02:43 - 0:15:51 - Epoch[0] - Iter: [9150/20019]	Time 0.100 (0.103)	Data 0.000 (0.003)	Loss 1817034.7500 (2062797.6331)	Prec 0.000 (0.120)	LR 0.3
