INFO - 12/12/22 09:04:29 - 0:00:00 - ============ Initialized logger ============
INFO - 12/12/22 09:04:29 - 0:00:00 - arch: resnet50
                                     batch_size: 128
                                     data_path: C:\Users\chris\Downloads\ILSVRC\Data\CLS-LOC
                                     decay_epochs: [60, 80]
                                     dist_url: env://
                                     dump_checkpoints: D:\code_cluster\me_swav\facebook_swav\experiments\004_linear\checkpoints
                                     dump_path: D:\code_cluster\me_swav\facebook_swav\experiments\004_linear
                                     epochs: 100
                                     final_lr: 0
                                     gamma: 0.1
                                     global_pooling: True
                                     gpu_to_work_on: 0
                                     is_slurm_job: False
                                     local_rank: 0
                                     lr: 0.3
                                     nesterov: False
                                     pretrained: D:\code_cluster\me_swav\pretrained\swav_800ep_pretrain.pth.tar
                                     rank: 0
                                     scheduler_type: cosine
                                     seed: 31
                                     use_bn: False
                                     wd: 1e-06
                                     workers: 10
                                     world_size: -1
INFO - 12/12/22 09:04:29 - 0:00:00 - The experiment will be stored in D:\code_cluster\me_swav\facebook_swav\experiments\004_linear
                                     

INFO - 12/12/22 09:04:29 - 0:00:00 - 0  _CudaDeviceProperties(name='NVIDIA GeForce RTX 3060', major=8, minor=6, total_memory=12287MB, multi_processor_count=28)
INFO - 12/12/22 09:04:29 - 0:00:00 - 1  _CudaDeviceProperties(name='NVIDIA GeForce RTX 3060', major=8, minor=6, total_memory=12287MB, multi_processor_count=28)
INFO - 12/12/22 09:04:29 - 0:00:00 - build training dataset (start)
INFO - 12/12/22 09:04:38 - 0:00:09 - build training dataset (end)
INFO - 12/12/22 09:04:38 - 0:00:09 - build validation dataset (start)
INFO - 12/12/22 09:04:39 - 0:00:11 - build validation dataset (end)
INFO - 12/12/22 09:04:39 - 0:00:11 - Building data done
INFO - 12/12/22 09:04:40 - 0:00:12 - key "module.conv1.weight" could not be found in provided state dict
INFO - 12/12/22 09:04:40 - 0:00:12 - key "module.bn1.weight" could not be found in provided state dict
INFO - 12/12/22 09:04:40 - 0:00:12 - key "module.bn1.bias" could not be found in provided state dict
INFO - 12/12/22 09:04:40 - 0:00:12 - key "module.bn1.running_mean" could not be found in provided state dict
INFO - 12/12/22 09:04:40 - 0:00:12 - key "module.bn1.running_var" could not be found in provided state dict
INFO - 12/12/22 09:04:40 - 0:00:12 - key "module.bn1.num_batches_tracked" could not be found in provided state dict
INFO - 12/12/22 09:04:40 - 0:00:12 - key "module.layer1.0.conv1.weight" could not be found in provided state dict
INFO - 12/12/22 09:04:40 - 0:00:12 - key "module.layer1.0.bn1.weight" could not be found in provided state dict
INFO - 12/12/22 09:04:40 - 0:00:12 - key "module.layer1.0.bn1.bias" could not be found in provided state dict
INFO - 12/12/22 09:04:40 - 0:00:12 - key "module.layer1.0.bn1.running_mean" could not be found in provided state dict
INFO - 12/12/22 09:04:40 - 0:00:12 - key "module.layer1.0.bn1.running_var" could not be found in provided state dict
INFO - 12/12/22 09:04:40 - 0:00:12 - key "module.layer1.0.bn1.num_batches_tracked" could not be found in provided state dict
INFO - 12/12/22 09:04:40 - 0:00:12 - key "module.layer1.0.conv2.weight" could not be found in provided state dict
INFO - 12/12/22 09:04:40 - 0:00:12 - key "module.layer1.0.bn2.weight" could not be found in provided state dict
INFO - 12/12/22 09:04:40 - 0:00:12 - key "module.layer1.0.bn2.bias" could not be found in provided state dict
INFO - 12/12/22 09:04:40 - 0:00:12 - key "module.layer1.0.bn2.running_mean" could not be found in provided state dict
INFO - 12/12/22 09:04:40 - 0:00:12 - key "module.layer1.0.bn2.running_var" could not be found in provided state dict
INFO - 12/12/22 09:04:40 - 0:00:12 - key "module.layer1.0.bn2.num_batches_tracked" could not be found in provided state dict
INFO - 12/12/22 09:04:40 - 0:00:12 - key "module.layer1.0.conv3.weight" could not be found in provided state dict
INFO - 12/12/22 09:04:40 - 0:00:12 - key "module.layer1.0.bn3.weight" could not be found in provided state dict
INFO - 12/12/22 09:04:40 - 0:00:12 - key "module.layer1.0.bn3.bias" could not be found in provided state dict
INFO - 12/12/22 09:04:40 - 0:00:12 - key "module.layer1.0.bn3.running_mean" could not be found in provided state dict
INFO - 12/12/22 09:04:40 - 0:00:12 - key "module.layer1.0.bn3.running_var" could not be found in provided state dict
INFO - 12/12/22 09:04:40 - 0:00:12 - key "module.layer1.0.bn3.num_batches_tracked" could not be found in provided state dict
INFO - 12/12/22 09:04:40 - 0:00:12 - key "module.layer1.0.downsample.0.weight" could not be found in provided state dict
INFO - 12/12/22 09:04:40 - 0:00:12 - key "module.layer1.0.downsample.1.weight" could not be found in provided state dict
INFO - 12/12/22 09:04:40 - 0:00:12 - key "module.layer1.0.downsample.1.bias" could not be found in provided state dict
INFO - 12/12/22 09:04:40 - 0:00:12 - key "module.layer1.0.downsample.1.running_mean" could not be found in provided state dict
INFO - 12/12/22 09:04:40 - 0:00:12 - key "module.layer1.0.downsample.1.running_var" could not be found in provided state dict
INFO - 12/12/22 09:04:40 - 0:00:12 - key "module.layer1.0.downsample.1.num_batches_tracked" could not be found in provided state dict
INFO - 12/12/22 09:04:40 - 0:00:12 - key "module.layer1.1.conv1.weight" could not be found in provided state dict
INFO - 12/12/22 09:04:40 - 0:00:12 - key "module.layer1.1.bn1.weight" could not be found in provided state dict
INFO - 12/12/22 09:04:40 - 0:00:12 - key "module.layer1.1.bn1.bias" could not be found in provided state dict
INFO - 12/12/22 09:04:40 - 0:00:12 - key "module.layer1.1.bn1.running_mean" could not be found in provided state dict
INFO - 12/12/22 09:04:40 - 0:00:12 - key "module.layer1.1.bn1.running_var" could not be found in provided state dict
INFO - 12/12/22 09:04:40 - 0:00:12 - key "module.layer1.1.bn1.num_batches_tracked" could not be found in provided state dict
INFO - 12/12/22 09:04:40 - 0:00:12 - key "module.layer1.1.conv2.weight" could not be found in provided state dict
INFO - 12/12/22 09:04:40 - 0:00:12 - key "module.layer1.1.bn2.weight" could not be found in provided state dict
INFO - 12/12/22 09:04:40 - 0:00:12 - key "module.layer1.1.bn2.bias" could not be found in provided state dict
INFO - 12/12/22 09:04:40 - 0:00:12 - key "module.layer1.1.bn2.running_mean" could not be found in provided state dict
INFO - 12/12/22 09:04:40 - 0:00:12 - key "module.layer1.1.bn2.running_var" could not be found in provided state dict
INFO - 12/12/22 09:04:40 - 0:00:12 - key "module.layer1.1.bn2.num_batches_tracked" could not be found in provided state dict
INFO - 12/12/22 09:04:40 - 0:00:12 - key "module.layer1.1.conv3.weight" could not be found in provided state dict
INFO - 12/12/22 09:04:40 - 0:00:12 - key "module.layer1.1.bn3.weight" could not be found in provided state dict
INFO - 12/12/22 09:04:40 - 0:00:12 - key "module.layer1.1.bn3.bias" could not be found in provided state dict
INFO - 12/12/22 09:04:40 - 0:00:12 - key "module.layer1.1.bn3.running_mean" could not be found in provided state dict
INFO - 12/12/22 09:04:40 - 0:00:12 - key "module.layer1.1.bn3.running_var" could not be found in provided state dict
INFO - 12/12/22 09:04:40 - 0:00:12 - key "module.layer1.1.bn3.num_batches_tracked" could not be found in provided state dict
INFO - 12/12/22 09:04:40 - 0:00:12 - key "module.layer1.2.conv1.weight" could not be found in provided state dict
INFO - 12/12/22 09:04:40 - 0:00:12 - key "module.layer1.2.bn1.weight" could not be found in provided state dict
INFO - 12/12/22 09:04:40 - 0:00:12 - key "module.layer1.2.bn1.bias" could not be found in provided state dict
INFO - 12/12/22 09:04:40 - 0:00:12 - key "module.layer1.2.bn1.running_mean" could not be found in provided state dict
INFO - 12/12/22 09:04:40 - 0:00:12 - key "module.layer1.2.bn1.running_var" could not be found in provided state dict
INFO - 12/12/22 09:04:40 - 0:00:12 - key "module.layer1.2.bn1.num_batches_tracked" could not be found in provided state dict
INFO - 12/12/22 09:04:40 - 0:00:12 - key "module.layer1.2.conv2.weight" could not be found in provided state dict
INFO - 12/12/22 09:04:40 - 0:00:12 - key "module.layer1.2.bn2.weight" could not be found in provided state dict
INFO - 12/12/22 09:04:40 - 0:00:12 - key "module.layer1.2.bn2.bias" could not be found in provided state dict
INFO - 12/12/22 09:04:40 - 0:00:12 - key "module.layer1.2.bn2.running_mean" could not be found in provided state dict
INFO - 12/12/22 09:04:40 - 0:00:12 - key "module.layer1.2.bn2.running_var" could not be found in provided state dict
INFO - 12/12/22 09:04:40 - 0:00:12 - key "module.layer1.2.bn2.num_batches_tracked" could not be found in provided state dict
INFO - 12/12/22 09:04:40 - 0:00:12 - key "module.layer1.2.conv3.weight" could not be found in provided state dict
INFO - 12/12/22 09:04:40 - 0:00:12 - key "module.layer1.2.bn3.weight" could not be found in provided state dict
INFO - 12/12/22 09:04:40 - 0:00:12 - key "module.layer1.2.bn3.bias" could not be found in provided state dict
INFO - 12/12/22 09:04:40 - 0:00:12 - key "module.layer1.2.bn3.running_mean" could not be found in provided state dict
INFO - 12/12/22 09:04:40 - 0:00:12 - key "module.layer1.2.bn3.running_var" could not be found in provided state dict
INFO - 12/12/22 09:04:40 - 0:00:12 - key "module.layer1.2.bn3.num_batches_tracked" could not be found in provided state dict
INFO - 12/12/22 09:04:40 - 0:00:12 - key "module.layer2.0.conv1.weight" could not be found in provided state dict
INFO - 12/12/22 09:04:40 - 0:00:12 - key "module.layer2.0.bn1.weight" could not be found in provided state dict
INFO - 12/12/22 09:04:40 - 0:00:12 - key "module.layer2.0.bn1.bias" could not be found in provided state dict
INFO - 12/12/22 09:04:40 - 0:00:12 - key "module.layer2.0.bn1.running_mean" could not be found in provided state dict
INFO - 12/12/22 09:04:40 - 0:00:12 - key "module.layer2.0.bn1.running_var" could not be found in provided state dict
INFO - 12/12/22 09:04:40 - 0:00:12 - key "module.layer2.0.bn1.num_batches_tracked" could not be found in provided state dict
INFO - 12/12/22 09:04:40 - 0:00:12 - key "module.layer2.0.conv2.weight" could not be found in provided state dict
INFO - 12/12/22 09:04:40 - 0:00:12 - key "module.layer2.0.bn2.weight" could not be found in provided state dict
INFO - 12/12/22 09:04:40 - 0:00:12 - key "module.layer2.0.bn2.bias" could not be found in provided state dict
INFO - 12/12/22 09:04:40 - 0:00:12 - key "module.layer2.0.bn2.running_mean" could not be found in provided state dict
INFO - 12/12/22 09:04:40 - 0:00:12 - key "module.layer2.0.bn2.running_var" could not be found in provided state dict
INFO - 12/12/22 09:04:40 - 0:00:12 - key "module.layer2.0.bn2.num_batches_tracked" could not be found in provided state dict
INFO - 12/12/22 09:04:40 - 0:00:12 - key "module.layer2.0.conv3.weight" could not be found in provided state dict
INFO - 12/12/22 09:04:40 - 0:00:12 - key "module.layer2.0.bn3.weight" could not be found in provided state dict
INFO - 12/12/22 09:04:40 - 0:00:12 - key "module.layer2.0.bn3.bias" could not be found in provided state dict
INFO - 12/12/22 09:04:40 - 0:00:12 - key "module.layer2.0.bn3.running_mean" could not be found in provided state dict
INFO - 12/12/22 09:04:40 - 0:00:12 - key "module.layer2.0.bn3.running_var" could not be found in provided state dict
INFO - 12/12/22 09:04:40 - 0:00:12 - key "module.layer2.0.bn3.num_batches_tracked" could not be found in provided state dict
INFO - 12/12/22 09:04:40 - 0:00:12 - key "module.layer2.0.downsample.0.weight" could not be found in provided state dict
INFO - 12/12/22 09:04:40 - 0:00:12 - key "module.layer2.0.downsample.1.weight" could not be found in provided state dict
INFO - 12/12/22 09:04:40 - 0:00:12 - key "module.layer2.0.downsample.1.bias" could not be found in provided state dict
INFO - 12/12/22 09:04:40 - 0:00:12 - key "module.layer2.0.downsample.1.running_mean" could not be found in provided state dict
INFO - 12/12/22 09:04:40 - 0:00:12 - key "module.layer2.0.downsample.1.running_var" could not be found in provided state dict
INFO - 12/12/22 09:04:40 - 0:00:12 - key "module.layer2.0.downsample.1.num_batches_tracked" could not be found in provided state dict
INFO - 12/12/22 09:04:40 - 0:00:12 - key "module.layer2.1.conv1.weight" could not be found in provided state dict
INFO - 12/12/22 09:04:40 - 0:00:12 - key "module.layer2.1.bn1.weight" could not be found in provided state dict
INFO - 12/12/22 09:04:40 - 0:00:12 - key "module.layer2.1.bn1.bias" could not be found in provided state dict
INFO - 12/12/22 09:04:40 - 0:00:12 - key "module.layer2.1.bn1.running_mean" could not be found in provided state dict
INFO - 12/12/22 09:04:40 - 0:00:12 - key "module.layer2.1.bn1.running_var" could not be found in provided state dict
INFO - 12/12/22 09:04:40 - 0:00:12 - key "module.layer2.1.bn1.num_batches_tracked" could not be found in provided state dict
INFO - 12/12/22 09:04:40 - 0:00:12 - key "module.layer2.1.conv2.weight" could not be found in provided state dict
INFO - 12/12/22 09:04:40 - 0:00:12 - key "module.layer2.1.bn2.weight" could not be found in provided state dict
INFO - 12/12/22 09:04:40 - 0:00:12 - key "module.layer2.1.bn2.bias" could not be found in provided state dict
INFO - 12/12/22 09:04:40 - 0:00:12 - key "module.layer2.1.bn2.running_mean" could not be found in provided state dict
INFO - 12/12/22 09:04:40 - 0:00:12 - key "module.layer2.1.bn2.running_var" could not be found in provided state dict
INFO - 12/12/22 09:04:40 - 0:00:12 - key "module.layer2.1.bn2.num_batches_tracked" could not be found in provided state dict
INFO - 12/12/22 09:04:40 - 0:00:12 - key "module.layer2.1.conv3.weight" could not be found in provided state dict
INFO - 12/12/22 09:04:40 - 0:00:12 - key "module.layer2.1.bn3.weight" could not be found in provided state dict
INFO - 12/12/22 09:04:40 - 0:00:12 - key "module.layer2.1.bn3.bias" could not be found in provided state dict
INFO - 12/12/22 09:04:40 - 0:00:12 - key "module.layer2.1.bn3.running_mean" could not be found in provided state dict
INFO - 12/12/22 09:04:40 - 0:00:12 - key "module.layer2.1.bn3.running_var" could not be found in provided state dict
INFO - 12/12/22 09:04:40 - 0:00:12 - key "module.layer2.1.bn3.num_batches_tracked" could not be found in provided state dict
INFO - 12/12/22 09:04:40 - 0:00:12 - key "module.layer2.2.conv1.weight" could not be found in provided state dict
INFO - 12/12/22 09:04:40 - 0:00:12 - key "module.layer2.2.bn1.weight" could not be found in provided state dict
INFO - 12/12/22 09:04:40 - 0:00:12 - key "module.layer2.2.bn1.bias" could not be found in provided state dict
INFO - 12/12/22 09:04:40 - 0:00:12 - key "module.layer2.2.bn1.running_mean" could not be found in provided state dict
INFO - 12/12/22 09:04:40 - 0:00:12 - key "module.layer2.2.bn1.running_var" could not be found in provided state dict
INFO - 12/12/22 09:04:40 - 0:00:12 - key "module.layer2.2.bn1.num_batches_tracked" could not be found in provided state dict
INFO - 12/12/22 09:04:40 - 0:00:12 - key "module.layer2.2.conv2.weight" could not be found in provided state dict
INFO - 12/12/22 09:04:40 - 0:00:12 - key "module.layer2.2.bn2.weight" could not be found in provided state dict
INFO - 12/12/22 09:04:40 - 0:00:12 - key "module.layer2.2.bn2.bias" could not be found in provided state dict
INFO - 12/12/22 09:04:40 - 0:00:12 - key "module.layer2.2.bn2.running_mean" could not be found in provided state dict
INFO - 12/12/22 09:04:40 - 0:00:12 - key "module.layer2.2.bn2.running_var" could not be found in provided state dict
INFO - 12/12/22 09:04:40 - 0:00:12 - key "module.layer2.2.bn2.num_batches_tracked" could not be found in provided state dict
INFO - 12/12/22 09:04:40 - 0:00:12 - key "module.layer2.2.conv3.weight" could not be found in provided state dict
INFO - 12/12/22 09:04:40 - 0:00:12 - key "module.layer2.2.bn3.weight" could not be found in provided state dict
INFO - 12/12/22 09:04:40 - 0:00:12 - key "module.layer2.2.bn3.bias" could not be found in provided state dict
INFO - 12/12/22 09:04:40 - 0:00:12 - key "module.layer2.2.bn3.running_mean" could not be found in provided state dict
INFO - 12/12/22 09:04:40 - 0:00:12 - key "module.layer2.2.bn3.running_var" could not be found in provided state dict
INFO - 12/12/22 09:04:40 - 0:00:12 - key "module.layer2.2.bn3.num_batches_tracked" could not be found in provided state dict
INFO - 12/12/22 09:04:40 - 0:00:12 - key "module.layer2.3.conv1.weight" could not be found in provided state dict
INFO - 12/12/22 09:04:40 - 0:00:12 - key "module.layer2.3.bn1.weight" could not be found in provided state dict
INFO - 12/12/22 09:04:40 - 0:00:12 - key "module.layer2.3.bn1.bias" could not be found in provided state dict
INFO - 12/12/22 09:04:40 - 0:00:12 - key "module.layer2.3.bn1.running_mean" could not be found in provided state dict
INFO - 12/12/22 09:04:40 - 0:00:12 - key "module.layer2.3.bn1.running_var" could not be found in provided state dict
INFO - 12/12/22 09:04:40 - 0:00:12 - key "module.layer2.3.bn1.num_batches_tracked" could not be found in provided state dict
INFO - 12/12/22 09:04:40 - 0:00:12 - key "module.layer2.3.conv2.weight" could not be found in provided state dict
INFO - 12/12/22 09:04:40 - 0:00:12 - key "module.layer2.3.bn2.weight" could not be found in provided state dict
INFO - 12/12/22 09:04:40 - 0:00:12 - key "module.layer2.3.bn2.bias" could not be found in provided state dict
INFO - 12/12/22 09:04:40 - 0:00:12 - key "module.layer2.3.bn2.running_mean" could not be found in provided state dict
INFO - 12/12/22 09:04:40 - 0:00:12 - key "module.layer2.3.bn2.running_var" could not be found in provided state dict
INFO - 12/12/22 09:04:40 - 0:00:12 - key "module.layer2.3.bn2.num_batches_tracked" could not be found in provided state dict
INFO - 12/12/22 09:04:40 - 0:00:12 - key "module.layer2.3.conv3.weight" could not be found in provided state dict
INFO - 12/12/22 09:04:40 - 0:00:12 - key "module.layer2.3.bn3.weight" could not be found in provided state dict
INFO - 12/12/22 09:04:40 - 0:00:12 - key "module.layer2.3.bn3.bias" could not be found in provided state dict
INFO - 12/12/22 09:04:40 - 0:00:12 - key "module.layer2.3.bn3.running_mean" could not be found in provided state dict
INFO - 12/12/22 09:04:40 - 0:00:12 - key "module.layer2.3.bn3.running_var" could not be found in provided state dict
INFO - 12/12/22 09:04:40 - 0:00:12 - key "module.layer2.3.bn3.num_batches_tracked" could not be found in provided state dict
INFO - 12/12/22 09:04:40 - 0:00:12 - key "module.layer3.0.conv1.weight" could not be found in provided state dict
INFO - 12/12/22 09:04:40 - 0:00:12 - key "module.layer3.0.bn1.weight" could not be found in provided state dict
INFO - 12/12/22 09:04:40 - 0:00:12 - key "module.layer3.0.bn1.bias" could not be found in provided state dict
INFO - 12/12/22 09:04:40 - 0:00:12 - key "module.layer3.0.bn1.running_mean" could not be found in provided state dict
INFO - 12/12/22 09:04:40 - 0:00:12 - key "module.layer3.0.bn1.running_var" could not be found in provided state dict
INFO - 12/12/22 09:04:40 - 0:00:12 - key "module.layer3.0.bn1.num_batches_tracked" could not be found in provided state dict
INFO - 12/12/22 09:04:40 - 0:00:12 - key "module.layer3.0.conv2.weight" could not be found in provided state dict
INFO - 12/12/22 09:04:40 - 0:00:12 - key "module.layer3.0.bn2.weight" could not be found in provided state dict
INFO - 12/12/22 09:04:40 - 0:00:12 - key "module.layer3.0.bn2.bias" could not be found in provided state dict
INFO - 12/12/22 09:04:40 - 0:00:12 - key "module.layer3.0.bn2.running_mean" could not be found in provided state dict
INFO - 12/12/22 09:04:40 - 0:00:12 - key "module.layer3.0.bn2.running_var" could not be found in provided state dict
INFO - 12/12/22 09:04:40 - 0:00:12 - key "module.layer3.0.bn2.num_batches_tracked" could not be found in provided state dict
INFO - 12/12/22 09:04:40 - 0:00:12 - key "module.layer3.0.conv3.weight" could not be found in provided state dict
INFO - 12/12/22 09:04:40 - 0:00:12 - key "module.layer3.0.bn3.weight" could not be found in provided state dict
INFO - 12/12/22 09:04:40 - 0:00:12 - key "module.layer3.0.bn3.bias" could not be found in provided state dict
INFO - 12/12/22 09:04:40 - 0:00:12 - key "module.layer3.0.bn3.running_mean" could not be found in provided state dict
INFO - 12/12/22 09:04:40 - 0:00:12 - key "module.layer3.0.bn3.running_var" could not be found in provided state dict
INFO - 12/12/22 09:04:40 - 0:00:12 - key "module.layer3.0.bn3.num_batches_tracked" could not be found in provided state dict
INFO - 12/12/22 09:04:40 - 0:00:12 - key "module.layer3.0.downsample.0.weight" could not be found in provided state dict
INFO - 12/12/22 09:04:40 - 0:00:12 - key "module.layer3.0.downsample.1.weight" could not be found in provided state dict
INFO - 12/12/22 09:04:40 - 0:00:12 - key "module.layer3.0.downsample.1.bias" could not be found in provided state dict
INFO - 12/12/22 09:04:40 - 0:00:12 - key "module.layer3.0.downsample.1.running_mean" could not be found in provided state dict
INFO - 12/12/22 09:04:40 - 0:00:12 - key "module.layer3.0.downsample.1.running_var" could not be found in provided state dict
INFO - 12/12/22 09:04:40 - 0:00:12 - key "module.layer3.0.downsample.1.num_batches_tracked" could not be found in provided state dict
INFO - 12/12/22 09:04:40 - 0:00:12 - key "module.layer3.1.conv1.weight" could not be found in provided state dict
INFO - 12/12/22 09:04:40 - 0:00:12 - key "module.layer3.1.bn1.weight" could not be found in provided state dict
INFO - 12/12/22 09:04:40 - 0:00:12 - key "module.layer3.1.bn1.bias" could not be found in provided state dict
INFO - 12/12/22 09:04:40 - 0:00:12 - key "module.layer3.1.bn1.running_mean" could not be found in provided state dict
INFO - 12/12/22 09:04:40 - 0:00:12 - key "module.layer3.1.bn1.running_var" could not be found in provided state dict
INFO - 12/12/22 09:04:40 - 0:00:12 - key "module.layer3.1.bn1.num_batches_tracked" could not be found in provided state dict
INFO - 12/12/22 09:04:40 - 0:00:12 - key "module.layer3.1.conv2.weight" could not be found in provided state dict
INFO - 12/12/22 09:04:40 - 0:00:12 - key "module.layer3.1.bn2.weight" could not be found in provided state dict
INFO - 12/12/22 09:04:40 - 0:00:12 - key "module.layer3.1.bn2.bias" could not be found in provided state dict
INFO - 12/12/22 09:04:40 - 0:00:12 - key "module.layer3.1.bn2.running_mean" could not be found in provided state dict
INFO - 12/12/22 09:04:40 - 0:00:12 - key "module.layer3.1.bn2.running_var" could not be found in provided state dict
INFO - 12/12/22 09:04:40 - 0:00:12 - key "module.layer3.1.bn2.num_batches_tracked" could not be found in provided state dict
INFO - 12/12/22 09:04:40 - 0:00:12 - key "module.layer3.1.conv3.weight" could not be found in provided state dict
INFO - 12/12/22 09:04:40 - 0:00:12 - key "module.layer3.1.bn3.weight" could not be found in provided state dict
INFO - 12/12/22 09:04:40 - 0:00:12 - key "module.layer3.1.bn3.bias" could not be found in provided state dict
INFO - 12/12/22 09:04:40 - 0:00:12 - key "module.layer3.1.bn3.running_mean" could not be found in provided state dict
INFO - 12/12/22 09:04:40 - 0:00:12 - key "module.layer3.1.bn3.running_var" could not be found in provided state dict
INFO - 12/12/22 09:04:40 - 0:00:12 - key "module.layer3.1.bn3.num_batches_tracked" could not be found in provided state dict
INFO - 12/12/22 09:04:40 - 0:00:12 - key "module.layer3.2.conv1.weight" could not be found in provided state dict
INFO - 12/12/22 09:04:40 - 0:00:12 - key "module.layer3.2.bn1.weight" could not be found in provided state dict
INFO - 12/12/22 09:04:40 - 0:00:12 - key "module.layer3.2.bn1.bias" could not be found in provided state dict
INFO - 12/12/22 09:04:40 - 0:00:12 - key "module.layer3.2.bn1.running_mean" could not be found in provided state dict
INFO - 12/12/22 09:04:40 - 0:00:12 - key "module.layer3.2.bn1.running_var" could not be found in provided state dict
INFO - 12/12/22 09:04:40 - 0:00:12 - key "module.layer3.2.bn1.num_batches_tracked" could not be found in provided state dict
INFO - 12/12/22 09:04:40 - 0:00:12 - key "module.layer3.2.conv2.weight" could not be found in provided state dict
INFO - 12/12/22 09:04:40 - 0:00:12 - key "module.layer3.2.bn2.weight" could not be found in provided state dict
INFO - 12/12/22 09:04:40 - 0:00:12 - key "module.layer3.2.bn2.bias" could not be found in provided state dict
INFO - 12/12/22 09:04:40 - 0:00:12 - key "module.layer3.2.bn2.running_mean" could not be found in provided state dict
INFO - 12/12/22 09:04:40 - 0:00:12 - key "module.layer3.2.bn2.running_var" could not be found in provided state dict
INFO - 12/12/22 09:04:40 - 0:00:12 - key "module.layer3.2.bn2.num_batches_tracked" could not be found in provided state dict
INFO - 12/12/22 09:04:40 - 0:00:12 - key "module.layer3.2.conv3.weight" could not be found in provided state dict
INFO - 12/12/22 09:04:40 - 0:00:12 - key "module.layer3.2.bn3.weight" could not be found in provided state dict
INFO - 12/12/22 09:04:40 - 0:00:12 - key "module.layer3.2.bn3.bias" could not be found in provided state dict
INFO - 12/12/22 09:04:40 - 0:00:12 - key "module.layer3.2.bn3.running_mean" could not be found in provided state dict
INFO - 12/12/22 09:04:40 - 0:00:12 - key "module.layer3.2.bn3.running_var" could not be found in provided state dict
INFO - 12/12/22 09:04:40 - 0:00:12 - key "module.layer3.2.bn3.num_batches_tracked" could not be found in provided state dict
INFO - 12/12/22 09:04:40 - 0:00:12 - key "module.layer3.3.conv1.weight" could not be found in provided state dict
INFO - 12/12/22 09:04:40 - 0:00:12 - key "module.layer3.3.bn1.weight" could not be found in provided state dict
INFO - 12/12/22 09:04:40 - 0:00:12 - key "module.layer3.3.bn1.bias" could not be found in provided state dict
INFO - 12/12/22 09:04:40 - 0:00:12 - key "module.layer3.3.bn1.running_mean" could not be found in provided state dict
INFO - 12/12/22 09:04:40 - 0:00:12 - key "module.layer3.3.bn1.running_var" could not be found in provided state dict
INFO - 12/12/22 09:04:40 - 0:00:12 - key "module.layer3.3.bn1.num_batches_tracked" could not be found in provided state dict
INFO - 12/12/22 09:04:40 - 0:00:12 - key "module.layer3.3.conv2.weight" could not be found in provided state dict
INFO - 12/12/22 09:04:40 - 0:00:12 - key "module.layer3.3.bn2.weight" could not be found in provided state dict
INFO - 12/12/22 09:04:40 - 0:00:12 - key "module.layer3.3.bn2.bias" could not be found in provided state dict
INFO - 12/12/22 09:04:40 - 0:00:12 - key "module.layer3.3.bn2.running_mean" could not be found in provided state dict
INFO - 12/12/22 09:04:40 - 0:00:12 - key "module.layer3.3.bn2.running_var" could not be found in provided state dict
INFO - 12/12/22 09:04:40 - 0:00:12 - key "module.layer3.3.bn2.num_batches_tracked" could not be found in provided state dict
INFO - 12/12/22 09:04:40 - 0:00:12 - key "module.layer3.3.conv3.weight" could not be found in provided state dict
INFO - 12/12/22 09:04:40 - 0:00:12 - key "module.layer3.3.bn3.weight" could not be found in provided state dict
INFO - 12/12/22 09:04:40 - 0:00:12 - key "module.layer3.3.bn3.bias" could not be found in provided state dict
INFO - 12/12/22 09:04:40 - 0:00:12 - key "module.layer3.3.bn3.running_mean" could not be found in provided state dict
INFO - 12/12/22 09:04:40 - 0:00:12 - key "module.layer3.3.bn3.running_var" could not be found in provided state dict
INFO - 12/12/22 09:04:40 - 0:00:12 - key "module.layer3.3.bn3.num_batches_tracked" could not be found in provided state dict
INFO - 12/12/22 09:04:40 - 0:00:12 - key "module.layer3.4.conv1.weight" could not be found in provided state dict
INFO - 12/12/22 09:04:40 - 0:00:12 - key "module.layer3.4.bn1.weight" could not be found in provided state dict
INFO - 12/12/22 09:04:40 - 0:00:12 - key "module.layer3.4.bn1.bias" could not be found in provided state dict
INFO - 12/12/22 09:04:40 - 0:00:12 - key "module.layer3.4.bn1.running_mean" could not be found in provided state dict
INFO - 12/12/22 09:04:40 - 0:00:12 - key "module.layer3.4.bn1.running_var" could not be found in provided state dict
INFO - 12/12/22 09:04:40 - 0:00:12 - key "module.layer3.4.bn1.num_batches_tracked" could not be found in provided state dict
INFO - 12/12/22 09:04:40 - 0:00:12 - key "module.layer3.4.conv2.weight" could not be found in provided state dict
INFO - 12/12/22 09:04:40 - 0:00:12 - key "module.layer3.4.bn2.weight" could not be found in provided state dict
INFO - 12/12/22 09:04:40 - 0:00:12 - key "module.layer3.4.bn2.bias" could not be found in provided state dict
INFO - 12/12/22 09:04:40 - 0:00:12 - key "module.layer3.4.bn2.running_mean" could not be found in provided state dict
INFO - 12/12/22 09:04:40 - 0:00:12 - key "module.layer3.4.bn2.running_var" could not be found in provided state dict
INFO - 12/12/22 09:04:40 - 0:00:12 - key "module.layer3.4.bn2.num_batches_tracked" could not be found in provided state dict
INFO - 12/12/22 09:04:40 - 0:00:12 - key "module.layer3.4.conv3.weight" could not be found in provided state dict
INFO - 12/12/22 09:04:40 - 0:00:12 - key "module.layer3.4.bn3.weight" could not be found in provided state dict
INFO - 12/12/22 09:04:40 - 0:00:12 - key "module.layer3.4.bn3.bias" could not be found in provided state dict
INFO - 12/12/22 09:04:40 - 0:00:12 - key "module.layer3.4.bn3.running_mean" could not be found in provided state dict
INFO - 12/12/22 09:04:40 - 0:00:12 - key "module.layer3.4.bn3.running_var" could not be found in provided state dict
INFO - 12/12/22 09:04:40 - 0:00:12 - key "module.layer3.4.bn3.num_batches_tracked" could not be found in provided state dict
INFO - 12/12/22 09:04:40 - 0:00:12 - key "module.layer3.5.conv1.weight" could not be found in provided state dict
INFO - 12/12/22 09:04:40 - 0:00:12 - key "module.layer3.5.bn1.weight" could not be found in provided state dict
INFO - 12/12/22 09:04:40 - 0:00:12 - key "module.layer3.5.bn1.bias" could not be found in provided state dict
INFO - 12/12/22 09:04:40 - 0:00:12 - key "module.layer3.5.bn1.running_mean" could not be found in provided state dict
INFO - 12/12/22 09:04:40 - 0:00:12 - key "module.layer3.5.bn1.running_var" could not be found in provided state dict
INFO - 12/12/22 09:04:40 - 0:00:12 - key "module.layer3.5.bn1.num_batches_tracked" could not be found in provided state dict
INFO - 12/12/22 09:04:40 - 0:00:12 - key "module.layer3.5.conv2.weight" could not be found in provided state dict
INFO - 12/12/22 09:04:40 - 0:00:12 - key "module.layer3.5.bn2.weight" could not be found in provided state dict
INFO - 12/12/22 09:04:40 - 0:00:12 - key "module.layer3.5.bn2.bias" could not be found in provided state dict
INFO - 12/12/22 09:04:40 - 0:00:12 - key "module.layer3.5.bn2.running_mean" could not be found in provided state dict
INFO - 12/12/22 09:04:40 - 0:00:12 - key "module.layer3.5.bn2.running_var" could not be found in provided state dict
INFO - 12/12/22 09:04:40 - 0:00:12 - key "module.layer3.5.bn2.num_batches_tracked" could not be found in provided state dict
INFO - 12/12/22 09:04:40 - 0:00:12 - key "module.layer3.5.conv3.weight" could not be found in provided state dict
INFO - 12/12/22 09:04:40 - 0:00:12 - key "module.layer3.5.bn3.weight" could not be found in provided state dict
INFO - 12/12/22 09:04:40 - 0:00:12 - key "module.layer3.5.bn3.bias" could not be found in provided state dict
INFO - 12/12/22 09:04:40 - 0:00:12 - key "module.layer3.5.bn3.running_mean" could not be found in provided state dict
INFO - 12/12/22 09:04:40 - 0:00:12 - key "module.layer3.5.bn3.running_var" could not be found in provided state dict
INFO - 12/12/22 09:04:40 - 0:00:12 - key "module.layer3.5.bn3.num_batches_tracked" could not be found in provided state dict
INFO - 12/12/22 09:04:40 - 0:00:12 - key "module.layer4.0.conv1.weight" could not be found in provided state dict
INFO - 12/12/22 09:04:40 - 0:00:12 - key "module.layer4.0.bn1.weight" could not be found in provided state dict
INFO - 12/12/22 09:04:40 - 0:00:12 - key "module.layer4.0.bn1.bias" could not be found in provided state dict
INFO - 12/12/22 09:04:40 - 0:00:12 - key "module.layer4.0.bn1.running_mean" could not be found in provided state dict
INFO - 12/12/22 09:04:40 - 0:00:12 - key "module.layer4.0.bn1.running_var" could not be found in provided state dict
INFO - 12/12/22 09:04:40 - 0:00:12 - key "module.layer4.0.bn1.num_batches_tracked" could not be found in provided state dict
INFO - 12/12/22 09:04:40 - 0:00:12 - key "module.layer4.0.conv2.weight" could not be found in provided state dict
INFO - 12/12/22 09:04:40 - 0:00:12 - key "module.layer4.0.bn2.weight" could not be found in provided state dict
INFO - 12/12/22 09:04:40 - 0:00:12 - key "module.layer4.0.bn2.bias" could not be found in provided state dict
INFO - 12/12/22 09:04:40 - 0:00:12 - key "module.layer4.0.bn2.running_mean" could not be found in provided state dict
INFO - 12/12/22 09:04:40 - 0:00:12 - key "module.layer4.0.bn2.running_var" could not be found in provided state dict
INFO - 12/12/22 09:04:40 - 0:00:12 - key "module.layer4.0.bn2.num_batches_tracked" could not be found in provided state dict
INFO - 12/12/22 09:04:40 - 0:00:12 - key "module.layer4.0.conv3.weight" could not be found in provided state dict
INFO - 12/12/22 09:04:40 - 0:00:12 - key "module.layer4.0.bn3.weight" could not be found in provided state dict
INFO - 12/12/22 09:04:40 - 0:00:12 - key "module.layer4.0.bn3.bias" could not be found in provided state dict
INFO - 12/12/22 09:04:40 - 0:00:12 - key "module.layer4.0.bn3.running_mean" could not be found in provided state dict
INFO - 12/12/22 09:04:40 - 0:00:12 - key "module.layer4.0.bn3.running_var" could not be found in provided state dict
INFO - 12/12/22 09:04:40 - 0:00:12 - key "module.layer4.0.bn3.num_batches_tracked" could not be found in provided state dict
INFO - 12/12/22 09:04:40 - 0:00:12 - key "module.layer4.0.downsample.0.weight" could not be found in provided state dict
INFO - 12/12/22 09:04:40 - 0:00:12 - key "module.layer4.0.downsample.1.weight" could not be found in provided state dict
INFO - 12/12/22 09:04:40 - 0:00:12 - key "module.layer4.0.downsample.1.bias" could not be found in provided state dict
INFO - 12/12/22 09:04:40 - 0:00:12 - key "module.layer4.0.downsample.1.running_mean" could not be found in provided state dict
INFO - 12/12/22 09:04:40 - 0:00:12 - key "module.layer4.0.downsample.1.running_var" could not be found in provided state dict
INFO - 12/12/22 09:04:40 - 0:00:12 - key "module.layer4.0.downsample.1.num_batches_tracked" could not be found in provided state dict
INFO - 12/12/22 09:04:40 - 0:00:12 - key "module.layer4.1.conv1.weight" could not be found in provided state dict
INFO - 12/12/22 09:04:40 - 0:00:12 - key "module.layer4.1.bn1.weight" could not be found in provided state dict
INFO - 12/12/22 09:04:40 - 0:00:12 - key "module.layer4.1.bn1.bias" could not be found in provided state dict
INFO - 12/12/22 09:04:40 - 0:00:12 - key "module.layer4.1.bn1.running_mean" could not be found in provided state dict
INFO - 12/12/22 09:04:40 - 0:00:12 - key "module.layer4.1.bn1.running_var" could not be found in provided state dict
INFO - 12/12/22 09:04:40 - 0:00:12 - key "module.layer4.1.bn1.num_batches_tracked" could not be found in provided state dict
INFO - 12/12/22 09:04:40 - 0:00:12 - key "module.layer4.1.conv2.weight" could not be found in provided state dict
INFO - 12/12/22 09:04:40 - 0:00:12 - key "module.layer4.1.bn2.weight" could not be found in provided state dict
INFO - 12/12/22 09:04:40 - 0:00:12 - key "module.layer4.1.bn2.bias" could not be found in provided state dict
INFO - 12/12/22 09:04:40 - 0:00:12 - key "module.layer4.1.bn2.running_mean" could not be found in provided state dict
INFO - 12/12/22 09:04:40 - 0:00:12 - key "module.layer4.1.bn2.running_var" could not be found in provided state dict
INFO - 12/12/22 09:04:40 - 0:00:12 - key "module.layer4.1.bn2.num_batches_tracked" could not be found in provided state dict
INFO - 12/12/22 09:04:40 - 0:00:12 - key "module.layer4.1.conv3.weight" could not be found in provided state dict
INFO - 12/12/22 09:04:40 - 0:00:12 - key "module.layer4.1.bn3.weight" could not be found in provided state dict
INFO - 12/12/22 09:04:40 - 0:00:12 - key "module.layer4.1.bn3.bias" could not be found in provided state dict
INFO - 12/12/22 09:04:40 - 0:00:12 - key "module.layer4.1.bn3.running_mean" could not be found in provided state dict
INFO - 12/12/22 09:04:40 - 0:00:12 - key "module.layer4.1.bn3.running_var" could not be found in provided state dict
INFO - 12/12/22 09:04:40 - 0:00:12 - key "module.layer4.1.bn3.num_batches_tracked" could not be found in provided state dict
INFO - 12/12/22 09:04:40 - 0:00:12 - key "module.layer4.2.conv1.weight" could not be found in provided state dict
INFO - 12/12/22 09:04:40 - 0:00:12 - key "module.layer4.2.bn1.weight" could not be found in provided state dict
INFO - 12/12/22 09:04:40 - 0:00:12 - key "module.layer4.2.bn1.bias" could not be found in provided state dict
INFO - 12/12/22 09:04:40 - 0:00:12 - key "module.layer4.2.bn1.running_mean" could not be found in provided state dict
INFO - 12/12/22 09:04:40 - 0:00:12 - key "module.layer4.2.bn1.running_var" could not be found in provided state dict
INFO - 12/12/22 09:04:40 - 0:00:12 - key "module.layer4.2.bn1.num_batches_tracked" could not be found in provided state dict
INFO - 12/12/22 09:04:40 - 0:00:12 - key "module.layer4.2.conv2.weight" could not be found in provided state dict
INFO - 12/12/22 09:04:40 - 0:00:12 - key "module.layer4.2.bn2.weight" could not be found in provided state dict
INFO - 12/12/22 09:04:40 - 0:00:12 - key "module.layer4.2.bn2.bias" could not be found in provided state dict
INFO - 12/12/22 09:04:40 - 0:00:12 - key "module.layer4.2.bn2.running_mean" could not be found in provided state dict
INFO - 12/12/22 09:04:40 - 0:00:12 - key "module.layer4.2.bn2.running_var" could not be found in provided state dict
INFO - 12/12/22 09:04:40 - 0:00:12 - key "module.layer4.2.bn2.num_batches_tracked" could not be found in provided state dict
INFO - 12/12/22 09:04:40 - 0:00:12 - key "module.layer4.2.conv3.weight" could not be found in provided state dict
INFO - 12/12/22 09:04:40 - 0:00:12 - key "module.layer4.2.bn3.weight" could not be found in provided state dict
INFO - 12/12/22 09:04:40 - 0:00:12 - key "module.layer4.2.bn3.bias" could not be found in provided state dict
INFO - 12/12/22 09:04:40 - 0:00:12 - key "module.layer4.2.bn3.running_mean" could not be found in provided state dict
INFO - 12/12/22 09:04:40 - 0:00:12 - key "module.layer4.2.bn3.running_var" could not be found in provided state dict
INFO - 12/12/22 09:04:40 - 0:00:12 - key "module.layer4.2.bn3.num_batches_tracked" could not be found in provided state dict
INFO - 12/12/22 09:04:40 - 0:00:12 - Load pretrained model with msg: _IncompatibleKeys(missing_keys=['module.conv1.weight', 'module.bn1.weight', 'module.bn1.bias', 'module.bn1.running_mean', 'module.bn1.running_var', 'module.layer1.0.conv1.weight', 'module.layer1.0.bn1.weight', 'module.layer1.0.bn1.bias', 'module.layer1.0.bn1.running_mean', 'module.layer1.0.bn1.running_var', 'module.layer1.0.conv2.weight', 'module.layer1.0.bn2.weight', 'module.layer1.0.bn2.bias', 'module.layer1.0.bn2.running_mean', 'module.layer1.0.bn2.running_var', 'module.layer1.0.conv3.weight', 'module.layer1.0.bn3.weight', 'module.layer1.0.bn3.bias', 'module.layer1.0.bn3.running_mean', 'module.layer1.0.bn3.running_var', 'module.layer1.0.downsample.0.weight', 'module.layer1.0.downsample.1.weight', 'module.layer1.0.downsample.1.bias', 'module.layer1.0.downsample.1.running_mean', 'module.layer1.0.downsample.1.running_var', 'module.layer1.1.conv1.weight', 'module.layer1.1.bn1.weight', 'module.layer1.1.bn1.bias', 'module.layer1.1.bn1.running_mean', 'module.layer1.1.bn1.running_var', 'module.layer1.1.conv2.weight', 'module.layer1.1.bn2.weight', 'module.layer1.1.bn2.bias', 'module.layer1.1.bn2.running_mean', 'module.layer1.1.bn2.running_var', 'module.layer1.1.conv3.weight', 'module.layer1.1.bn3.weight', 'module.layer1.1.bn3.bias', 'module.layer1.1.bn3.running_mean', 'module.layer1.1.bn3.running_var', 'module.layer1.2.conv1.weight', 'module.layer1.2.bn1.weight', 'module.layer1.2.bn1.bias', 'module.layer1.2.bn1.running_mean', 'module.layer1.2.bn1.running_var', 'module.layer1.2.conv2.weight', 'module.layer1.2.bn2.weight', 'module.layer1.2.bn2.bias', 'module.layer1.2.bn2.running_mean', 'module.layer1.2.bn2.running_var', 'module.layer1.2.conv3.weight', 'module.layer1.2.bn3.weight', 'module.layer1.2.bn3.bias', 'module.layer1.2.bn3.running_mean', 'module.layer1.2.bn3.running_var', 'module.layer2.0.conv1.weight', 'module.layer2.0.bn1.weight', 'module.layer2.0.bn1.bias', 'module.layer2.0.bn1.running_mean', 'module.layer2.0.bn1.running_var', 'module.layer2.0.conv2.weight', 'module.layer2.0.bn2.weight', 'module.layer2.0.bn2.bias', 'module.layer2.0.bn2.running_mean', 'module.layer2.0.bn2.running_var', 'module.layer2.0.conv3.weight', 'module.layer2.0.bn3.weight', 'module.layer2.0.bn3.bias', 'module.layer2.0.bn3.running_mean', 'module.layer2.0.bn3.running_var', 'module.layer2.0.downsample.0.weight', 'module.layer2.0.downsample.1.weight', 'module.layer2.0.downsample.1.bias', 'module.layer2.0.downsample.1.running_mean', 'module.layer2.0.downsample.1.running_var', 'module.layer2.1.conv1.weight', 'module.layer2.1.bn1.weight', 'module.layer2.1.bn1.bias', 'module.layer2.1.bn1.running_mean', 'module.layer2.1.bn1.running_var', 'module.layer2.1.conv2.weight', 'module.layer2.1.bn2.weight', 'module.layer2.1.bn2.bias', 'module.layer2.1.bn2.running_mean', 'module.layer2.1.bn2.running_var', 'module.layer2.1.conv3.weight', 'module.layer2.1.bn3.weight', 'module.layer2.1.bn3.bias', 'module.layer2.1.bn3.running_mean', 'module.layer2.1.bn3.running_var', 'module.layer2.2.conv1.weight', 'module.layer2.2.bn1.weight', 'module.layer2.2.bn1.bias', 'module.layer2.2.bn1.running_mean', 'module.layer2.2.bn1.running_var', 'module.layer2.2.conv2.weight', 'module.layer2.2.bn2.weight', 'module.layer2.2.bn2.bias', 'module.layer2.2.bn2.running_mean', 'module.layer2.2.bn2.running_var', 'module.layer2.2.conv3.weight', 'module.layer2.2.bn3.weight', 'module.layer2.2.bn3.bias', 'module.layer2.2.bn3.running_mean', 'module.layer2.2.bn3.running_var', 'module.layer2.3.conv1.weight', 'module.layer2.3.bn1.weight', 'module.layer2.3.bn1.bias', 'module.layer2.3.bn1.running_mean', 'module.layer2.3.bn1.running_var', 'module.layer2.3.conv2.weight', 'module.layer2.3.bn2.weight', 'module.layer2.3.bn2.bias', 'module.layer2.3.bn2.running_mean', 'module.layer2.3.bn2.running_var', 'module.layer2.3.conv3.weight', 'module.layer2.3.bn3.weight', 'module.layer2.3.bn3.bias', 'module.layer2.3.bn3.running_mean', 'module.layer2.3.bn3.running_var', 'module.layer3.0.conv1.weight', 'module.layer3.0.bn1.weight', 'module.layer3.0.bn1.bias', 'module.layer3.0.bn1.running_mean', 'module.layer3.0.bn1.running_var', 'module.layer3.0.conv2.weight', 'module.layer3.0.bn2.weight', 'module.layer3.0.bn2.bias', 'module.layer3.0.bn2.running_mean', 'module.layer3.0.bn2.running_var', 'module.layer3.0.conv3.weight', 'module.layer3.0.bn3.weight', 'module.layer3.0.bn3.bias', 'module.layer3.0.bn3.running_mean', 'module.layer3.0.bn3.running_var', 'module.layer3.0.downsample.0.weight', 'module.layer3.0.downsample.1.weight', 'module.layer3.0.downsample.1.bias', 'module.layer3.0.downsample.1.running_mean', 'module.layer3.0.downsample.1.running_var', 'module.layer3.1.conv1.weight', 'module.layer3.1.bn1.weight', 'module.layer3.1.bn1.bias', 'module.layer3.1.bn1.running_mean', 'module.layer3.1.bn1.running_var', 'module.layer3.1.conv2.weight', 'module.layer3.1.bn2.weight', 'module.layer3.1.bn2.bias', 'module.layer3.1.bn2.running_mean', 'module.layer3.1.bn2.running_var', 'module.layer3.1.conv3.weight', 'module.layer3.1.bn3.weight', 'module.layer3.1.bn3.bias', 'module.layer3.1.bn3.running_mean', 'module.layer3.1.bn3.running_var', 'module.layer3.2.conv1.weight', 'module.layer3.2.bn1.weight', 'module.layer3.2.bn1.bias', 'module.layer3.2.bn1.running_mean', 'module.layer3.2.bn1.running_var', 'module.layer3.2.conv2.weight', 'module.layer3.2.bn2.weight', 'module.layer3.2.bn2.bias', 'module.layer3.2.bn2.running_mean', 'module.layer3.2.bn2.running_var', 'module.layer3.2.conv3.weight', 'module.layer3.2.bn3.weight', 'module.layer3.2.bn3.bias', 'module.layer3.2.bn3.running_mean', 'module.layer3.2.bn3.running_var', 'module.layer3.3.conv1.weight', 'module.layer3.3.bn1.weight', 'module.layer3.3.bn1.bias', 'module.layer3.3.bn1.running_mean', 'module.layer3.3.bn1.running_var', 'module.layer3.3.conv2.weight', 'module.layer3.3.bn2.weight', 'module.layer3.3.bn2.bias', 'module.layer3.3.bn2.running_mean', 'module.layer3.3.bn2.running_var', 'module.layer3.3.conv3.weight', 'module.layer3.3.bn3.weight', 'module.layer3.3.bn3.bias', 'module.layer3.3.bn3.running_mean', 'module.layer3.3.bn3.running_var', 'module.layer3.4.conv1.weight', 'module.layer3.4.bn1.weight', 'module.layer3.4.bn1.bias', 'module.layer3.4.bn1.running_mean', 'module.layer3.4.bn1.running_var', 'module.layer3.4.conv2.weight', 'module.layer3.4.bn2.weight', 'module.layer3.4.bn2.bias', 'module.layer3.4.bn2.running_mean', 'module.layer3.4.bn2.running_var', 'module.layer3.4.conv3.weight', 'module.layer3.4.bn3.weight', 'module.layer3.4.bn3.bias', 'module.layer3.4.bn3.running_mean', 'module.layer3.4.bn3.running_var', 'module.layer3.5.conv1.weight', 'module.layer3.5.bn1.weight', 'module.layer3.5.bn1.bias', 'module.layer3.5.bn1.running_mean', 'module.layer3.5.bn1.running_var', 'module.layer3.5.conv2.weight', 'module.layer3.5.bn2.weight', 'module.layer3.5.bn2.bias', 'module.layer3.5.bn2.running_mean', 'module.layer3.5.bn2.running_var', 'module.layer3.5.conv3.weight', 'module.layer3.5.bn3.weight', 'module.layer3.5.bn3.bias', 'module.layer3.5.bn3.running_mean', 'module.layer3.5.bn3.running_var', 'module.layer4.0.conv1.weight', 'module.layer4.0.bn1.weight', 'module.layer4.0.bn1.bias', 'module.layer4.0.bn1.running_mean', 'module.layer4.0.bn1.running_var', 'module.layer4.0.conv2.weight', 'module.layer4.0.bn2.weight', 'module.layer4.0.bn2.bias', 'module.layer4.0.bn2.running_mean', 'module.layer4.0.bn2.running_var', 'module.layer4.0.conv3.weight', 'module.layer4.0.bn3.weight', 'module.layer4.0.bn3.bias', 'module.layer4.0.bn3.running_mean', 'module.layer4.0.bn3.running_var', 'module.layer4.0.downsample.0.weight', 'module.layer4.0.downsample.1.weight', 'module.layer4.0.downsample.1.bias', 'module.layer4.0.downsample.1.running_mean', 'module.layer4.0.downsample.1.running_var', 'module.layer4.1.conv1.weight', 'module.layer4.1.bn1.weight', 'module.layer4.1.bn1.bias', 'module.layer4.1.bn1.running_mean', 'module.layer4.1.bn1.running_var', 'module.layer4.1.conv2.weight', 'module.layer4.1.bn2.weight', 'module.layer4.1.bn2.bias', 'module.layer4.1.bn2.running_mean', 'module.layer4.1.bn2.running_var', 'module.layer4.1.conv3.weight', 'module.layer4.1.bn3.weight', 'module.layer4.1.bn3.bias', 'module.layer4.1.bn3.running_mean', 'module.layer4.1.bn3.running_var', 'module.layer4.2.conv1.weight', 'module.layer4.2.bn1.weight', 'module.layer4.2.bn1.bias', 'module.layer4.2.bn1.running_mean', 'module.layer4.2.bn1.running_var', 'module.layer4.2.conv2.weight', 'module.layer4.2.bn2.weight', 'module.layer4.2.bn2.bias', 'module.layer4.2.bn2.running_mean', 'module.layer4.2.bn2.running_var', 'module.layer4.2.conv3.weight', 'module.layer4.2.bn3.weight', 'module.layer4.2.bn3.bias', 'module.layer4.2.bn3.running_mean', 'module.layer4.2.bn3.running_var'], unexpected_keys=['conv1.weight', 'bn1.weight', 'bn1.bias', 'bn1.running_mean', 'bn1.running_var', 'bn1.num_batches_tracked', 'layer1.0.conv1.weight', 'layer1.0.bn1.weight', 'layer1.0.bn1.bias', 'layer1.0.bn1.running_mean', 'layer1.0.bn1.running_var', 'layer1.0.bn1.num_batches_tracked', 'layer1.0.conv2.weight', 'layer1.0.bn2.weight', 'layer1.0.bn2.bias', 'layer1.0.bn2.running_mean', 'layer1.0.bn2.running_var', 'layer1.0.bn2.num_batches_tracked', 'layer1.0.conv3.weight', 'layer1.0.bn3.weight', 'layer1.0.bn3.bias', 'layer1.0.bn3.running_mean', 'layer1.0.bn3.running_var', 'layer1.0.bn3.num_batches_tracked', 'layer1.0.downsample.0.weight', 'layer1.0.downsample.1.weight', 'layer1.0.downsample.1.bias', 'layer1.0.downsample.1.running_mean', 'layer1.0.downsample.1.running_var', 'layer1.0.downsample.1.num_batches_tracked', 'layer1.1.conv1.weight', 'layer1.1.bn1.weight', 'layer1.1.bn1.bias', 'layer1.1.bn1.running_mean', 'layer1.1.bn1.running_var', 'layer1.1.bn1.num_batches_tracked', 'layer1.1.conv2.weight', 'layer1.1.bn2.weight', 'layer1.1.bn2.bias', 'layer1.1.bn2.running_mean', 'layer1.1.bn2.running_var', 'layer1.1.bn2.num_batches_tracked', 'layer1.1.conv3.weight', 'layer1.1.bn3.weight', 'layer1.1.bn3.bias', 'layer1.1.bn3.running_mean', 'layer1.1.bn3.running_var', 'layer1.1.bn3.num_batches_tracked', 'layer1.2.conv1.weight', 'layer1.2.bn1.weight', 'layer1.2.bn1.bias', 'layer1.2.bn1.running_mean', 'layer1.2.bn1.running_var', 'layer1.2.bn1.num_batches_tracked', 'layer1.2.conv2.weight', 'layer1.2.bn2.weight', 'layer1.2.bn2.bias', 'layer1.2.bn2.running_mean', 'layer1.2.bn2.running_var', 'layer1.2.bn2.num_batches_tracked', 'layer1.2.conv3.weight', 'layer1.2.bn3.weight', 'layer1.2.bn3.bias', 'layer1.2.bn3.running_mean', 'layer1.2.bn3.running_var', 'layer1.2.bn3.num_batches_tracked', 'layer2.0.conv1.weight', 'layer2.0.bn1.weight', 'layer2.0.bn1.bias', 'layer2.0.bn1.running_mean', 'layer2.0.bn1.running_var', 'layer2.0.bn1.num_batches_tracked', 'layer2.0.conv2.weight', 'layer2.0.bn2.weight', 'layer2.0.bn2.bias', 'layer2.0.bn2.running_mean', 'layer2.0.bn2.running_var', 'layer2.0.bn2.num_batches_tracked', 'layer2.0.conv3.weight', 'layer2.0.bn3.weight', 'layer2.0.bn3.bias', 'layer2.0.bn3.running_mean', 'layer2.0.bn3.running_var', 'layer2.0.bn3.num_batches_tracked', 'layer2.0.downsample.0.weight', 'layer2.0.downsample.1.weight', 'layer2.0.downsample.1.bias', 'layer2.0.downsample.1.running_mean', 'layer2.0.downsample.1.running_var', 'layer2.0.downsample.1.num_batches_tracked', 'layer2.1.conv1.weight', 'layer2.1.bn1.weight', 'layer2.1.bn1.bias', 'layer2.1.bn1.running_mean', 'layer2.1.bn1.running_var', 'layer2.1.bn1.num_batches_tracked', 'layer2.1.conv2.weight', 'layer2.1.bn2.weight', 'layer2.1.bn2.bias', 'layer2.1.bn2.running_mean', 'layer2.1.bn2.running_var', 'layer2.1.bn2.num_batches_tracked', 'layer2.1.conv3.weight', 'layer2.1.bn3.weight', 'layer2.1.bn3.bias', 'layer2.1.bn3.running_mean', 'layer2.1.bn3.running_var', 'layer2.1.bn3.num_batches_tracked', 'layer2.2.conv1.weight', 'layer2.2.bn1.weight', 'layer2.2.bn1.bias', 'layer2.2.bn1.running_mean', 'layer2.2.bn1.running_var', 'layer2.2.bn1.num_batches_tracked', 'layer2.2.conv2.weight', 'layer2.2.bn2.weight', 'layer2.2.bn2.bias', 'layer2.2.bn2.running_mean', 'layer2.2.bn2.running_var', 'layer2.2.bn2.num_batches_tracked', 'layer2.2.conv3.weight', 'layer2.2.bn3.weight', 'layer2.2.bn3.bias', 'layer2.2.bn3.running_mean', 'layer2.2.bn3.running_var', 'layer2.2.bn3.num_batches_tracked', 'layer2.3.conv1.weight', 'layer2.3.bn1.weight', 'layer2.3.bn1.bias', 'layer2.3.bn1.running_mean', 'layer2.3.bn1.running_var', 'layer2.3.bn1.num_batches_tracked', 'layer2.3.conv2.weight', 'layer2.3.bn2.weight', 'layer2.3.bn2.bias', 'layer2.3.bn2.running_mean', 'layer2.3.bn2.running_var', 'layer2.3.bn2.num_batches_tracked', 'layer2.3.conv3.weight', 'layer2.3.bn3.weight', 'layer2.3.bn3.bias', 'layer2.3.bn3.running_mean', 'layer2.3.bn3.running_var', 'layer2.3.bn3.num_batches_tracked', 'layer3.0.conv1.weight', 'layer3.0.bn1.weight', 'layer3.0.bn1.bias', 'layer3.0.bn1.running_mean', 'layer3.0.bn1.running_var', 'layer3.0.bn1.num_batches_tracked', 'layer3.0.conv2.weight', 'layer3.0.bn2.weight', 'layer3.0.bn2.bias', 'layer3.0.bn2.running_mean', 'layer3.0.bn2.running_var', 'layer3.0.bn2.num_batches_tracked', 'layer3.0.conv3.weight', 'layer3.0.bn3.weight', 'layer3.0.bn3.bias', 'layer3.0.bn3.running_mean', 'layer3.0.bn3.running_var', 'layer3.0.bn3.num_batches_tracked', 'layer3.0.downsample.0.weight', 'layer3.0.downsample.1.weight', 'layer3.0.downsample.1.bias', 'layer3.0.downsample.1.running_mean', 'layer3.0.downsample.1.running_var', 'layer3.0.downsample.1.num_batches_tracked', 'layer3.1.conv1.weight', 'layer3.1.bn1.weight', 'layer3.1.bn1.bias', 'layer3.1.bn1.running_mean', 'layer3.1.bn1.running_var', 'layer3.1.bn1.num_batches_tracked', 'layer3.1.conv2.weight', 'layer3.1.bn2.weight', 'layer3.1.bn2.bias', 'layer3.1.bn2.running_mean', 'layer3.1.bn2.running_var', 'layer3.1.bn2.num_batches_tracked', 'layer3.1.conv3.weight', 'layer3.1.bn3.weight', 'layer3.1.bn3.bias', 'layer3.1.bn3.running_mean', 'layer3.1.bn3.running_var', 'layer3.1.bn3.num_batches_tracked', 'layer3.2.conv1.weight', 'layer3.2.bn1.weight', 'layer3.2.bn1.bias', 'layer3.2.bn1.running_mean', 'layer3.2.bn1.running_var', 'layer3.2.bn1.num_batches_tracked', 'layer3.2.conv2.weight', 'layer3.2.bn2.weight', 'layer3.2.bn2.bias', 'layer3.2.bn2.running_mean', 'layer3.2.bn2.running_var', 'layer3.2.bn2.num_batches_tracked', 'layer3.2.conv3.weight', 'layer3.2.bn3.weight', 'layer3.2.bn3.bias', 'layer3.2.bn3.running_mean', 'layer3.2.bn3.running_var', 'layer3.2.bn3.num_batches_tracked', 'layer3.3.conv1.weight', 'layer3.3.bn1.weight', 'layer3.3.bn1.bias', 'layer3.3.bn1.running_mean', 'layer3.3.bn1.running_var', 'layer3.3.bn1.num_batches_tracked', 'layer3.3.conv2.weight', 'layer3.3.bn2.weight', 'layer3.3.bn2.bias', 'layer3.3.bn2.running_mean', 'layer3.3.bn2.running_var', 'layer3.3.bn2.num_batches_tracked', 'layer3.3.conv3.weight', 'layer3.3.bn3.weight', 'layer3.3.bn3.bias', 'layer3.3.bn3.running_mean', 'layer3.3.bn3.running_var', 'layer3.3.bn3.num_batches_tracked', 'layer3.4.conv1.weight', 'layer3.4.bn1.weight', 'layer3.4.bn1.bias', 'layer3.4.bn1.running_mean', 'layer3.4.bn1.running_var', 'layer3.4.bn1.num_batches_tracked', 'layer3.4.conv2.weight', 'layer3.4.bn2.weight', 'layer3.4.bn2.bias', 'layer3.4.bn2.running_mean', 'layer3.4.bn2.running_var', 'layer3.4.bn2.num_batches_tracked', 'layer3.4.conv3.weight', 'layer3.4.bn3.weight', 'layer3.4.bn3.bias', 'layer3.4.bn3.running_mean', 'layer3.4.bn3.running_var', 'layer3.4.bn3.num_batches_tracked', 'layer3.5.conv1.weight', 'layer3.5.bn1.weight', 'layer3.5.bn1.bias', 'layer3.5.bn1.running_mean', 'layer3.5.bn1.running_var', 'layer3.5.bn1.num_batches_tracked', 'layer3.5.conv2.weight', 'layer3.5.bn2.weight', 'layer3.5.bn2.bias', 'layer3.5.bn2.running_mean', 'layer3.5.bn2.running_var', 'layer3.5.bn2.num_batches_tracked', 'layer3.5.conv3.weight', 'layer3.5.bn3.weight', 'layer3.5.bn3.bias', 'layer3.5.bn3.running_mean', 'layer3.5.bn3.running_var', 'layer3.5.bn3.num_batches_tracked', 'layer4.0.conv1.weight', 'layer4.0.bn1.weight', 'layer4.0.bn1.bias', 'layer4.0.bn1.running_mean', 'layer4.0.bn1.running_var', 'layer4.0.bn1.num_batches_tracked', 'layer4.0.conv2.weight', 'layer4.0.bn2.weight', 'layer4.0.bn2.bias', 'layer4.0.bn2.running_mean', 'layer4.0.bn2.running_var', 'layer4.0.bn2.num_batches_tracked', 'layer4.0.conv3.weight', 'layer4.0.bn3.weight', 'layer4.0.bn3.bias', 'layer4.0.bn3.running_mean', 'layer4.0.bn3.running_var', 'layer4.0.bn3.num_batches_tracked', 'layer4.0.downsample.0.weight', 'layer4.0.downsample.1.weight', 'layer4.0.downsample.1.bias', 'layer4.0.downsample.1.running_mean', 'layer4.0.downsample.1.running_var', 'layer4.0.downsample.1.num_batches_tracked', 'layer4.1.conv1.weight', 'layer4.1.bn1.weight', 'layer4.1.bn1.bias', 'layer4.1.bn1.running_mean', 'layer4.1.bn1.running_var', 'layer4.1.bn1.num_batches_tracked', 'layer4.1.conv2.weight', 'layer4.1.bn2.weight', 'layer4.1.bn2.bias', 'layer4.1.bn2.running_mean', 'layer4.1.bn2.running_var', 'layer4.1.bn2.num_batches_tracked', 'layer4.1.conv3.weight', 'layer4.1.bn3.weight', 'layer4.1.bn3.bias', 'layer4.1.bn3.running_mean', 'layer4.1.bn3.running_var', 'layer4.1.bn3.num_batches_tracked', 'layer4.2.conv1.weight', 'layer4.2.bn1.weight', 'layer4.2.bn1.bias', 'layer4.2.bn1.running_mean', 'layer4.2.bn1.running_var', 'layer4.2.bn1.num_batches_tracked', 'layer4.2.conv2.weight', 'layer4.2.bn2.weight', 'layer4.2.bn2.bias', 'layer4.2.bn2.running_mean', 'layer4.2.bn2.running_var', 'layer4.2.bn2.num_batches_tracked', 'layer4.2.conv3.weight', 'layer4.2.bn3.weight', 'layer4.2.bn3.bias', 'layer4.2.bn3.running_mean', 'layer4.2.bn3.running_var', 'layer4.2.bn3.num_batches_tracked', 'projection_head.0.weight', 'projection_head.0.bias', 'projection_head.1.weight', 'projection_head.1.bias', 'projection_head.1.running_mean', 'projection_head.1.running_var', 'projection_head.1.num_batches_tracked', 'projection_head.3.weight', 'projection_head.3.bias', 'prototypes.weight'])
INFO - 12/12/22 09:04:40 - 0:00:12 - ============ Starting epoch 0 ... ============
INFO - 12/12/22 09:05:11 - 0:00:42 - Epoch[0] - Iter: [0/10010]	Time 30.507 (30.507)	Data 24.890 (24.890)	Loss 50.4261 (50.4261)	Prec 0.000 (0.000)	LR 0.3
INFO - 12/12/22 09:05:19 - 0:00:50 - Epoch[0] - Iter: [50/10010]	Time 0.165 (0.760)	Data 0.000 (0.488)	Loss 464941.7812 (232047.7867)	Prec 0.000 (0.046)	LR 0.3
INFO - 12/12/22 09:05:27 - 0:00:59 - Epoch[0] - Iter: [100/10010]	Time 0.163 (0.465)	Data 0.000 (0.247)	Loss 808172.4375 (424516.9898)	Prec 0.000 (0.077)	LR 0.3
INFO - 12/12/22 09:05:36 - 0:01:07 - Epoch[0] - Iter: [150/10010]	Time 0.164 (0.366)	Data 0.000 (0.165)	Loss 1206582.6250 (597109.8210)	Prec 0.000 (0.083)	LR 0.3
INFO - 12/12/22 09:05:44 - 0:01:15 - Epoch[0] - Iter: [200/10010]	Time 0.164 (0.316)	Data 0.000 (0.124)	Loss 1174120.1250 (738994.9890)	Prec 0.000 (0.097)	LR 0.3
INFO - 12/12/22 09:05:52 - 0:01:23 - Epoch[0] - Iter: [250/10010]	Time 0.165 (0.286)	Data 0.000 (0.099)	Loss 1841967.5000 (883767.6687)	Prec 0.000 (0.090)	LR 0.3
INFO - 12/12/22 09:06:00 - 0:01:32 - Epoch[0] - Iter: [300/10010]	Time 0.167 (0.266)	Data 0.000 (0.083)	Loss 1906903.1250 (1006464.9476)	Prec 0.000 (0.088)	LR 0.3
INFO - 12/12/22 09:06:09 - 0:01:40 - Epoch[0] - Iter: [350/10010]	Time 0.164 (0.251)	Data 0.000 (0.071)	Loss 1640397.8750 (1136841.2357)	Prec 0.000 (0.087)	LR 0.3
INFO - 12/12/22 09:06:17 - 0:01:48 - Epoch[0] - Iter: [400/10010]	Time 0.165 (0.241)	Data 0.000 (0.062)	Loss 2275541.0000 (1269653.2328)	Prec 0.000 (0.094)	LR 0.3
INFO - 12/12/22 09:06:25 - 0:01:56 - Epoch[0] - Iter: [450/10010]	Time 0.165 (0.232)	Data 0.000 (0.055)	Loss 2758604.0000 (1396404.7940)	Prec 0.000 (0.094)	LR 0.3
INFO - 12/12/22 09:06:33 - 0:02:05 - Epoch[0] - Iter: [500/10010]	Time 0.165 (0.226)	Data 0.000 (0.050)	Loss 2580137.7500 (1521262.3542)	Prec 0.000 (0.097)	LR 0.3
INFO - 12/12/22 09:06:42 - 0:02:13 - Epoch[0] - Iter: [550/10010]	Time 0.165 (0.220)	Data 0.000 (0.045)	Loss 3518726.7500 (1645422.0989)	Prec 0.000 (0.095)	LR 0.3
INFO - 12/12/22 09:06:50 - 0:02:21 - Epoch[0] - Iter: [600/10010]	Time 0.165 (0.216)	Data 0.000 (0.042)	Loss 2979724.7500 (1760142.8261)	Prec 0.000 (0.095)	LR 0.3
INFO - 12/12/22 09:06:58 - 0:02:29 - Epoch[0] - Iter: [650/10010]	Time 0.166 (0.212)	Data 0.000 (0.039)	Loss 3230808.7500 (1870188.9216)	Prec 0.000 (0.097)	LR 0.3
INFO - 12/12/22 09:07:06 - 0:02:38 - Epoch[0] - Iter: [700/10010]	Time 0.164 (0.208)	Data 0.000 (0.036)	Loss 3260709.2500 (1977680.0117)	Prec 0.000 (0.098)	LR 0.3
INFO - 12/12/22 09:07:15 - 0:02:46 - Epoch[0] - Iter: [750/10010]	Time 0.165 (0.206)	Data 0.000 (0.033)	Loss 3560973.5000 (2084893.2776)	Prec 0.000 (0.099)	LR 0.3
INFO - 12/12/22 09:07:23 - 0:02:54 - Epoch[0] - Iter: [800/10010]	Time 0.165 (0.203)	Data 0.000 (0.031)	Loss 3660496.2500 (2181907.4522)	Prec 0.000 (0.099)	LR 0.3
INFO - 12/12/22 09:07:31 - 0:03:03 - Epoch[0] - Iter: [850/10010]	Time 0.166 (0.201)	Data 0.000 (0.030)	Loss 3484518.0000 (2271229.1530)	Prec 0.781 (0.104)	LR 0.3
INFO - 12/12/22 09:07:40 - 0:03:11 - Epoch[0] - Iter: [900/10010]	Time 0.165 (0.199)	Data 0.000 (0.028)	Loss 3788999.5000 (2351164.1404)	Prec 0.000 (0.102)	LR 0.3
INFO - 12/12/22 09:07:48 - 0:03:19 - Epoch[0] - Iter: [950/10010]	Time 0.165 (0.197)	Data 0.000 (0.026)	Loss 3227389.0000 (2412777.0975)	Prec 0.000 (0.103)	LR 0.3
INFO - 12/12/22 09:07:56 - 0:03:27 - Epoch[0] - Iter: [1000/10010]	Time 0.166 (0.196)	Data 0.000 (0.025)	Loss 2372213.5000 (2435475.5944)	Prec 0.000 (0.101)	LR 0.3
INFO - 12/12/22 09:08:04 - 0:03:36 - Epoch[0] - Iter: [1050/10010]	Time 0.165 (0.194)	Data 0.000 (0.024)	Loss 1655021.8750 (2410986.0782)	Prec 0.000 (0.100)	LR 0.3
INFO - 12/12/22 09:08:13 - 0:03:44 - Epoch[0] - Iter: [1100/10010]	Time 0.165 (0.193)	Data 0.000 (0.023)	Loss 1784852.0000 (2373871.8715)	Prec 0.000 (0.099)	LR 0.3
INFO - 12/12/22 09:08:21 - 0:03:52 - Epoch[0] - Iter: [1150/10010]	Time 0.165 (0.192)	Data 0.000 (0.022)	Loss 1566538.0000 (2339707.1048)	Prec 0.000 (0.100)	LR 0.3
INFO - 12/12/22 09:08:29 - 0:04:00 - Epoch[0] - Iter: [1200/10010]	Time 0.166 (0.191)	Data 0.000 (0.021)	Loss 1785733.5000 (2310384.6575)	Prec 0.000 (0.098)	LR 0.3
INFO - 12/12/22 09:08:38 - 0:04:09 - Epoch[0] - Iter: [1250/10010]	Time 0.165 (0.190)	Data 0.000 (0.020)	Loss 2109056.7500 (2289631.0824)	Prec 0.781 (0.102)	LR 0.3
INFO - 12/12/22 09:08:46 - 0:04:17 - Epoch[0] - Iter: [1300/10010]	Time 0.165 (0.189)	Data 0.000 (0.019)	Loss 1653102.3750 (2273045.3868)	Prec 0.000 (0.103)	LR 0.3
INFO - 12/12/22 09:08:54 - 0:04:25 - Epoch[0] - Iter: [1350/10010]	Time 0.165 (0.188)	Data 0.000 (0.019)	Loss 1929691.0000 (2261902.9868)	Prec 0.781 (0.103)	LR 0.3
INFO - 12/12/22 09:09:02 - 0:04:34 - Epoch[0] - Iter: [1400/10010]	Time 0.165 (0.187)	Data 0.000 (0.018)	Loss 2087459.8750 (2255569.5294)	Prec 0.000 (0.104)	LR 0.3
INFO - 12/12/22 09:09:11 - 0:04:42 - Epoch[0] - Iter: [1450/10010]	Time 0.166 (0.186)	Data 0.000 (0.017)	Loss 2178967.2500 (2254041.6754)	Prec 0.781 (0.106)	LR 0.3
