INFO - 12/13/22 20:52:08 - 0:00:00 - ============ Initialized logger ============
INFO - 12/13/22 20:52:08 - 0:00:00 - arch: resnet50
                                     batch_size: 512
                                     data_path: C:\Users\chris\Downloads\ILSVRC\Data\CLS-LOC
                                     decay_epochs: [60, 80]
                                     dist_url: env://
                                     dump_checkpoints: D:\code_cluster\me_swav\facebook_swav\experiments\013_linear\checkpoints
                                     dump_path: D:\code_cluster\me_swav\facebook_swav\experiments\013_linear
                                     epochs: 100
                                     final_lr: 0
                                     gamma: 0.1
                                     global_pooling: True
                                     gpu_to_work_on: 0
                                     is_slurm_job: False
                                     local_rank: 0
                                     lr: 0.3
                                     nesterov: False
                                     pretrained: D:\code_cluster\me_swav\pretrained\swav_800ep_pretrain.pth.tar
                                     rank: 0
                                     scheduler_type: cosine
                                     seed: 31
                                     use_bn: False
                                     wd: 1e-06
                                     workers: 10
                                     world_size: -1
INFO - 12/13/22 20:52:08 - 0:00:00 - The experiment will be stored in D:\code_cluster\me_swav\facebook_swav\experiments\013_linear
                                     

INFO - 12/13/22 20:52:08 - 0:00:00 - 0  _CudaDeviceProperties(name='NVIDIA GeForce RTX 3060', major=8, minor=6, total_memory=12287MB, multi_processor_count=28)
INFO - 12/13/22 20:52:08 - 0:00:00 - 1  _CudaDeviceProperties(name='NVIDIA GeForce RTX 3060', major=8, minor=6, total_memory=12287MB, multi_processor_count=28)
INFO - 12/13/22 20:52:08 - 0:00:00 - build training dataset (start)
INFO - 12/13/22 20:52:17 - 0:00:09 - build training dataset (end)
INFO - 12/13/22 20:52:17 - 0:00:09 - build validation dataset (start)
INFO - 12/13/22 20:52:18 - 0:00:10 - build validation dataset (end)
INFO - 12/13/22 20:52:18 - 0:00:10 - Building data done
INFO - 12/13/22 20:52:38 - 0:00:29 - Load pretrained model with msg: _IncompatibleKeys(missing_keys=[], unexpected_keys=['module.projection_head.0.weight', 'module.projection_head.0.bias', 'module.projection_head.1.weight', 'module.projection_head.1.bias', 'module.projection_head.1.running_mean', 'module.projection_head.1.running_var', 'module.projection_head.1.num_batches_tracked', 'module.projection_head.3.weight', 'module.projection_head.3.bias', 'module.prototypes.weight'])
INFO - 12/13/22 20:52:42 - 0:00:34 - ============ Starting epoch 0 ... ============
INFO - 12/13/22 20:54:07 - 0:00:00 - ============ Initialized logger ============
INFO - 12/13/22 20:54:07 - 0:00:00 - arch: resnet50
                                     batch_size: 512
                                     data_path: C:\Users\chris\Downloads\ILSVRC\Data\CLS-LOC
                                     decay_epochs: [60, 80]
                                     dist_url: env://
                                     dump_checkpoints: D:\code_cluster\me_swav\facebook_swav\experiments\013_linear\checkpoints
                                     dump_path: D:\code_cluster\me_swav\facebook_swav\experiments\013_linear
                                     epochs: 100
                                     final_lr: 0
                                     gamma: 0.1
                                     global_pooling: True
                                     gpu_to_work_on: 0
                                     is_slurm_job: False
                                     local_rank: 0
                                     lr: 0.3
                                     nesterov: False
                                     pretrained: D:\code_cluster\me_swav\pretrained\swav_800ep_pretrain.pth.tar
                                     rank: 0
                                     scheduler_type: cosine
                                     seed: 31
                                     use_bn: False
                                     wd: 1e-06
                                     workers: 10
                                     world_size: -1
INFO - 12/13/22 20:54:07 - 0:00:00 - The experiment will be stored in D:\code_cluster\me_swav\facebook_swav\experiments\013_linear
                                     

INFO - 12/13/22 20:54:07 - 0:00:00 - 0  _CudaDeviceProperties(name='NVIDIA GeForce RTX 3060', major=8, minor=6, total_memory=12287MB, multi_processor_count=28)
INFO - 12/13/22 20:54:07 - 0:00:00 - 1  _CudaDeviceProperties(name='NVIDIA GeForce RTX 3060', major=8, minor=6, total_memory=12287MB, multi_processor_count=28)
INFO - 12/13/22 20:54:07 - 0:00:00 - build training dataset (start)
INFO - 12/13/22 20:54:16 - 0:00:09 - build training dataset (end)
INFO - 12/13/22 20:54:16 - 0:00:09 - build validation dataset (start)
INFO - 12/13/22 20:54:17 - 0:00:09 - build validation dataset (end)
INFO - 12/13/22 20:54:17 - 0:00:09 - Building data done
INFO - 12/13/22 20:54:18 - 0:00:10 - Load pretrained model with msg: _IncompatibleKeys(missing_keys=[], unexpected_keys=['module.projection_head.0.weight', 'module.projection_head.0.bias', 'module.projection_head.1.weight', 'module.projection_head.1.bias', 'module.projection_head.1.running_mean', 'module.projection_head.1.running_var', 'module.projection_head.1.num_batches_tracked', 'module.projection_head.3.weight', 'module.projection_head.3.bias', 'module.prototypes.weight'])
INFO - 12/13/22 20:54:18 - 0:00:10 - ============ Starting epoch 0 ... ============
INFO - 12/13/22 20:54:54 - 0:00:47 - Epoch[0] - Iter: [0/2503]	Time 36.261 (36.261)	Data 28.794 (28.794)	Loss 6.9611 (6.9611)	Prec 0.000 (0.000)	LR 0.3
INFO - 12/13/22 20:55:20 - 0:01:13 - Epoch[0] - Iter: [50/2503]	Time 0.517 (1.218)	Data 0.000 (0.565)	Loss 76.2475 (45.0696)	Prec 0.000 (6.453)	LR 0.3
INFO - 12/13/22 20:55:46 - 0:01:38 - Epoch[0] - Iter: [100/2503]	Time 0.520 (0.871)	Data 0.000 (0.285)	Loss 79.3045 (59.6781)	Prec 0.000 (3.258)	LR 0.3
INFO - 12/13/22 20:56:11 - 0:02:04 - Epoch[0] - Iter: [150/2503]	Time 0.517 (0.754)	Data 0.000 (0.191)	Loss 85.6140 (66.7982)	Prec 0.000 (2.179)	LR 0.3
INFO - 12/13/22 20:56:37 - 0:02:30 - Epoch[0] - Iter: [200/2503]	Time 0.516 (0.695)	Data 0.000 (0.144)	Loss 90.5341 (70.8540)	Prec 0.000 (1.637)	LR 0.3
INFO - 12/13/22 20:57:03 - 0:02:56 - Epoch[0] - Iter: [250/2503]	Time 0.518 (0.660)	Data 0.000 (0.115)	Loss 82.1535 (72.6148)	Prec 0.000 (1.311)	LR 0.3
INFO - 12/13/22 20:57:29 - 0:03:22 - Epoch[0] - Iter: [300/2503]	Time 0.521 (0.637)	Data 0.000 (0.096)	Loss 69.2315 (72.9118)	Prec 0.000 (1.093)	LR 0.3
INFO - 12/13/22 20:57:55 - 0:03:48 - Epoch[0] - Iter: [350/2503]	Time 0.519 (0.620)	Data 0.001 (0.082)	Loss 82.9925 (74.4959)	Prec 0.000 (0.938)	LR 0.3
INFO - 12/13/22 20:58:21 - 0:04:14 - Epoch[0] - Iter: [400/2503]	Time 0.518 (0.607)	Data 0.000 (0.072)	Loss 85.6947 (74.7444)	Prec 0.000 (0.821)	LR 0.3
INFO - 12/13/22 20:58:47 - 0:04:40 - Epoch[0] - Iter: [450/2503]	Time 0.517 (0.597)	Data 0.000 (0.064)	Loss 90.1564 (75.9372)	Prec 0.000 (0.730)	LR 0.3
INFO - 12/13/22 20:59:13 - 0:05:06 - Epoch[0] - Iter: [500/2503]	Time 0.519 (0.589)	Data 0.000 (0.058)	Loss 90.5361 (77.7573)	Prec 0.000 (0.657)	LR 0.3
INFO - 12/13/22 20:59:39 - 0:05:32 - Epoch[0] - Iter: [550/2503]	Time 0.519 (0.583)	Data 0.000 (0.053)	Loss 103.8417 (79.3515)	Prec 0.000 (0.597)	LR 0.3
INFO - 12/13/22 21:00:05 - 0:05:58 - Epoch[0] - Iter: [600/2503]	Time 0.518 (0.578)	Data 0.000 (0.048)	Loss 97.3699 (80.2682)	Prec 0.000 (0.548)	LR 0.3
INFO - 12/13/22 21:00:31 - 0:06:24 - Epoch[0] - Iter: [650/2503]	Time 0.519 (0.573)	Data 0.000 (0.045)	Loss 92.8260 (81.3860)	Prec 0.000 (0.506)	LR 0.3
INFO - 12/13/22 21:00:57 - 0:06:50 - Epoch[0] - Iter: [700/2503]	Time 0.517 (0.569)	Data 0.000 (0.041)	Loss 91.8239 (81.8998)	Prec 0.000 (0.469)	LR 0.3
INFO - 12/13/22 21:01:23 - 0:07:15 - Epoch[0] - Iter: [750/2503]	Time 0.517 (0.566)	Data 0.000 (0.039)	Loss 79.4553 (82.6046)	Prec 0.000 (0.438)	LR 0.3
INFO - 12/13/22 21:01:49 - 0:07:41 - Epoch[0] - Iter: [800/2503]	Time 0.520 (0.563)	Data 0.000 (0.036)	Loss 82.9769 (82.5765)	Prec 0.000 (0.411)	LR 0.3
INFO - 12/13/22 21:02:15 - 0:08:07 - Epoch[0] - Iter: [850/2503]	Time 0.556 (0.560)	Data 0.000 (0.034)	Loss 68.4678 (81.9239)	Prec 0.000 (0.387)	LR 0.3
INFO - 12/13/22 21:02:41 - 0:08:33 - Epoch[0] - Iter: [900/2503]	Time 0.520 (0.558)	Data 0.000 (0.032)	Loss 86.4751 (82.4242)	Prec 0.000 (0.365)	LR 0.3
INFO - 12/13/22 21:03:06 - 0:08:59 - Epoch[0] - Iter: [950/2503]	Time 0.517 (0.556)	Data 0.000 (0.031)	Loss 111.5700 (83.1250)	Prec 0.000 (0.346)	LR 0.3
INFO - 12/13/22 21:03:32 - 0:09:25 - Epoch[0] - Iter: [1000/2503]	Time 0.520 (0.554)	Data 0.000 (0.029)	Loss 82.5239 (83.5984)	Prec 0.000 (0.329)	LR 0.3
INFO - 12/13/22 21:03:58 - 0:09:51 - Epoch[0] - Iter: [1050/2503]	Time 0.519 (0.553)	Data 0.000 (0.028)	Loss 77.2019 (83.3329)	Prec 0.000 (0.313)	LR 0.3
INFO - 12/13/22 21:04:24 - 0:10:17 - Epoch[0] - Iter: [1100/2503]	Time 0.518 (0.551)	Data 0.000 (0.027)	Loss 68.1357 (83.1494)	Prec 0.000 (0.299)	LR 0.3
INFO - 12/13/22 21:04:50 - 0:10:43 - Epoch[0] - Iter: [1150/2503]	Time 0.524 (0.550)	Data 0.000 (0.025)	Loss 82.3985 (83.0830)	Prec 0.000 (0.286)	LR 0.3
INFO - 12/13/22 21:05:16 - 0:11:09 - Epoch[0] - Iter: [1200/2503]	Time 0.519 (0.549)	Data 0.000 (0.024)	Loss 81.3705 (82.9104)	Prec 0.000 (0.274)	LR 0.3
INFO - 12/13/22 21:05:42 - 0:11:35 - Epoch[0] - Iter: [1250/2503]	Time 0.520 (0.547)	Data 0.000 (0.023)	Loss 85.8799 (82.9836)	Prec 0.000 (0.263)	LR 0.3
INFO - 12/13/22 21:06:08 - 0:12:01 - Epoch[0] - Iter: [1300/2503]	Time 0.521 (0.546)	Data 0.000 (0.023)	Loss 81.1270 (82.5874)	Prec 0.000 (0.253)	LR 0.3
INFO - 12/13/22 21:06:34 - 0:12:27 - Epoch[0] - Iter: [1350/2503]	Time 0.522 (0.545)	Data 0.000 (0.022)	Loss 70.8962 (82.4237)	Prec 0.000 (0.244)	LR 0.3
INFO - 12/13/22 21:07:00 - 0:12:53 - Epoch[0] - Iter: [1400/2503]	Time 0.520 (0.544)	Data 0.000 (0.021)	Loss 87.8874 (82.3994)	Prec 0.000 (0.235)	LR 0.3
INFO - 12/13/22 21:07:26 - 0:13:19 - Epoch[0] - Iter: [1450/2503]	Time 0.524 (0.544)	Data 0.000 (0.020)	Loss 90.5089 (82.3693)	Prec 0.000 (0.227)	LR 0.3
INFO - 12/13/22 21:07:52 - 0:13:45 - Epoch[0] - Iter: [1500/2503]	Time 0.518 (0.543)	Data 0.000 (0.020)	Loss 73.4063 (82.3443)	Prec 0.000 (0.219)	LR 0.3
INFO - 12/13/22 21:08:18 - 0:14:11 - Epoch[0] - Iter: [1550/2503]	Time 0.521 (0.542)	Data 0.000 (0.019)	Loss 80.7834 (82.1603)	Prec 0.000 (0.212)	LR 0.3
INFO - 12/13/22 21:08:44 - 0:14:37 - Epoch[0] - Iter: [1600/2503]	Time 0.518 (0.541)	Data 0.000 (0.018)	Loss 69.8865 (82.1113)	Prec 0.000 (0.206)	LR 0.3
INFO - 12/13/22 21:09:10 - 0:15:03 - Epoch[0] - Iter: [1650/2503]	Time 0.519 (0.541)	Data 0.000 (0.018)	Loss 69.3299 (82.1068)	Prec 0.000 (0.199)	LR 0.3
INFO - 12/13/22 21:09:36 - 0:15:29 - Epoch[0] - Iter: [1700/2503]	Time 0.518 (0.540)	Data 0.000 (0.017)	Loss 69.0001 (82.0991)	Prec 0.000 (0.193)	LR 0.3
INFO - 12/13/22 21:10:02 - 0:15:55 - Epoch[0] - Iter: [1750/2503]	Time 0.520 (0.539)	Data 0.001 (0.017)	Loss 73.1364 (81.9713)	Prec 0.000 (0.188)	LR 0.3
INFO - 12/13/22 21:10:28 - 0:16:21 - Epoch[0] - Iter: [1800/2503]	Time 0.520 (0.539)	Data 0.000 (0.016)	Loss 81.6749 (81.8341)	Prec 0.000 (0.183)	LR 0.3
