INFO - 12/19/22 17:11:45 - 0:00:00 - ============ Initialized logger ============
INFO - 12/19/22 17:11:45 - 0:00:00 - arch: resnet50
                                     base_lr: 4.8
                                     batch_size: 64
                                     checkpoint_freq: 25
                                     crops_for_assign: [0, 1]
                                     data_path: C:\Users\chris\Downloads\ILSVRC\Data\CLS-LOC
                                     dist_url: $dist_url
                                     dump_checkpoints: D:\code_cluster\me_swav\facebook_swav\experiments\018_main_swav\checkpoints
                                     dump_path: D:\code_cluster\me_swav\facebook_swav\experiments\018_main_swav
                                     epoch_queue_starts: 15
                                     epochs: 800
                                     epsilon: 0.05
                                     feat_dim: 128
                                     final_lr: 0.0048
                                     freeze_prototypes_niters: 313
                                     gpu_to_work_on: 0
                                     hidden_mlp: 2048
                                     is_slurm_job: False
                                     local_rank: 0
                                     max_scale_crops: [1.0, 0.14]
                                     min_scale_crops: [0.14, 0.05]
                                     nmb_crops: [2, 6]
                                     nmb_prototypes: 3000
                                     queue_length: 0
                                     rank: 0
                                     seed: 31
                                     sinkhorn_iterations: 3
                                     size_crops: [224, 96]
                                     start_warmup: 0.3
                                     sync_bn: pytorch
                                     syncbn_process_group_size: 8
                                     temperature: 0.1
                                     use_fp16: False
                                     warmup_epochs: 10
                                     wd: 1e-06
                                     workers: 10
                                     world_size: -1
INFO - 12/19/22 17:11:45 - 0:00:00 - The experiment will be stored in D:\code_cluster\me_swav\facebook_swav\experiments\018_main_swav
                                     

INFO - 12/19/22 17:11:45 - 0:00:00 - 0  _CudaDeviceProperties(name='NVIDIA GeForce RTX 3060', major=8, minor=6, total_memory=12287MB, multi_processor_count=28)
INFO - 12/19/22 17:11:45 - 0:00:00 - 1  _CudaDeviceProperties(name='NVIDIA GeForce RTX 3060', major=8, minor=6, total_memory=12287MB, multi_processor_count=28)
INFO - 12/19/22 17:11:57 - 0:00:12 - Building data done with 1431167 images loaded.
