INFO - 12/12/22 09:11:01 - 0:00:00 - ============ Initialized logger ============
INFO - 12/12/22 09:11:01 - 0:00:00 - arch: resnet50
                                     batch_size: 512
                                     data_path: C:\Users\chris\Downloads\ILSVRC\Data\CLS-LOC
                                     decay_epochs: [60, 80]
                                     dist_url: env://
                                     dump_checkpoints: D:\code_cluster\me_swav\facebook_swav\experiments\006_linear\checkpoints
                                     dump_path: D:\code_cluster\me_swav\facebook_swav\experiments\006_linear
                                     epochs: 100
                                     final_lr: 0
                                     gamma: 0.1
                                     global_pooling: True
                                     gpu_to_work_on: 0
                                     is_slurm_job: False
                                     local_rank: 0
                                     lr: 0.3
                                     nesterov: False
                                     pretrained: D:\code_cluster\me_swav\pretrained\swav_800ep_pretrain.pth.tar
                                     rank: 0
                                     scheduler_type: cosine
                                     seed: 31
                                     use_bn: False
                                     wd: 1e-06
                                     workers: 10
                                     world_size: -1
INFO - 12/12/22 09:11:01 - 0:00:00 - The experiment will be stored in D:\code_cluster\me_swav\facebook_swav\experiments\006_linear
                                     

INFO - 12/12/22 09:11:01 - 0:00:00 - 0  _CudaDeviceProperties(name='NVIDIA GeForce RTX 3060', major=8, minor=6, total_memory=12287MB, multi_processor_count=28)
INFO - 12/12/22 09:11:01 - 0:00:00 - 1  _CudaDeviceProperties(name='NVIDIA GeForce RTX 3060', major=8, minor=6, total_memory=12287MB, multi_processor_count=28)
INFO - 12/12/22 09:11:01 - 0:00:00 - build training dataset (start)
INFO - 12/12/22 09:11:11 - 0:00:09 - build training dataset (end)
INFO - 12/12/22 09:11:11 - 0:00:09 - build validation dataset (start)
INFO - 12/12/22 09:11:11 - 0:00:10 - build validation dataset (end)
INFO - 12/12/22 09:11:11 - 0:00:10 - Building data done
INFO - 12/12/22 09:11:12 - 0:00:10 - key "module.conv1.weight" could not be found in provided state dict
INFO - 12/12/22 09:11:12 - 0:00:10 - key "module.bn1.weight" could not be found in provided state dict
INFO - 12/12/22 09:11:12 - 0:00:10 - key "module.bn1.bias" could not be found in provided state dict
INFO - 12/12/22 09:11:12 - 0:00:10 - key "module.bn1.running_mean" could not be found in provided state dict
INFO - 12/12/22 09:11:12 - 0:00:10 - key "module.bn1.running_var" could not be found in provided state dict
INFO - 12/12/22 09:11:12 - 0:00:10 - key "module.bn1.num_batches_tracked" could not be found in provided state dict
INFO - 12/12/22 09:11:12 - 0:00:10 - key "module.layer1.0.conv1.weight" could not be found in provided state dict
INFO - 12/12/22 09:11:12 - 0:00:10 - key "module.layer1.0.bn1.weight" could not be found in provided state dict
INFO - 12/12/22 09:11:12 - 0:00:10 - key "module.layer1.0.bn1.bias" could not be found in provided state dict
INFO - 12/12/22 09:11:12 - 0:00:10 - key "module.layer1.0.bn1.running_mean" could not be found in provided state dict
INFO - 12/12/22 09:11:12 - 0:00:10 - key "module.layer1.0.bn1.running_var" could not be found in provided state dict
INFO - 12/12/22 09:11:12 - 0:00:10 - key "module.layer1.0.bn1.num_batches_tracked" could not be found in provided state dict
INFO - 12/12/22 09:11:12 - 0:00:10 - key "module.layer1.0.conv2.weight" could not be found in provided state dict
INFO - 12/12/22 09:11:12 - 0:00:10 - key "module.layer1.0.bn2.weight" could not be found in provided state dict
INFO - 12/12/22 09:11:12 - 0:00:10 - key "module.layer1.0.bn2.bias" could not be found in provided state dict
INFO - 12/12/22 09:11:12 - 0:00:10 - key "module.layer1.0.bn2.running_mean" could not be found in provided state dict
INFO - 12/12/22 09:11:12 - 0:00:10 - key "module.layer1.0.bn2.running_var" could not be found in provided state dict
INFO - 12/12/22 09:11:12 - 0:00:10 - key "module.layer1.0.bn2.num_batches_tracked" could not be found in provided state dict
INFO - 12/12/22 09:11:12 - 0:00:10 - key "module.layer1.0.conv3.weight" could not be found in provided state dict
INFO - 12/12/22 09:11:12 - 0:00:10 - key "module.layer1.0.bn3.weight" could not be found in provided state dict
INFO - 12/12/22 09:11:12 - 0:00:10 - key "module.layer1.0.bn3.bias" could not be found in provided state dict
INFO - 12/12/22 09:11:12 - 0:00:10 - key "module.layer1.0.bn3.running_mean" could not be found in provided state dict
INFO - 12/12/22 09:11:12 - 0:00:10 - key "module.layer1.0.bn3.running_var" could not be found in provided state dict
INFO - 12/12/22 09:11:12 - 0:00:10 - key "module.layer1.0.bn3.num_batches_tracked" could not be found in provided state dict
INFO - 12/12/22 09:11:12 - 0:00:10 - key "module.layer1.0.downsample.0.weight" could not be found in provided state dict
INFO - 12/12/22 09:11:12 - 0:00:10 - key "module.layer1.0.downsample.1.weight" could not be found in provided state dict
INFO - 12/12/22 09:11:12 - 0:00:10 - key "module.layer1.0.downsample.1.bias" could not be found in provided state dict
INFO - 12/12/22 09:11:12 - 0:00:10 - key "module.layer1.0.downsample.1.running_mean" could not be found in provided state dict
INFO - 12/12/22 09:11:12 - 0:00:10 - key "module.layer1.0.downsample.1.running_var" could not be found in provided state dict
INFO - 12/12/22 09:11:12 - 0:00:10 - key "module.layer1.0.downsample.1.num_batches_tracked" could not be found in provided state dict
INFO - 12/12/22 09:11:12 - 0:00:10 - key "module.layer1.1.conv1.weight" could not be found in provided state dict
INFO - 12/12/22 09:11:12 - 0:00:10 - key "module.layer1.1.bn1.weight" could not be found in provided state dict
INFO - 12/12/22 09:11:12 - 0:00:10 - key "module.layer1.1.bn1.bias" could not be found in provided state dict
INFO - 12/12/22 09:11:12 - 0:00:10 - key "module.layer1.1.bn1.running_mean" could not be found in provided state dict
INFO - 12/12/22 09:11:12 - 0:00:10 - key "module.layer1.1.bn1.running_var" could not be found in provided state dict
INFO - 12/12/22 09:11:12 - 0:00:10 - key "module.layer1.1.bn1.num_batches_tracked" could not be found in provided state dict
INFO - 12/12/22 09:11:12 - 0:00:10 - key "module.layer1.1.conv2.weight" could not be found in provided state dict
INFO - 12/12/22 09:11:12 - 0:00:10 - key "module.layer1.1.bn2.weight" could not be found in provided state dict
INFO - 12/12/22 09:11:12 - 0:00:10 - key "module.layer1.1.bn2.bias" could not be found in provided state dict
INFO - 12/12/22 09:11:12 - 0:00:10 - key "module.layer1.1.bn2.running_mean" could not be found in provided state dict
INFO - 12/12/22 09:11:12 - 0:00:10 - key "module.layer1.1.bn2.running_var" could not be found in provided state dict
INFO - 12/12/22 09:11:12 - 0:00:10 - key "module.layer1.1.bn2.num_batches_tracked" could not be found in provided state dict
INFO - 12/12/22 09:11:12 - 0:00:10 - key "module.layer1.1.conv3.weight" could not be found in provided state dict
INFO - 12/12/22 09:11:12 - 0:00:10 - key "module.layer1.1.bn3.weight" could not be found in provided state dict
INFO - 12/12/22 09:11:12 - 0:00:10 - key "module.layer1.1.bn3.bias" could not be found in provided state dict
INFO - 12/12/22 09:11:12 - 0:00:10 - key "module.layer1.1.bn3.running_mean" could not be found in provided state dict
INFO - 12/12/22 09:11:12 - 0:00:10 - key "module.layer1.1.bn3.running_var" could not be found in provided state dict
INFO - 12/12/22 09:11:12 - 0:00:10 - key "module.layer1.1.bn3.num_batches_tracked" could not be found in provided state dict
INFO - 12/12/22 09:11:12 - 0:00:10 - key "module.layer1.2.conv1.weight" could not be found in provided state dict
INFO - 12/12/22 09:11:12 - 0:00:10 - key "module.layer1.2.bn1.weight" could not be found in provided state dict
INFO - 12/12/22 09:11:12 - 0:00:10 - key "module.layer1.2.bn1.bias" could not be found in provided state dict
INFO - 12/12/22 09:11:12 - 0:00:10 - key "module.layer1.2.bn1.running_mean" could not be found in provided state dict
INFO - 12/12/22 09:11:12 - 0:00:10 - key "module.layer1.2.bn1.running_var" could not be found in provided state dict
INFO - 12/12/22 09:11:12 - 0:00:10 - key "module.layer1.2.bn1.num_batches_tracked" could not be found in provided state dict
INFO - 12/12/22 09:11:12 - 0:00:10 - key "module.layer1.2.conv2.weight" could not be found in provided state dict
INFO - 12/12/22 09:11:12 - 0:00:10 - key "module.layer1.2.bn2.weight" could not be found in provided state dict
INFO - 12/12/22 09:11:12 - 0:00:10 - key "module.layer1.2.bn2.bias" could not be found in provided state dict
INFO - 12/12/22 09:11:12 - 0:00:10 - key "module.layer1.2.bn2.running_mean" could not be found in provided state dict
INFO - 12/12/22 09:11:12 - 0:00:10 - key "module.layer1.2.bn2.running_var" could not be found in provided state dict
INFO - 12/12/22 09:11:12 - 0:00:10 - key "module.layer1.2.bn2.num_batches_tracked" could not be found in provided state dict
INFO - 12/12/22 09:11:12 - 0:00:10 - key "module.layer1.2.conv3.weight" could not be found in provided state dict
INFO - 12/12/22 09:11:12 - 0:00:10 - key "module.layer1.2.bn3.weight" could not be found in provided state dict
INFO - 12/12/22 09:11:12 - 0:00:10 - key "module.layer1.2.bn3.bias" could not be found in provided state dict
INFO - 12/12/22 09:11:12 - 0:00:10 - key "module.layer1.2.bn3.running_mean" could not be found in provided state dict
INFO - 12/12/22 09:11:12 - 0:00:10 - key "module.layer1.2.bn3.running_var" could not be found in provided state dict
INFO - 12/12/22 09:11:12 - 0:00:10 - key "module.layer1.2.bn3.num_batches_tracked" could not be found in provided state dict
INFO - 12/12/22 09:11:12 - 0:00:10 - key "module.layer2.0.conv1.weight" could not be found in provided state dict
INFO - 12/12/22 09:11:12 - 0:00:10 - key "module.layer2.0.bn1.weight" could not be found in provided state dict
INFO - 12/12/22 09:11:12 - 0:00:10 - key "module.layer2.0.bn1.bias" could not be found in provided state dict
INFO - 12/12/22 09:11:12 - 0:00:10 - key "module.layer2.0.bn1.running_mean" could not be found in provided state dict
INFO - 12/12/22 09:11:12 - 0:00:10 - key "module.layer2.0.bn1.running_var" could not be found in provided state dict
INFO - 12/12/22 09:11:12 - 0:00:10 - key "module.layer2.0.bn1.num_batches_tracked" could not be found in provided state dict
INFO - 12/12/22 09:11:12 - 0:00:10 - key "module.layer2.0.conv2.weight" could not be found in provided state dict
INFO - 12/12/22 09:11:12 - 0:00:10 - key "module.layer2.0.bn2.weight" could not be found in provided state dict
INFO - 12/12/22 09:11:12 - 0:00:10 - key "module.layer2.0.bn2.bias" could not be found in provided state dict
INFO - 12/12/22 09:11:12 - 0:00:10 - key "module.layer2.0.bn2.running_mean" could not be found in provided state dict
INFO - 12/12/22 09:11:12 - 0:00:10 - key "module.layer2.0.bn2.running_var" could not be found in provided state dict
INFO - 12/12/22 09:11:12 - 0:00:10 - key "module.layer2.0.bn2.num_batches_tracked" could not be found in provided state dict
INFO - 12/12/22 09:11:12 - 0:00:10 - key "module.layer2.0.conv3.weight" could not be found in provided state dict
INFO - 12/12/22 09:11:12 - 0:00:10 - key "module.layer2.0.bn3.weight" could not be found in provided state dict
INFO - 12/12/22 09:11:12 - 0:00:10 - key "module.layer2.0.bn3.bias" could not be found in provided state dict
INFO - 12/12/22 09:11:12 - 0:00:10 - key "module.layer2.0.bn3.running_mean" could not be found in provided state dict
INFO - 12/12/22 09:11:12 - 0:00:10 - key "module.layer2.0.bn3.running_var" could not be found in provided state dict
INFO - 12/12/22 09:11:12 - 0:00:10 - key "module.layer2.0.bn3.num_batches_tracked" could not be found in provided state dict
INFO - 12/12/22 09:11:12 - 0:00:10 - key "module.layer2.0.downsample.0.weight" could not be found in provided state dict
INFO - 12/12/22 09:11:12 - 0:00:10 - key "module.layer2.0.downsample.1.weight" could not be found in provided state dict
INFO - 12/12/22 09:11:12 - 0:00:10 - key "module.layer2.0.downsample.1.bias" could not be found in provided state dict
INFO - 12/12/22 09:11:12 - 0:00:10 - key "module.layer2.0.downsample.1.running_mean" could not be found in provided state dict
INFO - 12/12/22 09:11:12 - 0:00:10 - key "module.layer2.0.downsample.1.running_var" could not be found in provided state dict
INFO - 12/12/22 09:11:12 - 0:00:10 - key "module.layer2.0.downsample.1.num_batches_tracked" could not be found in provided state dict
INFO - 12/12/22 09:11:12 - 0:00:10 - key "module.layer2.1.conv1.weight" could not be found in provided state dict
INFO - 12/12/22 09:11:12 - 0:00:10 - key "module.layer2.1.bn1.weight" could not be found in provided state dict
INFO - 12/12/22 09:11:12 - 0:00:10 - key "module.layer2.1.bn1.bias" could not be found in provided state dict
INFO - 12/12/22 09:11:12 - 0:00:10 - key "module.layer2.1.bn1.running_mean" could not be found in provided state dict
INFO - 12/12/22 09:11:12 - 0:00:10 - key "module.layer2.1.bn1.running_var" could not be found in provided state dict
INFO - 12/12/22 09:11:12 - 0:00:10 - key "module.layer2.1.bn1.num_batches_tracked" could not be found in provided state dict
INFO - 12/12/22 09:11:12 - 0:00:10 - key "module.layer2.1.conv2.weight" could not be found in provided state dict
INFO - 12/12/22 09:11:12 - 0:00:10 - key "module.layer2.1.bn2.weight" could not be found in provided state dict
INFO - 12/12/22 09:11:12 - 0:00:10 - key "module.layer2.1.bn2.bias" could not be found in provided state dict
INFO - 12/12/22 09:11:12 - 0:00:10 - key "module.layer2.1.bn2.running_mean" could not be found in provided state dict
INFO - 12/12/22 09:11:12 - 0:00:10 - key "module.layer2.1.bn2.running_var" could not be found in provided state dict
INFO - 12/12/22 09:11:12 - 0:00:10 - key "module.layer2.1.bn2.num_batches_tracked" could not be found in provided state dict
INFO - 12/12/22 09:11:12 - 0:00:10 - key "module.layer2.1.conv3.weight" could not be found in provided state dict
INFO - 12/12/22 09:11:12 - 0:00:10 - key "module.layer2.1.bn3.weight" could not be found in provided state dict
INFO - 12/12/22 09:11:12 - 0:00:10 - key "module.layer2.1.bn3.bias" could not be found in provided state dict
INFO - 12/12/22 09:11:12 - 0:00:10 - key "module.layer2.1.bn3.running_mean" could not be found in provided state dict
INFO - 12/12/22 09:11:12 - 0:00:10 - key "module.layer2.1.bn3.running_var" could not be found in provided state dict
INFO - 12/12/22 09:11:12 - 0:00:10 - key "module.layer2.1.bn3.num_batches_tracked" could not be found in provided state dict
INFO - 12/12/22 09:11:12 - 0:00:10 - key "module.layer2.2.conv1.weight" could not be found in provided state dict
INFO - 12/12/22 09:11:12 - 0:00:10 - key "module.layer2.2.bn1.weight" could not be found in provided state dict
INFO - 12/12/22 09:11:12 - 0:00:10 - key "module.layer2.2.bn1.bias" could not be found in provided state dict
INFO - 12/12/22 09:11:12 - 0:00:10 - key "module.layer2.2.bn1.running_mean" could not be found in provided state dict
INFO - 12/12/22 09:11:12 - 0:00:10 - key "module.layer2.2.bn1.running_var" could not be found in provided state dict
INFO - 12/12/22 09:11:12 - 0:00:10 - key "module.layer2.2.bn1.num_batches_tracked" could not be found in provided state dict
INFO - 12/12/22 09:11:12 - 0:00:10 - key "module.layer2.2.conv2.weight" could not be found in provided state dict
INFO - 12/12/22 09:11:12 - 0:00:10 - key "module.layer2.2.bn2.weight" could not be found in provided state dict
INFO - 12/12/22 09:11:12 - 0:00:10 - key "module.layer2.2.bn2.bias" could not be found in provided state dict
INFO - 12/12/22 09:11:12 - 0:00:10 - key "module.layer2.2.bn2.running_mean" could not be found in provided state dict
INFO - 12/12/22 09:11:12 - 0:00:10 - key "module.layer2.2.bn2.running_var" could not be found in provided state dict
INFO - 12/12/22 09:11:12 - 0:00:10 - key "module.layer2.2.bn2.num_batches_tracked" could not be found in provided state dict
INFO - 12/12/22 09:11:12 - 0:00:10 - key "module.layer2.2.conv3.weight" could not be found in provided state dict
INFO - 12/12/22 09:11:12 - 0:00:10 - key "module.layer2.2.bn3.weight" could not be found in provided state dict
INFO - 12/12/22 09:11:12 - 0:00:10 - key "module.layer2.2.bn3.bias" could not be found in provided state dict
INFO - 12/12/22 09:11:12 - 0:00:10 - key "module.layer2.2.bn3.running_mean" could not be found in provided state dict
INFO - 12/12/22 09:11:12 - 0:00:10 - key "module.layer2.2.bn3.running_var" could not be found in provided state dict
INFO - 12/12/22 09:11:12 - 0:00:10 - key "module.layer2.2.bn3.num_batches_tracked" could not be found in provided state dict
INFO - 12/12/22 09:11:12 - 0:00:10 - key "module.layer2.3.conv1.weight" could not be found in provided state dict
INFO - 12/12/22 09:11:12 - 0:00:10 - key "module.layer2.3.bn1.weight" could not be found in provided state dict
INFO - 12/12/22 09:11:12 - 0:00:10 - key "module.layer2.3.bn1.bias" could not be found in provided state dict
INFO - 12/12/22 09:11:12 - 0:00:10 - key "module.layer2.3.bn1.running_mean" could not be found in provided state dict
INFO - 12/12/22 09:11:12 - 0:00:10 - key "module.layer2.3.bn1.running_var" could not be found in provided state dict
INFO - 12/12/22 09:11:12 - 0:00:10 - key "module.layer2.3.bn1.num_batches_tracked" could not be found in provided state dict
INFO - 12/12/22 09:11:12 - 0:00:10 - key "module.layer2.3.conv2.weight" could not be found in provided state dict
INFO - 12/12/22 09:11:12 - 0:00:10 - key "module.layer2.3.bn2.weight" could not be found in provided state dict
INFO - 12/12/22 09:11:12 - 0:00:10 - key "module.layer2.3.bn2.bias" could not be found in provided state dict
INFO - 12/12/22 09:11:12 - 0:00:10 - key "module.layer2.3.bn2.running_mean" could not be found in provided state dict
INFO - 12/12/22 09:11:12 - 0:00:10 - key "module.layer2.3.bn2.running_var" could not be found in provided state dict
INFO - 12/12/22 09:11:12 - 0:00:10 - key "module.layer2.3.bn2.num_batches_tracked" could not be found in provided state dict
INFO - 12/12/22 09:11:12 - 0:00:10 - key "module.layer2.3.conv3.weight" could not be found in provided state dict
INFO - 12/12/22 09:11:12 - 0:00:10 - key "module.layer2.3.bn3.weight" could not be found in provided state dict
INFO - 12/12/22 09:11:12 - 0:00:10 - key "module.layer2.3.bn3.bias" could not be found in provided state dict
INFO - 12/12/22 09:11:12 - 0:00:10 - key "module.layer2.3.bn3.running_mean" could not be found in provided state dict
INFO - 12/12/22 09:11:12 - 0:00:10 - key "module.layer2.3.bn3.running_var" could not be found in provided state dict
INFO - 12/12/22 09:11:12 - 0:00:10 - key "module.layer2.3.bn3.num_batches_tracked" could not be found in provided state dict
INFO - 12/12/22 09:11:12 - 0:00:10 - key "module.layer3.0.conv1.weight" could not be found in provided state dict
INFO - 12/12/22 09:11:12 - 0:00:10 - key "module.layer3.0.bn1.weight" could not be found in provided state dict
INFO - 12/12/22 09:11:12 - 0:00:10 - key "module.layer3.0.bn1.bias" could not be found in provided state dict
INFO - 12/12/22 09:11:12 - 0:00:10 - key "module.layer3.0.bn1.running_mean" could not be found in provided state dict
INFO - 12/12/22 09:11:12 - 0:00:10 - key "module.layer3.0.bn1.running_var" could not be found in provided state dict
INFO - 12/12/22 09:11:12 - 0:00:10 - key "module.layer3.0.bn1.num_batches_tracked" could not be found in provided state dict
INFO - 12/12/22 09:11:12 - 0:00:10 - key "module.layer3.0.conv2.weight" could not be found in provided state dict
INFO - 12/12/22 09:11:12 - 0:00:10 - key "module.layer3.0.bn2.weight" could not be found in provided state dict
INFO - 12/12/22 09:11:12 - 0:00:10 - key "module.layer3.0.bn2.bias" could not be found in provided state dict
INFO - 12/12/22 09:11:12 - 0:00:10 - key "module.layer3.0.bn2.running_mean" could not be found in provided state dict
INFO - 12/12/22 09:11:12 - 0:00:10 - key "module.layer3.0.bn2.running_var" could not be found in provided state dict
INFO - 12/12/22 09:11:12 - 0:00:10 - key "module.layer3.0.bn2.num_batches_tracked" could not be found in provided state dict
INFO - 12/12/22 09:11:12 - 0:00:10 - key "module.layer3.0.conv3.weight" could not be found in provided state dict
INFO - 12/12/22 09:11:12 - 0:00:10 - key "module.layer3.0.bn3.weight" could not be found in provided state dict
INFO - 12/12/22 09:11:12 - 0:00:10 - key "module.layer3.0.bn3.bias" could not be found in provided state dict
INFO - 12/12/22 09:11:12 - 0:00:10 - key "module.layer3.0.bn3.running_mean" could not be found in provided state dict
INFO - 12/12/22 09:11:12 - 0:00:10 - key "module.layer3.0.bn3.running_var" could not be found in provided state dict
INFO - 12/12/22 09:11:12 - 0:00:10 - key "module.layer3.0.bn3.num_batches_tracked" could not be found in provided state dict
INFO - 12/12/22 09:11:12 - 0:00:10 - key "module.layer3.0.downsample.0.weight" could not be found in provided state dict
INFO - 12/12/22 09:11:12 - 0:00:10 - key "module.layer3.0.downsample.1.weight" could not be found in provided state dict
INFO - 12/12/22 09:11:12 - 0:00:10 - key "module.layer3.0.downsample.1.bias" could not be found in provided state dict
INFO - 12/12/22 09:11:12 - 0:00:10 - key "module.layer3.0.downsample.1.running_mean" could not be found in provided state dict
INFO - 12/12/22 09:11:12 - 0:00:10 - key "module.layer3.0.downsample.1.running_var" could not be found in provided state dict
INFO - 12/12/22 09:11:12 - 0:00:10 - key "module.layer3.0.downsample.1.num_batches_tracked" could not be found in provided state dict
INFO - 12/12/22 09:11:12 - 0:00:10 - key "module.layer3.1.conv1.weight" could not be found in provided state dict
INFO - 12/12/22 09:11:12 - 0:00:10 - key "module.layer3.1.bn1.weight" could not be found in provided state dict
INFO - 12/12/22 09:11:12 - 0:00:10 - key "module.layer3.1.bn1.bias" could not be found in provided state dict
INFO - 12/12/22 09:11:12 - 0:00:10 - key "module.layer3.1.bn1.running_mean" could not be found in provided state dict
INFO - 12/12/22 09:11:12 - 0:00:10 - key "module.layer3.1.bn1.running_var" could not be found in provided state dict
INFO - 12/12/22 09:11:12 - 0:00:10 - key "module.layer3.1.bn1.num_batches_tracked" could not be found in provided state dict
INFO - 12/12/22 09:11:12 - 0:00:10 - key "module.layer3.1.conv2.weight" could not be found in provided state dict
INFO - 12/12/22 09:11:12 - 0:00:10 - key "module.layer3.1.bn2.weight" could not be found in provided state dict
INFO - 12/12/22 09:11:12 - 0:00:10 - key "module.layer3.1.bn2.bias" could not be found in provided state dict
INFO - 12/12/22 09:11:12 - 0:00:10 - key "module.layer3.1.bn2.running_mean" could not be found in provided state dict
INFO - 12/12/22 09:11:12 - 0:00:10 - key "module.layer3.1.bn2.running_var" could not be found in provided state dict
INFO - 12/12/22 09:11:12 - 0:00:10 - key "module.layer3.1.bn2.num_batches_tracked" could not be found in provided state dict
INFO - 12/12/22 09:11:12 - 0:00:10 - key "module.layer3.1.conv3.weight" could not be found in provided state dict
INFO - 12/12/22 09:11:12 - 0:00:10 - key "module.layer3.1.bn3.weight" could not be found in provided state dict
INFO - 12/12/22 09:11:12 - 0:00:10 - key "module.layer3.1.bn3.bias" could not be found in provided state dict
INFO - 12/12/22 09:11:12 - 0:00:10 - key "module.layer3.1.bn3.running_mean" could not be found in provided state dict
INFO - 12/12/22 09:11:12 - 0:00:10 - key "module.layer3.1.bn3.running_var" could not be found in provided state dict
INFO - 12/12/22 09:11:12 - 0:00:10 - key "module.layer3.1.bn3.num_batches_tracked" could not be found in provided state dict
INFO - 12/12/22 09:11:12 - 0:00:10 - key "module.layer3.2.conv1.weight" could not be found in provided state dict
INFO - 12/12/22 09:11:12 - 0:00:10 - key "module.layer3.2.bn1.weight" could not be found in provided state dict
INFO - 12/12/22 09:11:12 - 0:00:10 - key "module.layer3.2.bn1.bias" could not be found in provided state dict
INFO - 12/12/22 09:11:12 - 0:00:10 - key "module.layer3.2.bn1.running_mean" could not be found in provided state dict
INFO - 12/12/22 09:11:12 - 0:00:10 - key "module.layer3.2.bn1.running_var" could not be found in provided state dict
INFO - 12/12/22 09:11:12 - 0:00:10 - key "module.layer3.2.bn1.num_batches_tracked" could not be found in provided state dict
INFO - 12/12/22 09:11:12 - 0:00:10 - key "module.layer3.2.conv2.weight" could not be found in provided state dict
INFO - 12/12/22 09:11:12 - 0:00:10 - key "module.layer3.2.bn2.weight" could not be found in provided state dict
INFO - 12/12/22 09:11:12 - 0:00:10 - key "module.layer3.2.bn2.bias" could not be found in provided state dict
INFO - 12/12/22 09:11:12 - 0:00:10 - key "module.layer3.2.bn2.running_mean" could not be found in provided state dict
INFO - 12/12/22 09:11:12 - 0:00:10 - key "module.layer3.2.bn2.running_var" could not be found in provided state dict
INFO - 12/12/22 09:11:12 - 0:00:10 - key "module.layer3.2.bn2.num_batches_tracked" could not be found in provided state dict
INFO - 12/12/22 09:11:12 - 0:00:10 - key "module.layer3.2.conv3.weight" could not be found in provided state dict
INFO - 12/12/22 09:11:12 - 0:00:10 - key "module.layer3.2.bn3.weight" could not be found in provided state dict
INFO - 12/12/22 09:11:12 - 0:00:10 - key "module.layer3.2.bn3.bias" could not be found in provided state dict
INFO - 12/12/22 09:11:12 - 0:00:10 - key "module.layer3.2.bn3.running_mean" could not be found in provided state dict
INFO - 12/12/22 09:11:12 - 0:00:10 - key "module.layer3.2.bn3.running_var" could not be found in provided state dict
INFO - 12/12/22 09:11:12 - 0:00:10 - key "module.layer3.2.bn3.num_batches_tracked" could not be found in provided state dict
INFO - 12/12/22 09:11:12 - 0:00:10 - key "module.layer3.3.conv1.weight" could not be found in provided state dict
INFO - 12/12/22 09:11:12 - 0:00:10 - key "module.layer3.3.bn1.weight" could not be found in provided state dict
INFO - 12/12/22 09:11:12 - 0:00:10 - key "module.layer3.3.bn1.bias" could not be found in provided state dict
INFO - 12/12/22 09:11:12 - 0:00:10 - key "module.layer3.3.bn1.running_mean" could not be found in provided state dict
INFO - 12/12/22 09:11:12 - 0:00:10 - key "module.layer3.3.bn1.running_var" could not be found in provided state dict
INFO - 12/12/22 09:11:12 - 0:00:10 - key "module.layer3.3.bn1.num_batches_tracked" could not be found in provided state dict
INFO - 12/12/22 09:11:12 - 0:00:10 - key "module.layer3.3.conv2.weight" could not be found in provided state dict
INFO - 12/12/22 09:11:12 - 0:00:10 - key "module.layer3.3.bn2.weight" could not be found in provided state dict
INFO - 12/12/22 09:11:12 - 0:00:10 - key "module.layer3.3.bn2.bias" could not be found in provided state dict
INFO - 12/12/22 09:11:12 - 0:00:10 - key "module.layer3.3.bn2.running_mean" could not be found in provided state dict
INFO - 12/12/22 09:11:12 - 0:00:10 - key "module.layer3.3.bn2.running_var" could not be found in provided state dict
INFO - 12/12/22 09:11:12 - 0:00:10 - key "module.layer3.3.bn2.num_batches_tracked" could not be found in provided state dict
INFO - 12/12/22 09:11:12 - 0:00:10 - key "module.layer3.3.conv3.weight" could not be found in provided state dict
INFO - 12/12/22 09:11:12 - 0:00:10 - key "module.layer3.3.bn3.weight" could not be found in provided state dict
INFO - 12/12/22 09:11:12 - 0:00:10 - key "module.layer3.3.bn3.bias" could not be found in provided state dict
INFO - 12/12/22 09:11:12 - 0:00:10 - key "module.layer3.3.bn3.running_mean" could not be found in provided state dict
INFO - 12/12/22 09:11:12 - 0:00:10 - key "module.layer3.3.bn3.running_var" could not be found in provided state dict
INFO - 12/12/22 09:11:12 - 0:00:10 - key "module.layer3.3.bn3.num_batches_tracked" could not be found in provided state dict
INFO - 12/12/22 09:11:12 - 0:00:10 - key "module.layer3.4.conv1.weight" could not be found in provided state dict
INFO - 12/12/22 09:11:12 - 0:00:10 - key "module.layer3.4.bn1.weight" could not be found in provided state dict
INFO - 12/12/22 09:11:12 - 0:00:10 - key "module.layer3.4.bn1.bias" could not be found in provided state dict
INFO - 12/12/22 09:11:12 - 0:00:10 - key "module.layer3.4.bn1.running_mean" could not be found in provided state dict
INFO - 12/12/22 09:11:12 - 0:00:10 - key "module.layer3.4.bn1.running_var" could not be found in provided state dict
INFO - 12/12/22 09:11:12 - 0:00:10 - key "module.layer3.4.bn1.num_batches_tracked" could not be found in provided state dict
INFO - 12/12/22 09:11:12 - 0:00:10 - key "module.layer3.4.conv2.weight" could not be found in provided state dict
INFO - 12/12/22 09:11:12 - 0:00:10 - key "module.layer3.4.bn2.weight" could not be found in provided state dict
INFO - 12/12/22 09:11:12 - 0:00:10 - key "module.layer3.4.bn2.bias" could not be found in provided state dict
INFO - 12/12/22 09:11:12 - 0:00:10 - key "module.layer3.4.bn2.running_mean" could not be found in provided state dict
INFO - 12/12/22 09:11:12 - 0:00:10 - key "module.layer3.4.bn2.running_var" could not be found in provided state dict
INFO - 12/12/22 09:11:12 - 0:00:10 - key "module.layer3.4.bn2.num_batches_tracked" could not be found in provided state dict
INFO - 12/12/22 09:11:12 - 0:00:10 - key "module.layer3.4.conv3.weight" could not be found in provided state dict
INFO - 12/12/22 09:11:12 - 0:00:10 - key "module.layer3.4.bn3.weight" could not be found in provided state dict
INFO - 12/12/22 09:11:12 - 0:00:10 - key "module.layer3.4.bn3.bias" could not be found in provided state dict
INFO - 12/12/22 09:11:12 - 0:00:10 - key "module.layer3.4.bn3.running_mean" could not be found in provided state dict
INFO - 12/12/22 09:11:12 - 0:00:10 - key "module.layer3.4.bn3.running_var" could not be found in provided state dict
INFO - 12/12/22 09:11:12 - 0:00:10 - key "module.layer3.4.bn3.num_batches_tracked" could not be found in provided state dict
INFO - 12/12/22 09:11:12 - 0:00:10 - key "module.layer3.5.conv1.weight" could not be found in provided state dict
INFO - 12/12/22 09:11:12 - 0:00:10 - key "module.layer3.5.bn1.weight" could not be found in provided state dict
INFO - 12/12/22 09:11:12 - 0:00:10 - key "module.layer3.5.bn1.bias" could not be found in provided state dict
INFO - 12/12/22 09:11:12 - 0:00:10 - key "module.layer3.5.bn1.running_mean" could not be found in provided state dict
INFO - 12/12/22 09:11:12 - 0:00:10 - key "module.layer3.5.bn1.running_var" could not be found in provided state dict
INFO - 12/12/22 09:11:12 - 0:00:10 - key "module.layer3.5.bn1.num_batches_tracked" could not be found in provided state dict
INFO - 12/12/22 09:11:12 - 0:00:10 - key "module.layer3.5.conv2.weight" could not be found in provided state dict
INFO - 12/12/22 09:11:12 - 0:00:10 - key "module.layer3.5.bn2.weight" could not be found in provided state dict
INFO - 12/12/22 09:11:12 - 0:00:10 - key "module.layer3.5.bn2.bias" could not be found in provided state dict
INFO - 12/12/22 09:11:12 - 0:00:10 - key "module.layer3.5.bn2.running_mean" could not be found in provided state dict
INFO - 12/12/22 09:11:12 - 0:00:10 - key "module.layer3.5.bn2.running_var" could not be found in provided state dict
INFO - 12/12/22 09:11:12 - 0:00:10 - key "module.layer3.5.bn2.num_batches_tracked" could not be found in provided state dict
INFO - 12/12/22 09:11:12 - 0:00:10 - key "module.layer3.5.conv3.weight" could not be found in provided state dict
INFO - 12/12/22 09:11:12 - 0:00:10 - key "module.layer3.5.bn3.weight" could not be found in provided state dict
INFO - 12/12/22 09:11:12 - 0:00:10 - key "module.layer3.5.bn3.bias" could not be found in provided state dict
INFO - 12/12/22 09:11:12 - 0:00:10 - key "module.layer3.5.bn3.running_mean" could not be found in provided state dict
INFO - 12/12/22 09:11:12 - 0:00:10 - key "module.layer3.5.bn3.running_var" could not be found in provided state dict
INFO - 12/12/22 09:11:12 - 0:00:10 - key "module.layer3.5.bn3.num_batches_tracked" could not be found in provided state dict
INFO - 12/12/22 09:11:12 - 0:00:10 - key "module.layer4.0.conv1.weight" could not be found in provided state dict
INFO - 12/12/22 09:11:12 - 0:00:10 - key "module.layer4.0.bn1.weight" could not be found in provided state dict
INFO - 12/12/22 09:11:12 - 0:00:10 - key "module.layer4.0.bn1.bias" could not be found in provided state dict
INFO - 12/12/22 09:11:12 - 0:00:10 - key "module.layer4.0.bn1.running_mean" could not be found in provided state dict
INFO - 12/12/22 09:11:12 - 0:00:10 - key "module.layer4.0.bn1.running_var" could not be found in provided state dict
INFO - 12/12/22 09:11:12 - 0:00:10 - key "module.layer4.0.bn1.num_batches_tracked" could not be found in provided state dict
INFO - 12/12/22 09:11:12 - 0:00:10 - key "module.layer4.0.conv2.weight" could not be found in provided state dict
INFO - 12/12/22 09:11:12 - 0:00:10 - key "module.layer4.0.bn2.weight" could not be found in provided state dict
INFO - 12/12/22 09:11:12 - 0:00:10 - key "module.layer4.0.bn2.bias" could not be found in provided state dict
INFO - 12/12/22 09:11:12 - 0:00:10 - key "module.layer4.0.bn2.running_mean" could not be found in provided state dict
INFO - 12/12/22 09:11:12 - 0:00:10 - key "module.layer4.0.bn2.running_var" could not be found in provided state dict
INFO - 12/12/22 09:11:12 - 0:00:10 - key "module.layer4.0.bn2.num_batches_tracked" could not be found in provided state dict
INFO - 12/12/22 09:11:12 - 0:00:10 - key "module.layer4.0.conv3.weight" could not be found in provided state dict
INFO - 12/12/22 09:11:12 - 0:00:10 - key "module.layer4.0.bn3.weight" could not be found in provided state dict
INFO - 12/12/22 09:11:12 - 0:00:10 - key "module.layer4.0.bn3.bias" could not be found in provided state dict
INFO - 12/12/22 09:11:12 - 0:00:10 - key "module.layer4.0.bn3.running_mean" could not be found in provided state dict
INFO - 12/12/22 09:11:12 - 0:00:10 - key "module.layer4.0.bn3.running_var" could not be found in provided state dict
INFO - 12/12/22 09:11:12 - 0:00:10 - key "module.layer4.0.bn3.num_batches_tracked" could not be found in provided state dict
INFO - 12/12/22 09:11:12 - 0:00:10 - key "module.layer4.0.downsample.0.weight" could not be found in provided state dict
INFO - 12/12/22 09:11:12 - 0:00:10 - key "module.layer4.0.downsample.1.weight" could not be found in provided state dict
INFO - 12/12/22 09:11:12 - 0:00:10 - key "module.layer4.0.downsample.1.bias" could not be found in provided state dict
INFO - 12/12/22 09:11:12 - 0:00:10 - key "module.layer4.0.downsample.1.running_mean" could not be found in provided state dict
INFO - 12/12/22 09:11:12 - 0:00:10 - key "module.layer4.0.downsample.1.running_var" could not be found in provided state dict
INFO - 12/12/22 09:11:12 - 0:00:10 - key "module.layer4.0.downsample.1.num_batches_tracked" could not be found in provided state dict
INFO - 12/12/22 09:11:12 - 0:00:10 - key "module.layer4.1.conv1.weight" could not be found in provided state dict
INFO - 12/12/22 09:11:12 - 0:00:10 - key "module.layer4.1.bn1.weight" could not be found in provided state dict
INFO - 12/12/22 09:11:12 - 0:00:10 - key "module.layer4.1.bn1.bias" could not be found in provided state dict
INFO - 12/12/22 09:11:12 - 0:00:10 - key "module.layer4.1.bn1.running_mean" could not be found in provided state dict
INFO - 12/12/22 09:11:12 - 0:00:10 - key "module.layer4.1.bn1.running_var" could not be found in provided state dict
INFO - 12/12/22 09:11:12 - 0:00:10 - key "module.layer4.1.bn1.num_batches_tracked" could not be found in provided state dict
INFO - 12/12/22 09:11:12 - 0:00:10 - key "module.layer4.1.conv2.weight" could not be found in provided state dict
INFO - 12/12/22 09:11:12 - 0:00:10 - key "module.layer4.1.bn2.weight" could not be found in provided state dict
INFO - 12/12/22 09:11:12 - 0:00:10 - key "module.layer4.1.bn2.bias" could not be found in provided state dict
INFO - 12/12/22 09:11:12 - 0:00:10 - key "module.layer4.1.bn2.running_mean" could not be found in provided state dict
INFO - 12/12/22 09:11:12 - 0:00:10 - key "module.layer4.1.bn2.running_var" could not be found in provided state dict
INFO - 12/12/22 09:11:12 - 0:00:10 - key "module.layer4.1.bn2.num_batches_tracked" could not be found in provided state dict
INFO - 12/12/22 09:11:12 - 0:00:10 - key "module.layer4.1.conv3.weight" could not be found in provided state dict
INFO - 12/12/22 09:11:12 - 0:00:10 - key "module.layer4.1.bn3.weight" could not be found in provided state dict
INFO - 12/12/22 09:11:12 - 0:00:10 - key "module.layer4.1.bn3.bias" could not be found in provided state dict
INFO - 12/12/22 09:11:12 - 0:00:10 - key "module.layer4.1.bn3.running_mean" could not be found in provided state dict
INFO - 12/12/22 09:11:12 - 0:00:10 - key "module.layer4.1.bn3.running_var" could not be found in provided state dict
INFO - 12/12/22 09:11:12 - 0:00:10 - key "module.layer4.1.bn3.num_batches_tracked" could not be found in provided state dict
INFO - 12/12/22 09:11:12 - 0:00:10 - key "module.layer4.2.conv1.weight" could not be found in provided state dict
INFO - 12/12/22 09:11:12 - 0:00:10 - key "module.layer4.2.bn1.weight" could not be found in provided state dict
INFO - 12/12/22 09:11:12 - 0:00:10 - key "module.layer4.2.bn1.bias" could not be found in provided state dict
INFO - 12/12/22 09:11:12 - 0:00:10 - key "module.layer4.2.bn1.running_mean" could not be found in provided state dict
INFO - 12/12/22 09:11:12 - 0:00:10 - key "module.layer4.2.bn1.running_var" could not be found in provided state dict
INFO - 12/12/22 09:11:12 - 0:00:10 - key "module.layer4.2.bn1.num_batches_tracked" could not be found in provided state dict
INFO - 12/12/22 09:11:12 - 0:00:10 - key "module.layer4.2.conv2.weight" could not be found in provided state dict
INFO - 12/12/22 09:11:12 - 0:00:10 - key "module.layer4.2.bn2.weight" could not be found in provided state dict
INFO - 12/12/22 09:11:12 - 0:00:10 - key "module.layer4.2.bn2.bias" could not be found in provided state dict
INFO - 12/12/22 09:11:12 - 0:00:10 - key "module.layer4.2.bn2.running_mean" could not be found in provided state dict
INFO - 12/12/22 09:11:12 - 0:00:10 - key "module.layer4.2.bn2.running_var" could not be found in provided state dict
INFO - 12/12/22 09:11:12 - 0:00:10 - key "module.layer4.2.bn2.num_batches_tracked" could not be found in provided state dict
INFO - 12/12/22 09:11:12 - 0:00:10 - key "module.layer4.2.conv3.weight" could not be found in provided state dict
INFO - 12/12/22 09:11:12 - 0:00:10 - key "module.layer4.2.bn3.weight" could not be found in provided state dict
INFO - 12/12/22 09:11:12 - 0:00:10 - key "module.layer4.2.bn3.bias" could not be found in provided state dict
INFO - 12/12/22 09:11:12 - 0:00:10 - key "module.layer4.2.bn3.running_mean" could not be found in provided state dict
INFO - 12/12/22 09:11:12 - 0:00:10 - key "module.layer4.2.bn3.running_var" could not be found in provided state dict
INFO - 12/12/22 09:11:12 - 0:00:10 - key "module.layer4.2.bn3.num_batches_tracked" could not be found in provided state dict
INFO - 12/12/22 09:11:12 - 0:00:10 - Load pretrained model with msg: _IncompatibleKeys(missing_keys=['module.conv1.weight', 'module.bn1.weight', 'module.bn1.bias', 'module.bn1.running_mean', 'module.bn1.running_var', 'module.layer1.0.conv1.weight', 'module.layer1.0.bn1.weight', 'module.layer1.0.bn1.bias', 'module.layer1.0.bn1.running_mean', 'module.layer1.0.bn1.running_var', 'module.layer1.0.conv2.weight', 'module.layer1.0.bn2.weight', 'module.layer1.0.bn2.bias', 'module.layer1.0.bn2.running_mean', 'module.layer1.0.bn2.running_var', 'module.layer1.0.conv3.weight', 'module.layer1.0.bn3.weight', 'module.layer1.0.bn3.bias', 'module.layer1.0.bn3.running_mean', 'module.layer1.0.bn3.running_var', 'module.layer1.0.downsample.0.weight', 'module.layer1.0.downsample.1.weight', 'module.layer1.0.downsample.1.bias', 'module.layer1.0.downsample.1.running_mean', 'module.layer1.0.downsample.1.running_var', 'module.layer1.1.conv1.weight', 'module.layer1.1.bn1.weight', 'module.layer1.1.bn1.bias', 'module.layer1.1.bn1.running_mean', 'module.layer1.1.bn1.running_var', 'module.layer1.1.conv2.weight', 'module.layer1.1.bn2.weight', 'module.layer1.1.bn2.bias', 'module.layer1.1.bn2.running_mean', 'module.layer1.1.bn2.running_var', 'module.layer1.1.conv3.weight', 'module.layer1.1.bn3.weight', 'module.layer1.1.bn3.bias', 'module.layer1.1.bn3.running_mean', 'module.layer1.1.bn3.running_var', 'module.layer1.2.conv1.weight', 'module.layer1.2.bn1.weight', 'module.layer1.2.bn1.bias', 'module.layer1.2.bn1.running_mean', 'module.layer1.2.bn1.running_var', 'module.layer1.2.conv2.weight', 'module.layer1.2.bn2.weight', 'module.layer1.2.bn2.bias', 'module.layer1.2.bn2.running_mean', 'module.layer1.2.bn2.running_var', 'module.layer1.2.conv3.weight', 'module.layer1.2.bn3.weight', 'module.layer1.2.bn3.bias', 'module.layer1.2.bn3.running_mean', 'module.layer1.2.bn3.running_var', 'module.layer2.0.conv1.weight', 'module.layer2.0.bn1.weight', 'module.layer2.0.bn1.bias', 'module.layer2.0.bn1.running_mean', 'module.layer2.0.bn1.running_var', 'module.layer2.0.conv2.weight', 'module.layer2.0.bn2.weight', 'module.layer2.0.bn2.bias', 'module.layer2.0.bn2.running_mean', 'module.layer2.0.bn2.running_var', 'module.layer2.0.conv3.weight', 'module.layer2.0.bn3.weight', 'module.layer2.0.bn3.bias', 'module.layer2.0.bn3.running_mean', 'module.layer2.0.bn3.running_var', 'module.layer2.0.downsample.0.weight', 'module.layer2.0.downsample.1.weight', 'module.layer2.0.downsample.1.bias', 'module.layer2.0.downsample.1.running_mean', 'module.layer2.0.downsample.1.running_var', 'module.layer2.1.conv1.weight', 'module.layer2.1.bn1.weight', 'module.layer2.1.bn1.bias', 'module.layer2.1.bn1.running_mean', 'module.layer2.1.bn1.running_var', 'module.layer2.1.conv2.weight', 'module.layer2.1.bn2.weight', 'module.layer2.1.bn2.bias', 'module.layer2.1.bn2.running_mean', 'module.layer2.1.bn2.running_var', 'module.layer2.1.conv3.weight', 'module.layer2.1.bn3.weight', 'module.layer2.1.bn3.bias', 'module.layer2.1.bn3.running_mean', 'module.layer2.1.bn3.running_var', 'module.layer2.2.conv1.weight', 'module.layer2.2.bn1.weight', 'module.layer2.2.bn1.bias', 'module.layer2.2.bn1.running_mean', 'module.layer2.2.bn1.running_var', 'module.layer2.2.conv2.weight', 'module.layer2.2.bn2.weight', 'module.layer2.2.bn2.bias', 'module.layer2.2.bn2.running_mean', 'module.layer2.2.bn2.running_var', 'module.layer2.2.conv3.weight', 'module.layer2.2.bn3.weight', 'module.layer2.2.bn3.bias', 'module.layer2.2.bn3.running_mean', 'module.layer2.2.bn3.running_var', 'module.layer2.3.conv1.weight', 'module.layer2.3.bn1.weight', 'module.layer2.3.bn1.bias', 'module.layer2.3.bn1.running_mean', 'module.layer2.3.bn1.running_var', 'module.layer2.3.conv2.weight', 'module.layer2.3.bn2.weight', 'module.layer2.3.bn2.bias', 'module.layer2.3.bn2.running_mean', 'module.layer2.3.bn2.running_var', 'module.layer2.3.conv3.weight', 'module.layer2.3.bn3.weight', 'module.layer2.3.bn3.bias', 'module.layer2.3.bn3.running_mean', 'module.layer2.3.bn3.running_var', 'module.layer3.0.conv1.weight', 'module.layer3.0.bn1.weight', 'module.layer3.0.bn1.bias', 'module.layer3.0.bn1.running_mean', 'module.layer3.0.bn1.running_var', 'module.layer3.0.conv2.weight', 'module.layer3.0.bn2.weight', 'module.layer3.0.bn2.bias', 'module.layer3.0.bn2.running_mean', 'module.layer3.0.bn2.running_var', 'module.layer3.0.conv3.weight', 'module.layer3.0.bn3.weight', 'module.layer3.0.bn3.bias', 'module.layer3.0.bn3.running_mean', 'module.layer3.0.bn3.running_var', 'module.layer3.0.downsample.0.weight', 'module.layer3.0.downsample.1.weight', 'module.layer3.0.downsample.1.bias', 'module.layer3.0.downsample.1.running_mean', 'module.layer3.0.downsample.1.running_var', 'module.layer3.1.conv1.weight', 'module.layer3.1.bn1.weight', 'module.layer3.1.bn1.bias', 'module.layer3.1.bn1.running_mean', 'module.layer3.1.bn1.running_var', 'module.layer3.1.conv2.weight', 'module.layer3.1.bn2.weight', 'module.layer3.1.bn2.bias', 'module.layer3.1.bn2.running_mean', 'module.layer3.1.bn2.running_var', 'module.layer3.1.conv3.weight', 'module.layer3.1.bn3.weight', 'module.layer3.1.bn3.bias', 'module.layer3.1.bn3.running_mean', 'module.layer3.1.bn3.running_var', 'module.layer3.2.conv1.weight', 'module.layer3.2.bn1.weight', 'module.layer3.2.bn1.bias', 'module.layer3.2.bn1.running_mean', 'module.layer3.2.bn1.running_var', 'module.layer3.2.conv2.weight', 'module.layer3.2.bn2.weight', 'module.layer3.2.bn2.bias', 'module.layer3.2.bn2.running_mean', 'module.layer3.2.bn2.running_var', 'module.layer3.2.conv3.weight', 'module.layer3.2.bn3.weight', 'module.layer3.2.bn3.bias', 'module.layer3.2.bn3.running_mean', 'module.layer3.2.bn3.running_var', 'module.layer3.3.conv1.weight', 'module.layer3.3.bn1.weight', 'module.layer3.3.bn1.bias', 'module.layer3.3.bn1.running_mean', 'module.layer3.3.bn1.running_var', 'module.layer3.3.conv2.weight', 'module.layer3.3.bn2.weight', 'module.layer3.3.bn2.bias', 'module.layer3.3.bn2.running_mean', 'module.layer3.3.bn2.running_var', 'module.layer3.3.conv3.weight', 'module.layer3.3.bn3.weight', 'module.layer3.3.bn3.bias', 'module.layer3.3.bn3.running_mean', 'module.layer3.3.bn3.running_var', 'module.layer3.4.conv1.weight', 'module.layer3.4.bn1.weight', 'module.layer3.4.bn1.bias', 'module.layer3.4.bn1.running_mean', 'module.layer3.4.bn1.running_var', 'module.layer3.4.conv2.weight', 'module.layer3.4.bn2.weight', 'module.layer3.4.bn2.bias', 'module.layer3.4.bn2.running_mean', 'module.layer3.4.bn2.running_var', 'module.layer3.4.conv3.weight', 'module.layer3.4.bn3.weight', 'module.layer3.4.bn3.bias', 'module.layer3.4.bn3.running_mean', 'module.layer3.4.bn3.running_var', 'module.layer3.5.conv1.weight', 'module.layer3.5.bn1.weight', 'module.layer3.5.bn1.bias', 'module.layer3.5.bn1.running_mean', 'module.layer3.5.bn1.running_var', 'module.layer3.5.conv2.weight', 'module.layer3.5.bn2.weight', 'module.layer3.5.bn2.bias', 'module.layer3.5.bn2.running_mean', 'module.layer3.5.bn2.running_var', 'module.layer3.5.conv3.weight', 'module.layer3.5.bn3.weight', 'module.layer3.5.bn3.bias', 'module.layer3.5.bn3.running_mean', 'module.layer3.5.bn3.running_var', 'module.layer4.0.conv1.weight', 'module.layer4.0.bn1.weight', 'module.layer4.0.bn1.bias', 'module.layer4.0.bn1.running_mean', 'module.layer4.0.bn1.running_var', 'module.layer4.0.conv2.weight', 'module.layer4.0.bn2.weight', 'module.layer4.0.bn2.bias', 'module.layer4.0.bn2.running_mean', 'module.layer4.0.bn2.running_var', 'module.layer4.0.conv3.weight', 'module.layer4.0.bn3.weight', 'module.layer4.0.bn3.bias', 'module.layer4.0.bn3.running_mean', 'module.layer4.0.bn3.running_var', 'module.layer4.0.downsample.0.weight', 'module.layer4.0.downsample.1.weight', 'module.layer4.0.downsample.1.bias', 'module.layer4.0.downsample.1.running_mean', 'module.layer4.0.downsample.1.running_var', 'module.layer4.1.conv1.weight', 'module.layer4.1.bn1.weight', 'module.layer4.1.bn1.bias', 'module.layer4.1.bn1.running_mean', 'module.layer4.1.bn1.running_var', 'module.layer4.1.conv2.weight', 'module.layer4.1.bn2.weight', 'module.layer4.1.bn2.bias', 'module.layer4.1.bn2.running_mean', 'module.layer4.1.bn2.running_var', 'module.layer4.1.conv3.weight', 'module.layer4.1.bn3.weight', 'module.layer4.1.bn3.bias', 'module.layer4.1.bn3.running_mean', 'module.layer4.1.bn3.running_var', 'module.layer4.2.conv1.weight', 'module.layer4.2.bn1.weight', 'module.layer4.2.bn1.bias', 'module.layer4.2.bn1.running_mean', 'module.layer4.2.bn1.running_var', 'module.layer4.2.conv2.weight', 'module.layer4.2.bn2.weight', 'module.layer4.2.bn2.bias', 'module.layer4.2.bn2.running_mean', 'module.layer4.2.bn2.running_var', 'module.layer4.2.conv3.weight', 'module.layer4.2.bn3.weight', 'module.layer4.2.bn3.bias', 'module.layer4.2.bn3.running_mean', 'module.layer4.2.bn3.running_var'], unexpected_keys=['conv1.weight', 'bn1.weight', 'bn1.bias', 'bn1.running_mean', 'bn1.running_var', 'bn1.num_batches_tracked', 'layer1.0.conv1.weight', 'layer1.0.bn1.weight', 'layer1.0.bn1.bias', 'layer1.0.bn1.running_mean', 'layer1.0.bn1.running_var', 'layer1.0.bn1.num_batches_tracked', 'layer1.0.conv2.weight', 'layer1.0.bn2.weight', 'layer1.0.bn2.bias', 'layer1.0.bn2.running_mean', 'layer1.0.bn2.running_var', 'layer1.0.bn2.num_batches_tracked', 'layer1.0.conv3.weight', 'layer1.0.bn3.weight', 'layer1.0.bn3.bias', 'layer1.0.bn3.running_mean', 'layer1.0.bn3.running_var', 'layer1.0.bn3.num_batches_tracked', 'layer1.0.downsample.0.weight', 'layer1.0.downsample.1.weight', 'layer1.0.downsample.1.bias', 'layer1.0.downsample.1.running_mean', 'layer1.0.downsample.1.running_var', 'layer1.0.downsample.1.num_batches_tracked', 'layer1.1.conv1.weight', 'layer1.1.bn1.weight', 'layer1.1.bn1.bias', 'layer1.1.bn1.running_mean', 'layer1.1.bn1.running_var', 'layer1.1.bn1.num_batches_tracked', 'layer1.1.conv2.weight', 'layer1.1.bn2.weight', 'layer1.1.bn2.bias', 'layer1.1.bn2.running_mean', 'layer1.1.bn2.running_var', 'layer1.1.bn2.num_batches_tracked', 'layer1.1.conv3.weight', 'layer1.1.bn3.weight', 'layer1.1.bn3.bias', 'layer1.1.bn3.running_mean', 'layer1.1.bn3.running_var', 'layer1.1.bn3.num_batches_tracked', 'layer1.2.conv1.weight', 'layer1.2.bn1.weight', 'layer1.2.bn1.bias', 'layer1.2.bn1.running_mean', 'layer1.2.bn1.running_var', 'layer1.2.bn1.num_batches_tracked', 'layer1.2.conv2.weight', 'layer1.2.bn2.weight', 'layer1.2.bn2.bias', 'layer1.2.bn2.running_mean', 'layer1.2.bn2.running_var', 'layer1.2.bn2.num_batches_tracked', 'layer1.2.conv3.weight', 'layer1.2.bn3.weight', 'layer1.2.bn3.bias', 'layer1.2.bn3.running_mean', 'layer1.2.bn3.running_var', 'layer1.2.bn3.num_batches_tracked', 'layer2.0.conv1.weight', 'layer2.0.bn1.weight', 'layer2.0.bn1.bias', 'layer2.0.bn1.running_mean', 'layer2.0.bn1.running_var', 'layer2.0.bn1.num_batches_tracked', 'layer2.0.conv2.weight', 'layer2.0.bn2.weight', 'layer2.0.bn2.bias', 'layer2.0.bn2.running_mean', 'layer2.0.bn2.running_var', 'layer2.0.bn2.num_batches_tracked', 'layer2.0.conv3.weight', 'layer2.0.bn3.weight', 'layer2.0.bn3.bias', 'layer2.0.bn3.running_mean', 'layer2.0.bn3.running_var', 'layer2.0.bn3.num_batches_tracked', 'layer2.0.downsample.0.weight', 'layer2.0.downsample.1.weight', 'layer2.0.downsample.1.bias', 'layer2.0.downsample.1.running_mean', 'layer2.0.downsample.1.running_var', 'layer2.0.downsample.1.num_batches_tracked', 'layer2.1.conv1.weight', 'layer2.1.bn1.weight', 'layer2.1.bn1.bias', 'layer2.1.bn1.running_mean', 'layer2.1.bn1.running_var', 'layer2.1.bn1.num_batches_tracked', 'layer2.1.conv2.weight', 'layer2.1.bn2.weight', 'layer2.1.bn2.bias', 'layer2.1.bn2.running_mean', 'layer2.1.bn2.running_var', 'layer2.1.bn2.num_batches_tracked', 'layer2.1.conv3.weight', 'layer2.1.bn3.weight', 'layer2.1.bn3.bias', 'layer2.1.bn3.running_mean', 'layer2.1.bn3.running_var', 'layer2.1.bn3.num_batches_tracked', 'layer2.2.conv1.weight', 'layer2.2.bn1.weight', 'layer2.2.bn1.bias', 'layer2.2.bn1.running_mean', 'layer2.2.bn1.running_var', 'layer2.2.bn1.num_batches_tracked', 'layer2.2.conv2.weight', 'layer2.2.bn2.weight', 'layer2.2.bn2.bias', 'layer2.2.bn2.running_mean', 'layer2.2.bn2.running_var', 'layer2.2.bn2.num_batches_tracked', 'layer2.2.conv3.weight', 'layer2.2.bn3.weight', 'layer2.2.bn3.bias', 'layer2.2.bn3.running_mean', 'layer2.2.bn3.running_var', 'layer2.2.bn3.num_batches_tracked', 'layer2.3.conv1.weight', 'layer2.3.bn1.weight', 'layer2.3.bn1.bias', 'layer2.3.bn1.running_mean', 'layer2.3.bn1.running_var', 'layer2.3.bn1.num_batches_tracked', 'layer2.3.conv2.weight', 'layer2.3.bn2.weight', 'layer2.3.bn2.bias', 'layer2.3.bn2.running_mean', 'layer2.3.bn2.running_var', 'layer2.3.bn2.num_batches_tracked', 'layer2.3.conv3.weight', 'layer2.3.bn3.weight', 'layer2.3.bn3.bias', 'layer2.3.bn3.running_mean', 'layer2.3.bn3.running_var', 'layer2.3.bn3.num_batches_tracked', 'layer3.0.conv1.weight', 'layer3.0.bn1.weight', 'layer3.0.bn1.bias', 'layer3.0.bn1.running_mean', 'layer3.0.bn1.running_var', 'layer3.0.bn1.num_batches_tracked', 'layer3.0.conv2.weight', 'layer3.0.bn2.weight', 'layer3.0.bn2.bias', 'layer3.0.bn2.running_mean', 'layer3.0.bn2.running_var', 'layer3.0.bn2.num_batches_tracked', 'layer3.0.conv3.weight', 'layer3.0.bn3.weight', 'layer3.0.bn3.bias', 'layer3.0.bn3.running_mean', 'layer3.0.bn3.running_var', 'layer3.0.bn3.num_batches_tracked', 'layer3.0.downsample.0.weight', 'layer3.0.downsample.1.weight', 'layer3.0.downsample.1.bias', 'layer3.0.downsample.1.running_mean', 'layer3.0.downsample.1.running_var', 'layer3.0.downsample.1.num_batches_tracked', 'layer3.1.conv1.weight', 'layer3.1.bn1.weight', 'layer3.1.bn1.bias', 'layer3.1.bn1.running_mean', 'layer3.1.bn1.running_var', 'layer3.1.bn1.num_batches_tracked', 'layer3.1.conv2.weight', 'layer3.1.bn2.weight', 'layer3.1.bn2.bias', 'layer3.1.bn2.running_mean', 'layer3.1.bn2.running_var', 'layer3.1.bn2.num_batches_tracked', 'layer3.1.conv3.weight', 'layer3.1.bn3.weight', 'layer3.1.bn3.bias', 'layer3.1.bn3.running_mean', 'layer3.1.bn3.running_var', 'layer3.1.bn3.num_batches_tracked', 'layer3.2.conv1.weight', 'layer3.2.bn1.weight', 'layer3.2.bn1.bias', 'layer3.2.bn1.running_mean', 'layer3.2.bn1.running_var', 'layer3.2.bn1.num_batches_tracked', 'layer3.2.conv2.weight', 'layer3.2.bn2.weight', 'layer3.2.bn2.bias', 'layer3.2.bn2.running_mean', 'layer3.2.bn2.running_var', 'layer3.2.bn2.num_batches_tracked', 'layer3.2.conv3.weight', 'layer3.2.bn3.weight', 'layer3.2.bn3.bias', 'layer3.2.bn3.running_mean', 'layer3.2.bn3.running_var', 'layer3.2.bn3.num_batches_tracked', 'layer3.3.conv1.weight', 'layer3.3.bn1.weight', 'layer3.3.bn1.bias', 'layer3.3.bn1.running_mean', 'layer3.3.bn1.running_var', 'layer3.3.bn1.num_batches_tracked', 'layer3.3.conv2.weight', 'layer3.3.bn2.weight', 'layer3.3.bn2.bias', 'layer3.3.bn2.running_mean', 'layer3.3.bn2.running_var', 'layer3.3.bn2.num_batches_tracked', 'layer3.3.conv3.weight', 'layer3.3.bn3.weight', 'layer3.3.bn3.bias', 'layer3.3.bn3.running_mean', 'layer3.3.bn3.running_var', 'layer3.3.bn3.num_batches_tracked', 'layer3.4.conv1.weight', 'layer3.4.bn1.weight', 'layer3.4.bn1.bias', 'layer3.4.bn1.running_mean', 'layer3.4.bn1.running_var', 'layer3.4.bn1.num_batches_tracked', 'layer3.4.conv2.weight', 'layer3.4.bn2.weight', 'layer3.4.bn2.bias', 'layer3.4.bn2.running_mean', 'layer3.4.bn2.running_var', 'layer3.4.bn2.num_batches_tracked', 'layer3.4.conv3.weight', 'layer3.4.bn3.weight', 'layer3.4.bn3.bias', 'layer3.4.bn3.running_mean', 'layer3.4.bn3.running_var', 'layer3.4.bn3.num_batches_tracked', 'layer3.5.conv1.weight', 'layer3.5.bn1.weight', 'layer3.5.bn1.bias', 'layer3.5.bn1.running_mean', 'layer3.5.bn1.running_var', 'layer3.5.bn1.num_batches_tracked', 'layer3.5.conv2.weight', 'layer3.5.bn2.weight', 'layer3.5.bn2.bias', 'layer3.5.bn2.running_mean', 'layer3.5.bn2.running_var', 'layer3.5.bn2.num_batches_tracked', 'layer3.5.conv3.weight', 'layer3.5.bn3.weight', 'layer3.5.bn3.bias', 'layer3.5.bn3.running_mean', 'layer3.5.bn3.running_var', 'layer3.5.bn3.num_batches_tracked', 'layer4.0.conv1.weight', 'layer4.0.bn1.weight', 'layer4.0.bn1.bias', 'layer4.0.bn1.running_mean', 'layer4.0.bn1.running_var', 'layer4.0.bn1.num_batches_tracked', 'layer4.0.conv2.weight', 'layer4.0.bn2.weight', 'layer4.0.bn2.bias', 'layer4.0.bn2.running_mean', 'layer4.0.bn2.running_var', 'layer4.0.bn2.num_batches_tracked', 'layer4.0.conv3.weight', 'layer4.0.bn3.weight', 'layer4.0.bn3.bias', 'layer4.0.bn3.running_mean', 'layer4.0.bn3.running_var', 'layer4.0.bn3.num_batches_tracked', 'layer4.0.downsample.0.weight', 'layer4.0.downsample.1.weight', 'layer4.0.downsample.1.bias', 'layer4.0.downsample.1.running_mean', 'layer4.0.downsample.1.running_var', 'layer4.0.downsample.1.num_batches_tracked', 'layer4.1.conv1.weight', 'layer4.1.bn1.weight', 'layer4.1.bn1.bias', 'layer4.1.bn1.running_mean', 'layer4.1.bn1.running_var', 'layer4.1.bn1.num_batches_tracked', 'layer4.1.conv2.weight', 'layer4.1.bn2.weight', 'layer4.1.bn2.bias', 'layer4.1.bn2.running_mean', 'layer4.1.bn2.running_var', 'layer4.1.bn2.num_batches_tracked', 'layer4.1.conv3.weight', 'layer4.1.bn3.weight', 'layer4.1.bn3.bias', 'layer4.1.bn3.running_mean', 'layer4.1.bn3.running_var', 'layer4.1.bn3.num_batches_tracked', 'layer4.2.conv1.weight', 'layer4.2.bn1.weight', 'layer4.2.bn1.bias', 'layer4.2.bn1.running_mean', 'layer4.2.bn1.running_var', 'layer4.2.bn1.num_batches_tracked', 'layer4.2.conv2.weight', 'layer4.2.bn2.weight', 'layer4.2.bn2.bias', 'layer4.2.bn2.running_mean', 'layer4.2.bn2.running_var', 'layer4.2.bn2.num_batches_tracked', 'layer4.2.conv3.weight', 'layer4.2.bn3.weight', 'layer4.2.bn3.bias', 'layer4.2.bn3.running_mean', 'layer4.2.bn3.running_var', 'layer4.2.bn3.num_batches_tracked', 'projection_head.0.weight', 'projection_head.0.bias', 'projection_head.1.weight', 'projection_head.1.bias', 'projection_head.1.running_mean', 'projection_head.1.running_var', 'projection_head.1.num_batches_tracked', 'projection_head.3.weight', 'projection_head.3.bias', 'prototypes.weight'])
INFO - 12/12/22 09:11:12 - 0:00:10 - ============ Starting epoch 0 ... ============
INFO - 12/12/22 09:11:49 - 0:00:47 - Epoch[0] - Iter: [0/2503]	Time 37.314 (37.314)	Data 29.157 (29.157)	Loss 51.9394 (51.9394)	Prec 0.000 (0.000)	LR 0.3
INFO - 12/12/22 09:12:17 - 0:01:15 - Epoch[0] - Iter: [50/2503]	Time 0.552 (1.274)	Data 0.000 (0.572)	Loss 366180.9375 (169722.6127)	Prec 0.000 (0.088)	LR 0.3
INFO - 12/12/22 09:12:44 - 0:01:43 - Epoch[0] - Iter: [100/2503]	Time 0.553 (0.918)	Data 0.000 (0.289)	Loss 700533.4375 (328864.5207)	Prec 0.000 (0.081)	LR 0.3
INFO - 12/12/22 09:13:12 - 0:02:11 - Epoch[0] - Iter: [150/2503]	Time 0.552 (0.797)	Data 0.000 (0.193)	Loss 857497.4375 (483478.0300)	Prec 0.000 (0.093)	LR 0.3
INFO - 12/12/22 09:13:40 - 0:02:38 - Epoch[0] - Iter: [200/2503]	Time 0.556 (0.737)	Data 0.000 (0.145)	Loss 1368303.2500 (636394.8490)	Prec 0.195 (0.093)	LR 0.3
INFO - 12/12/22 09:14:07 - 0:03:06 - Epoch[0] - Iter: [250/2503]	Time 0.553 (0.700)	Data 0.000 (0.117)	Loss 1730747.8750 (789262.0071)	Prec 0.000 (0.091)	LR 0.3
INFO - 12/12/22 09:14:35 - 0:03:34 - Epoch[0] - Iter: [300/2503]	Time 0.557 (0.676)	Data 0.000 (0.097)	Loss 1949983.7500 (930474.3423)	Prec 0.000 (0.089)	LR 0.3
INFO - 12/12/22 09:15:03 - 0:04:01 - Epoch[0] - Iter: [350/2503]	Time 0.554 (0.659)	Data 0.000 (0.083)	Loss 1953334.6250 (1070245.5482)	Prec 0.195 (0.096)	LR 0.3
INFO - 12/12/22 09:15:30 - 0:04:29 - Epoch[0] - Iter: [400/2503]	Time 0.554 (0.646)	Data 0.000 (0.073)	Loss 2392617.7500 (1203979.3673)	Prec 0.000 (0.093)	LR 0.3
INFO - 12/12/22 09:15:58 - 0:04:57 - Epoch[0] - Iter: [450/2503]	Time 0.556 (0.635)	Data 0.000 (0.065)	Loss 2450969.5000 (1336529.9768)	Prec 0.000 (0.099)	LR 0.3
INFO - 12/12/22 09:16:26 - 0:05:24 - Epoch[0] - Iter: [500/2503]	Time 0.554 (0.627)	Data 0.000 (0.059)	Loss 2660934.7500 (1463264.0325)	Prec 0.000 (0.101)	LR 0.3
INFO - 12/12/22 09:16:54 - 0:05:52 - Epoch[0] - Iter: [550/2503]	Time 0.557 (0.621)	Data 0.000 (0.053)	Loss 2770431.2500 (1582715.8989)	Prec 0.000 (0.102)	LR 0.3
INFO - 12/12/22 09:17:21 - 0:06:20 - Epoch[0] - Iter: [600/2503]	Time 0.553 (0.615)	Data 0.000 (0.049)	Loss 3047652.7500 (1702665.2226)	Prec 0.000 (0.105)	LR 0.3
INFO - 12/12/22 09:17:49 - 0:06:48 - Epoch[0] - Iter: [650/2503]	Time 0.555 (0.611)	Data 0.000 (0.045)	Loss 3226774.7500 (1815297.6456)	Prec 0.391 (0.108)	LR 0.3
