INFO - 01/09/23 09:15:20 - 0:00:00 - ============ Initialized logger ============
INFO - 01/09/23 09:15:20 - 0:00:00 - arch: resnet50
                                     batch_size: 32
                                     data_path: C:\Users\chris\Downloads\ILSVRC\Data\CLS-LOC
                                     decay_epochs: [60, 80]
                                     dist_url: file:\C:\Users\chris\pytorch_runtime_ddp_process\swav_linear
                                     dump_checkpoints: D:\code_cluster\me_swav\facebook_swav\experiments\cw_linear_03_twogpu\checkpoints
                                     dump_path: D:\code_cluster\me_swav\facebook_swav\experiments\cw_linear_03_twogpu
                                     epochs: 100
                                     final_lr: 0
                                     gamma: 0.1
                                     global_pooling: True
                                     gpu_to_work_on: 1
                                     is_slurm_job: False
                                     lr: 0.3
                                     nesterov: False
                                     pretrained: D:\code_cluster\me_swav\pretrained\swav_800ep_pretrain.pth.tar
                                     rank: 1
                                     scheduler_type: cosine
                                     seed: 31
                                     use_bn: False
                                     wd: 1e-06
                                     workers: 10
                                     world_size: 2
INFO - 01/09/23 09:15:20 - 0:00:00 - The experiment will be stored in D:\code_cluster\me_swav\facebook_swav\experiments\cw_linear_03_twogpu
                                     

INFO - 01/09/23 09:15:30 - 0:00:10 - Building data done
INFO - 01/09/23 09:15:31 - 0:00:10 - None
INFO - 01/09/23 09:15:31 - 0:00:10 - None
INFO - 01/09/23 09:15:31 - 0:00:10 - None
INFO - 01/09/23 09:15:32 - 0:00:11 - Load pretrained model with msg: _IncompatibleKeys(missing_keys=[], unexpected_keys=['projection_head.0.weight', 'projection_head.0.bias', 'projection_head.1.weight', 'projection_head.1.bias', 'projection_head.1.running_mean', 'projection_head.1.running_var', 'projection_head.1.num_batches_tracked', 'projection_head.3.weight', 'projection_head.3.bias', 'prototypes.weight'])
INFO - 01/09/23 09:15:32 - 0:00:11 - ============ Starting epoch 0 ... ============
