INFO - 01/09/23 09:15:20 - 0:00:00 - ============ Initialized logger ============
INFO - 01/09/23 09:15:20 - 0:00:00 - arch: resnet50
                                     batch_size: 32
                                     data_path: C:\Users\chris\Downloads\ILSVRC\Data\CLS-LOC
                                     decay_epochs: [60, 80]
                                     dist_url: file:\C:\Users\chris\pytorch_runtime_ddp_process\swav_linear
                                     dump_checkpoints: D:\code_cluster\me_swav\facebook_swav\experiments\cw_linear_03_twogpu\checkpoints
                                     dump_path: D:\code_cluster\me_swav\facebook_swav\experiments\cw_linear_03_twogpu
                                     epochs: 100
                                     final_lr: 0
                                     gamma: 0.1
                                     global_pooling: True
                                     gpu_to_work_on: 0
                                     is_slurm_job: False
                                     lr: 0.3
                                     nesterov: False
                                     pretrained: D:\code_cluster\me_swav\pretrained\swav_800ep_pretrain.pth.tar
                                     rank: 0
                                     scheduler_type: cosine
                                     seed: 31
                                     use_bn: False
                                     wd: 1e-06
                                     workers: 10
                                     world_size: 2
INFO - 01/09/23 09:15:20 - 0:00:00 - The experiment will be stored in D:\code_cluster\me_swav\facebook_swav\experiments\cw_linear_03_twogpu
                                     

INFO - 01/09/23 09:15:30 - 0:00:10 - Building data done
INFO - 01/09/23 09:15:30 - 0:00:10 - None
INFO - 01/09/23 09:15:30 - 0:00:10 - None
INFO - 01/09/23 09:15:31 - 0:00:10 - None
INFO - 01/09/23 09:15:31 - 0:00:11 - Load pretrained model with msg: _IncompatibleKeys(missing_keys=[], unexpected_keys=['projection_head.0.weight', 'projection_head.0.bias', 'projection_head.1.weight', 'projection_head.1.bias', 'projection_head.1.running_mean', 'projection_head.1.running_var', 'projection_head.1.num_batches_tracked', 'projection_head.3.weight', 'projection_head.3.bias', 'prototypes.weight'])
INFO - 01/09/23 09:15:31 - 0:00:11 - ============ Starting epoch 0 ... ============
INFO - 01/09/23 09:16:02 - 0:00:41 - Epoch[0] - Iter: [0/20019]	Time 30.143 (30.143)	Data 27.054 (27.054)	Loss 6.9080 (6.9080)	Prec 0.000 (0.000)	LR 0.3
INFO - 01/09/23 09:16:05 - 0:00:45 - Epoch[0] - Iter: [50/20019]	Time 0.065 (0.656)	Data 0.000 (0.531)	Loss 6.3502 (6.8117)	Prec 9.375 (2.512)	LR 0.3
INFO - 01/09/23 09:16:08 - 0:00:48 - Epoch[0] - Iter: [100/20019]	Time 0.066 (0.364)	Data 0.000 (0.268)	Loss 5.4202 (6.4618)	Prec 25.000 (5.910)	LR 0.3
INFO - 01/09/23 09:16:12 - 0:00:51 - Epoch[0] - Iter: [150/20019]	Time 0.065 (0.265)	Data 0.000 (0.179)	Loss 5.1683 (6.1142)	Prec 12.500 (9.147)	LR 0.3
INFO - 01/09/23 09:16:15 - 0:00:55 - Epoch[0] - Iter: [200/20019]	Time 0.066 (0.216)	Data 0.000 (0.135)	Loss 5.0778 (5.8109)	Prec 18.750 (12.189)	LR 0.3
INFO - 01/09/23 09:16:18 - 0:00:58 - Epoch[0] - Iter: [250/20019]	Time 0.066 (0.186)	Data 0.000 (0.108)	Loss 4.2935 (5.5317)	Prec 25.000 (14.890)	LR 0.3
INFO - 01/09/23 09:16:21 - 0:01:01 - Epoch[0] - Iter: [300/20019]	Time 0.065 (0.166)	Data 0.000 (0.090)	Loss 4.1793 (5.2785)	Prec 34.375 (17.411)	LR 0.3
INFO - 01/09/23 09:16:25 - 0:01:04 - Epoch[0] - Iter: [350/20019]	Time 0.067 (0.152)	Data 0.000 (0.077)	Loss 3.9376 (5.0617)	Prec 31.250 (19.916)	LR 0.3
INFO - 01/09/23 09:16:28 - 0:01:08 - Epoch[0] - Iter: [400/20019]	Time 0.067 (0.141)	Data 0.000 (0.068)	Loss 3.8110 (4.8825)	Prec 34.375 (21.781)	LR 0.3
INFO - 01/09/23 09:16:31 - 0:01:11 - Epoch[0] - Iter: [450/20019]	Time 0.065 (0.132)	Data 0.000 (0.060)	Loss 2.9979 (4.7110)	Prec 43.750 (23.663)	LR 0.3
INFO - 01/09/23 09:16:34 - 0:01:14 - Epoch[0] - Iter: [500/20019]	Time 0.065 (0.126)	Data 0.000 (0.054)	Loss 2.9327 (4.5523)	Prec 34.375 (25.399)	LR 0.3
INFO - 01/09/23 09:16:38 - 0:01:18 - Epoch[0] - Iter: [550/20019]	Time 0.067 (0.120)	Data 0.000 (0.049)	Loss 2.7139 (4.4238)	Prec 37.500 (26.792)	LR 0.3
INFO - 01/09/23 09:16:41 - 0:01:21 - Epoch[0] - Iter: [600/20019]	Time 0.066 (0.116)	Data 0.000 (0.045)	Loss 3.5316 (4.3028)	Prec 34.375 (28.182)	LR 0.3
INFO - 01/09/23 09:16:44 - 0:01:24 - Epoch[0] - Iter: [650/20019]	Time 0.065 (0.112)	Data 0.000 (0.042)	Loss 2.9301 (4.1939)	Prec 40.625 (29.455)	LR 0.3
INFO - 01/09/23 09:16:48 - 0:01:27 - Epoch[0] - Iter: [700/20019]	Time 0.066 (0.109)	Data 0.000 (0.039)	Loss 3.1186 (4.0936)	Prec 43.750 (30.568)	LR 0.3
INFO - 01/09/23 09:16:51 - 0:01:31 - Epoch[0] - Iter: [750/20019]	Time 0.067 (0.106)	Data 0.000 (0.036)	Loss 2.2539 (3.9982)	Prec 59.375 (31.670)	LR 0.3
INFO - 01/09/23 09:16:54 - 0:01:34 - Epoch[0] - Iter: [800/20019]	Time 0.068 (0.103)	Data 0.000 (0.034)	Loss 2.7705 (3.9104)	Prec 40.625 (32.627)	LR 0.3
INFO - 01/09/23 09:16:57 - 0:01:37 - Epoch[0] - Iter: [850/20019]	Time 0.066 (0.101)	Data 0.000 (0.032)	Loss 2.5545 (3.8344)	Prec 50.000 (33.545)	LR 0.3
INFO - 01/09/23 09:17:01 - 0:01:41 - Epoch[0] - Iter: [900/20019]	Time 0.065 (0.099)	Data 0.000 (0.030)	Loss 2.4033 (3.7614)	Prec 46.875 (34.257)	LR 0.3
INFO - 01/09/23 09:17:04 - 0:01:44 - Epoch[0] - Iter: [950/20019]	Time 0.066 (0.097)	Data 0.000 (0.029)	Loss 1.9750 (3.6924)	Prec 56.250 (35.154)	LR 0.3
INFO - 01/09/23 09:17:07 - 0:01:47 - Epoch[0] - Iter: [1000/20019]	Time 0.065 (0.096)	Data 0.000 (0.027)	Loss 2.2204 (3.6308)	Prec 65.625 (35.895)	LR 0.3
INFO - 01/09/23 09:17:11 - 0:01:50 - Epoch[0] - Iter: [1050/20019]	Time 0.064 (0.094)	Data 0.000 (0.026)	Loss 2.3433 (3.5752)	Prec 50.000 (36.566)	LR 0.3
INFO - 01/09/23 09:17:14 - 0:01:54 - Epoch[0] - Iter: [1100/20019]	Time 0.065 (0.093)	Data 0.000 (0.025)	Loss 2.4192 (3.5169)	Prec 53.125 (37.225)	LR 0.3
INFO - 01/09/23 09:17:17 - 0:01:57 - Epoch[0] - Iter: [1150/20019]	Time 0.065 (0.092)	Data 0.000 (0.024)	Loss 2.2410 (3.4689)	Prec 46.875 (37.739)	LR 0.3
INFO - 01/09/23 09:17:21 - 0:02:00 - Epoch[0] - Iter: [1200/20019]	Time 0.066 (0.091)	Data 0.000 (0.023)	Loss 2.2074 (3.4228)	Prec 50.000 (38.239)	LR 0.3
INFO - 01/09/23 09:17:24 - 0:02:04 - Epoch[0] - Iter: [1250/20019]	Time 0.065 (0.090)	Data 0.000 (0.022)	Loss 1.7109 (3.3784)	Prec 65.625 (38.784)	LR 0.3
INFO - 01/09/23 09:17:27 - 0:02:07 - Epoch[0] - Iter: [1300/20019]	Time 0.066 (0.089)	Data 0.000 (0.021)	Loss 1.5586 (3.3354)	Prec 68.750 (39.289)	LR 0.3
INFO - 01/09/23 09:17:30 - 0:02:10 - Epoch[0] - Iter: [1350/20019]	Time 0.067 (0.088)	Data 0.000 (0.020)	Loss 2.2737 (3.2935)	Prec 56.250 (39.917)	LR 0.3
INFO - 01/09/23 09:17:34 - 0:02:14 - Epoch[0] - Iter: [1400/20019]	Time 0.067 (0.087)	Data 0.000 (0.020)	Loss 2.4821 (3.2593)	Prec 50.000 (40.281)	LR 0.3
INFO - 01/09/23 09:17:37 - 0:02:17 - Epoch[0] - Iter: [1450/20019]	Time 0.066 (0.087)	Data 0.000 (0.019)	Loss 2.4402 (3.2224)	Prec 46.875 (40.756)	LR 0.3
INFO - 01/09/23 09:17:40 - 0:02:20 - Epoch[0] - Iter: [1500/20019]	Time 0.067 (0.086)	Data 0.000 (0.018)	Loss 1.8848 (3.1876)	Prec 65.625 (41.170)	LR 0.3
INFO - 01/09/23 09:17:44 - 0:02:23 - Epoch[0] - Iter: [1550/20019]	Time 0.066 (0.085)	Data 0.000 (0.018)	Loss 2.4272 (3.1586)	Prec 43.750 (41.489)	LR 0.3
INFO - 01/09/23 09:17:47 - 0:02:27 - Epoch[0] - Iter: [1600/20019]	Time 0.066 (0.085)	Data 0.000 (0.017)	Loss 2.5660 (3.1293)	Prec 53.125 (41.810)	LR 0.3
INFO - 01/09/23 09:17:50 - 0:02:30 - Epoch[0] - Iter: [1650/20019]	Time 0.068 (0.084)	Data 0.000 (0.017)	Loss 2.3489 (3.0985)	Prec 59.375 (42.200)	LR 0.3
INFO - 01/09/23 09:17:54 - 0:02:33 - Epoch[0] - Iter: [1700/20019]	Time 0.065 (0.084)	Data 0.000 (0.016)	Loss 1.9282 (3.0720)	Prec 62.500 (42.534)	LR 0.3
INFO - 01/09/23 09:17:57 - 0:02:37 - Epoch[0] - Iter: [1750/20019]	Time 0.066 (0.083)	Data 0.000 (0.016)	Loss 2.4258 (3.0451)	Prec 46.875 (42.867)	LR 0.3
INFO - 01/09/23 09:18:00 - 0:02:40 - Epoch[0] - Iter: [1800/20019]	Time 0.066 (0.083)	Data 0.000 (0.015)	Loss 2.4052 (3.0194)	Prec 46.875 (43.191)	LR 0.3
INFO - 01/09/23 09:18:03 - 0:02:43 - Epoch[0] - Iter: [1850/20019]	Time 0.066 (0.082)	Data 0.000 (0.015)	Loss 2.0871 (2.9951)	Prec 59.375 (43.539)	LR 0.3
INFO - 01/09/23 09:18:07 - 0:02:47 - Epoch[0] - Iter: [1900/20019]	Time 0.066 (0.082)	Data 0.000 (0.014)	Loss 2.0181 (2.9715)	Prec 53.125 (43.831)	LR 0.3
INFO - 01/09/23 09:18:10 - 0:02:50 - Epoch[0] - Iter: [1950/20019]	Time 0.066 (0.081)	Data 0.000 (0.014)	Loss 2.0779 (2.9479)	Prec 53.125 (44.098)	LR 0.3
INFO - 01/09/23 09:18:13 - 0:02:53 - Epoch[0] - Iter: [2000/20019]	Time 0.067 (0.081)	Data 0.000 (0.014)	Loss 2.3129 (2.9274)	Prec 56.250 (44.397)	LR 0.3
INFO - 01/09/23 09:18:17 - 0:02:57 - Epoch[0] - Iter: [2050/20019]	Time 0.066 (0.081)	Data 0.000 (0.013)	Loss 2.0902 (2.9054)	Prec 50.000 (44.690)	LR 0.3
INFO - 01/09/23 09:18:20 - 0:03:00 - Epoch[0] - Iter: [2100/20019]	Time 0.066 (0.080)	Data 0.000 (0.013)	Loss 2.1307 (2.8835)	Prec 43.750 (44.985)	LR 0.3
INFO - 01/09/23 09:18:23 - 0:03:03 - Epoch[0] - Iter: [2150/20019]	Time 0.066 (0.080)	Data 0.000 (0.013)	Loss 2.0332 (2.8637)	Prec 43.750 (45.191)	LR 0.3
INFO - 01/09/23 09:18:27 - 0:03:06 - Epoch[0] - Iter: [2200/20019]	Time 0.066 (0.080)	Data 0.000 (0.013)	Loss 2.0393 (2.8440)	Prec 56.250 (45.440)	LR 0.3
INFO - 01/09/23 09:18:30 - 0:03:10 - Epoch[0] - Iter: [2250/20019]	Time 0.067 (0.079)	Data 0.000 (0.012)	Loss 1.5827 (2.8263)	Prec 71.875 (45.646)	LR 0.3
INFO - 01/09/23 09:18:33 - 0:03:13 - Epoch[0] - Iter: [2300/20019]	Time 0.066 (0.079)	Data 0.000 (0.012)	Loss 1.7790 (2.8076)	Prec 65.625 (45.905)	LR 0.3
INFO - 01/09/23 09:18:37 - 0:03:16 - Epoch[0] - Iter: [2350/20019]	Time 0.065 (0.079)	Data 0.000 (0.012)	Loss 2.4693 (2.7923)	Prec 40.625 (46.099)	LR 0.3
INFO - 01/09/23 09:18:40 - 0:03:20 - Epoch[0] - Iter: [2400/20019]	Time 0.067 (0.078)	Data 0.000 (0.012)	Loss 1.8392 (2.7762)	Prec 53.125 (46.310)	LR 0.3
INFO - 01/09/23 09:18:43 - 0:03:23 - Epoch[0] - Iter: [2450/20019]	Time 0.066 (0.078)	Data 0.000 (0.011)	Loss 2.4543 (2.7617)	Prec 46.875 (46.470)	LR 0.3
INFO - 01/09/23 09:18:46 - 0:03:26 - Epoch[0] - Iter: [2500/20019]	Time 0.066 (0.078)	Data 0.000 (0.011)	Loss 1.8949 (2.7458)	Prec 53.125 (46.640)	LR 0.3
INFO - 01/09/23 09:18:50 - 0:03:30 - Epoch[0] - Iter: [2550/20019]	Time 0.068 (0.078)	Data 0.000 (0.011)	Loss 1.8828 (2.7291)	Prec 53.125 (46.832)	LR 0.3
INFO - 01/09/23 09:18:53 - 0:03:33 - Epoch[0] - Iter: [2600/20019]	Time 0.067 (0.078)	Data 0.000 (0.011)	Loss 1.3054 (2.7139)	Prec 62.500 (47.002)	LR 0.3
INFO - 01/09/23 09:18:56 - 0:03:36 - Epoch[0] - Iter: [2650/20019]	Time 0.065 (0.077)	Data 0.000 (0.010)	Loss 1.6592 (2.6997)	Prec 50.000 (47.189)	LR 0.3
INFO - 01/09/23 09:19:00 - 0:03:40 - Epoch[0] - Iter: [2700/20019]	Time 0.066 (0.077)	Data 0.000 (0.010)	Loss 2.4909 (2.6862)	Prec 56.250 (47.366)	LR 0.3
INFO - 01/09/23 09:19:03 - 0:03:43 - Epoch[0] - Iter: [2750/20019]	Time 0.068 (0.077)	Data 0.000 (0.010)	Loss 1.9156 (2.6731)	Prec 50.000 (47.541)	LR 0.3
INFO - 01/09/23 09:19:06 - 0:03:46 - Epoch[0] - Iter: [2800/20019]	Time 0.066 (0.077)	Data 0.000 (0.010)	Loss 1.8780 (2.6605)	Prec 62.500 (47.720)	LR 0.3
INFO - 01/09/23 09:19:10 - 0:03:50 - Epoch[0] - Iter: [2850/20019]	Time 0.065 (0.077)	Data 0.000 (0.010)	Loss 1.2636 (2.6480)	Prec 62.500 (47.861)	LR 0.3
INFO - 01/09/23 09:19:13 - 0:03:53 - Epoch[0] - Iter: [2900/20019]	Time 0.067 (0.076)	Data 0.000 (0.010)	Loss 1.9720 (2.6361)	Prec 50.000 (47.991)	LR 0.3
INFO - 01/09/23 09:19:16 - 0:03:56 - Epoch[0] - Iter: [2950/20019]	Time 0.066 (0.076)	Data 0.000 (0.009)	Loss 1.8591 (2.6246)	Prec 59.375 (48.132)	LR 0.3
INFO - 01/09/23 09:19:20 - 0:04:00 - Epoch[0] - Iter: [3000/20019]	Time 0.065 (0.076)	Data 0.000 (0.009)	Loss 2.1764 (2.6120)	Prec 50.000 (48.322)	LR 0.3
INFO - 01/09/23 09:19:23 - 0:04:03 - Epoch[0] - Iter: [3050/20019]	Time 0.065 (0.076)	Data 0.000 (0.009)	Loss 1.8012 (2.6006)	Prec 53.125 (48.451)	LR 0.3
INFO - 01/09/23 09:19:26 - 0:04:06 - Epoch[0] - Iter: [3100/20019]	Time 0.066 (0.076)	Data 0.000 (0.009)	Loss 2.1476 (2.5888)	Prec 43.750 (48.617)	LR 0.3
INFO - 01/09/23 09:19:30 - 0:04:09 - Epoch[0] - Iter: [3150/20019]	Time 0.065 (0.076)	Data 0.000 (0.009)	Loss 1.5762 (2.5759)	Prec 62.500 (48.781)	LR 0.3
INFO - 01/09/23 09:19:33 - 0:04:13 - Epoch[0] - Iter: [3200/20019]	Time 0.067 (0.075)	Data 0.000 (0.009)	Loss 1.8469 (2.5642)	Prec 53.125 (48.955)	LR 0.3
INFO - 01/09/23 09:19:36 - 0:04:16 - Epoch[0] - Iter: [3250/20019]	Time 0.069 (0.075)	Data 0.000 (0.009)	Loss 2.3734 (2.5543)	Prec 56.250 (49.077)	LR 0.3
INFO - 01/09/23 09:19:40 - 0:04:19 - Epoch[0] - Iter: [3300/20019]	Time 0.065 (0.075)	Data 0.000 (0.008)	Loss 1.6496 (2.5446)	Prec 62.500 (49.200)	LR 0.3
INFO - 01/09/23 09:19:43 - 0:04:23 - Epoch[0] - Iter: [3350/20019]	Time 0.066 (0.075)	Data 0.000 (0.008)	Loss 1.9845 (2.5361)	Prec 59.375 (49.298)	LR 0.3
INFO - 01/09/23 09:19:46 - 0:04:26 - Epoch[0] - Iter: [3400/20019]	Time 0.066 (0.075)	Data 0.000 (0.008)	Loss 1.8300 (2.5261)	Prec 62.500 (49.419)	LR 0.3
INFO - 01/09/23 09:19:50 - 0:04:29 - Epoch[0] - Iter: [3450/20019]	Time 0.067 (0.075)	Data 0.000 (0.008)	Loss 1.7952 (2.5159)	Prec 50.000 (49.546)	LR 0.3
INFO - 01/09/23 09:19:53 - 0:04:33 - Epoch[0] - Iter: [3500/20019]	Time 0.065 (0.075)	Data 0.000 (0.008)	Loss 1.7146 (2.5062)	Prec 65.625 (49.702)	LR 0.3
INFO - 01/09/23 09:19:56 - 0:04:36 - Epoch[0] - Iter: [3550/20019]	Time 0.065 (0.075)	Data 0.000 (0.008)	Loss 1.8083 (2.4988)	Prec 62.500 (49.798)	LR 0.3
INFO - 01/09/23 09:19:59 - 0:04:39 - Epoch[0] - Iter: [3600/20019]	Time 0.066 (0.074)	Data 0.000 (0.008)	Loss 2.0515 (2.4895)	Prec 59.375 (49.922)	LR 0.3
INFO - 01/09/23 09:20:03 - 0:04:43 - Epoch[0] - Iter: [3650/20019]	Time 0.066 (0.074)	Data 0.000 (0.008)	Loss 2.5111 (2.4799)	Prec 53.125 (50.053)	LR 0.3
INFO - 01/09/23 09:20:06 - 0:04:46 - Epoch[0] - Iter: [3700/20019]	Time 0.066 (0.074)	Data 0.000 (0.008)	Loss 1.9607 (2.4711)	Prec 56.250 (50.159)	LR 0.3
INFO - 01/09/23 09:20:09 - 0:04:49 - Epoch[0] - Iter: [3750/20019]	Time 0.066 (0.074)	Data 0.000 (0.007)	Loss 2.0152 (2.4625)	Prec 56.250 (50.259)	LR 0.3
INFO - 01/09/23 09:20:13 - 0:04:52 - Epoch[0] - Iter: [3800/20019]	Time 0.066 (0.074)	Data 0.000 (0.007)	Loss 1.8783 (2.4557)	Prec 56.250 (50.360)	LR 0.3
INFO - 01/09/23 09:20:16 - 0:04:56 - Epoch[0] - Iter: [3850/20019]	Time 0.068 (0.074)	Data 0.000 (0.007)	Loss 2.1862 (2.4476)	Prec 46.875 (50.462)	LR 0.3
INFO - 01/09/23 09:20:19 - 0:04:59 - Epoch[0] - Iter: [3900/20019]	Time 0.067 (0.074)	Data 0.000 (0.007)	Loss 1.4588 (2.4385)	Prec 65.625 (50.580)	LR 0.3
INFO - 01/09/23 09:20:23 - 0:05:02 - Epoch[0] - Iter: [3950/20019]	Time 0.067 (0.074)	Data 0.000 (0.007)	Loss 1.8142 (2.4297)	Prec 65.625 (50.709)	LR 0.3
INFO - 01/09/23 09:20:26 - 0:05:06 - Epoch[0] - Iter: [4000/20019]	Time 0.066 (0.074)	Data 0.000 (0.007)	Loss 2.2755 (2.4216)	Prec 53.125 (50.835)	LR 0.3
INFO - 01/09/23 09:20:29 - 0:05:09 - Epoch[0] - Iter: [4050/20019]	Time 0.066 (0.073)	Data 0.000 (0.007)	Loss 2.0959 (2.4137)	Prec 53.125 (50.947)	LR 0.3
INFO - 01/09/23 09:20:33 - 0:05:12 - Epoch[0] - Iter: [4100/20019]	Time 0.070 (0.073)	Data 0.000 (0.007)	Loss 2.0548 (2.4057)	Prec 56.250 (51.074)	LR 0.3
INFO - 01/09/23 09:20:36 - 0:05:16 - Epoch[0] - Iter: [4150/20019]	Time 0.066 (0.073)	Data 0.000 (0.007)	Loss 2.2284 (2.3987)	Prec 59.375 (51.189)	LR 0.3
INFO - 01/09/23 09:20:39 - 0:05:19 - Epoch[0] - Iter: [4200/20019]	Time 0.067 (0.073)	Data 0.000 (0.007)	Loss 1.6415 (2.3910)	Prec 68.750 (51.278)	LR 0.3
INFO - 01/09/23 09:20:42 - 0:05:22 - Epoch[0] - Iter: [4250/20019]	Time 0.067 (0.073)	Data 0.000 (0.007)	Loss 1.9608 (2.3848)	Prec 46.875 (51.369)	LR 0.3
INFO - 01/09/23 09:20:46 - 0:05:26 - Epoch[0] - Iter: [4300/20019]	Time 0.066 (0.073)	Data 0.000 (0.007)	Loss 1.7803 (2.3779)	Prec 59.375 (51.467)	LR 0.3
INFO - 01/09/23 09:20:49 - 0:05:29 - Epoch[0] - Iter: [4350/20019]	Time 0.067 (0.073)	Data 0.000 (0.006)	Loss 1.5296 (2.3711)	Prec 68.750 (51.565)	LR 0.3
INFO - 01/09/23 09:20:52 - 0:05:32 - Epoch[0] - Iter: [4400/20019]	Time 0.081 (0.073)	Data 0.000 (0.006)	Loss 1.1145 (2.3647)	Prec 71.875 (51.637)	LR 0.3
INFO - 01/09/23 09:20:56 - 0:05:36 - Epoch[0] - Iter: [4450/20019]	Time 0.066 (0.073)	Data 0.000 (0.006)	Loss 2.5719 (2.3580)	Prec 50.000 (51.737)	LR 0.3
INFO - 01/09/23 09:20:59 - 0:05:39 - Epoch[0] - Iter: [4500/20019]	Time 0.066 (0.073)	Data 0.000 (0.006)	Loss 1.5824 (2.3512)	Prec 53.125 (51.827)	LR 0.3
INFO - 01/09/23 09:21:02 - 0:05:42 - Epoch[0] - Iter: [4550/20019]	Time 0.066 (0.073)	Data 0.000 (0.006)	Loss 1.5138 (2.3458)	Prec 65.625 (51.888)	LR 0.3
INFO - 01/09/23 09:21:06 - 0:05:46 - Epoch[0] - Iter: [4600/20019]	Time 0.066 (0.073)	Data 0.000 (0.006)	Loss 1.1600 (2.3404)	Prec 71.875 (51.967)	LR 0.3
INFO - 01/09/23 09:21:09 - 0:05:49 - Epoch[0] - Iter: [4650/20019]	Time 0.066 (0.073)	Data 0.000 (0.006)	Loss 2.0695 (2.3346)	Prec 50.000 (52.047)	LR 0.3
INFO - 01/09/23 09:21:12 - 0:05:52 - Epoch[0] - Iter: [4700/20019]	Time 0.065 (0.073)	Data 0.000 (0.006)	Loss 1.8584 (2.3288)	Prec 53.125 (52.132)	LR 0.3
INFO - 01/09/23 09:21:16 - 0:05:55 - Epoch[0] - Iter: [4750/20019]	Time 0.066 (0.072)	Data 0.000 (0.006)	Loss 1.0409 (2.3220)	Prec 75.000 (52.212)	LR 0.3
INFO - 01/09/23 09:21:19 - 0:05:59 - Epoch[0] - Iter: [4800/20019]	Time 0.067 (0.072)	Data 0.000 (0.006)	Loss 2.4961 (2.3165)	Prec 53.125 (52.291)	LR 0.3
INFO - 01/09/23 09:21:22 - 0:06:02 - Epoch[0] - Iter: [4850/20019]	Time 0.065 (0.072)	Data 0.000 (0.006)	Loss 0.9966 (2.3113)	Prec 65.625 (52.365)	LR 0.3
INFO - 01/09/23 09:21:26 - 0:06:05 - Epoch[0] - Iter: [4900/20019]	Time 0.066 (0.072)	Data 0.000 (0.006)	Loss 2.0408 (2.3061)	Prec 56.250 (52.449)	LR 0.3
INFO - 01/09/23 09:21:29 - 0:06:09 - Epoch[0] - Iter: [4950/20019]	Time 0.066 (0.072)	Data 0.000 (0.006)	Loss 2.3085 (2.3016)	Prec 46.875 (52.515)	LR 0.3
INFO - 01/09/23 09:21:32 - 0:06:12 - Epoch[0] - Iter: [5000/20019]	Time 0.066 (0.072)	Data 0.000 (0.006)	Loss 2.1556 (2.2964)	Prec 53.125 (52.587)	LR 0.3
INFO - 01/09/23 09:21:36 - 0:06:16 - Epoch[0] - Iter: [5050/20019]	Time 0.066 (0.072)	Data 0.000 (0.006)	Loss 1.3591 (2.2909)	Prec 59.375 (52.673)	LR 0.3
INFO - 01/09/23 09:21:39 - 0:06:19 - Epoch[0] - Iter: [5100/20019]	Time 0.065 (0.072)	Data 0.000 (0.006)	Loss 2.5204 (2.2856)	Prec 50.000 (52.740)	LR 0.3
INFO - 01/09/23 09:21:42 - 0:06:22 - Epoch[0] - Iter: [5150/20019]	Time 0.066 (0.072)	Data 0.000 (0.006)	Loss 1.3924 (2.2807)	Prec 62.500 (52.808)	LR 0.3
INFO - 01/09/23 09:21:46 - 0:06:25 - Epoch[0] - Iter: [5200/20019]	Time 0.069 (0.072)	Data 0.000 (0.005)	Loss 2.1845 (2.2758)	Prec 62.500 (52.873)	LR 0.3
INFO - 01/09/23 09:21:49 - 0:06:29 - Epoch[0] - Iter: [5250/20019]	Time 0.067 (0.072)	Data 0.000 (0.005)	Loss 1.5657 (2.2705)	Prec 53.125 (52.951)	LR 0.3
INFO - 01/09/23 09:21:52 - 0:06:32 - Epoch[0] - Iter: [5300/20019]	Time 0.067 (0.072)	Data 0.000 (0.005)	Loss 1.4178 (2.2652)	Prec 65.625 (53.044)	LR 0.3
INFO - 01/09/23 09:21:56 - 0:06:35 - Epoch[0] - Iter: [5350/20019]	Time 0.066 (0.072)	Data 0.000 (0.005)	Loss 1.3164 (2.2600)	Prec 59.375 (53.117)	LR 0.3
INFO - 01/09/23 09:21:59 - 0:06:39 - Epoch[0] - Iter: [5400/20019]	Time 0.065 (0.072)	Data 0.000 (0.005)	Loss 1.5929 (2.2547)	Prec 62.500 (53.184)	LR 0.3
INFO - 01/09/23 09:22:02 - 0:06:42 - Epoch[0] - Iter: [5450/20019]	Time 0.069 (0.072)	Data 0.000 (0.005)	Loss 2.3002 (2.2503)	Prec 56.250 (53.253)	LR 0.3
INFO - 01/09/23 09:22:06 - 0:06:45 - Epoch[0] - Iter: [5500/20019]	Time 0.065 (0.072)	Data 0.000 (0.005)	Loss 1.4477 (2.2453)	Prec 62.500 (53.314)	LR 0.3
INFO - 01/09/23 09:22:09 - 0:06:49 - Epoch[0] - Iter: [5550/20019]	Time 0.065 (0.072)	Data 0.000 (0.005)	Loss 1.8594 (2.2408)	Prec 62.500 (53.389)	LR 0.3
INFO - 01/09/23 09:22:12 - 0:06:52 - Epoch[0] - Iter: [5600/20019]	Time 0.067 (0.072)	Data 0.000 (0.005)	Loss 0.9290 (2.2359)	Prec 71.875 (53.463)	LR 0.3
INFO - 01/09/23 09:22:16 - 0:06:55 - Epoch[0] - Iter: [5650/20019]	Time 0.066 (0.072)	Data 0.000 (0.005)	Loss 2.1943 (2.2314)	Prec 46.875 (53.520)	LR 0.3
INFO - 01/09/23 09:22:19 - 0:06:59 - Epoch[0] - Iter: [5700/20019]	Time 0.065 (0.071)	Data 0.000 (0.005)	Loss 1.5487 (2.2264)	Prec 56.250 (53.584)	LR 0.3
INFO - 01/09/23 09:22:22 - 0:07:02 - Epoch[0] - Iter: [5750/20019]	Time 0.067 (0.071)	Data 0.000 (0.005)	Loss 1.1777 (2.2226)	Prec 62.500 (53.639)	LR 0.3
INFO - 01/09/23 09:22:26 - 0:07:06 - Epoch[0] - Iter: [5800/20019]	Time 0.066 (0.071)	Data 0.000 (0.005)	Loss 1.2907 (2.2184)	Prec 68.750 (53.693)	LR 0.3
INFO - 01/09/23 09:22:29 - 0:07:09 - Epoch[0] - Iter: [5850/20019]	Time 0.065 (0.071)	Data 0.000 (0.005)	Loss 1.6687 (2.2142)	Prec 56.250 (53.765)	LR 0.3
INFO - 01/09/23 09:22:32 - 0:07:12 - Epoch[0] - Iter: [5900/20019]	Time 0.065 (0.071)	Data 0.000 (0.005)	Loss 0.8326 (2.2098)	Prec 84.375 (53.833)	LR 0.3
INFO - 01/09/23 09:22:36 - 0:07:15 - Epoch[0] - Iter: [5950/20019]	Time 0.066 (0.071)	Data 0.000 (0.005)	Loss 1.7610 (2.2057)	Prec 59.375 (53.891)	LR 0.3
INFO - 01/09/23 09:22:39 - 0:07:19 - Epoch[0] - Iter: [6000/20019]	Time 0.066 (0.071)	Data 0.000 (0.005)	Loss 1.2929 (2.2022)	Prec 68.750 (53.945)	LR 0.3
INFO - 01/09/23 09:22:42 - 0:07:22 - Epoch[0] - Iter: [6050/20019]	Time 0.066 (0.071)	Data 0.000 (0.005)	Loss 1.1475 (2.1984)	Prec 78.125 (54.000)	LR 0.3
INFO - 01/09/23 09:22:46 - 0:07:25 - Epoch[0] - Iter: [6100/20019]	Time 0.065 (0.071)	Data 0.000 (0.005)	Loss 1.8926 (2.1949)	Prec 65.625 (54.050)	LR 0.3
INFO - 01/09/23 09:22:49 - 0:07:29 - Epoch[0] - Iter: [6150/20019]	Time 0.067 (0.071)	Data 0.000 (0.005)	Loss 1.5104 (2.1910)	Prec 71.875 (54.118)	LR 0.3
INFO - 01/09/23 09:22:52 - 0:07:32 - Epoch[0] - Iter: [6200/20019]	Time 0.067 (0.071)	Data 0.000 (0.005)	Loss 1.4403 (2.1866)	Prec 59.375 (54.178)	LR 0.3
INFO - 01/09/23 09:22:56 - 0:07:35 - Epoch[0] - Iter: [6250/20019]	Time 0.066 (0.071)	Data 0.000 (0.005)	Loss 1.5259 (2.1821)	Prec 62.500 (54.245)	LR 0.3
INFO - 01/09/23 09:22:59 - 0:07:39 - Epoch[0] - Iter: [6300/20019]	Time 0.067 (0.071)	Data 0.000 (0.005)	Loss 1.3823 (2.1785)	Prec 59.375 (54.291)	LR 0.3
INFO - 01/09/23 09:23:02 - 0:07:42 - Epoch[0] - Iter: [6350/20019]	Time 0.067 (0.071)	Data 0.000 (0.005)	Loss 1.9586 (2.1750)	Prec 62.500 (54.341)	LR 0.3
INFO - 01/09/23 09:23:06 - 0:07:45 - Epoch[0] - Iter: [6400/20019]	Time 0.065 (0.071)	Data 0.000 (0.004)	Loss 2.3966 (2.1716)	Prec 56.250 (54.396)	LR 0.3
INFO - 01/09/23 09:23:09 - 0:07:49 - Epoch[0] - Iter: [6450/20019]	Time 0.066 (0.071)	Data 0.000 (0.004)	Loss 1.2987 (2.1679)	Prec 71.875 (54.460)	LR 0.3
INFO - 01/09/23 09:23:12 - 0:07:52 - Epoch[0] - Iter: [6500/20019]	Time 0.065 (0.071)	Data 0.000 (0.004)	Loss 1.6211 (2.1648)	Prec 71.875 (54.502)	LR 0.3
INFO - 01/09/23 09:23:16 - 0:07:55 - Epoch[0] - Iter: [6550/20019]	Time 0.066 (0.071)	Data 0.000 (0.004)	Loss 1.4969 (2.1612)	Prec 65.625 (54.555)	LR 0.3
INFO - 01/09/23 09:23:19 - 0:07:59 - Epoch[0] - Iter: [6600/20019]	Time 0.066 (0.071)	Data 0.000 (0.004)	Loss 1.6729 (2.1573)	Prec 53.125 (54.603)	LR 0.3
INFO - 01/09/23 09:23:22 - 0:08:02 - Epoch[0] - Iter: [6650/20019]	Time 0.066 (0.071)	Data 0.000 (0.004)	Loss 1.9397 (2.1537)	Prec 56.250 (54.658)	LR 0.3
INFO - 01/09/23 09:23:26 - 0:08:05 - Epoch[0] - Iter: [6700/20019]	Time 0.066 (0.071)	Data 0.000 (0.004)	Loss 1.8202 (2.1504)	Prec 59.375 (54.702)	LR 0.3
INFO - 01/09/23 09:23:29 - 0:08:09 - Epoch[0] - Iter: [6750/20019]	Time 0.067 (0.071)	Data 0.000 (0.004)	Loss 1.6159 (2.1471)	Prec 68.750 (54.748)	LR 0.3
INFO - 01/09/23 09:23:32 - 0:08:12 - Epoch[0] - Iter: [6800/20019]	Time 0.068 (0.071)	Data 0.000 (0.004)	Loss 1.7589 (2.1441)	Prec 65.625 (54.803)	LR 0.3
INFO - 01/09/23 09:23:36 - 0:08:15 - Epoch[0] - Iter: [6850/20019]	Time 0.066 (0.071)	Data 0.000 (0.004)	Loss 1.7414 (2.1402)	Prec 65.625 (54.867)	LR 0.3
INFO - 01/09/23 09:23:39 - 0:08:19 - Epoch[0] - Iter: [6900/20019]	Time 0.066 (0.071)	Data 0.000 (0.004)	Loss 1.3981 (2.1374)	Prec 75.000 (54.914)	LR 0.3
INFO - 01/09/23 09:23:42 - 0:08:22 - Epoch[0] - Iter: [6950/20019]	Time 0.066 (0.071)	Data 0.000 (0.004)	Loss 1.8671 (2.1346)	Prec 56.250 (54.958)	LR 0.3
INFO - 01/09/23 09:23:46 - 0:08:25 - Epoch[0] - Iter: [7000/20019]	Time 0.066 (0.071)	Data 0.000 (0.004)	Loss 1.1716 (2.1312)	Prec 68.750 (55.012)	LR 0.3
INFO - 01/09/23 09:23:49 - 0:08:29 - Epoch[0] - Iter: [7050/20019]	Time 0.069 (0.071)	Data 0.000 (0.004)	Loss 0.7854 (2.1278)	Prec 75.000 (55.066)	LR 0.3
INFO - 01/09/23 09:23:52 - 0:08:32 - Epoch[0] - Iter: [7100/20019]	Time 0.066 (0.071)	Data 0.000 (0.004)	Loss 2.0423 (2.1243)	Prec 46.875 (55.115)	LR 0.3
INFO - 01/09/23 09:23:56 - 0:08:35 - Epoch[0] - Iter: [7150/20019]	Time 0.066 (0.070)	Data 0.000 (0.004)	Loss 1.6950 (2.1213)	Prec 56.250 (55.164)	LR 0.3
INFO - 01/09/23 09:23:59 - 0:08:39 - Epoch[0] - Iter: [7200/20019]	Time 0.065 (0.070)	Data 0.000 (0.004)	Loss 2.4297 (2.1184)	Prec 56.250 (55.206)	LR 0.3
INFO - 01/09/23 09:24:02 - 0:08:42 - Epoch[0] - Iter: [7250/20019]	Time 0.067 (0.070)	Data 0.000 (0.004)	Loss 1.4099 (2.1153)	Prec 62.500 (55.246)	LR 0.3
INFO - 01/09/23 09:24:05 - 0:08:45 - Epoch[0] - Iter: [7300/20019]	Time 0.068 (0.070)	Data 0.000 (0.004)	Loss 1.9655 (2.1122)	Prec 59.375 (55.293)	LR 0.3
INFO - 01/09/23 09:24:09 - 0:08:49 - Epoch[0] - Iter: [7350/20019]	Time 0.065 (0.070)	Data 0.000 (0.004)	Loss 1.3216 (2.1092)	Prec 71.875 (55.327)	LR 0.3
INFO - 01/09/23 09:24:12 - 0:08:52 - Epoch[0] - Iter: [7400/20019]	Time 0.067 (0.070)	Data 0.000 (0.004)	Loss 1.8947 (2.1061)	Prec 56.250 (55.371)	LR 0.3
INFO - 01/09/23 09:24:16 - 0:08:55 - Epoch[0] - Iter: [7450/20019]	Time 0.065 (0.070)	Data 0.000 (0.004)	Loss 1.8801 (2.1036)	Prec 71.875 (55.404)	LR 0.3
INFO - 01/09/23 09:24:19 - 0:08:59 - Epoch[0] - Iter: [7500/20019]	Time 0.068 (0.070)	Data 0.000 (0.004)	Loss 1.8967 (2.1010)	Prec 62.500 (55.433)	LR 0.3
INFO - 01/09/23 09:24:22 - 0:09:02 - Epoch[0] - Iter: [7550/20019]	Time 0.065 (0.070)	Data 0.000 (0.004)	Loss 1.1858 (2.0982)	Prec 68.750 (55.467)	LR 0.3
INFO - 01/09/23 09:24:25 - 0:09:05 - Epoch[0] - Iter: [7600/20019]	Time 0.066 (0.070)	Data 0.000 (0.004)	Loss 1.4279 (2.0955)	Prec 62.500 (55.506)	LR 0.3
INFO - 01/09/23 09:24:29 - 0:09:09 - Epoch[0] - Iter: [7650/20019]	Time 0.067 (0.070)	Data 0.000 (0.004)	Loss 2.1404 (2.0926)	Prec 56.250 (55.550)	LR 0.3
INFO - 01/09/23 09:24:32 - 0:09:12 - Epoch[0] - Iter: [7700/20019]	Time 0.066 (0.070)	Data 0.000 (0.004)	Loss 1.1195 (2.0895)	Prec 71.875 (55.601)	LR 0.3
INFO - 01/09/23 09:24:36 - 0:09:15 - Epoch[0] - Iter: [7750/20019]	Time 0.066 (0.070)	Data 0.000 (0.004)	Loss 1.5257 (2.0865)	Prec 75.000 (55.643)	LR 0.3
INFO - 01/09/23 09:24:39 - 0:09:19 - Epoch[0] - Iter: [7800/20019]	Time 0.065 (0.070)	Data 0.000 (0.004)	Loss 1.9772 (2.0844)	Prec 50.000 (55.673)	LR 0.3
INFO - 01/09/23 09:24:42 - 0:09:22 - Epoch[0] - Iter: [7850/20019]	Time 0.066 (0.070)	Data 0.000 (0.004)	Loss 1.6041 (2.0817)	Prec 62.500 (55.713)	LR 0.3
INFO - 01/09/23 09:24:46 - 0:09:25 - Epoch[0] - Iter: [7900/20019]	Time 0.066 (0.070)	Data 0.000 (0.004)	Loss 1.7084 (2.0798)	Prec 68.750 (55.741)	LR 0.3
INFO - 01/09/23 09:24:49 - 0:09:29 - Epoch[0] - Iter: [7950/20019]	Time 0.066 (0.070)	Data 0.000 (0.004)	Loss 2.4106 (2.0769)	Prec 46.875 (55.777)	LR 0.3
INFO - 01/09/23 09:24:52 - 0:09:32 - Epoch[0] - Iter: [8000/20019]	Time 0.067 (0.070)	Data 0.000 (0.004)	Loss 1.3538 (2.0737)	Prec 62.500 (55.825)	LR 0.3
INFO - 01/09/23 09:24:56 - 0:09:35 - Epoch[0] - Iter: [8050/20019]	Time 0.069 (0.070)	Data 0.000 (0.004)	Loss 1.9618 (2.0717)	Prec 59.375 (55.856)	LR 0.3
INFO - 01/09/23 09:24:59 - 0:09:39 - Epoch[0] - Iter: [8100/20019]	Time 0.065 (0.070)	Data 0.000 (0.004)	Loss 2.0621 (2.0687)	Prec 53.125 (55.899)	LR 0.3
INFO - 01/09/23 09:25:02 - 0:09:42 - Epoch[0] - Iter: [8150/20019]	Time 0.067 (0.070)	Data 0.000 (0.004)	Loss 2.3294 (2.0661)	Prec 46.875 (55.935)	LR 0.3
INFO - 01/09/23 09:25:06 - 0:09:46 - Epoch[0] - Iter: [8200/20019]	Time 0.065 (0.070)	Data 0.000 (0.004)	Loss 1.5559 (2.0636)	Prec 65.625 (55.968)	LR 0.3
INFO - 01/09/23 09:25:09 - 0:09:49 - Epoch[0] - Iter: [8250/20019]	Time 0.066 (0.070)	Data 0.000 (0.004)	Loss 1.6536 (2.0614)	Prec 65.625 (56.002)	LR 0.3
INFO - 01/09/23 09:25:12 - 0:09:52 - Epoch[0] - Iter: [8300/20019]	Time 0.067 (0.070)	Data 0.000 (0.004)	Loss 1.5314 (2.0590)	Prec 59.375 (56.042)	LR 0.3
INFO - 01/09/23 09:25:16 - 0:09:56 - Epoch[0] - Iter: [8350/20019]	Time 0.068 (0.070)	Data 0.000 (0.004)	Loss 1.0265 (2.0567)	Prec 81.250 (56.079)	LR 0.3
INFO - 01/09/23 09:25:19 - 0:09:59 - Epoch[0] - Iter: [8400/20019]	Time 0.066 (0.070)	Data 0.000 (0.003)	Loss 1.2555 (2.0545)	Prec 71.875 (56.106)	LR 0.3
INFO - 01/09/23 09:25:22 - 0:10:02 - Epoch[0] - Iter: [8450/20019]	Time 0.066 (0.070)	Data 0.000 (0.003)	Loss 1.1669 (2.0520)	Prec 75.000 (56.143)	LR 0.3
INFO - 01/09/23 09:25:26 - 0:10:06 - Epoch[0] - Iter: [8500/20019]	Time 0.066 (0.070)	Data 0.000 (0.003)	Loss 1.8746 (2.0497)	Prec 50.000 (56.182)	LR 0.3
INFO - 01/09/23 09:25:29 - 0:10:09 - Epoch[0] - Iter: [8550/20019]	Time 0.066 (0.070)	Data 0.000 (0.003)	Loss 1.3393 (2.0472)	Prec 65.625 (56.226)	LR 0.3
INFO - 01/09/23 09:25:32 - 0:10:12 - Epoch[0] - Iter: [8600/20019]	Time 0.066 (0.070)	Data 0.000 (0.003)	Loss 2.4143 (2.0452)	Prec 43.750 (56.254)	LR 0.3
INFO - 01/09/23 09:25:36 - 0:10:16 - Epoch[0] - Iter: [8650/20019]	Time 0.066 (0.070)	Data 0.000 (0.003)	Loss 1.7721 (2.0433)	Prec 59.375 (56.283)	LR 0.3
INFO - 01/09/23 09:25:39 - 0:10:19 - Epoch[0] - Iter: [8700/20019]	Time 0.065 (0.070)	Data 0.000 (0.003)	Loss 1.3605 (2.0408)	Prec 62.500 (56.320)	LR 0.3
INFO - 01/09/23 09:25:43 - 0:10:22 - Epoch[0] - Iter: [8750/20019]	Time 0.066 (0.070)	Data 0.000 (0.003)	Loss 1.2359 (2.0379)	Prec 71.875 (56.369)	LR 0.3
INFO - 01/09/23 09:25:46 - 0:10:26 - Epoch[0] - Iter: [8800/20019]	Time 0.068 (0.070)	Data 0.000 (0.003)	Loss 1.6820 (2.0360)	Prec 62.500 (56.390)	LR 0.3
INFO - 01/09/23 09:25:49 - 0:10:29 - Epoch[0] - Iter: [8850/20019]	Time 0.066 (0.070)	Data 0.000 (0.003)	Loss 1.5869 (2.0345)	Prec 59.375 (56.408)	LR 0.3
INFO - 01/09/23 09:25:53 - 0:10:32 - Epoch[0] - Iter: [8900/20019]	Time 0.065 (0.070)	Data 0.000 (0.003)	Loss 1.0488 (2.0323)	Prec 78.125 (56.443)	LR 0.3
INFO - 01/09/23 09:25:56 - 0:10:36 - Epoch[0] - Iter: [8950/20019]	Time 0.065 (0.070)	Data 0.000 (0.003)	Loss 1.7818 (2.0302)	Prec 65.625 (56.479)	LR 0.3
INFO - 01/09/23 09:25:59 - 0:10:39 - Epoch[0] - Iter: [9000/20019]	Time 0.069 (0.070)	Data 0.000 (0.003)	Loss 1.8631 (2.0287)	Prec 62.500 (56.500)	LR 0.3
INFO - 01/09/23 09:26:03 - 0:10:43 - Epoch[0] - Iter: [9050/20019]	Time 0.069 (0.070)	Data 0.000 (0.003)	Loss 2.3169 (2.0262)	Prec 53.125 (56.533)	LR 0.3
INFO - 01/09/23 09:26:06 - 0:10:46 - Epoch[0] - Iter: [9100/20019]	Time 0.067 (0.070)	Data 0.000 (0.003)	Loss 1.6541 (2.0235)	Prec 59.375 (56.572)	LR 0.3
INFO - 01/09/23 09:26:10 - 0:10:49 - Epoch[0] - Iter: [9150/20019]	Time 0.067 (0.070)	Data 0.000 (0.003)	Loss 2.5267 (2.0216)	Prec 43.750 (56.605)	LR 0.3
INFO - 01/09/23 09:26:13 - 0:10:53 - Epoch[0] - Iter: [9200/20019]	Time 0.067 (0.070)	Data 0.000 (0.003)	Loss 2.3076 (2.0195)	Prec 50.000 (56.641)	LR 0.3
INFO - 01/09/23 09:26:16 - 0:10:56 - Epoch[0] - Iter: [9250/20019]	Time 0.065 (0.070)	Data 0.000 (0.003)	Loss 1.5553 (2.0176)	Prec 53.125 (56.666)	LR 0.3
INFO - 01/09/23 09:26:20 - 0:10:59 - Epoch[0] - Iter: [9300/20019]	Time 0.068 (0.070)	Data 0.000 (0.003)	Loss 1.4682 (2.0155)	Prec 62.500 (56.698)	LR 0.3
INFO - 01/09/23 09:26:23 - 0:11:03 - Epoch[0] - Iter: [9350/20019]	Time 0.067 (0.070)	Data 0.000 (0.003)	Loss 1.1055 (2.0132)	Prec 65.625 (56.737)	LR 0.3
INFO - 01/09/23 09:26:26 - 0:11:06 - Epoch[0] - Iter: [9400/20019]	Time 0.085 (0.070)	Data 0.000 (0.003)	Loss 1.7562 (2.0117)	Prec 53.125 (56.760)	LR 0.3
INFO - 01/09/23 09:26:30 - 0:11:09 - Epoch[0] - Iter: [9450/20019]	Time 0.065 (0.070)	Data 0.000 (0.003)	Loss 1.4060 (2.0095)	Prec 71.875 (56.797)	LR 0.3
INFO - 01/09/23 09:26:33 - 0:11:13 - Epoch[0] - Iter: [9500/20019]	Time 0.066 (0.070)	Data 0.000 (0.003)	Loss 1.1183 (2.0074)	Prec 71.875 (56.827)	LR 0.3
INFO - 01/09/23 09:26:36 - 0:11:16 - Epoch[0] - Iter: [9550/20019]	Time 0.066 (0.070)	Data 0.000 (0.003)	Loss 1.5308 (2.0052)	Prec 65.625 (56.861)	LR 0.3
INFO - 01/09/23 09:26:40 - 0:11:20 - Epoch[0] - Iter: [9600/20019]	Time 0.068 (0.070)	Data 0.000 (0.003)	Loss 1.1782 (2.0033)	Prec 71.875 (56.896)	LR 0.3
INFO - 01/09/23 09:26:43 - 0:11:23 - Epoch[0] - Iter: [9650/20019]	Time 0.066 (0.070)	Data 0.000 (0.003)	Loss 1.4822 (2.0016)	Prec 62.500 (56.928)	LR 0.3
INFO - 01/09/23 09:26:46 - 0:11:26 - Epoch[0] - Iter: [9700/20019]	Time 0.070 (0.070)	Data 0.000 (0.003)	Loss 1.2926 (1.9996)	Prec 59.375 (56.957)	LR 0.3
INFO - 01/09/23 09:26:50 - 0:11:30 - Epoch[0] - Iter: [9750/20019]	Time 0.065 (0.070)	Data 0.000 (0.003)	Loss 1.5667 (1.9977)	Prec 68.750 (56.988)	LR 0.3
INFO - 01/09/23 09:26:53 - 0:11:33 - Epoch[0] - Iter: [9800/20019]	Time 0.066 (0.070)	Data 0.001 (0.003)	Loss 1.6928 (1.9959)	Prec 65.625 (57.021)	LR 0.3
INFO - 01/09/23 09:26:56 - 0:11:36 - Epoch[0] - Iter: [9850/20019]	Time 0.066 (0.070)	Data 0.000 (0.003)	Loss 1.6027 (1.9941)	Prec 65.625 (57.053)	LR 0.3
INFO - 01/09/23 09:27:00 - 0:11:40 - Epoch[0] - Iter: [9900/20019]	Time 0.066 (0.070)	Data 0.000 (0.003)	Loss 1.8576 (1.9924)	Prec 59.375 (57.082)	LR 0.3
INFO - 01/09/23 09:27:03 - 0:11:43 - Epoch[0] - Iter: [9950/20019]	Time 0.067 (0.069)	Data 0.000 (0.003)	Loss 1.4197 (1.9905)	Prec 75.000 (57.117)	LR 0.3
INFO - 01/09/23 09:27:06 - 0:11:46 - Epoch[0] - Iter: [10000/20019]	Time 0.066 (0.069)	Data 0.000 (0.003)	Loss 1.5499 (1.9891)	Prec 56.250 (57.136)	LR 0.3
INFO - 01/09/23 09:27:10 - 0:11:50 - Epoch[0] - Iter: [10050/20019]	Time 0.068 (0.069)	Data 0.000 (0.003)	Loss 1.5041 (1.9872)	Prec 65.625 (57.172)	LR 0.3
INFO - 01/09/23 09:27:13 - 0:11:53 - Epoch[0] - Iter: [10100/20019]	Time 0.066 (0.069)	Data 0.000 (0.003)	Loss 1.3780 (1.9855)	Prec 59.375 (57.193)	LR 0.3
INFO - 01/09/23 09:27:17 - 0:11:56 - Epoch[0] - Iter: [10150/20019]	Time 0.065 (0.069)	Data 0.000 (0.003)	Loss 1.7915 (1.9835)	Prec 56.250 (57.219)	LR 0.3
INFO - 01/09/23 09:27:20 - 0:12:00 - Epoch[0] - Iter: [10200/20019]	Time 0.065 (0.069)	Data 0.000 (0.003)	Loss 1.5467 (1.9818)	Prec 68.750 (57.249)	LR 0.3
INFO - 01/09/23 09:27:23 - 0:12:03 - Epoch[0] - Iter: [10250/20019]	Time 0.067 (0.069)	Data 0.000 (0.003)	Loss 1.7691 (1.9800)	Prec 56.250 (57.280)	LR 0.3
INFO - 01/09/23 09:27:27 - 0:12:06 - Epoch[0] - Iter: [10300/20019]	Time 0.067 (0.069)	Data 0.000 (0.003)	Loss 1.6539 (1.9780)	Prec 59.375 (57.308)	LR 0.3
INFO - 01/09/23 09:27:30 - 0:12:10 - Epoch[0] - Iter: [10350/20019]	Time 0.066 (0.069)	Data 0.000 (0.003)	Loss 1.4978 (1.9767)	Prec 68.750 (57.332)	LR 0.3
INFO - 01/09/23 09:27:33 - 0:12:13 - Epoch[0] - Iter: [10400/20019]	Time 0.067 (0.069)	Data 0.000 (0.003)	Loss 2.4608 (1.9753)	Prec 40.625 (57.350)	LR 0.3
INFO - 01/09/23 09:27:37 - 0:12:16 - Epoch[0] - Iter: [10450/20019]	Time 0.066 (0.069)	Data 0.000 (0.003)	Loss 2.2407 (1.9740)	Prec 56.250 (57.370)	LR 0.3
INFO - 01/09/23 09:27:40 - 0:12:20 - Epoch[0] - Iter: [10500/20019]	Time 0.066 (0.069)	Data 0.000 (0.003)	Loss 1.3731 (1.9722)	Prec 59.375 (57.389)	LR 0.3
INFO - 01/09/23 09:27:43 - 0:12:23 - Epoch[0] - Iter: [10550/20019]	Time 0.068 (0.069)	Data 0.000 (0.003)	Loss 1.3094 (1.9706)	Prec 68.750 (57.413)	LR 0.3
INFO - 01/09/23 09:27:47 - 0:12:26 - Epoch[0] - Iter: [10600/20019]	Time 0.066 (0.069)	Data 0.000 (0.003)	Loss 1.4922 (1.9691)	Prec 65.625 (57.432)	LR 0.3
INFO - 01/09/23 09:27:50 - 0:12:30 - Epoch[0] - Iter: [10650/20019]	Time 0.067 (0.069)	Data 0.000 (0.003)	Loss 2.1312 (1.9672)	Prec 43.750 (57.460)	LR 0.3
INFO - 01/09/23 09:27:53 - 0:12:33 - Epoch[0] - Iter: [10700/20019]	Time 0.066 (0.069)	Data 0.000 (0.003)	Loss 1.5762 (1.9653)	Prec 50.000 (57.489)	LR 0.3
INFO - 01/09/23 09:27:57 - 0:12:37 - Epoch[0] - Iter: [10750/20019]	Time 0.066 (0.069)	Data 0.000 (0.003)	Loss 2.1954 (1.9634)	Prec 53.125 (57.518)	LR 0.3
INFO - 01/09/23 09:28:00 - 0:12:40 - Epoch[0] - Iter: [10800/20019]	Time 0.066 (0.069)	Data 0.000 (0.003)	Loss 1.8859 (1.9616)	Prec 65.625 (57.550)	LR 0.3
INFO - 01/09/23 09:28:03 - 0:12:43 - Epoch[0] - Iter: [10850/20019]	Time 0.067 (0.069)	Data 0.000 (0.003)	Loss 1.4131 (1.9602)	Prec 62.500 (57.570)	LR 0.3
INFO - 01/09/23 09:28:07 - 0:12:47 - Epoch[0] - Iter: [10900/20019]	Time 0.066 (0.069)	Data 0.000 (0.003)	Loss 1.9397 (1.9581)	Prec 59.375 (57.599)	LR 0.3
INFO - 01/09/23 09:28:10 - 0:12:50 - Epoch[0] - Iter: [10950/20019]	Time 0.066 (0.069)	Data 0.000 (0.003)	Loss 1.5268 (1.9565)	Prec 62.500 (57.623)	LR 0.3
INFO - 01/09/23 09:28:13 - 0:12:53 - Epoch[0] - Iter: [11000/20019]	Time 0.067 (0.069)	Data 0.000 (0.003)	Loss 1.9415 (1.9546)	Prec 62.500 (57.652)	LR 0.3
INFO - 01/09/23 09:28:17 - 0:12:57 - Epoch[0] - Iter: [11050/20019]	Time 0.065 (0.069)	Data 0.000 (0.003)	Loss 1.5517 (1.9526)	Prec 59.375 (57.675)	LR 0.3
INFO - 01/09/23 09:28:20 - 0:13:00 - Epoch[0] - Iter: [11100/20019]	Time 0.066 (0.069)	Data 0.000 (0.003)	Loss 2.1050 (1.9511)	Prec 62.500 (57.702)	LR 0.3
INFO - 01/09/23 09:28:24 - 0:13:03 - Epoch[0] - Iter: [11150/20019]	Time 0.067 (0.069)	Data 0.000 (0.003)	Loss 1.6584 (1.9495)	Prec 56.250 (57.724)	LR 0.3
INFO - 01/09/23 09:28:27 - 0:13:07 - Epoch[0] - Iter: [11200/20019]	Time 0.066 (0.069)	Data 0.000 (0.003)	Loss 2.1266 (1.9478)	Prec 56.250 (57.747)	LR 0.3
INFO - 01/09/23 09:28:30 - 0:13:10 - Epoch[0] - Iter: [11250/20019]	Time 0.068 (0.069)	Data 0.000 (0.003)	Loss 1.6147 (1.9458)	Prec 62.500 (57.775)	LR 0.3
INFO - 01/09/23 09:28:34 - 0:13:13 - Epoch[0] - Iter: [11300/20019]	Time 0.066 (0.069)	Data 0.000 (0.003)	Loss 1.4170 (1.9444)	Prec 68.750 (57.792)	LR 0.3
INFO - 01/09/23 09:28:37 - 0:13:17 - Epoch[0] - Iter: [11350/20019]	Time 0.068 (0.069)	Data 0.000 (0.003)	Loss 1.9046 (1.9431)	Prec 59.375 (57.816)	LR 0.3
INFO - 01/09/23 09:28:40 - 0:13:20 - Epoch[0] - Iter: [11400/20019]	Time 0.066 (0.069)	Data 0.000 (0.003)	Loss 1.7171 (1.9417)	Prec 62.500 (57.839)	LR 0.3
INFO - 01/09/23 09:28:44 - 0:13:23 - Epoch[0] - Iter: [11450/20019]	Time 0.068 (0.069)	Data 0.000 (0.003)	Loss 1.6094 (1.9405)	Prec 68.750 (57.858)	LR 0.3
INFO - 01/09/23 09:28:47 - 0:13:27 - Epoch[0] - Iter: [11500/20019]	Time 0.066 (0.069)	Data 0.000 (0.003)	Loss 1.2061 (1.9392)	Prec 65.625 (57.878)	LR 0.3
INFO - 01/09/23 09:28:50 - 0:13:30 - Epoch[0] - Iter: [11550/20019]	Time 0.067 (0.069)	Data 0.000 (0.003)	Loss 1.6341 (1.9375)	Prec 62.500 (57.905)	LR 0.3
INFO - 01/09/23 09:28:54 - 0:13:33 - Epoch[0] - Iter: [11600/20019]	Time 0.066 (0.069)	Data 0.000 (0.003)	Loss 1.3481 (1.9365)	Prec 65.625 (57.925)	LR 0.3
INFO - 01/09/23 09:28:57 - 0:13:37 - Epoch[0] - Iter: [11650/20019]	Time 0.071 (0.069)	Data 0.000 (0.003)	Loss 1.8254 (1.9349)	Prec 50.000 (57.953)	LR 0.3
INFO - 01/09/23 09:29:00 - 0:13:40 - Epoch[0] - Iter: [11700/20019]	Time 0.066 (0.069)	Data 0.000 (0.003)	Loss 1.0993 (1.9337)	Prec 71.875 (57.975)	LR 0.3
INFO - 01/09/23 09:29:04 - 0:13:43 - Epoch[0] - Iter: [11750/20019]	Time 0.066 (0.069)	Data 0.000 (0.003)	Loss 1.1308 (1.9325)	Prec 71.875 (57.992)	LR 0.3
INFO - 01/09/23 09:29:07 - 0:13:47 - Epoch[0] - Iter: [11800/20019]	Time 0.067 (0.069)	Data 0.000 (0.003)	Loss 1.9532 (1.9309)	Prec 62.500 (58.022)	LR 0.3
INFO - 01/09/23 09:29:10 - 0:13:50 - Epoch[0] - Iter: [11850/20019]	Time 0.067 (0.069)	Data 0.000 (0.003)	Loss 1.9547 (1.9294)	Prec 53.125 (58.042)	LR 0.3
INFO - 01/09/23 09:29:14 - 0:13:53 - Epoch[0] - Iter: [11900/20019]	Time 0.070 (0.069)	Data 0.000 (0.003)	Loss 1.3620 (1.9280)	Prec 65.625 (58.062)	LR 0.3
INFO - 01/09/23 09:29:17 - 0:13:57 - Epoch[0] - Iter: [11950/20019]	Time 0.067 (0.069)	Data 0.000 (0.003)	Loss 1.1141 (1.9267)	Prec 75.000 (58.081)	LR 0.3
INFO - 01/09/23 09:29:20 - 0:14:00 - Epoch[0] - Iter: [12000/20019]	Time 0.066 (0.069)	Data 0.000 (0.003)	Loss 0.9940 (1.9255)	Prec 59.375 (58.103)	LR 0.3
INFO - 01/09/23 09:29:24 - 0:14:03 - Epoch[0] - Iter: [12050/20019]	Time 0.065 (0.069)	Data 0.000 (0.003)	Loss 1.7688 (1.9238)	Prec 53.125 (58.132)	LR 0.3
INFO - 01/09/23 09:29:27 - 0:14:07 - Epoch[0] - Iter: [12100/20019]	Time 0.066 (0.069)	Data 0.000 (0.003)	Loss 1.1453 (1.9225)	Prec 84.375 (58.153)	LR 0.3
INFO - 01/09/23 09:29:30 - 0:14:10 - Epoch[0] - Iter: [12150/20019]	Time 0.070 (0.069)	Data 0.000 (0.003)	Loss 1.4199 (1.9210)	Prec 68.750 (58.180)	LR 0.3
INFO - 01/09/23 09:29:34 - 0:14:14 - Epoch[0] - Iter: [12200/20019]	Time 0.066 (0.069)	Data 0.000 (0.002)	Loss 1.7228 (1.9197)	Prec 65.625 (58.201)	LR 0.3
INFO - 01/09/23 09:29:37 - 0:14:17 - Epoch[0] - Iter: [12250/20019]	Time 0.067 (0.069)	Data 0.000 (0.002)	Loss 1.7570 (1.9182)	Prec 62.500 (58.222)	LR 0.3
INFO - 01/09/23 09:29:40 - 0:14:20 - Epoch[0] - Iter: [12300/20019]	Time 0.068 (0.069)	Data 0.000 (0.002)	Loss 1.5190 (1.9166)	Prec 56.250 (58.249)	LR 0.3
INFO - 01/09/23 09:29:44 - 0:14:24 - Epoch[0] - Iter: [12350/20019]	Time 0.067 (0.069)	Data 0.000 (0.002)	Loss 2.2474 (1.9156)	Prec 56.250 (58.265)	LR 0.3
INFO - 01/09/23 09:29:47 - 0:14:27 - Epoch[0] - Iter: [12400/20019]	Time 0.070 (0.069)	Data 0.000 (0.002)	Loss 1.1378 (1.9140)	Prec 71.875 (58.294)	LR 0.3
INFO - 01/09/23 09:29:51 - 0:14:30 - Epoch[0] - Iter: [12450/20019]	Time 0.067 (0.069)	Data 0.000 (0.002)	Loss 1.6352 (1.9124)	Prec 62.500 (58.328)	LR 0.3
INFO - 01/09/23 09:29:54 - 0:14:34 - Epoch[0] - Iter: [12500/20019]	Time 0.068 (0.069)	Data 0.000 (0.002)	Loss 1.6592 (1.9113)	Prec 65.625 (58.345)	LR 0.3
INFO - 01/09/23 09:29:57 - 0:14:37 - Epoch[0] - Iter: [12550/20019]	Time 0.066 (0.069)	Data 0.000 (0.002)	Loss 1.4089 (1.9101)	Prec 78.125 (58.368)	LR 0.3
INFO - 01/09/23 09:30:01 - 0:14:41 - Epoch[0] - Iter: [12600/20019]	Time 0.067 (0.069)	Data 0.000 (0.002)	Loss 1.4577 (1.9092)	Prec 62.500 (58.378)	LR 0.3
INFO - 01/09/23 09:30:04 - 0:14:44 - Epoch[0] - Iter: [12650/20019]	Time 0.069 (0.069)	Data 0.000 (0.002)	Loss 1.1483 (1.9081)	Prec 68.750 (58.397)	LR 0.3
INFO - 01/09/23 09:30:07 - 0:14:47 - Epoch[0] - Iter: [12700/20019]	Time 0.065 (0.069)	Data 0.000 (0.002)	Loss 1.8158 (1.9065)	Prec 59.375 (58.419)	LR 0.3
INFO - 01/09/23 09:30:11 - 0:14:51 - Epoch[0] - Iter: [12750/20019]	Time 0.066 (0.069)	Data 0.000 (0.002)	Loss 1.3230 (1.9049)	Prec 65.625 (58.450)	LR 0.3
INFO - 01/09/23 09:30:14 - 0:14:54 - Epoch[0] - Iter: [12800/20019]	Time 0.127 (0.069)	Data 0.000 (0.002)	Loss 1.2995 (1.9036)	Prec 71.875 (58.477)	LR 0.3
INFO - 01/09/23 09:30:18 - 0:14:57 - Epoch[0] - Iter: [12850/20019]	Time 0.067 (0.069)	Data 0.000 (0.002)	Loss 1.8940 (1.9024)	Prec 65.625 (58.490)	LR 0.3
INFO - 01/09/23 09:30:21 - 0:15:01 - Epoch[0] - Iter: [12900/20019]	Time 0.071 (0.069)	Data 0.000 (0.002)	Loss 1.5274 (1.9015)	Prec 59.375 (58.512)	LR 0.3
INFO - 01/09/23 09:30:24 - 0:15:04 - Epoch[0] - Iter: [12950/20019]	Time 0.066 (0.069)	Data 0.000 (0.002)	Loss 1.5039 (1.9004)	Prec 71.875 (58.530)	LR 0.3
INFO - 01/09/23 09:30:28 - 0:15:08 - Epoch[0] - Iter: [13000/20019]	Time 0.065 (0.069)	Data 0.000 (0.002)	Loss 1.9871 (1.8994)	Prec 59.375 (58.547)	LR 0.3
INFO - 01/09/23 09:30:31 - 0:15:11 - Epoch[0] - Iter: [13050/20019]	Time 0.066 (0.069)	Data 0.000 (0.002)	Loss 1.6095 (1.8983)	Prec 53.125 (58.563)	LR 0.3
INFO - 01/09/23 09:30:34 - 0:15:14 - Epoch[0] - Iter: [13100/20019]	Time 0.066 (0.069)	Data 0.000 (0.002)	Loss 1.6059 (1.8972)	Prec 59.375 (58.582)	LR 0.3
INFO - 01/09/23 09:30:38 - 0:15:18 - Epoch[0] - Iter: [13150/20019]	Time 0.066 (0.069)	Data 0.000 (0.002)	Loss 1.8123 (1.8959)	Prec 59.375 (58.608)	LR 0.3
INFO - 01/09/23 09:30:41 - 0:15:21 - Epoch[0] - Iter: [13200/20019]	Time 0.066 (0.069)	Data 0.000 (0.002)	Loss 1.5112 (1.8947)	Prec 65.625 (58.629)	LR 0.3
INFO - 01/09/23 09:30:44 - 0:15:24 - Epoch[0] - Iter: [13250/20019]	Time 0.066 (0.069)	Data 0.000 (0.002)	Loss 1.8145 (1.8938)	Prec 62.500 (58.648)	LR 0.3
INFO - 01/09/23 09:30:48 - 0:15:28 - Epoch[0] - Iter: [13300/20019]	Time 0.066 (0.069)	Data 0.000 (0.002)	Loss 1.2531 (1.8922)	Prec 71.875 (58.677)	LR 0.3
INFO - 01/09/23 09:30:51 - 0:15:31 - Epoch[0] - Iter: [13350/20019]	Time 0.066 (0.069)	Data 0.000 (0.002)	Loss 1.2087 (1.8913)	Prec 71.875 (58.694)	LR 0.3
INFO - 01/09/23 09:30:55 - 0:15:34 - Epoch[0] - Iter: [13400/20019]	Time 0.071 (0.069)	Data 0.000 (0.002)	Loss 0.8946 (1.8897)	Prec 68.750 (58.719)	LR 0.3
INFO - 01/09/23 09:30:58 - 0:15:38 - Epoch[0] - Iter: [13450/20019]	Time 0.067 (0.069)	Data 0.000 (0.002)	Loss 1.4980 (1.8886)	Prec 62.500 (58.741)	LR 0.3
INFO - 01/09/23 09:31:01 - 0:15:41 - Epoch[0] - Iter: [13500/20019]	Time 0.066 (0.069)	Data 0.000 (0.002)	Loss 1.5716 (1.8872)	Prec 62.500 (58.766)	LR 0.3
INFO - 01/09/23 09:31:05 - 0:15:44 - Epoch[0] - Iter: [13550/20019]	Time 0.066 (0.069)	Data 0.000 (0.002)	Loss 1.1724 (1.8859)	Prec 78.125 (58.785)	LR 0.3
INFO - 01/09/23 09:31:08 - 0:15:48 - Epoch[0] - Iter: [13600/20019]	Time 0.066 (0.069)	Data 0.000 (0.002)	Loss 2.2604 (1.8848)	Prec 50.000 (58.804)	LR 0.3
INFO - 01/09/23 09:31:11 - 0:15:51 - Epoch[0] - Iter: [13650/20019]	Time 0.067 (0.069)	Data 0.000 (0.002)	Loss 1.1695 (1.8836)	Prec 71.875 (58.822)	LR 0.3
INFO - 01/09/23 09:31:15 - 0:15:54 - Epoch[0] - Iter: [13700/20019]	Time 0.066 (0.069)	Data 0.000 (0.002)	Loss 1.3311 (1.8827)	Prec 65.625 (58.839)	LR 0.3
INFO - 01/09/23 09:31:18 - 0:15:58 - Epoch[0] - Iter: [13750/20019]	Time 0.066 (0.069)	Data 0.000 (0.002)	Loss 2.3372 (1.8817)	Prec 53.125 (58.860)	LR 0.3
INFO - 01/09/23 09:31:21 - 0:16:01 - Epoch[0] - Iter: [13800/20019]	Time 0.066 (0.069)	Data 0.000 (0.002)	Loss 1.3476 (1.8803)	Prec 62.500 (58.885)	LR 0.3
INFO - 01/09/23 09:31:25 - 0:16:04 - Epoch[0] - Iter: [13850/20019]	Time 0.066 (0.069)	Data 0.000 (0.002)	Loss 1.6688 (1.8790)	Prec 59.375 (58.904)	LR 0.3
INFO - 01/09/23 09:31:28 - 0:16:08 - Epoch[0] - Iter: [13900/20019]	Time 0.067 (0.069)	Data 0.000 (0.002)	Loss 2.4123 (1.8779)	Prec 62.500 (58.925)	LR 0.3
INFO - 01/09/23 09:31:31 - 0:16:11 - Epoch[0] - Iter: [13950/20019]	Time 0.066 (0.069)	Data 0.000 (0.002)	Loss 1.7735 (1.8767)	Prec 59.375 (58.945)	LR 0.3
INFO - 01/09/23 09:31:35 - 0:16:14 - Epoch[0] - Iter: [14000/20019]	Time 0.067 (0.069)	Data 0.000 (0.002)	Loss 1.3842 (1.8756)	Prec 65.625 (58.969)	LR 0.3
INFO - 01/09/23 09:31:38 - 0:16:18 - Epoch[0] - Iter: [14050/20019]	Time 0.068 (0.069)	Data 0.000 (0.002)	Loss 1.5071 (1.8743)	Prec 68.750 (58.991)	LR 0.3
INFO - 01/09/23 09:31:41 - 0:16:21 - Epoch[0] - Iter: [14100/20019]	Time 0.066 (0.069)	Data 0.000 (0.002)	Loss 1.1216 (1.8731)	Prec 71.875 (59.014)	LR 0.3
INFO - 01/09/23 09:31:45 - 0:16:24 - Epoch[0] - Iter: [14150/20019]	Time 0.069 (0.069)	Data 0.000 (0.002)	Loss 1.8874 (1.8720)	Prec 56.250 (59.032)	LR 0.3
INFO - 01/09/23 09:31:48 - 0:16:28 - Epoch[0] - Iter: [14200/20019]	Time 0.066 (0.069)	Data 0.000 (0.002)	Loss 1.1711 (1.8706)	Prec 75.000 (59.051)	LR 0.3
INFO - 01/09/23 09:31:51 - 0:16:31 - Epoch[0] - Iter: [14250/20019]	Time 0.066 (0.069)	Data 0.000 (0.002)	Loss 1.4734 (1.8697)	Prec 56.250 (59.067)	LR 0.3
INFO - 01/09/23 09:31:55 - 0:16:34 - Epoch[0] - Iter: [14300/20019]	Time 0.066 (0.069)	Data 0.000 (0.002)	Loss 1.8949 (1.8689)	Prec 53.125 (59.081)	LR 0.3
INFO - 01/09/23 09:31:58 - 0:16:38 - Epoch[0] - Iter: [14350/20019]	Time 0.066 (0.069)	Data 0.000 (0.002)	Loss 1.4374 (1.8681)	Prec 68.750 (59.097)	LR 0.3
INFO - 01/09/23 09:32:01 - 0:16:41 - Epoch[0] - Iter: [14400/20019]	Time 0.066 (0.069)	Data 0.000 (0.002)	Loss 1.0820 (1.8670)	Prec 75.000 (59.116)	LR 0.3
INFO - 01/09/23 09:32:05 - 0:16:45 - Epoch[0] - Iter: [14450/20019]	Time 0.066 (0.069)	Data 0.000 (0.002)	Loss 1.3305 (1.8656)	Prec 68.750 (59.140)	LR 0.3
INFO - 01/09/23 09:32:08 - 0:16:48 - Epoch[0] - Iter: [14500/20019]	Time 0.068 (0.069)	Data 0.000 (0.002)	Loss 1.6749 (1.8642)	Prec 68.750 (59.167)	LR 0.3
INFO - 01/09/23 09:32:11 - 0:16:51 - Epoch[0] - Iter: [14550/20019]	Time 0.067 (0.069)	Data 0.000 (0.002)	Loss 1.9769 (1.8632)	Prec 53.125 (59.181)	LR 0.3
INFO - 01/09/23 09:32:15 - 0:16:55 - Epoch[0] - Iter: [14600/20019]	Time 0.066 (0.069)	Data 0.000 (0.002)	Loss 0.9562 (1.8623)	Prec 78.125 (59.199)	LR 0.3
INFO - 01/09/23 09:32:18 - 0:16:58 - Epoch[0] - Iter: [14650/20019]	Time 0.065 (0.069)	Data 0.000 (0.002)	Loss 2.1252 (1.8614)	Prec 62.500 (59.223)	LR 0.3
INFO - 01/09/23 09:32:21 - 0:17:01 - Epoch[0] - Iter: [14700/20019]	Time 0.067 (0.069)	Data 0.000 (0.002)	Loss 1.9008 (1.8602)	Prec 59.375 (59.242)	LR 0.3
INFO - 01/09/23 09:32:25 - 0:17:05 - Epoch[0] - Iter: [14750/20019]	Time 0.065 (0.069)	Data 0.000 (0.002)	Loss 1.6141 (1.8592)	Prec 56.250 (59.264)	LR 0.3
INFO - 01/09/23 09:32:28 - 0:17:08 - Epoch[0] - Iter: [14800/20019]	Time 0.067 (0.069)	Data 0.000 (0.002)	Loss 1.3904 (1.8580)	Prec 68.750 (59.286)	LR 0.3
INFO - 01/09/23 09:32:32 - 0:17:11 - Epoch[0] - Iter: [14850/20019]	Time 0.069 (0.069)	Data 0.000 (0.002)	Loss 1.0293 (1.8570)	Prec 78.125 (59.299)	LR 0.3
INFO - 01/09/23 09:32:35 - 0:17:15 - Epoch[0] - Iter: [14900/20019]	Time 0.082 (0.069)	Data 0.000 (0.002)	Loss 0.7725 (1.8557)	Prec 87.500 (59.323)	LR 0.3
INFO - 01/09/23 09:32:38 - 0:17:18 - Epoch[0] - Iter: [14950/20019]	Time 0.066 (0.069)	Data 0.000 (0.002)	Loss 1.6500 (1.8546)	Prec 59.375 (59.339)	LR 0.3
INFO - 01/09/23 09:32:42 - 0:17:21 - Epoch[0] - Iter: [15000/20019]	Time 0.066 (0.069)	Data 0.000 (0.002)	Loss 1.2517 (1.8539)	Prec 65.625 (59.353)	LR 0.3
INFO - 01/09/23 09:32:45 - 0:17:25 - Epoch[0] - Iter: [15050/20019]	Time 0.067 (0.069)	Data 0.000 (0.002)	Loss 1.5715 (1.8530)	Prec 65.625 (59.367)	LR 0.3
INFO - 01/09/23 09:32:48 - 0:17:28 - Epoch[0] - Iter: [15100/20019]	Time 0.067 (0.069)	Data 0.000 (0.002)	Loss 1.6510 (1.8525)	Prec 62.500 (59.375)	LR 0.3
INFO - 01/09/23 09:32:52 - 0:17:31 - Epoch[0] - Iter: [15150/20019]	Time 0.069 (0.069)	Data 0.000 (0.002)	Loss 0.7147 (1.8515)	Prec 78.125 (59.397)	LR 0.3
INFO - 01/09/23 09:32:55 - 0:17:35 - Epoch[0] - Iter: [15200/20019]	Time 0.066 (0.069)	Data 0.000 (0.002)	Loss 1.5348 (1.8505)	Prec 62.500 (59.414)	LR 0.3
INFO - 01/09/23 09:32:58 - 0:17:38 - Epoch[0] - Iter: [15250/20019]	Time 0.065 (0.069)	Data 0.000 (0.002)	Loss 1.6948 (1.8494)	Prec 56.250 (59.431)	LR 0.3
INFO - 01/09/23 09:33:02 - 0:17:41 - Epoch[0] - Iter: [15300/20019]	Time 0.067 (0.069)	Data 0.000 (0.002)	Loss 1.4306 (1.8483)	Prec 68.750 (59.448)	LR 0.3
INFO - 01/09/23 09:33:05 - 0:17:45 - Epoch[0] - Iter: [15350/20019]	Time 0.066 (0.069)	Data 0.000 (0.002)	Loss 1.8979 (1.8475)	Prec 56.250 (59.461)	LR 0.3
INFO - 01/09/23 09:33:08 - 0:17:48 - Epoch[0] - Iter: [15400/20019]	Time 0.067 (0.069)	Data 0.000 (0.002)	Loss 1.5873 (1.8468)	Prec 59.375 (59.470)	LR 0.3
INFO - 01/09/23 09:33:12 - 0:17:52 - Epoch[0] - Iter: [15450/20019]	Time 0.065 (0.069)	Data 0.000 (0.002)	Loss 1.5294 (1.8455)	Prec 68.750 (59.490)	LR 0.3
INFO - 01/09/23 09:33:15 - 0:17:55 - Epoch[0] - Iter: [15500/20019]	Time 0.066 (0.069)	Data 0.000 (0.002)	Loss 0.9016 (1.8447)	Prec 75.000 (59.505)	LR 0.3
INFO - 01/09/23 09:33:18 - 0:17:58 - Epoch[0] - Iter: [15550/20019]	Time 0.067 (0.069)	Data 0.000 (0.002)	Loss 1.6578 (1.8438)	Prec 59.375 (59.518)	LR 0.3
INFO - 01/09/23 09:33:22 - 0:18:02 - Epoch[0] - Iter: [15600/20019]	Time 0.067 (0.069)	Data 0.000 (0.002)	Loss 1.0545 (1.8430)	Prec 71.875 (59.530)	LR 0.3
INFO - 01/09/23 09:33:25 - 0:18:05 - Epoch[0] - Iter: [15650/20019]	Time 0.066 (0.069)	Data 0.000 (0.002)	Loss 1.4761 (1.8422)	Prec 62.500 (59.543)	LR 0.3
INFO - 01/09/23 09:33:28 - 0:18:08 - Epoch[0] - Iter: [15700/20019]	Time 0.067 (0.069)	Data 0.000 (0.002)	Loss 1.5342 (1.8413)	Prec 71.875 (59.559)	LR 0.3
INFO - 01/09/23 09:33:32 - 0:18:12 - Epoch[0] - Iter: [15750/20019]	Time 0.066 (0.069)	Data 0.000 (0.002)	Loss 2.0163 (1.8403)	Prec 62.500 (59.579)	LR 0.3
INFO - 01/09/23 09:33:35 - 0:18:15 - Epoch[0] - Iter: [15800/20019]	Time 0.067 (0.069)	Data 0.000 (0.002)	Loss 1.1952 (1.8394)	Prec 75.000 (59.597)	LR 0.3
INFO - 01/09/23 09:33:38 - 0:18:18 - Epoch[0] - Iter: [15850/20019]	Time 0.066 (0.069)	Data 0.000 (0.002)	Loss 1.2887 (1.8383)	Prec 68.750 (59.613)	LR 0.3
INFO - 01/09/23 09:33:42 - 0:18:22 - Epoch[0] - Iter: [15900/20019]	Time 0.067 (0.069)	Data 0.000 (0.002)	Loss 1.3883 (1.8372)	Prec 71.875 (59.630)	LR 0.3
INFO - 01/09/23 09:33:45 - 0:18:25 - Epoch[0] - Iter: [15950/20019]	Time 0.067 (0.069)	Data 0.000 (0.002)	Loss 1.9152 (1.8365)	Prec 59.375 (59.643)	LR 0.3
INFO - 01/09/23 09:33:49 - 0:18:28 - Epoch[0] - Iter: [16000/20019]	Time 0.067 (0.069)	Data 0.000 (0.002)	Loss 1.8964 (1.8357)	Prec 68.750 (59.657)	LR 0.3
INFO - 01/09/23 09:33:52 - 0:18:32 - Epoch[0] - Iter: [16050/20019]	Time 0.067 (0.069)	Data 0.000 (0.002)	Loss 1.3337 (1.8348)	Prec 53.125 (59.671)	LR 0.3
INFO - 01/09/23 09:33:55 - 0:18:35 - Epoch[0] - Iter: [16100/20019]	Time 0.067 (0.069)	Data 0.000 (0.002)	Loss 0.9369 (1.8340)	Prec 78.125 (59.683)	LR 0.3
INFO - 01/09/23 09:33:59 - 0:18:38 - Epoch[0] - Iter: [16150/20019]	Time 0.067 (0.069)	Data 0.000 (0.002)	Loss 1.7668 (1.8331)	Prec 59.375 (59.697)	LR 0.3
INFO - 01/09/23 09:34:02 - 0:18:42 - Epoch[0] - Iter: [16200/20019]	Time 0.067 (0.069)	Data 0.000 (0.002)	Loss 1.3790 (1.8322)	Prec 65.625 (59.711)	LR 0.3
INFO - 01/09/23 09:34:05 - 0:18:45 - Epoch[0] - Iter: [16250/20019]	Time 0.068 (0.069)	Data 0.000 (0.002)	Loss 1.0722 (1.8315)	Prec 81.250 (59.724)	LR 0.3
INFO - 01/09/23 09:34:09 - 0:18:48 - Epoch[0] - Iter: [16300/20019]	Time 0.067 (0.069)	Data 0.000 (0.002)	Loss 1.8658 (1.8304)	Prec 68.750 (59.744)	LR 0.3
INFO - 01/09/23 09:34:12 - 0:18:52 - Epoch[0] - Iter: [16350/20019]	Time 0.068 (0.069)	Data 0.000 (0.002)	Loss 1.5161 (1.8295)	Prec 75.000 (59.762)	LR 0.3
INFO - 01/09/23 09:34:15 - 0:18:55 - Epoch[0] - Iter: [16400/20019]	Time 0.067 (0.069)	Data 0.000 (0.002)	Loss 1.5006 (1.8285)	Prec 65.625 (59.777)	LR 0.3
INFO - 01/09/23 09:34:19 - 0:18:58 - Epoch[0] - Iter: [16450/20019]	Time 0.069 (0.069)	Data 0.000 (0.002)	Loss 1.4388 (1.8278)	Prec 68.750 (59.793)	LR 0.3
INFO - 01/09/23 09:34:22 - 0:19:02 - Epoch[0] - Iter: [16500/20019]	Time 0.066 (0.069)	Data 0.000 (0.002)	Loss 1.1746 (1.8270)	Prec 65.625 (59.809)	LR 0.3
INFO - 01/09/23 09:34:25 - 0:19:05 - Epoch[0] - Iter: [16550/20019]	Time 0.066 (0.069)	Data 0.000 (0.002)	Loss 0.8396 (1.8260)	Prec 75.000 (59.825)	LR 0.3
INFO - 01/09/23 09:34:29 - 0:19:09 - Epoch[0] - Iter: [16600/20019]	Time 0.066 (0.069)	Data 0.000 (0.002)	Loss 1.4871 (1.8253)	Prec 68.750 (59.841)	LR 0.3
INFO - 01/09/23 09:34:32 - 0:19:12 - Epoch[0] - Iter: [16650/20019]	Time 0.067 (0.068)	Data 0.000 (0.002)	Loss 1.8905 (1.8244)	Prec 62.500 (59.855)	LR 0.3
INFO - 01/09/23 09:34:35 - 0:19:15 - Epoch[0] - Iter: [16700/20019]	Time 0.067 (0.068)	Data 0.000 (0.002)	Loss 1.7155 (1.8233)	Prec 65.625 (59.873)	LR 0.3
INFO - 01/09/23 09:34:39 - 0:19:19 - Epoch[0] - Iter: [16750/20019]	Time 0.068 (0.068)	Data 0.000 (0.002)	Loss 1.2340 (1.8224)	Prec 68.750 (59.887)	LR 0.3
INFO - 01/09/23 09:34:42 - 0:19:22 - Epoch[0] - Iter: [16800/20019]	Time 0.065 (0.068)	Data 0.000 (0.002)	Loss 1.5921 (1.8214)	Prec 62.500 (59.902)	LR 0.3
INFO - 01/09/23 09:34:45 - 0:19:25 - Epoch[0] - Iter: [16850/20019]	Time 0.066 (0.068)	Data 0.000 (0.002)	Loss 0.8432 (1.8205)	Prec 81.250 (59.917)	LR 0.3
INFO - 01/09/23 09:34:49 - 0:19:29 - Epoch[0] - Iter: [16900/20019]	Time 0.066 (0.068)	Data 0.000 (0.002)	Loss 1.2229 (1.8197)	Prec 71.875 (59.930)	LR 0.3
INFO - 01/09/23 09:34:52 - 0:19:32 - Epoch[0] - Iter: [16950/20019]	Time 0.067 (0.068)	Data 0.000 (0.002)	Loss 1.7092 (1.8186)	Prec 59.375 (59.946)	LR 0.3
INFO - 01/09/23 09:34:56 - 0:19:35 - Epoch[0] - Iter: [17000/20019]	Time 0.067 (0.068)	Data 0.000 (0.002)	Loss 1.3081 (1.8179)	Prec 62.500 (59.957)	LR 0.3
INFO - 01/09/23 09:34:59 - 0:19:39 - Epoch[0] - Iter: [17050/20019]	Time 0.067 (0.068)	Data 0.000 (0.002)	Loss 0.8079 (1.8170)	Prec 81.250 (59.974)	LR 0.3
INFO - 01/09/23 09:35:02 - 0:19:42 - Epoch[0] - Iter: [17100/20019]	Time 0.066 (0.068)	Data 0.000 (0.002)	Loss 1.4606 (1.8159)	Prec 62.500 (59.990)	LR 0.3
INFO - 01/09/23 09:35:05 - 0:19:45 - Epoch[0] - Iter: [17150/20019]	Time 0.066 (0.068)	Data 0.000 (0.002)	Loss 1.6694 (1.8154)	Prec 59.375 (60.002)	LR 0.3
INFO - 01/09/23 09:35:09 - 0:19:49 - Epoch[0] - Iter: [17200/20019]	Time 0.067 (0.068)	Data 0.000 (0.002)	Loss 2.0457 (1.8144)	Prec 65.625 (60.019)	LR 0.3
INFO - 01/09/23 09:35:12 - 0:19:52 - Epoch[0] - Iter: [17250/20019]	Time 0.066 (0.068)	Data 0.000 (0.002)	Loss 0.7898 (1.8137)	Prec 78.125 (60.030)	LR 0.3
INFO - 01/09/23 09:35:16 - 0:19:55 - Epoch[0] - Iter: [17300/20019]	Time 0.067 (0.068)	Data 0.000 (0.002)	Loss 1.9362 (1.8132)	Prec 50.000 (60.036)	LR 0.3
INFO - 01/09/23 09:35:19 - 0:19:59 - Epoch[0] - Iter: [17350/20019]	Time 0.066 (0.068)	Data 0.000 (0.002)	Loss 1.7336 (1.8124)	Prec 59.375 (60.050)	LR 0.3
INFO - 01/09/23 09:35:22 - 0:20:02 - Epoch[0] - Iter: [17400/20019]	Time 0.066 (0.068)	Data 0.000 (0.002)	Loss 1.8833 (1.8113)	Prec 56.250 (60.066)	LR 0.3
INFO - 01/09/23 09:35:26 - 0:20:05 - Epoch[0] - Iter: [17450/20019]	Time 0.065 (0.068)	Data 0.000 (0.002)	Loss 1.5538 (1.8108)	Prec 59.375 (60.074)	LR 0.3
INFO - 01/09/23 09:35:29 - 0:20:09 - Epoch[0] - Iter: [17500/20019]	Time 0.068 (0.068)	Data 0.000 (0.002)	Loss 1.1967 (1.8098)	Prec 75.000 (60.090)	LR 0.3
INFO - 01/09/23 09:35:32 - 0:20:12 - Epoch[0] - Iter: [17550/20019]	Time 0.066 (0.068)	Data 0.000 (0.002)	Loss 1.3458 (1.8091)	Prec 65.625 (60.104)	LR 0.3
INFO - 01/09/23 09:35:36 - 0:20:15 - Epoch[0] - Iter: [17600/20019]	Time 0.066 (0.068)	Data 0.000 (0.002)	Loss 1.7791 (1.8083)	Prec 59.375 (60.115)	LR 0.3
INFO - 01/09/23 09:35:39 - 0:20:19 - Epoch[0] - Iter: [17650/20019]	Time 0.066 (0.068)	Data 0.000 (0.002)	Loss 1.3641 (1.8074)	Prec 62.500 (60.128)	LR 0.3
INFO - 01/09/23 09:35:42 - 0:20:22 - Epoch[0] - Iter: [17700/20019]	Time 0.066 (0.068)	Data 0.000 (0.002)	Loss 1.7526 (1.8067)	Prec 62.500 (60.140)	LR 0.3
INFO - 01/09/23 09:35:46 - 0:20:25 - Epoch[0] - Iter: [17750/20019]	Time 0.067 (0.068)	Data 0.000 (0.002)	Loss 1.5104 (1.8060)	Prec 78.125 (60.149)	LR 0.3
INFO - 01/09/23 09:35:49 - 0:20:29 - Epoch[0] - Iter: [17800/20019]	Time 0.066 (0.068)	Data 0.000 (0.002)	Loss 1.4700 (1.8049)	Prec 65.625 (60.162)	LR 0.3
INFO - 01/09/23 09:35:52 - 0:20:32 - Epoch[0] - Iter: [17850/20019]	Time 0.066 (0.068)	Data 0.000 (0.002)	Loss 1.4066 (1.8041)	Prec 68.750 (60.173)	LR 0.3
INFO - 01/09/23 09:35:56 - 0:20:36 - Epoch[0] - Iter: [17900/20019]	Time 0.066 (0.068)	Data 0.000 (0.002)	Loss 2.0794 (1.8033)	Prec 50.000 (60.187)	LR 0.3
INFO - 01/09/23 09:35:59 - 0:20:39 - Epoch[0] - Iter: [17950/20019]	Time 0.066 (0.068)	Data 0.000 (0.002)	Loss 1.8789 (1.8025)	Prec 65.625 (60.197)	LR 0.3
INFO - 01/09/23 09:36:02 - 0:20:42 - Epoch[0] - Iter: [18000/20019]	Time 0.068 (0.068)	Data 0.000 (0.002)	Loss 2.0134 (1.8019)	Prec 53.125 (60.208)	LR 0.3
INFO - 01/09/23 09:36:06 - 0:20:46 - Epoch[0] - Iter: [18050/20019]	Time 0.066 (0.068)	Data 0.000 (0.002)	Loss 0.8657 (1.8011)	Prec 75.000 (60.221)	LR 0.3
INFO - 01/09/23 09:36:09 - 0:20:49 - Epoch[0] - Iter: [18100/20019]	Time 0.067 (0.068)	Data 0.000 (0.002)	Loss 1.1679 (1.8002)	Prec 65.625 (60.240)	LR 0.3
INFO - 01/09/23 09:36:12 - 0:20:52 - Epoch[0] - Iter: [18150/20019]	Time 0.066 (0.068)	Data 0.000 (0.002)	Loss 1.0858 (1.7991)	Prec 71.875 (60.258)	LR 0.3
INFO - 01/09/23 09:36:16 - 0:20:56 - Epoch[0] - Iter: [18200/20019]	Time 0.066 (0.068)	Data 0.000 (0.002)	Loss 0.9630 (1.7982)	Prec 75.000 (60.271)	LR 0.3
INFO - 01/09/23 09:36:19 - 0:20:59 - Epoch[0] - Iter: [18250/20019]	Time 0.069 (0.068)	Data 0.000 (0.002)	Loss 1.1344 (1.7974)	Prec 68.750 (60.287)	LR 0.3
INFO - 01/09/23 09:36:23 - 0:21:02 - Epoch[0] - Iter: [18300/20019]	Time 0.067 (0.068)	Data 0.000 (0.002)	Loss 1.8167 (1.7965)	Prec 65.625 (60.306)	LR 0.3
INFO - 01/09/23 09:36:26 - 0:21:06 - Epoch[0] - Iter: [18350/20019]	Time 0.067 (0.068)	Data 0.000 (0.002)	Loss 1.6279 (1.7957)	Prec 62.500 (60.318)	LR 0.3
INFO - 01/09/23 09:36:29 - 0:21:09 - Epoch[0] - Iter: [18400/20019]	Time 0.065 (0.068)	Data 0.000 (0.002)	Loss 1.9670 (1.7951)	Prec 53.125 (60.325)	LR 0.3
INFO - 01/09/23 09:36:33 - 0:21:12 - Epoch[0] - Iter: [18450/20019]	Time 0.066 (0.068)	Data 0.000 (0.002)	Loss 1.0900 (1.7947)	Prec 65.625 (60.331)	LR 0.3
INFO - 01/09/23 09:36:36 - 0:21:16 - Epoch[0] - Iter: [18500/20019]	Time 0.080 (0.068)	Data 0.000 (0.002)	Loss 1.0116 (1.7937)	Prec 71.875 (60.350)	LR 0.3
INFO - 01/09/23 09:36:39 - 0:21:19 - Epoch[0] - Iter: [18550/20019]	Time 0.067 (0.068)	Data 0.000 (0.002)	Loss 1.1518 (1.7929)	Prec 65.625 (60.361)	LR 0.3
INFO - 01/09/23 09:36:43 - 0:21:22 - Epoch[0] - Iter: [18600/20019]	Time 0.065 (0.068)	Data 0.000 (0.002)	Loss 1.9048 (1.7920)	Prec 56.250 (60.375)	LR 0.3
INFO - 01/09/23 09:36:46 - 0:21:26 - Epoch[0] - Iter: [18650/20019]	Time 0.067 (0.068)	Data 0.000 (0.002)	Loss 1.8688 (1.7912)	Prec 59.375 (60.387)	LR 0.3
INFO - 01/09/23 09:36:49 - 0:21:29 - Epoch[0] - Iter: [18700/20019]	Time 0.067 (0.068)	Data 0.000 (0.002)	Loss 1.7780 (1.7905)	Prec 62.500 (60.398)	LR 0.3
INFO - 01/09/23 09:36:53 - 0:21:32 - Epoch[0] - Iter: [18750/20019]	Time 0.070 (0.068)	Data 0.000 (0.002)	Loss 0.9504 (1.7899)	Prec 65.625 (60.410)	LR 0.3
INFO - 01/09/23 09:36:56 - 0:21:36 - Epoch[0] - Iter: [18800/20019]	Time 0.066 (0.068)	Data 0.000 (0.002)	Loss 1.6184 (1.7891)	Prec 62.500 (60.421)	LR 0.3
INFO - 01/09/23 09:36:59 - 0:21:39 - Epoch[0] - Iter: [18850/20019]	Time 0.066 (0.068)	Data 0.000 (0.002)	Loss 1.0168 (1.7883)	Prec 71.875 (60.434)	LR 0.3
INFO - 01/09/23 09:37:03 - 0:21:42 - Epoch[0] - Iter: [18900/20019]	Time 0.067 (0.068)	Data 0.000 (0.002)	Loss 2.0802 (1.7876)	Prec 56.250 (60.447)	LR 0.3
INFO - 01/09/23 09:37:06 - 0:21:46 - Epoch[0] - Iter: [18950/20019]	Time 0.068 (0.068)	Data 0.000 (0.002)	Loss 0.7160 (1.7868)	Prec 81.250 (60.464)	LR 0.3
INFO - 01/09/23 09:37:09 - 0:21:49 - Epoch[0] - Iter: [19000/20019]	Time 0.074 (0.068)	Data 0.000 (0.002)	Loss 1.1108 (1.7862)	Prec 71.875 (60.473)	LR 0.3
INFO - 01/09/23 09:37:13 - 0:21:52 - Epoch[0] - Iter: [19050/20019]	Time 0.066 (0.068)	Data 0.000 (0.002)	Loss 1.8705 (1.7854)	Prec 59.375 (60.489)	LR 0.3
INFO - 01/09/23 09:37:16 - 0:21:56 - Epoch[0] - Iter: [19100/20019]	Time 0.067 (0.068)	Data 0.000 (0.002)	Loss 1.3917 (1.7844)	Prec 65.625 (60.505)	LR 0.3
INFO - 01/09/23 09:37:19 - 0:21:59 - Epoch[0] - Iter: [19150/20019]	Time 0.066 (0.068)	Data 0.000 (0.002)	Loss 1.1853 (1.7839)	Prec 71.875 (60.515)	LR 0.3
INFO - 01/09/23 09:37:23 - 0:22:03 - Epoch[0] - Iter: [19200/20019]	Time 0.066 (0.068)	Data 0.000 (0.002)	Loss 1.4740 (1.7834)	Prec 56.250 (60.524)	LR 0.3
INFO - 01/09/23 09:37:26 - 0:22:06 - Epoch[0] - Iter: [19250/20019]	Time 0.072 (0.068)	Data 0.000 (0.002)	Loss 1.4032 (1.7829)	Prec 71.875 (60.533)	LR 0.3
INFO - 01/09/23 09:37:29 - 0:22:09 - Epoch[0] - Iter: [19300/20019]	Time 0.066 (0.068)	Data 0.000 (0.002)	Loss 1.1625 (1.7820)	Prec 75.000 (60.549)	LR 0.3
INFO - 01/09/23 09:37:33 - 0:22:13 - Epoch[0] - Iter: [19350/20019]	Time 0.067 (0.068)	Data 0.000 (0.002)	Loss 1.3859 (1.7814)	Prec 71.875 (60.560)	LR 0.3
INFO - 01/09/23 09:37:36 - 0:22:16 - Epoch[0] - Iter: [19400/20019]	Time 0.067 (0.068)	Data 0.000 (0.002)	Loss 0.7738 (1.7807)	Prec 75.000 (60.569)	LR 0.3
INFO - 01/09/23 09:37:39 - 0:22:19 - Epoch[0] - Iter: [19450/20019]	Time 0.067 (0.068)	Data 0.000 (0.002)	Loss 1.4744 (1.7801)	Prec 68.750 (60.575)	LR 0.3
INFO - 01/09/23 09:37:43 - 0:22:23 - Epoch[0] - Iter: [19500/20019]	Time 0.068 (0.068)	Data 0.000 (0.002)	Loss 1.3332 (1.7793)	Prec 62.500 (60.586)	LR 0.3
INFO - 01/09/23 09:37:46 - 0:22:26 - Epoch[0] - Iter: [19550/20019]	Time 0.065 (0.068)	Data 0.000 (0.002)	Loss 1.6960 (1.7787)	Prec 59.375 (60.597)	LR 0.3
INFO - 01/09/23 09:37:49 - 0:22:29 - Epoch[0] - Iter: [19600/20019]	Time 0.068 (0.068)	Data 0.000 (0.002)	Loss 1.7560 (1.7780)	Prec 59.375 (60.609)	LR 0.3
INFO - 01/09/23 09:37:53 - 0:22:33 - Epoch[0] - Iter: [19650/20019]	Time 0.067 (0.068)	Data 0.000 (0.002)	Loss 1.6667 (1.7774)	Prec 68.750 (60.623)	LR 0.3
INFO - 01/09/23 09:37:56 - 0:22:36 - Epoch[0] - Iter: [19700/20019]	Time 0.066 (0.068)	Data 0.000 (0.002)	Loss 1.1824 (1.7768)	Prec 78.125 (60.633)	LR 0.3
INFO - 01/09/23 09:38:00 - 0:22:39 - Epoch[0] - Iter: [19750/20019]	Time 0.066 (0.068)	Data 0.000 (0.002)	Loss 0.8873 (1.7761)	Prec 78.125 (60.645)	LR 0.3
INFO - 01/09/23 09:38:03 - 0:22:43 - Epoch[0] - Iter: [19800/20019]	Time 0.067 (0.068)	Data 0.000 (0.002)	Loss 1.8587 (1.7754)	Prec 65.625 (60.659)	LR 0.3
INFO - 01/09/23 09:38:06 - 0:22:46 - Epoch[0] - Iter: [19850/20019]	Time 0.066 (0.068)	Data 0.000 (0.002)	Loss 1.1947 (1.7748)	Prec 71.875 (60.669)	LR 0.3
INFO - 01/09/23 09:38:10 - 0:22:49 - Epoch[0] - Iter: [19900/20019]	Time 0.066 (0.068)	Data 0.000 (0.002)	Loss 1.6642 (1.7740)	Prec 71.875 (60.683)	LR 0.3
INFO - 01/09/23 09:38:13 - 0:22:53 - Epoch[0] - Iter: [19950/20019]	Time 0.066 (0.068)	Data 0.000 (0.002)	Loss 1.0642 (1.7733)	Prec 75.000 (60.696)	LR 0.3
INFO - 01/09/23 09:38:16 - 0:22:56 - Epoch[0] - Iter: [20000/20019]	Time 0.065 (0.068)	Data 0.000 (0.002)	Loss 1.0027 (1.7726)	Prec 78.125 (60.710)	LR 0.3
