INFO - 01/09/23 09:49:36 - 0:00:00 - ============ Initialized logger ============
INFO - 01/09/23 09:49:36 - 0:00:00 - arch: resnet50
                                     batch_size: 512
                                     data_path: C:\Users\chris\Downloads\ILSVRC\Data\CLS-LOC
                                     decay_epochs: [60, 80]
                                     dist_url: file:\C:\Users\chris\pytorch_runtime_ddp_process\swav_linear
                                     dump_checkpoints: D:\code_cluster\me_swav\facebook_swav\experiments\cw_linear_03_twogpu\checkpoints
                                     dump_path: D:\code_cluster\me_swav\facebook_swav\experiments\cw_linear_03_twogpu
                                     epochs: 100
                                     final_lr: 0
                                     gamma: 0.1
                                     global_pooling: True
                                     gpu_to_work_on: 1
                                     is_slurm_job: False
                                     lr: 0.3
                                     nesterov: False
                                     pretrained: D:\code_cluster\me_swav\pretrained\swav_800ep_pretrain.pth.tar
                                     rank: 1
                                     scheduler_type: cosine
                                     seed: 31
                                     use_bn: False
                                     wd: 1e-06
                                     workers: 10
                                     world_size: 2
INFO - 01/09/23 09:49:36 - 0:00:00 - The experiment will be stored in D:\code_cluster\me_swav\facebook_swav\experiments\cw_linear_03_twogpu
                                     

INFO - 01/09/23 09:49:46 - 0:00:10 - Building data done
INFO - 01/09/23 09:49:46 - 0:00:10 - None
INFO - 01/09/23 09:49:46 - 0:00:10 - None
INFO - 01/09/23 09:49:46 - 0:00:10 - None
INFO - 01/09/23 09:49:47 - 0:00:12 - Load pretrained model with msg: _IncompatibleKeys(missing_keys=[], unexpected_keys=['projection_head.0.weight', 'projection_head.0.bias', 'projection_head.1.weight', 'projection_head.1.bias', 'projection_head.1.running_mean', 'projection_head.1.running_var', 'projection_head.1.num_batches_tracked', 'projection_head.3.weight', 'projection_head.3.bias', 'prototypes.weight'])
INFO - 01/09/23 09:49:47 - 0:00:12 - ============ Starting epoch 0 ... ============
INFO - 01/09/23 10:10:34 - 0:20:58 - ============ Starting epoch 1 ... ============
INFO - 01/09/23 10:31:14 - 0:41:38 - ============ Starting epoch 2 ... ============
INFO - 01/09/23 10:51:51 - 1:02:15 - ============ Starting epoch 3 ... ============
INFO - 01/09/23 11:12:28 - 1:22:52 - ============ Starting epoch 4 ... ============
INFO - 01/09/23 11:33:05 - 1:43:29 - ============ Starting epoch 5 ... ============
INFO - 01/09/23 11:53:42 - 2:04:06 - ============ Starting epoch 6 ... ============
INFO - 01/09/23 12:14:19 - 2:24:43 - ============ Starting epoch 7 ... ============
INFO - 01/09/23 12:34:58 - 2:45:22 - ============ Starting epoch 8 ... ============
INFO - 01/09/23 12:55:35 - 3:06:00 - ============ Starting epoch 9 ... ============
INFO - 01/09/23 13:16:12 - 3:26:36 - ============ Starting epoch 10 ... ============
INFO - 01/09/23 13:36:52 - 3:47:16 - ============ Starting epoch 11 ... ============
INFO - 01/09/23 13:57:29 - 4:07:54 - ============ Starting epoch 12 ... ============
INFO - 01/09/23 14:18:07 - 4:28:31 - ============ Starting epoch 13 ... ============
INFO - 01/09/23 14:38:46 - 4:49:10 - ============ Starting epoch 14 ... ============
INFO - 01/09/23 14:59:25 - 5:09:49 - ============ Starting epoch 15 ... ============
INFO - 01/09/23 15:20:03 - 5:30:27 - ============ Starting epoch 16 ... ============
INFO - 01/09/23 15:40:41 - 5:51:05 - ============ Starting epoch 17 ... ============
INFO - 01/09/23 16:01:20 - 6:11:44 - ============ Starting epoch 18 ... ============
INFO - 01/09/23 16:22:00 - 6:32:24 - ============ Starting epoch 19 ... ============
INFO - 01/09/23 16:42:39 - 6:53:04 - ============ Starting epoch 20 ... ============
INFO - 01/09/23 17:03:17 - 7:13:41 - ============ Starting epoch 21 ... ============
INFO - 01/09/23 17:23:57 - 7:34:22 - ============ Starting epoch 22 ... ============
INFO - 01/09/23 17:44:37 - 7:55:01 - ============ Starting epoch 23 ... ============
INFO - 01/09/23 18:05:17 - 8:15:41 - ============ Starting epoch 24 ... ============
INFO - 01/09/23 18:25:56 - 8:36:21 - ============ Starting epoch 25 ... ============
INFO - 01/09/23 18:46:35 - 8:56:59 - ============ Starting epoch 26 ... ============
INFO - 01/09/23 19:07:13 - 9:17:38 - ============ Starting epoch 27 ... ============
INFO - 01/09/23 19:27:53 - 9:38:17 - ============ Starting epoch 28 ... ============
INFO - 01/09/23 19:48:32 - 9:58:56 - ============ Starting epoch 29 ... ============
INFO - 01/09/23 20:09:10 - 10:19:35 - ============ Starting epoch 30 ... ============
INFO - 01/09/23 20:29:49 - 10:40:13 - ============ Starting epoch 31 ... ============
INFO - 01/09/23 20:50:28 - 11:00:52 - ============ Starting epoch 32 ... ============
INFO - 01/09/23 21:11:05 - 11:21:29 - ============ Starting epoch 33 ... ============
INFO - 01/09/23 21:31:42 - 11:42:07 - ============ Starting epoch 34 ... ============
INFO - 01/09/23 21:52:20 - 12:02:45 - ============ Starting epoch 35 ... ============
INFO - 01/09/23 22:12:59 - 12:23:23 - ============ Starting epoch 36 ... ============
INFO - 01/09/23 22:33:36 - 12:44:01 - ============ Starting epoch 37 ... ============
INFO - 01/09/23 22:54:14 - 13:04:38 - ============ Starting epoch 38 ... ============
INFO - 01/09/23 23:14:52 - 13:25:16 - ============ Starting epoch 39 ... ============
INFO - 01/09/23 23:35:30 - 13:45:54 - ============ Starting epoch 40 ... ============
INFO - 01/09/23 23:56:08 - 14:06:32 - ============ Starting epoch 41 ... ============
INFO - 01/10/23 00:16:46 - 14:27:10 - ============ Starting epoch 42 ... ============
INFO - 01/10/23 00:37:25 - 14:47:50 - ============ Starting epoch 43 ... ============
INFO - 01/10/23 00:58:04 - 15:08:29 - ============ Starting epoch 44 ... ============
INFO - 01/10/23 01:18:43 - 15:29:07 - ============ Starting epoch 45 ... ============
INFO - 01/10/23 01:39:22 - 15:49:46 - ============ Starting epoch 46 ... ============
INFO - 01/10/23 02:00:00 - 16:10:24 - ============ Starting epoch 47 ... ============
INFO - 01/10/23 02:20:38 - 16:31:02 - ============ Starting epoch 48 ... ============
INFO - 01/10/23 02:41:17 - 16:51:41 - ============ Starting epoch 49 ... ============
INFO - 01/10/23 03:01:55 - 17:12:20 - ============ Starting epoch 50 ... ============
INFO - 01/10/23 03:22:35 - 17:32:59 - ============ Starting epoch 51 ... ============
INFO - 01/10/23 03:43:13 - 17:53:38 - ============ Starting epoch 52 ... ============
INFO - 01/10/23 04:03:52 - 18:14:16 - ============ Starting epoch 53 ... ============
INFO - 01/10/23 04:24:30 - 18:34:55 - ============ Starting epoch 54 ... ============
INFO - 01/10/23 04:45:09 - 18:55:34 - ============ Starting epoch 55 ... ============
INFO - 01/10/23 05:05:48 - 19:16:12 - ============ Starting epoch 56 ... ============
INFO - 01/10/23 05:26:28 - 19:36:52 - ============ Starting epoch 57 ... ============
INFO - 01/10/23 05:47:07 - 19:57:32 - ============ Starting epoch 58 ... ============
INFO - 01/10/23 06:07:48 - 20:18:12 - ============ Starting epoch 59 ... ============
INFO - 01/10/23 06:28:27 - 20:38:52 - ============ Starting epoch 60 ... ============
INFO - 01/10/23 06:49:07 - 20:59:32 - ============ Starting epoch 61 ... ============
INFO - 01/10/23 07:09:46 - 21:20:11 - ============ Starting epoch 62 ... ============
INFO - 01/10/23 07:30:25 - 21:40:50 - ============ Starting epoch 63 ... ============
INFO - 01/10/23 07:51:05 - 22:01:30 - ============ Starting epoch 64 ... ============
INFO - 01/10/23 08:11:44 - 22:22:08 - ============ Starting epoch 65 ... ============
INFO - 01/10/23 08:32:23 - 22:42:47 - ============ Starting epoch 66 ... ============
INFO - 01/10/23 08:53:00 - 23:03:24 - ============ Starting epoch 67 ... ============
INFO - 01/10/23 09:13:38 - 23:24:02 - ============ Starting epoch 68 ... ============
INFO - 01/10/23 09:34:15 - 23:44:39 - ============ Starting epoch 69 ... ============
INFO - 01/10/23 09:54:54 - 1 day, 0:05:18 - ============ Starting epoch 70 ... ============
INFO - 01/10/23 10:15:30 - 1 day, 0:25:54 - ============ Starting epoch 71 ... ============
INFO - 01/10/23 10:36:05 - 1 day, 0:46:30 - ============ Starting epoch 72 ... ============
INFO - 01/10/23 10:56:41 - 1 day, 1:07:06 - ============ Starting epoch 73 ... ============
INFO - 01/10/23 11:17:16 - 1 day, 1:27:41 - ============ Starting epoch 74 ... ============
INFO - 01/10/23 11:37:52 - 1 day, 1:48:17 - ============ Starting epoch 75 ... ============
INFO - 01/10/23 11:58:30 - 1 day, 2:08:55 - ============ Starting epoch 76 ... ============
INFO - 01/10/23 12:19:07 - 1 day, 2:29:31 - ============ Starting epoch 77 ... ============
INFO - 01/10/23 12:39:43 - 1 day, 2:50:07 - ============ Starting epoch 78 ... ============
INFO - 01/10/23 13:00:18 - 1 day, 3:10:42 - ============ Starting epoch 79 ... ============
INFO - 01/10/23 13:20:53 - 1 day, 3:31:17 - ============ Starting epoch 80 ... ============
INFO - 01/10/23 13:41:29 - 1 day, 3:51:54 - ============ Starting epoch 81 ... ============
INFO - 01/10/23 14:02:07 - 1 day, 4:12:31 - ============ Starting epoch 82 ... ============
INFO - 01/10/23 14:22:46 - 1 day, 4:33:11 - ============ Starting epoch 83 ... ============
